<?xml version="1.0" encoding="UTF-8"?>
<robot generator="Robot 7.0 (Python 3.11.6 on darwin)" generated="2024-01-17T16:01:45.487249" rpa="false" schemaversion="5">
<suite id="s1" name="TPSEPT2023" source="/Users/dominiquemereaux/code/TPSEPT2023">
<suite id="s1-s1" name="Rest 2" source="/Users/dominiquemereaux/code/TPSEPT2023/rest 2">
<suite id="s1-s1-s1" name="SaintLouis" source="/Users/dominiquemereaux/code/TPSEPT2023/rest 2/SaintLouis.robot">
<test id="s1-s1-s1-t1" name="Quick Get Request Test" line="5">
<kw name="GET" owner="RequestsLibrary">
<msg time="2024-01-17T16:01:46.349844" level="INFO">GET Request : url=https://www.google.com/search?query=ciao (redirected) 
 path_url=/search?query=ciao 
 headers={'User-Agent': 'python-requests/2.31.0', 'Accept-Encoding': 'gzip, deflate', 'Accept': '*/*', 'Connection': 'keep-alive'} 
 body=None 
 </msg>
<msg time="2024-01-17T16:01:46.349980" level="INFO">GET Response : url=https://consent.google.com/ml?continue=https://www.google.com/search%3Fquery%3Dciao&amp;gl=FR&amp;m=0&amp;pc=srp&amp;uxe=none&amp;cm=2&amp;hl=fr&amp;src=1 
 status=200, reason=OK 
 headers={'Content-Type': 'text/html; charset=utf-8', 'Vary': 'Sec-Fetch-Dest, Sec-Fetch-Mode, Sec-Fetch-Site', 'Cache-Control': 'no-cache, no-store, max-age=0, must-revalidate', 'Pragma': 'no-cache', 'Expires': 'Mon, 01 Jan 1990 00:00:00 GMT', 'Date': 'Wed, 17 Jan 2024 15:01:46 GMT', 'Content-Security-Policy': "require-trusted-types-for 'script';report-uri /_/ConsentHttp/cspreport, script-src 'nonce-SOvT9X2S76Tb82cc4c5etg' 'unsafe-inline';object-src 'none';base-uri 'self';report-uri /_/ConsentHttp/cspreport;worker-src 'self'", 'Accept-CH': 'Sec-CH-UA-Arch, Sec-CH-UA-Bitness, Sec-CH-UA-Full-Version, Sec-CH-UA-Full-Version-List, Sec-CH-UA-Model, Sec-CH-UA-WoW64, Sec-CH-UA-Form-Factor, Sec-CH-UA-Platform, Sec-CH-UA-Platform-Version', 'Permissions-Policy': 'ch-ua-arch=*, ch-ua-bitness=*, ch-ua-full-version=*, ch-ua-full-version-list=*, ch-ua-model=*, ch-ua-wow64=*, ch-ua-form-factor=*, ch-ua-platform=*, ch-ua-platform-version=*', 'Cross-Origin-Opener-Policy': 'unsafe-none', 'Cross-Origin-Resource-Policy': 'same-site', 'Content-Encoding': 'gzip', 'Server': 'ESF', 'X-XSS-Protection': '0', 'X-Frame-Options': 'SAMEORIGIN', 'X-Content-Type-Options': 'nosniff', 'Alt-Svc': 'h3=":443"; ma=2592000,h3-29=":443"; ma=2592000', 'Transfer-Encoding': 'chunked'} 
 body=&lt;!DOCTYPE html&gt;&lt;html lang="fr" dir="ltr"&gt;&lt;head&gt;&lt;style nonce="n8cTrmmpxzSWp4796clkxQ"&gt;
a, a:link, a:visited, a:active, a:hover {
  color: #1a73e8;
  text-decoration: none;
}
body {
  font-family: Roboto,Helvetica,Arial,sans-serif;
  text-align: center;
  -ms-text-size-adjust: 100%;
  -moz-text-size-adjust: 100%;
  -webkit-text-size-adjust: 100%;
}
.box {
  border: 1px solid #dadce0;
  box-sizing: border-box;
  border-radius: 8px;
  margin: 24px auto 5px auto;
  max-width: 800px;
  padding: 24px;
}
.youtubeContainerUIModernization,
.boxUIModernization {
  box-sizing: border-box;
  margin-left: auto;
  margin-right: auto;
  max-width: 800px;
}
.signInContainerUIModernization {
    display: flex;
    justify-content: flex-end;
}
h1 {
  color: #2c2c2c;
  font-size: 24px;
  hyphens: auto;
  margin: 24px 0;
}
.icaCallout {
  background-color: #f8f9fa;
  padding: 12px 16px;
  border-radius: 10px;
  margin-bottom: 10px;
}
.icaCalloutUIModernization {
  color: #0f0f0f;
  font-family: Roboto, Arial, sans-serif;
  font-weight: 400;
  font-size: 14px;
  line-height: 18px;
  letter-spacing: 0.2px;
  background-color: #f8f9fa;
  padding: 12px 24px;
  border-radius: 12px;
  margin-bottom: 16px;
  text-align: left;
}
.icaCalloutUIModernization &gt; a {
  color: #065fd4;  /* youtube dark-blue color */
}
.subUIModernization,
.contentTextUIModernization,
.contentTextUIModernization &gt; p {
  color: #0f0f0f;
  font-family: Roboto, Arial, sans-serif;
  font-weight: 400;
  font-size: 14px;
  letter-spacing: 0;
  line-height: 18px;
  text-align: left;
}
.contentTextUIModernization &gt; a,
.contentTextUIModernization &gt; p &gt; a {
  color: #065fd4;
}
.contentTextUIModernization &gt; p {
  margin: 16px 0;
}
.contentTextUIModernization &gt; ul {
  padding-left: 36px;
  margin: 16px 0;
}
p, .sub, .contentText, .icaCallout {
  color: #5f6368;;
  font-size: 14px;
  line-height: 20px;
  letter-spacing: 0.2px;
  text-align: left;
}
.signin {
  text-align: right;
}
.signInIconContainer {
  width: 24px;
  height: 24px;
  margin: 0 6px 0 -6px;
}
.signInIcon {
  fill: #065fd4; /* dark-blue-color */
}
.signinUIModernization {
  display: flex;
  flex-direction: row;
  justify-content: flex-end;
  text-align: right;
}
.bulletUIModernization {
  line-height: 18px;
  margin: 8px 0;
}
.signinButtonDisplayUIModernization {
  display: flex;
  box-sizing: border-box;
  align-items: center;
  flex-direction: row;
  justify-content: flex-start;
}
.horizontalContainerEndUIModernization {
  display: flex;
  align-items: center;
  justify-content: flex-end;
}
.cardHeaderUIModernization {
  display: flex;
  flex-direction: row;
  align-items: center;
}
.logoCenter {
  justify-content: center;
}
.logoUIModernization {
  margin-right: auto;
}
.youTubeHeaderUIModernization {
 padding: 20px 24px 0;
}
.saveButtonContainer,
.saveButtonContainerNarrowScreen {
  width: 100%;
  margin-top: 12px;
}
.saveButtonContainerNarrowScreenUIModernization {
  width: 100%;
}
.customButtonContainer {
  height: 20px;
  padding: 8px 0;
  margin-top: 8px;
}
.navigationCtasYoutube {
  text-align: right;
}
a.button {
  color: #fff;
}
a.hairlinebutton,
a.nolinebutton{
  color: #1a73e8;
}
.navigationCtasYoutube a.hairlinebutton {
  border-color: #1a73e8;
}
button, .button {
  background-color: #1a73e8;
  border: none;
  color: #fff;
}
input.button {
  -webkit-appearance: none;
}
.basebutton {
  border-radius: 4px;
  cursor: pointer;
  font-family: Roboto,Helvetica,Arial,sans-serif;
  font-size: 14px;
  font-weight: 500;
  height: 36px;
  margin: 12px 4px 0;
  padding: 8px 24px;
}
.hairlinebutton {
  background-color: #fff;
  border-width: 1px;
  border-color: #dadce0;
  border-style: solid;
  max-height: 15px;
}
.basebuttonUIModernization {
  outline: none;
  text-align: center;
  vertical-align: middle;
  line-height: 18px;
  cursor: pointer;
  font-family: Roboto, Arial, sans-serif;
  font-size: 14px;
  font-weight: 500;
  font-style: normal;
  height: 36px;
  min-width: 72px;
  border-radius: 18px;
  padding: 0 16px;
}
.signInButtonUIModernization {
  background-color: #fff;
  border: 1px solid #e5e5e5;
  color: #065fd4;
  }
.signInButtonUIModernization:focus-visible {
  background-color: #fff;
  border: 1px solid #065fd4;
  color: #065fd4;
}
.signInButtonUIModernization:hover {
  background-color: #f2f8ff;
  border: 1px solid transparent;
  color: #065fd4;
}
.signInButtonUIModernization:hover:focus-visible {
  background-color: #f2f8ff;
  border: 1px solid #065fd4;
  color: #065fd4;
}
.signInButtonUIModernization:active,
.signInButtonUIModernization:active:hover,
.signInButtonUIModernization:active:focus-visible {
  background-color: #e5e5e5;
  border: 1px solid transparent;
  color: #065fd4;
}
.signinUIModernization a,
.signinUIModernization a:link,
.signinUIModernization a:visited,
.signinUIModernization a:active,
.signinUIModernization a:hover,
.signinUIModernization a:focus-visible {
  color: #065fd4;
}
.hairlinebuttonUIModernization {
  background-color: #0f0f0f;
  border: 2px solid transparent;
  color: #fff;
  }
.hairlinebuttonUIModernization:focus-visible {
  background-color: #fff;
  border: 2px solid #0f0f0f;
  color: #0f0f0f;
}
.hairlinebuttonUIModernization:hover {
  background-color: #272727;
  border: 2px solid transparent;
  color: #fff;
}
.hairlinebuttonUIModernization:hover:focus-visible {
  background-color: #e7e7e7;
  border: 2px solid transparent;
  color: #0f0f0f;
}
.hairlinebuttonUIModernization:active,
.hairlinebuttonUIModernization:active:hover,
.hairlinebuttonUIModernization:active:focus-visible {
  background-color: #3f3f3f;
  border: 2px solid transparent;
  color: #fff;
}
.customizeButtonContainerUIModernization {
  display: flex;
  text-align: center;
}
.customizeButtonUIModernization {
  box-sizing: border-box;
  background-color: #f2f2f2;
  border: 2px solid transparent;
  text-align: center;
}
.customizeButtonUIModernization:focus-visible {
  background-color: #fff;
  border: 2px solid #0f0f0f;
}
.customizeButtonUIModernization:hover {
  background-color: #e6e6e6;
  border: 2px solid transparent;
}
.customizeButtonUIModernization:active,
.customizeButtonUIModernization:active:hover,
.customizeButtonUIModernization:active:focus-visible {
  background-color: #cfcfcf;
  border: 2px solid transparent;
}
a.basebuttonUIModernization.customizeButtonUIModernization,
a.basebuttonUIModernization.customizeButtonUIModernization:link,
a.basebuttonUIModernization.customizeButtonUIModernization:visited,
a.basebuttonUIModernization.customizeButtonUIModernization:active,
a.basebuttonUIModernization.customizeButtonUIModernization:focus {
  color: #0f0f0f;
  text-decoration: none;
  padding: 8px 16px;
}
.saveButtonUIModernization {
  text-align: center;
}
.detailsButtonUIModernization {
  margin-top: 16px;
  min-width: 220px;
}
.error {
  border: 2px solid #d93025;
  border-radius: 5px;
  color: #d93025;
  margin: auto;
  padding: 5px;
}
.box a:hover, .boxUIModernization a:hover, .detailspage a:hover {
  text-decoration: underline;
}
.footer {
  margin-top: 16px;
}
.footerLinks {
  display: flex;
  justify-content: center;
  align-items: center;
}
.footerUIModernization {
  display: flex;
  flex-direction: row;
  justify-content: space-between;
  margin-top: 16px;
}
.footer a {
  margin-left: 24px;
  white-space: nowrap;
}
.footer a, .footer select, .footer input {
  color: #757575;
  font-size: 12px;
}
.footerUIModernization a {
  margin-left: 8px;
  padding: 0 8px;
}
.footerUIModernization a,
.footerUIModernization input,
.footerUIModernization select {
  color: #606060;  /* grey5 color - youtube secondary color */
  font-family: Roboto;
  font-size: 12px;
  font-style: normal;
  font-weight: 500;
}
.footerUIModernization form {
  display: flex;
  flex-direction: row;
  flex-wrap: wrap;
}
.languagepicker {
  display: inline-flex;
  margin: 2px 0;
}
#languageform,
#languageselect {
  margin: 0 2px;
}
#languageselect {
  color: #757575;
}
.detailspage {
  margin: 24px auto 0 auto;
  max-width: 700px;
}
.detailspage h1, .detailspage h2 {
  font-size: 22px
}
.setting {
  border: 1px solid #dadce0;
  box-sizing: border-box;
  border-radius: 8px;
  margin-bottom: 11px;
  padding: 24px 24px 20px 24px;
  text-align: right;
}
.settingUIModernization {
  border: 1px solid #dadce0;
  box-sizing: border-box;
  border-radius: 8px;
  margin-bottom: 16px;
  padding: 24px;
  text-align: right;
}
.sub {
  padding: 24px 24px 20px 24px;
}
hr {
  margin: 12px -24px 12px;
  border: 0;
  border-top: 1px solid #dadce0;
}
fieldset {
  border: none;
  padding: 0;
}
label {
  margin: 24px;
}
td {
  vertical-align: top;
}
.setting h2, .setting h3, h4 {
  color: #3c4043;
  margin: 0;
  text-align: left;
}
.yt-text {
  color: #5f6368;
  font-size: 14px;
  font-weight: 300;
}
.detailspageUIModernization {
  margin: 0 auto;
  max-width: 700px;
}
.subUIModernization &gt; ul &gt; li,
.detailspageUIModernization p{
  color: #606060;
  font-family: Roboto, Arial, sans-serif;
  font-weight: 400;
  font-size: 14px;
  line-height: 18px;
}
.detailspageUIModernization &gt; p,
.settingUIModernization p,
.subUIModernization &gt; p,
.subUIModernization &gt; ul {
  margin: 16px 0;
}
.subUIModernization p:last-of-type {
  margin-bottom: 0;
}
.settingUIModernization fieldset {
  margin: 0;  /* removing the default margin of the fieldset element */
}
.subUIModernization &gt; ul {
  padding-left: 36px;
}
.subUIModernization &gt; ul &gt; li {
  line-height: 18px;
  margin: 8px 0;
}
.detailspageUIModernization h1{
  color: #0f0f0f;
  font-family: Roboto, Arial, sans-serif;
  font-weight: 700;
  font-size: 24px;
  line-height: 30px;
}
.settingUIModernization h2 {
  color: #0f0f0f;
  font-family: Roboto, Arial, sans-serif;
  font-weight: 700;
  font-size: 18px;
  line-height: 22px;
  margin: 0;
  text-align: left;
}
.detailspageUIModernization h4 {
  color: #0f0f0f;
  font-family: Roboto, Arial, sans-serif;
  font-weight: 500;
  font-size: 16px;
  line-height: 20px;
  margin: 0;
  text-align: left;
}
.subUIModernization &gt; a,
.subUIModernization &gt; p &gt; a,
.detail... (set the log level to DEBUG or TRACE to see the full content) 
 </msg>
<msg time="2024-01-17T16:01:46.350233" level="INFO">${response} = &lt;Response [200]&gt;</msg>
<var>${response}</var>
<arg>https://www.google.com/search</arg>
<arg>params=query=ciao</arg>
<arg>expected_status=200</arg>
<doc>Sends a GET request.</doc>
<status status="PASS" start="2024-01-17T16:01:45.553514" elapsed="0.796736"/>
</kw>
<kw name="Log To Console" owner="BuiltIn">
<arg>${response.content}</arg>
<doc>Logs the given message to the console.</doc>
<status status="PASS" start="2024-01-17T16:01:46.350394" elapsed="0.000494"/>
</kw>
<status status="PASS" start="2024-01-17T16:01:45.552694" elapsed="0.798275"/>
</test>
<status status="PASS" start="2024-01-17T16:01:45.510408" elapsed="0.840718"/>
</suite>
<status status="PASS" start="2024-01-17T16:01:45.508375" elapsed="0.843011"/>
</suite>
<status status="PASS" start="2024-01-17T16:01:45.493657" elapsed="0.857934"/>
</suite>
<statistics>
<total>
<stat pass="1" fail="0" skip="0">All Tests</stat>
</total>
<tag>
</tag>
<suite>
<stat pass="1" fail="0" skip="0" id="s1" name="TPSEPT2023">TPSEPT2023</stat>
<stat pass="1" fail="0" skip="0" id="s1-s1" name="Rest 2">TPSEPT2023.Rest 2</stat>
<stat pass="1" fail="0" skip="0" id="s1-s1-s1" name="SaintLouis">TPSEPT2023.Rest 2.SaintLouis</stat>
</suite>
</statistics>
<errors>
</errors>
</robot>
