<?xml version="1.0" encoding="UTF-8"?>
<robot generator="Robot 7.0 (Python 3.11.6 on darwin)" generated="2024-01-17T16:01:45.510790" rpa="false" schemaversion="5">
<suite id="s1" name="TPSEPT2023" source="/Users/dominiquemereaux/code/TPSEPT2023">
<suite id="s1-s1" name="Web" source="/Users/dominiquemereaux/code/TPSEPT2023/web">
<suite id="s1-s1-s1" name="Recherche" source="/Users/dominiquemereaux/code/TPSEPT2023/web/recherche.robot">
<test id="s1-s1-s1-t1" name="recherche MUG" line="9">
<kw name="ouvrir prestashop" owner="prestaMotcle" type="SETUP">
<kw name="Open Browser">
<msg time="2024-01-17T16:01:45.543626" level="FAIL">No keyword with name 'Open Browser' found.</msg>
<arg>${URL}</arg>
<arg>${BROWSER}</arg>
<arg>executable_path=${PATH}</arg>
<status status="FAIL" start="2024-01-17T16:01:45.543592" elapsed="0.000064">No keyword with name 'Open Browser' found.</status>
</kw>
<kw name="Set Browser Implicit Wait">
<arg>5</arg>
<status status="NOT RUN" start="2024-01-17T16:01:45.544210" elapsed="0.000019"/>
</kw>
<kw name="Title Should Be">
<arg>monPrestashop</arg>
<status status="NOT RUN" start="2024-01-17T16:01:45.544726" elapsed="0.000026"/>
</kw>
<kw name="Bidon">
<status status="NOT RUN" start="2024-01-17T16:01:45.545119" elapsed="0.000020"/>
</kw>
<status status="FAIL" start="2024-01-17T16:01:45.542710" elapsed="0.002499">No keyword with name 'Open Browser' found.</status>
</kw>
<kw name="fermer prestashop" owner="prestaMotcle" type="TEARDOWN">
<kw name="Close Browser">
<msg time="2024-01-17T16:01:45.545868" level="FAIL">No keyword with name 'Close Browser' found.</msg>
<status status="FAIL" start="2024-01-17T16:01:45.545847" elapsed="0.000039">No keyword with name 'Close Browser' found.</status>
</kw>
<status status="FAIL" start="2024-01-17T16:01:45.545326" elapsed="0.000629">No keyword with name 'Close Browser' found.</status>
</kw>
<status status="FAIL" start="2024-01-17T16:01:45.542242" elapsed="0.003744">Setup failed:
No keyword with name 'Open Browser' found.

Also teardown failed:
No keyword with name 'Close Browser' found.</status>
</test>
<test id="s1-s1-s1-t2" name="recup options" line="15">
<kw name="ouvrir prestashop" owner="prestaMotcle" type="SETUP">
<kw name="Open Browser">
<msg time="2024-01-17T16:01:45.546755" level="FAIL">No keyword with name 'Open Browser' found.</msg>
<arg>${URL}</arg>
<arg>${BROWSER}</arg>
<arg>executable_path=${PATH}</arg>
<status status="FAIL" start="2024-01-17T16:01:45.546735" elapsed="0.000036">No keyword with name 'Open Browser' found.</status>
</kw>
<kw name="Set Browser Implicit Wait">
<arg>5</arg>
<status status="NOT RUN" start="2024-01-17T16:01:45.547504" elapsed="0.000023"/>
</kw>
<kw name="Title Should Be">
<arg>monPrestashop</arg>
<status status="NOT RUN" start="2024-01-17T16:01:45.548180" elapsed="0.000018"/>
</kw>
<kw name="Bidon">
<status status="NOT RUN" start="2024-01-17T16:01:45.548688" elapsed="0.000018"/>
</kw>
<status status="FAIL" start="2024-01-17T16:01:45.546251" elapsed="0.002506">No keyword with name 'Open Browser' found.</status>
</kw>
<kw name="fermer prestashop" owner="prestaMotcle" type="TEARDOWN">
<kw name="Close Browser">
<msg time="2024-01-17T16:01:45.549851" level="FAIL">No keyword with name 'Close Browser' found.</msg>
<status status="FAIL" start="2024-01-17T16:01:45.549821" elapsed="0.000050">No keyword with name 'Close Browser' found.</status>
</kw>
<status status="FAIL" start="2024-01-17T16:01:45.549103" elapsed="0.000837">No keyword with name 'Close Browser' found.</status>
</kw>
<status status="FAIL" start="2024-01-17T16:01:45.546109" elapsed="0.003863">Setup failed:
No keyword with name 'Open Browser' found.

Also teardown failed:
No keyword with name 'Close Browser' found.</status>
</test>
<test id="s1-s1-s1-t3" name="verifier presence menu" line="21">
<kw name="ouvrir prestashop" owner="prestaMotcle" type="SETUP">
<kw name="Open Browser">
<msg time="2024-01-17T16:01:45.551035" level="FAIL">No keyword with name 'Open Browser' found.</msg>
<arg>${URL}</arg>
<arg>${BROWSER}</arg>
<arg>executable_path=${PATH}</arg>
<status status="FAIL" start="2024-01-17T16:01:45.550959" elapsed="0.000098">No keyword with name 'Open Browser' found.</status>
</kw>
<kw name="Set Browser Implicit Wait">
<arg>5</arg>
<status status="NOT RUN" start="2024-01-17T16:01:45.551623" elapsed="0.000021"/>
</kw>
<kw name="Title Should Be">
<arg>monPrestashop</arg>
<status status="NOT RUN" start="2024-01-17T16:01:45.552303" elapsed="0.000070"/>
</kw>
<kw name="Bidon">
<status status="NOT RUN" start="2024-01-17T16:01:45.553134" elapsed="0.000032"/>
</kw>
<status status="FAIL" start="2024-01-17T16:01:45.550347" elapsed="0.002874">No keyword with name 'Open Browser' found.</status>
</kw>
<kw name="fermer prestashop" owner="prestaMotcle" type="TEARDOWN">
<kw name="Close Browser">
<msg time="2024-01-17T16:01:45.553862" level="FAIL">No keyword with name 'Close Browser' found.</msg>
<status status="FAIL" start="2024-01-17T16:01:45.553838" elapsed="0.000040">No keyword with name 'Close Browser' found.</status>
</kw>
<status status="FAIL" start="2024-01-17T16:01:45.553318" elapsed="0.000620">No keyword with name 'Close Browser' found.</status>
</kw>
<status status="FAIL" start="2024-01-17T16:01:45.550101" elapsed="0.003864">Setup failed:
No keyword with name 'Open Browser' found.

Also teardown failed:
No keyword with name 'Close Browser' found.</status>
</test>
<test id="s1-s1-s1-t4" name="Gestion des alertes" line="31">
<kw name="ouvrir W3C" owner="prestaMotcle" type="SETUP">
<kw name="Open Browser">
<msg time="2024-01-17T16:01:45.554673" level="FAIL">No keyword with name 'Open Browser' found.</msg>
<arg>${URL2}</arg>
<arg>${BROWSER}</arg>
<arg>executable_path=${PATH}</arg>
<status status="FAIL" start="2024-01-17T16:01:45.554652" elapsed="0.000037">No keyword with name 'Open Browser' found.</status>
</kw>
<kw name="Set Browser Implicit Wait">
<arg>5</arg>
<status status="NOT RUN" start="2024-01-17T16:01:45.555177" elapsed="0.000019"/>
</kw>
<kw name="Maximize Browser Window">
<status status="NOT RUN" start="2024-01-17T16:01:45.555688" elapsed="0.000028"/>
</kw>
<status status="FAIL" start="2024-01-17T16:01:45.554191" elapsed="0.001581">No keyword with name 'Open Browser' found.</status>
</kw>
<kw name="fermer prestashop" owner="prestaMotcle" type="TEARDOWN">
<kw name="Close Browser">
<msg time="2024-01-17T16:01:45.556440" level="FAIL">No keyword with name 'Close Browser' found.</msg>
<status status="FAIL" start="2024-01-17T16:01:45.556415" elapsed="0.000043">No keyword with name 'Close Browser' found.</status>
</kw>
<status status="FAIL" start="2024-01-17T16:01:45.555887" elapsed="0.000634">No keyword with name 'Close Browser' found.</status>
</kw>
<status status="FAIL" start="2024-01-17T16:01:45.554067" elapsed="0.002482">Setup failed:
No keyword with name 'Open Browser' found.

Also teardown failed:
No keyword with name 'Close Browser' found.</status>
</test>
<status status="FAIL" start="2024-01-17T16:01:45.527886" elapsed="0.028905"/>
</suite>
<status status="FAIL" start="2024-01-17T16:01:45.525582" elapsed="0.031718"/>
</suite>
<status status="FAIL" start="2024-01-17T16:01:45.516440" elapsed="0.041137"/>
</suite>
<statistics>
<total>
<stat pass="0" fail="4" skip="0">All Tests</stat>
</total>
<tag>
</tag>
<suite>
<stat pass="0" fail="4" skip="0" id="s1" name="TPSEPT2023">TPSEPT2023</stat>
<stat pass="0" fail="4" skip="0" id="s1-s1" name="Web">TPSEPT2023.Web</stat>
<stat pass="0" fail="4" skip="0" id="s1-s1-s1" name="Recherche">TPSEPT2023.Web.Recherche</stat>
</suite>
</statistics>
<errors>
<msg time="2024-01-17T16:01:45.530758" level="ERROR">Error in file '/Users/dominiquemereaux/code/TPSEPT2023/web/recherche.robot' on line 2: Importing library 'maLib' failed: ModuleNotFoundError: No module named 'maLib'
Traceback (most recent call last):
  None
PYTHONPATH:
  /opt/homebrew/bin
  /opt/homebrew/Cellar/python@3.11/3.11.6/Frameworks/Python.framework/Versions/3.11/lib/python311.zip
  /opt/homebrew/Cellar/python@3.11/3.11.6/Frameworks/Python.framework/Versions/3.11/lib/python3.11
  /opt/homebrew/Cellar/python@3.11/3.11.6/Frameworks/Python.framework/Versions/3.11/lib/python3.11/lib-dynload
  /opt/homebrew/lib/python3.11/site-packages
  /opt/homebrew/lib/python3.11/site-packages/gpg-1.22.0-py3.11-macosx-12-arm64.egg
  /opt/homebrew/opt/python-tk@3.11/libexec</msg>
<msg time="2024-01-17T16:01:45.534114" level="ERROR">Error in file '/Users/dominiquemereaux/code/TPSEPT2023/web/prestaMotcle.resource' on line 2: Importing library 'maLib' failed: ModuleNotFoundError: No module named 'maLib'
Traceback (most recent call last):
  None
PYTHONPATH:
  /opt/homebrew/bin
  /opt/homebrew/Cellar/python@3.11/3.11.6/Frameworks/Python.framework/Versions/3.11/lib/python311.zip
  /opt/homebrew/Cellar/python@3.11/3.11.6/Frameworks/Python.framework/Versions/3.11/lib/python3.11
  /opt/homebrew/Cellar/python@3.11/3.11.6/Frameworks/Python.framework/Versions/3.11/lib/python3.11/lib-dynload
  /opt/homebrew/lib/python3.11/site-packages
  /opt/homebrew/lib/python3.11/site-packages/gpg-1.22.0-py3.11-macosx-12-arm64.egg
  /opt/homebrew/opt/python-tk@3.11/libexec</msg>
</errors>
</robot>
