<?xml version="1.0" encoding="UTF-8"?>
<robot generator="Robot 7.0 (Python 3.11.6 on darwin)" generated="2025-02-07T17:51:09.427604" rpa="false" schemaversion="5">
<suite id="s1" name="TPSEPT2023" source="/Users/dominiquemereaux/code/TPSEPT2023">
<suite id="s1-s1" name="Basic" source="/Users/dominiquemereaux/code/TPSEPT2023/Basic">
<suite id="s1-s1-s1" name="Bibli1" source="/Users/dominiquemereaux/code/TPSEPT2023/Basic/Bibli1.robot">
<test id="s1-s1-s1-t1" name="Util LibCalcul" line="6">
<kw name="Calcul Tarif">
<msg time="2025-02-07T17:51:09.452545" level="FAIL">No keyword with name 'Calcul Tarif' found.</msg>
<var>${x}</var>
<arg>20</arg>
<status status="FAIL" start="2025-02-07T17:51:09.452520" elapsed="0.000057">No keyword with name 'Calcul Tarif' found.</status>
</kw>
<kw name="Should Be Equal" owner="BuiltIn">
<arg>${x}</arg>
<arg>plein tarif</arg>
<doc>Fails if the given objects are unequal.</doc>
<status status="NOT RUN" start="2025-02-07T17:51:09.452690" elapsed="0.000015"/>
</kw>
<status status="FAIL" start="2025-02-07T17:51:09.451690" elapsed="0.001125">No keyword with name 'Calcul Tarif' found.</status>
</test>
<test id="s1-s1-s1-t2" name="Util plusieurs arguments" line="9">
<kw name="any_arguments">
<msg time="2025-02-07T17:51:09.453587" level="FAIL">No keyword with name 'any_arguments' found.</msg>
<arg>un</arg>
<arg>deux</arg>
<arg>trois</arg>
<status status="FAIL" start="2025-02-07T17:51:09.453569" elapsed="0.000039">No keyword with name 'any_arguments' found.</status>
</kw>
<status status="FAIL" start="2025-02-07T17:51:09.452929" elapsed="0.000780">No keyword with name 'any_arguments' found.</status>
</test>
<test id="s1-s1-s1-t3" name="skkipy" line="11">
<kw name="Example Keyword">
<msg time="2025-02-07T17:51:09.454435" level="FAIL">No keyword with name 'Example Keyword' found.</msg>
<status status="FAIL" start="2025-02-07T17:51:09.454418" elapsed="0.000037">No keyword with name 'Example Keyword' found.</status>
</kw>
<status status="FAIL" start="2025-02-07T17:51:09.453813" elapsed="0.000735">No keyword with name 'Example Keyword' found.</status>
</test>
<doc>Ma suite qui fait pas grand chose</doc>
<status status="FAIL" start="2025-02-07T17:51:09.447546" elapsed="0.007160"/>
</suite>
<suite id="s1-s1-s2" name="Helloworld" source="/Users/dominiquemereaux/code/TPSEPT2023/Basic/helloworld.robot">
<kw name="gestion suite de test" owner="clef" type="SETUP">
<kw name="Log To Console" owner="BuiltIn">
<arg>charger la config</arg>
<doc>Logs the given message to the console.</doc>
<status status="PASS" start="2025-02-07T17:51:09.461166" elapsed="0.000096"/>
</kw>
<kw name="Log To Console" owner="BuiltIn">
<arg>initialiser le matériel</arg>
<doc>Logs the given message to the console.</doc>
<status status="PASS" start="2025-02-07T17:51:09.461330" elapsed="0.000084"/>
</kw>
<status status="PASS" start="2025-02-07T17:51:09.460991" elapsed="0.000458"/>
</kw>
<test id="s1-s1-s2-t1" name="afficher liste" line="15">
<kw name="Log To Console" owner="BuiltIn">
<arg>${liste1[1]}</arg>
<doc>Logs the given message to the console.</doc>
<status status="PASS" start="2025-02-07T17:51:09.461657" elapsed="0.000356"/>
</kw>
<kw name="Run Keyword If Test Failed" owner="BuiltIn" type="TEARDOWN">
<arg>gestion en cas d'erreur</arg>
<doc>Runs the given keyword with the given arguments, if the test failed.</doc>
<status status="PASS" start="2025-02-07T17:51:09.462136" elapsed="0.000053"/>
</kw>
<status status="PASS" start="2025-02-07T17:51:09.461483" elapsed="0.000747"/>
</test>
<test id="s1-s1-s2-t2" name="afficher Variables" line="17">
<kw name="Log" owner="BuiltIn">
<msg time="2025-02-07T17:51:09.462580" level="INFO" html="true">toto level=WARN</msg>
<arg>toto level=WARN</arg>
<arg>html=True</arg>
<doc>Logs the given message with the given level.</doc>
<status status="PASS" start="2025-02-07T17:51:09.462489" elapsed="0.000117"/>
</kw>
<kw name="Log To Console" owner="BuiltIn">
<arg>${\n}liste:${liste1}[0]</arg>
<doc>Logs the given message to the console.</doc>
<status status="PASS" start="2025-02-07T17:51:09.462678" elapsed="0.000111"/>
</kw>
<kw name="Log To Console" owner="BuiltIn">
<arg>${\n}dict:${dictionnaire}[animal]</arg>
<doc>Logs the given message to the console.</doc>
<status status="PASS" start="2025-02-07T17:51:09.462858" elapsed="0.000111"/>
</kw>
<kw name="Split String" owner="String">
<msg time="2025-02-07T17:51:09.463128" level="INFO">@{l} = [ il | neige ]</msg>
<var>@{l}</var>
<arg>il neige</arg>
<doc>Splits the ``string`` using ``separator`` as a delimiter string.</doc>
<status status="PASS" start="2025-02-07T17:51:09.463034" elapsed="0.000108"/>
</kw>
<kw name="Log To Console" owner="BuiltIn">
<arg>${\n}liste:${l}[0]</arg>
<doc>Logs the given message to the console.</doc>
<status status="PASS" start="2025-02-07T17:51:09.463209" elapsed="0.000102"/>
</kw>
<kw name="Create List" owner="BuiltIn">
<msg time="2025-02-07T17:51:09.463461" level="INFO">@{maliste} = [ il | neige ]</msg>
<var>@{maliste}</var>
<arg>@{l}</arg>
<doc>Returns a list containing given items.</doc>
<status status="PASS" start="2025-02-07T17:51:09.463375" elapsed="0.000098"/>
</kw>
<kw name="Log To Console" owner="BuiltIn">
<arg>${\n}liste:${maliste}[0]</arg>
<doc>Logs the given message to the console.</doc>
<status status="PASS" start="2025-02-07T17:51:09.463535" elapsed="0.000097"/>
</kw>
<kw name="Set Global Variable" owner="BuiltIn">
<msg time="2025-02-07T17:51:09.463814" level="INFO">@{maliste} = [ il | neige ]</msg>
<arg>@{maliste}</arg>
<doc>Makes a variable available globally in all tests and suites.</doc>
<status status="PASS" start="2025-02-07T17:51:09.463700" elapsed="0.000133"/>
</kw>
<status status="PASS" start="2025-02-07T17:51:09.462338" elapsed="0.001567"/>
</test>
<test id="s1-s1-s2-t3" name="afficher liste1" line="27">
<for flavor="IN">
<iter>
<kw name="Log To Console" owner="BuiltIn">
<arg>${\n}valeur: ${elt}</arg>
<doc>Logs the given message to the console.</doc>
<status status="PASS" start="2025-02-07T17:51:09.464245" elapsed="0.000203"/>
</kw>
<var name="${elt}">1</var>
<status status="PASS" start="2025-02-07T17:51:09.464194" elapsed="0.000274"/>
</iter>
<iter>
<kw name="Log To Console" owner="BuiltIn">
<arg>${\n}valeur: ${elt}</arg>
<doc>Logs the given message to the console.</doc>
<status status="PASS" start="2025-02-07T17:51:09.464561" elapsed="0.000091"/>
</kw>
<var name="${elt}">2</var>
<status status="PASS" start="2025-02-07T17:51:09.464519" elapsed="0.000152"/>
</iter>
<iter>
<kw name="Log To Console" owner="BuiltIn">
<arg>${\n}valeur: ${elt}</arg>
<doc>Logs the given message to the console.</doc>
<status status="PASS" start="2025-02-07T17:51:09.464756" elapsed="0.000090"/>
</kw>
<var name="${elt}">3</var>
<status status="PASS" start="2025-02-07T17:51:09.464715" elapsed="0.000150"/>
</iter>
<var>${elt}</var>
<value>@{liste1}</value>
<status status="PASS" start="2025-02-07T17:51:09.464118" elapsed="0.000763"/>
</for>
<kw name="Run Keyword If Test Failed" owner="BuiltIn" type="TEARDOWN">
<arg>gestion en cas d'erreur</arg>
<doc>Runs the given keyword with the given arguments, if the test failed.</doc>
<status status="PASS" start="2025-02-07T17:51:09.464981" elapsed="0.000043"/>
</kw>
<status status="PASS" start="2025-02-07T17:51:09.463997" elapsed="0.001060"/>
</test>
<test id="s1-s1-s2-t4" name="test du if" line="31">
<if>
<branch type="IF" condition="&quot;${PREV_TEST_STATUS}&quot; == &quot;PASS&quot;">
<kw name="Log To Console" owner="BuiltIn">
<arg>le test précédent est OK</arg>
<doc>Logs the given message to the console.</doc>
<status status="PASS" start="2025-02-07T17:51:09.465376" elapsed="0.000058"/>
</kw>
<status status="PASS" start="2025-02-07T17:51:09.465278" elapsed="0.000176"/>
</branch>
<status status="PASS" start="2025-02-07T17:51:09.465265" elapsed="0.000203"/>
</if>
<kw name="Run Keyword If Test Failed" owner="BuiltIn" type="TEARDOWN">
<arg>gestion en cas d'erreur</arg>
<doc>Runs the given keyword with the given arguments, if the test failed.</doc>
<status status="PASS" start="2025-02-07T17:51:09.465560" elapsed="0.000042"/>
</kw>
<status status="PASS" start="2025-02-07T17:51:09.465154" elapsed="0.000484"/>
</test>
<test id="s1-s1-s2-t5" name="vérif platform" line="35">
<kw name="Evaluate" owner="BuiltIn">
<msg time="2025-02-07T17:51:09.469149" level="INFO">${ret} = Darwin</msg>
<var>${ret}</var>
<arg>platform.system()</arg>
<doc>Evaluates the given expression in Python and returns the result.</doc>
<status status="PASS" start="2025-02-07T17:51:09.465960" elapsed="0.003207"/>
</kw>
<kw name="Log To Console" owner="BuiltIn">
<arg>${ret}</arg>
<doc>Logs the given message to the console.</doc>
<status status="PASS" start="2025-02-07T17:51:09.469252" elapsed="0.000086"/>
</kw>
<if>
<branch type="IF" condition="platform.system() == 'Linux'">
<kw name="Log To Console" owner="BuiltIn">
<arg>ce n'est pas la bonne plateforme</arg>
<doc>Logs the given message to the console.</doc>
<status status="NOT RUN" start="2025-02-07T17:51:09.469474" elapsed="0.000011"/>
</kw>
<status status="NOT RUN" start="2025-02-07T17:51:09.469394" elapsed="0.000109"/>
</branch>
<status status="PASS" start="2025-02-07T17:51:09.469383" elapsed="0.000133"/>
</if>
<kw name="Run Keyword If Test Failed" owner="BuiltIn" type="TEARDOWN">
<arg>gestion en cas d'erreur</arg>
<doc>Runs the given keyword with the given arguments, if the test failed.</doc>
<status status="PASS" start="2025-02-07T17:51:09.469620" elapsed="0.000045"/>
</kw>
<status status="PASS" start="2025-02-07T17:51:09.465766" elapsed="0.003936"/>
</test>
<test id="s1-s1-s2-t6" name="afficher variable 2" line="41">
<kw name="Log To Console" owner="BuiltIn">
<arg>${\n}liste:${maliste}[0]</arg>
<doc>Logs the given message to the console.</doc>
<status status="PASS" start="2025-02-07T17:51:09.469967" elapsed="0.000102"/>
</kw>
<kw name="Run Keyword If Test Failed" owner="BuiltIn" type="TEARDOWN">
<arg>gestion en cas d'erreur</arg>
<doc>Runs the given keyword with the given arguments, if the test failed.</doc>
<status status="PASS" start="2025-02-07T17:51:09.470168" elapsed="0.000042"/>
</kw>
<status status="PASS" start="2025-02-07T17:51:09.469810" elapsed="0.000438"/>
</test>
<test id="s1-s1-s2-t7" name="afficher les constantes" line="43">
<kw name="Log To Console" owner="BuiltIn">
<arg>${\n}IP:${IP},firmware:${FIRMWARE}</arg>
<doc>Logs the given message to the console.</doc>
<status status="PASS" start="2025-02-07T17:51:09.470477" elapsed="0.000101"/>
</kw>
<kw name="Run Keyword If Test Failed" owner="BuiltIn" type="TEARDOWN">
<arg>gestion en cas d'erreur</arg>
<doc>Runs the given keyword with the given arguments, if the test failed.</doc>
<status status="PASS" start="2025-02-07T17:51:09.470673" elapsed="0.000040"/>
</kw>
<status status="PASS" start="2025-02-07T17:51:09.470340" elapsed="0.000411"/>
</test>
<test id="s1-s1-s2-t8" name="Helloworld" line="45">
<kw name="Log To Console" owner="BuiltIn">
<arg>Bonjour</arg>
<doc>Logs the given message to the console.</doc>
<status status="PASS" start="2025-02-07T17:51:09.470998" elapsed="0.000059"/>
</kw>
<kw name="mon premier mot cle">
<kw name="Log To Console" owner="BuiltIn">
<arg>j'ai créé un mot clé</arg>
<doc>Logs the given message to the console.</doc>
<status status="PASS" start="2025-02-07T17:51:09.471264" elapsed="0.000061"/>
</kw>
<status status="PASS" start="2025-02-07T17:51:09.471149" elapsed="0.000208"/>
</kw>
<kw name="Run Keyword If Test Failed" owner="BuiltIn" type="TEARDOWN">
<arg>gestion en cas d'erreur</arg>
<doc>Runs the given keyword with the given arguments, if the test failed.</doc>
<status status="PASS" start="2025-02-07T17:51:09.471452" elapsed="0.000043"/>
</kw>
<doc>doc de test</doc>
<tag>regression</tag>
<tag>toto titi</tag>
<tag>world</tag>
<status status="PASS" start="2025-02-07T17:51:09.470844" elapsed="0.000685"/>
</test>
<test id="s1-s1-s2-t9" name="hello" line="50">
<kw name="mot clef" owner="clef">
<kw name="Catenate" owner="BuiltIn">
<msg time="2025-02-07T17:51:09.472289" level="INFO">${ret} = hello-world</msg>
<var>${ret}</var>
<arg>SEPARATOR=-</arg>
<arg>${arg1}</arg>
<arg>${arg2}</arg>
<doc>Catenates the given items together and returns the resulted string.</doc>
<status status="PASS" start="2025-02-07T17:51:09.472189" elapsed="0.000113"/>
</kw>
<kw name="Log" owner="BuiltIn">
<msg time="2025-02-07T17:51:09.472429" level="WARN">msg</msg>
<arg>msg</arg>
<arg>level=WARN</arg>
<doc>Logs the given message with the given level.</doc>
<status status="PASS" start="2025-02-07T17:51:09.472359" elapsed="0.000127"/>
</kw>
<return>
<value>${ret}</value>
<status status="PASS" start="2025-02-07T17:51:09.472516" elapsed="0.000025"/>
</return>
<msg time="2025-02-07T17:51:09.472609" level="INFO">${toto} = hello-world</msg>
<var>${toto}</var>
<arg>hello</arg>
<arg>world</arg>
<doc>documentation mot clef</doc>
<status status="PASS" start="2025-02-07T17:51:09.472042" elapsed="0.000578"/>
</kw>
<kw name="Log To Console" owner="BuiltIn">
<arg>${toto}</arg>
<doc>Logs the given message to the console.</doc>
<status status="PASS" start="2025-02-07T17:51:09.472686" elapsed="0.000072"/>
</kw>
<kw name="mot clef" owner="clef">
<kw name="Catenate" owner="BuiltIn">
<msg time="2025-02-07T17:51:09.473084" level="INFO">${ret} = hello-toto</msg>
<var>${ret}</var>
<arg>SEPARATOR=-</arg>
<arg>${arg1}</arg>
<arg>${arg2}</arg>
<doc>Catenates the given items together and returns the resulted string.</doc>
<status status="PASS" start="2025-02-07T17:51:09.472989" elapsed="0.000107"/>
</kw>
<kw name="Log" owner="BuiltIn">
<msg time="2025-02-07T17:51:09.473217" level="WARN">msg</msg>
<arg>msg</arg>
<arg>level=WARN</arg>
<doc>Logs the given message with the given level.</doc>
<status status="PASS" start="2025-02-07T17:51:09.473153" elapsed="0.000119"/>
</kw>
<return>
<value>${ret}</value>
<status status="PASS" start="2025-02-07T17:51:09.473297" elapsed="0.000019"/>
</return>
<msg time="2025-02-07T17:51:09.473382" level="INFO">${toto} = hello-toto</msg>
<var>${toto}</var>
<arg>hello</arg>
<doc>documentation mot clef</doc>
<status status="PASS" start="2025-02-07T17:51:09.472852" elapsed="0.000541"/>
</kw>
<kw name="Log To Console" owner="BuiltIn">
<arg>${toto}</arg>
<doc>Logs the given message to the console.</doc>
<status status="PASS" start="2025-02-07T17:51:09.473459" elapsed="0.000069"/>
</kw>
<kw name="Set Tags" owner="BuiltIn">
<msg time="2025-02-07T17:51:09.473680" level="INFO">Set tag 'hello-toto'.</msg>
<arg>${toto}</arg>
<doc>Adds given ``tags`` for the current test or all tests in a suite.</doc>
<status status="PASS" start="2025-02-07T17:51:09.473586" elapsed="0.000115"/>
</kw>
<kw name="Run Keyword If Test Failed" owner="BuiltIn" type="TEARDOWN">
<arg>gestion en cas d'erreur</arg>
<doc>Runs the given keyword with the given arguments, if the test failed.</doc>
<status status="PASS" start="2025-02-07T17:51:09.473794" elapsed="0.000040"/>
</kw>
<tag>/opt/local/bin:/opt/local/sbin:/opt/homebrew/bin:/opt/homebrew/sbin:/Library/Frameworks/Python.framework/Versions/3.10/bin:/usr/local/bin:/System/Cryptexes/App/usr/bin:/usr/bin:/bin:/usr/sbin:/sbin:/var/run/com.apple.security.cryptexd/codex.system/bootstrap/usr/local/bin:/var/run/com.apple.security.cryptexd/codex.system/bootstrap/usr/bin:/var/run/com.apple.security.cryptexd/codex.system/bootstrap/usr/appleinternal/bin:/opt/X11/bin:/Library/Apple/usr/bin:/Library/TeX/texbin:/usr/local/share/dotnet:~/.dotnet/tools</tag>
<tag>hello-toto</tag>
<status status="PASS" start="2025-02-07T17:51:09.471639" elapsed="0.002232"/>
</test>
<test id="s1-s1-s2-t10" name="afficher variables prédéfinies" line="58">
<kw name="Log To Console" owner="BuiltIn">
<arg>${\n}/Users/dominiquemereaux/code/TPSEPT2023/Basic,${\n}${TEMPDIR},${\n}${EXECDIR}</arg>
<doc>Logs the given message to the console.</doc>
<status status="PASS" start="2025-02-07T17:51:09.474116" elapsed="0.000126"/>
</kw>
<kw name="Run Keyword If Test Failed" owner="BuiltIn" type="TEARDOWN">
<arg>gestion en cas d'erreur</arg>
<doc>Runs the given keyword with the given arguments, if the test failed.</doc>
<status status="PASS" start="2025-02-07T17:51:09.474335" elapsed="0.000038"/>
</kw>
<status status="PASS" start="2025-02-07T17:51:09.473973" elapsed="0.000434"/>
</test>
<test id="s1-s1-s2-t11" name="Comparer un entier avec une chaine" line="60">
<kw name="Should Be Equal As Integers" owner="BuiltIn">
<msg time="2025-02-07T17:51:09.474894" level="INFO">Argument types are:
&lt;class 'str'&gt;
&lt;class 'int'&gt;</msg>
<arg>80</arg>
<arg>${80}</arg>
<doc>Fails if objects are unequal after converting them to integers.</doc>
<status status="PASS" start="2025-02-07T17:51:09.474643" elapsed="0.000282"/>
</kw>
<kw name="Log To Console" owner="BuiltIn">
<arg>le ttest ne s'est pas arreté</arg>
<doc>Logs the given message to the console.</doc>
<status status="PASS" start="2025-02-07T17:51:09.474994" elapsed="0.000055"/>
</kw>
<kw name="Log To Console" owner="BuiltIn">
<arg>${\n}staut:${PREV_TEST_STATUS}</arg>
<doc>Logs the given message to the console.</doc>
<status status="PASS" start="2025-02-07T17:51:09.475109" elapsed="0.000091"/>
</kw>
<kw name="Run Keyword If Test Failed" owner="BuiltIn" type="TEARDOWN">
<arg>gestion en cas d'erreur</arg>
<doc>Runs the given keyword with the given arguments, if the test failed.</doc>
<status status="PASS" start="2025-02-07T17:51:09.475293" elapsed="0.000039"/>
</kw>
<status status="PASS" start="2025-02-07T17:51:09.474498" elapsed="0.000869"/>
</test>
<test id="s1-s1-s2-t12" name="test skippé" line="65">
<kw name="Skip If" owner="BuiltIn">
<arg>"${PREV_TEST_STATUS}" == "FAIL"</arg>
<doc>Skips the rest of the current test if the ``condition`` is True.</doc>
<status status="PASS" start="2025-02-07T17:51:09.475589" elapsed="0.000116"/>
</kw>
<kw name="Run Keyword If Test Failed" owner="BuiltIn" type="TEARDOWN">
<arg>gestion en cas d'erreur</arg>
<doc>Runs the given keyword with the given arguments, if the test failed.</doc>
<status status="PASS" start="2025-02-07T17:51:09.475803" elapsed="0.000038"/>
</kw>
<status status="PASS" start="2025-02-07T17:51:09.475461" elapsed="0.000415"/>
</test>
<test id="s1-s1-s2-t13" name="modele" line="67">
<kw name="Comparer un entier avec une chaine 2" owner="clef">
<kw name="Should Be Equal As Integers" owner="BuiltIn">
<msg time="2025-02-07T17:51:09.476453" level="INFO">Argument types are:
&lt;class 'str'&gt;
&lt;class 'int'&gt;</msg>
<arg>${arg1}</arg>
<arg>${arg2}</arg>
<doc>Fails if objects are unequal after converting them to integers.</doc>
<status status="PASS" start="2025-02-07T17:51:09.476377" elapsed="0.000105"/>
</kw>
<arg>80</arg>
<arg>${80}</arg>
<status status="PASS" start="2025-02-07T17:51:09.476103" elapsed="0.000409"/>
</kw>
<kw name="Comparer un entier avec une chaine 2" owner="clef">
<kw name="Should Be Equal As Integers" owner="BuiltIn">
<msg time="2025-02-07T17:51:09.476941" level="INFO">Argument types are:
&lt;class 'str'&gt;
&lt;class 'int'&gt;</msg>
<arg>${arg1}</arg>
<arg>${arg2}</arg>
<doc>Fails if objects are unequal after converting them to integers.</doc>
<status status="PASS" start="2025-02-07T17:51:09.476864" elapsed="0.000104"/>
</kw>
<arg>90</arg>
<arg>${90}</arg>
<status status="PASS" start="2025-02-07T17:51:09.476594" elapsed="0.000404"/>
</kw>
<kw name="Run Keyword If Test Failed" owner="BuiltIn" type="TEARDOWN">
<arg>gestion en cas d'erreur</arg>
<doc>Runs the given keyword with the given arguments, if the test failed.</doc>
<status status="PASS" start="2025-02-07T17:51:09.477093" elapsed="0.000037"/>
</kw>
<status status="PASS" start="2025-02-07T17:51:09.475965" elapsed="0.001199"/>
</test>
<test id="s1-s1-s2-t14" name="test valeur inf à 10" line="71">
<kw name="valeur inferieure à 10" owner="clef">
<kw name="Evaluate" owner="BuiltIn">
<msg time="2025-02-07T17:51:09.477643" level="INFO">${random} = 0</msg>
<var>${random}</var>
<arg>random.randint(0, 10)</arg>
<doc>Evaluates the given expression in Python and returns the result.</doc>
<status status="PASS" start="2025-02-07T17:51:09.477545" elapsed="0.000110"/>
</kw>
<return>
<value>${random}</value>
<status status="PASS" start="2025-02-07T17:51:09.477681" elapsed="0.000016"/>
</return>
<msg time="2025-02-07T17:51:09.477758" level="INFO">${x} = 0</msg>
<var>${x}</var>
<status status="PASS" start="2025-02-07T17:51:09.477428" elapsed="0.000341"/>
</kw>
<kw name="Should Be True" owner="BuiltIn">
<arg>${x} &lt; 11</arg>
<doc>Fails if the given condition is not true.</doc>
<status status="PASS" start="2025-02-07T17:51:09.477829" elapsed="0.000087"/>
</kw>
<kw name="Run Keyword If Test Failed" owner="BuiltIn" type="TEARDOWN">
<arg>gestion en cas d'erreur</arg>
<doc>Runs the given keyword with the given arguments, if the test failed.</doc>
<status status="PASS" start="2025-02-07T17:51:09.478011" elapsed="0.000038"/>
</kw>
<status status="PASS" start="2025-02-07T17:51:09.477258" elapsed="0.000828"/>
</test>
<doc>de la doc de suite
suite de la doc</doc>
<status status="PASS" start="2025-02-07T17:51:09.454972" elapsed="0.023275"/>
</suite>
<suite id="s1-s1-s3" name="premierPas" source="/Users/dominiquemereaux/code/TPSEPT2023/Basic/premierPas.robot">
<kw name="debut de suite" type="SETUP">
<kw name="Log To Console" owner="BuiltIn">
<arg>${\n}debut de la suite</arg>
<doc>Logs the given message to the console.</doc>
<status status="PASS" start="2025-02-07T17:51:09.487611" elapsed="0.000093"/>
</kw>
<kw name="Create Dictionary" owner="BuiltIn">
<msg time="2025-02-07T17:51:09.487922" level="INFO">&amp;{proxy} = { nom=toto | motdepasse=titi }</msg>
<var>&amp;{proxy}</var>
<arg>nom=${nom}</arg>
<arg>motdepasse=${mdp}</arg>
<doc>Creates and returns a dictionary based on the given ``items``.</doc>
<status status="PASS" start="2025-02-07T17:51:09.487770" elapsed="0.000167"/>
</kw>
<status status="PASS" start="2025-02-07T17:51:09.487446" elapsed="0.000529"/>
</kw>
<test id="s1-s1-s3-t1" name="ajout" line="31">
<kw name="debut de test" type="SETUP">
<kw name="Log To Console" owner="BuiltIn">
<arg>${\n}debut du test: ${TEST_NAME}</arg>
<doc>Logs the given message to the console.</doc>
<status status="PASS" start="2025-02-07T17:51:09.488297" elapsed="0.000097"/>
</kw>
<kw name="Log To Console" owner="BuiltIn">
<arg>initialisation de la liaison serie</arg>
<doc>Logs the given message to the console.</doc>
<status status="PASS" start="2025-02-07T17:51:09.488447" elapsed="0.000057"/>
</kw>
<status status="PASS" start="2025-02-07T17:51:09.488171" elapsed="0.000362"/>
</kw>
<kw name="Append To List" owner="Collections">
<arg>${maliste}</arg>
<arg>1</arg>
<arg>1</arg>
<arg>1</arg>
<doc>Adds ``values`` to the end of ``list``.</doc>
<status status="PASS" start="2025-02-07T17:51:09.488597" elapsed="0.000068"/>
</kw>
<kw name="Set Global Variable" owner="BuiltIn">
<msg time="2025-02-07T17:51:09.488836" level="INFO">${URL} = "ygfazy"</msg>
<arg>${URL}</arg>
<arg>"ygfazy"</arg>
<doc>Makes a variable available globally in all tests and suites.</doc>
<status status="PASS" start="2025-02-07T17:51:09.488739" elapsed="0.000116"/>
</kw>
<kw name="Run Keyword If Test Failed" owner="BuiltIn" type="TEARDOWN">
<arg>Log to console</arg>
<arg>Ca a planté</arg>
<doc>Runs the given keyword with the given arguments, if the test failed.</doc>
<status status="PASS" start="2025-02-07T17:51:09.488955" elapsed="0.000037"/>
</kw>
<tag>var</tag>
<status status="PASS" start="2025-02-07T17:51:09.488007" elapsed="0.001020"/>
</test>
<test id="s1-s1-s3-t2" name="verif" line="35">
<kw name="debut de test" type="SETUP">
<kw name="Log To Console" owner="BuiltIn">
<arg>${\n}debut du test: ${TEST_NAME}</arg>
<doc>Logs the given message to the console.</doc>
<status status="PASS" start="2025-02-07T17:51:09.489390" elapsed="0.000088"/>
</kw>
<kw name="Log To Console" owner="BuiltIn">
<arg>initialisation de la liaison serie</arg>
<doc>Logs the given message to the console.</doc>
<status status="PASS" start="2025-02-07T17:51:09.489532" elapsed="0.000052"/>
</kw>
<status status="PASS" start="2025-02-07T17:51:09.489281" elapsed="0.000330"/>
</kw>
<for flavor="IN">
<iter>
<kw name="Log To Console" owner="BuiltIn">
<arg>${elt}</arg>
<doc>Logs the given message to the console.</doc>
<status status="PASS" start="2025-02-07T17:51:09.489770" elapsed="0.000068"/>
</kw>
<var name="${elt}">il</var>
<status status="PASS" start="2025-02-07T17:51:09.489727" elapsed="0.000129"/>
</iter>
<iter>
<kw name="Log To Console" owner="BuiltIn">
<arg>${elt}</arg>
<doc>Logs the given message to the console.</doc>
<status status="PASS" start="2025-02-07T17:51:09.489941" elapsed="0.000070"/>
</kw>
<var name="${elt}">neige</var>
<status status="PASS" start="2025-02-07T17:51:09.489900" elapsed="0.000165"/>
</iter>
<iter>
<kw name="Log To Console" owner="BuiltIn">
<arg>${elt}</arg>
<doc>Logs the given message to the console.</doc>
<status status="PASS" start="2025-02-07T17:51:09.490151" elapsed="0.000065"/>
</kw>
<var name="${elt}">1</var>
<status status="PASS" start="2025-02-07T17:51:09.490110" elapsed="0.000123"/>
</iter>
<iter>
<kw name="Log To Console" owner="BuiltIn">
<arg>${elt}</arg>
<doc>Logs the given message to the console.</doc>
<status status="PASS" start="2025-02-07T17:51:09.490313" elapsed="0.000070"/>
</kw>
<var name="${elt}">1</var>
<status status="PASS" start="2025-02-07T17:51:09.490273" elapsed="0.000128"/>
</iter>
<iter>
<kw name="Log To Console" owner="BuiltIn">
<arg>${elt}</arg>
<doc>Logs the given message to the console.</doc>
<status status="PASS" start="2025-02-07T17:51:09.490481" elapsed="0.000064"/>
</kw>
<var name="${elt}">1</var>
<status status="PASS" start="2025-02-07T17:51:09.490442" elapsed="0.000119"/>
</iter>
<var>${elt}</var>
<value>@{maliste}</value>
<status status="PASS" start="2025-02-07T17:51:09.489653" elapsed="0.000924"/>
</for>
<kw name="Log To Console" owner="BuiltIn">
<arg>${URL}</arg>
<doc>Logs the given message to the console.</doc>
<status status="PASS" start="2025-02-07T17:51:09.490641" elapsed="0.000069"/>
</kw>
<kw name="Run Keyword If Test Failed" owner="BuiltIn" type="TEARDOWN">
<arg>Log to console</arg>
<arg>Ca a planté</arg>
<doc>Runs the given keyword with the given arguments, if the test failed.</doc>
<status status="PASS" start="2025-02-07T17:51:09.490804" elapsed="0.000040"/>
</kw>
<tag>var</tag>
<status status="PASS" start="2025-02-07T17:51:09.489130" elapsed="0.001752"/>
</test>
<test id="s1-s1-s3-t3" name="TP1" line="43">
<kw name="Log To Console" owner="BuiltIn">
<arg>Bonjour les amis</arg>
<doc>Logs the given message to the console.</doc>
<status status="PASS" start="2025-02-07T17:51:09.491117" elapsed="0.000057"/>
</kw>
<kw name="Log" owner="BuiltIn">
<arg>mode</arg>
<arg>DEBUG</arg>
<doc>Logs the given message with the given level.</doc>
<status status="PASS" start="2025-02-07T17:51:09.491239" elapsed="0.000068"/>
</kw>
<kw name="Log" owner="BuiltIn">
<msg time="2025-02-07T17:51:09.491418" level="ERROR">il y a potentiellement un probleme</msg>
<arg>il y a potentiellement un probleme</arg>
<arg>ERROR</arg>
<doc>Logs the given message with the given level.</doc>
<status status="PASS" start="2025-02-07T17:51:09.491370" elapsed="0.000216"/>
</kw>
<kw name="Run Keyword If Test Failed" owner="BuiltIn" type="TEARDOWN">
<arg>Log to console</arg>
<arg>Ca a planté</arg>
<doc>Runs the given keyword with the given arguments, if the test failed.</doc>
<status status="PASS" start="2025-02-07T17:51:09.491690" elapsed="0.000040"/>
</kw>
<status status="PASS" start="2025-02-07T17:51:09.490983" elapsed="0.000784"/>
</test>
<test id="s1-s1-s3-t4" name="TP1 Optionnel" line="49">
<kw name="debut de test" type="SETUP">
<kw name="Log To Console" owner="BuiltIn">
<arg>${\n}debut du test: ${TEST_NAME}</arg>
<doc>Logs the given message to the console.</doc>
<status status="PASS" start="2025-02-07T17:51:09.492113" elapsed="0.000092"/>
</kw>
<kw name="Log To Console" owner="BuiltIn">
<arg>initialisation de la liaison serie</arg>
<doc>Logs the given message to the console.</doc>
<status status="PASS" start="2025-02-07T17:51:09.492255" elapsed="0.000053"/>
</kw>
<status status="PASS" start="2025-02-07T17:51:09.492008" elapsed="0.000327"/>
</kw>
<kw name="Log" owner="BuiltIn">
<msg time="2025-02-07T17:51:09.492457" level="WARN">Bonjour les Amis</msg>
<arg>Bonjour les Amis</arg>
<arg>WARN</arg>
<doc>Logs the given message with the given level.</doc>
<status status="PASS" start="2025-02-07T17:51:09.492406" elapsed="0.000101"/>
</kw>
<kw name="Log" owner="BuiltIn">
<msg time="2025-02-07T17:51:09.492617" level="ERROR">Une erreur</msg>
<arg>Une erreur</arg>
<arg>ERROR</arg>
<doc>Logs the given message with the given level.</doc>
<status status="PASS" start="2025-02-07T17:51:09.492568" elapsed="0.000099"/>
</kw>
<kw name="Run Keyword If Test Failed" owner="BuiltIn" type="TEARDOWN">
<arg>Log to console</arg>
<arg>Ca a planté</arg>
<doc>Runs the given keyword with the given arguments, if the test failed.</doc>
<status status="PASS" start="2025-02-07T17:51:09.492765" elapsed="0.000039"/>
</kw>
<status status="PASS" start="2025-02-07T17:51:09.491861" elapsed="0.000979"/>
</test>
<test id="s1-s1-s3-t5" name="TP2 test variable globale" line="53">
<kw name="debut de test" type="SETUP">
<kw name="Log To Console" owner="BuiltIn">
<arg>${\n}debut du test: ${TEST_NAME}</arg>
<doc>Logs the given message to the console.</doc>
<status status="PASS" start="2025-02-07T17:51:09.493191" elapsed="0.000088"/>
</kw>
<kw name="Log To Console" owner="BuiltIn">
<arg>initialisation de la liaison serie</arg>
<doc>Logs the given message to the console.</doc>
<status status="PASS" start="2025-02-07T17:51:09.493329" elapsed="0.000052"/>
</kw>
<status status="PASS" start="2025-02-07T17:51:09.493087" elapsed="0.000322"/>
</kw>
<kw name="Log To Console" owner="BuiltIn">
<arg>site à tester: ${URL}</arg>
<doc>Logs the given message to the console.</doc>
<status status="PASS" start="2025-02-07T17:51:09.493475" elapsed="0.000070"/>
</kw>
<kw name="Log To Console" owner="BuiltIn">
<arg>${maListe}[1]</arg>
<doc>Logs the given message to the console.</doc>
<status status="PASS" start="2025-02-07T17:51:09.493602" elapsed="0.000075"/>
</kw>
<kw name="Log To Console" owner="BuiltIn">
<arg>ma liste @{maliste}</arg>
<doc>Logs the given message to the console.</doc>
<status status="PASS" start="2025-02-07T17:51:09.493738" elapsed="0.000069"/>
</kw>
<kw name="Log To Console" owner="BuiltIn">
<arg>Mon ${Mon Dict}[animal] s'appele ${Mon Dict}[nom]</arg>
<doc>Logs the given message to the console.</doc>
<status status="PASS" start="2025-02-07T17:51:09.493867" elapsed="0.000092"/>
</kw>
<kw name="Run Keyword If Test Failed" owner="BuiltIn" type="TEARDOWN">
<arg>Log to console</arg>
<arg>Ca a planté</arg>
<doc>Runs the given keyword with the given arguments, if the test failed.</doc>
<status status="PASS" start="2025-02-07T17:51:09.494055" elapsed="0.000040"/>
</kw>
<status status="PASS" start="2025-02-07T17:51:09.492937" elapsed="0.001193"/>
</test>
<test id="s1-s1-s3-t6" name="TP2-bis test variable globale" line="60">
<kw name="debut de test" type="SETUP">
<kw name="Log To Console" owner="BuiltIn">
<arg>${\n}debut du test: ${TEST_NAME}</arg>
<doc>Logs the given message to the console.</doc>
<status status="PASS" start="2025-02-07T17:51:09.494495" elapsed="0.000096"/>
</kw>
<kw name="Log To Console" owner="BuiltIn">
<arg>initialisation de la liaison serie</arg>
<doc>Logs the given message to the console.</doc>
<status status="PASS" start="2025-02-07T17:51:09.494642" elapsed="0.000052"/>
</kw>
<status status="PASS" start="2025-02-07T17:51:09.494390" elapsed="0.000332"/>
</kw>
<kw name="Set Test Variable" owner="BuiltIn">
<msg time="2025-02-07T17:51:09.494864" level="INFO">${URL} = http://toto.com</msg>
<arg>${URL}</arg>
<arg>http://toto.com</arg>
<doc>Makes a variable available everywhere within the scope of the current test.</doc>
<status status="PASS" start="2025-02-07T17:51:09.494788" elapsed="0.000094"/>
</kw>
<kw name="Log To Console" owner="BuiltIn">
<arg>site à tester: ${URL}</arg>
<doc>Logs the given message to the console.</doc>
<status status="PASS" start="2025-02-07T17:51:09.494943" elapsed="0.000072"/>
</kw>
<kw name="Run Keyword If Test Failed" owner="BuiltIn" type="TEARDOWN">
<arg>Log to console</arg>
<arg>Ca a planté</arg>
<doc>Runs the given keyword with the given arguments, if the test failed.</doc>
<status status="PASS" start="2025-02-07T17:51:09.495111" elapsed="0.000038"/>
</kw>
<tag>Regression</tag>
<status status="PASS" start="2025-02-07T17:51:09.494229" elapsed="0.000953"/>
</test>
<test id="s1-s1-s3-t7" name="TP2-ter" line="65">
<kw name="debut de test" type="SETUP">
<kw name="Log To Console" owner="BuiltIn">
<arg>${\n}debut du test: ${TEST_NAME}</arg>
<doc>Logs the given message to the console.</doc>
<status status="PASS" start="2025-02-07T17:51:09.495523" elapsed="0.000088"/>
</kw>
<kw name="Log To Console" owner="BuiltIn">
<arg>initialisation de la liaison serie</arg>
<doc>Logs the given message to the console.</doc>
<status status="PASS" start="2025-02-07T17:51:09.495692" elapsed="0.000053"/>
</kw>
<status status="PASS" start="2025-02-07T17:51:09.495422" elapsed="0.000351"/>
</kw>
<kw name="Log To Console" owner="BuiltIn">
<arg>site à tester: ${URL}</arg>
<doc>Logs the given message to the console.</doc>
<status status="PASS" start="2025-02-07T17:51:09.495837" elapsed="0.000075"/>
</kw>
<kw name="Run Keyword If Test Failed" owner="BuiltIn" type="TEARDOWN">
<arg>Log to console</arg>
<arg>Ca a planté</arg>
<doc>Runs the given keyword with the given arguments, if the test failed.</doc>
<status status="PASS" start="2025-02-07T17:51:09.496005" elapsed="0.000040"/>
</kw>
<tag>Regression</tag>
<status status="PASS" start="2025-02-07T17:51:09.495283" elapsed="0.000798"/>
</test>
<test id="s1-s1-s3-t8" name="TP2-Bis Optionnel déclaration variable locale au test" line="69">
<kw name="debut de test" type="SETUP">
<kw name="Log To Console" owner="BuiltIn">
<arg>${\n}debut du test: ${TEST_NAME}</arg>
<doc>Logs the given message to the console.</doc>
<status status="PASS" start="2025-02-07T17:51:09.496456" elapsed="0.000086"/>
</kw>
<kw name="Log To Console" owner="BuiltIn">
<arg>initialisation de la liaison serie</arg>
<doc>Logs the given message to the console.</doc>
<status status="PASS" start="2025-02-07T17:51:09.496595" elapsed="0.000056"/>
</kw>
<status status="PASS" start="2025-02-07T17:51:09.496352" elapsed="0.000327"/>
</kw>
<kw name="Set Test Variable" owner="BuiltIn">
<msg time="2025-02-07T17:51:09.497170" level="INFO">${locale} = truc muche</msg>
<arg>${locale}</arg>
<arg>truc muche</arg>
<doc>Makes a variable available everywhere within the scope of the current test.</doc>
<status status="PASS" start="2025-02-07T17:51:09.496744" elapsed="0.000448"/>
</kw>
<kw name="Set Global Variable" owner="BuiltIn">
<msg time="2025-02-07T17:51:09.497368" level="INFO">${locale} = truc muche</msg>
<arg>${locale}</arg>
<doc>Makes a variable available globally in all tests and suites.</doc>
<status status="PASS" start="2025-02-07T17:51:09.497265" elapsed="0.000145"/>
</kw>
<kw name="Run Keyword If Test Failed" owner="BuiltIn" type="TEARDOWN">
<arg>Log to console</arg>
<arg>Ca a planté</arg>
<doc>Runs the given keyword with the given arguments, if the test failed.</doc>
<status status="PASS" start="2025-02-07T17:51:09.497507" elapsed="0.000039"/>
</kw>
<status status="PASS" start="2025-02-07T17:51:09.496182" elapsed="0.001400"/>
</test>
<test id="s1-s1-s3-t9" name="TP2-Bis Optionnel utilisation variable" line="73">
<kw name="debut de test" type="SETUP">
<kw name="Log To Console" owner="BuiltIn">
<arg>${\n}debut du test: ${TEST_NAME}</arg>
<doc>Logs the given message to the console.</doc>
<status status="PASS" start="2025-02-07T17:51:09.498065" elapsed="0.000095"/>
</kw>
<kw name="Log To Console" owner="BuiltIn">
<arg>initialisation de la liaison serie</arg>
<doc>Logs the given message to the console.</doc>
<status status="PASS" start="2025-02-07T17:51:09.498213" elapsed="0.000054"/>
</kw>
<status status="PASS" start="2025-02-07T17:51:09.497843" elapsed="0.000452"/>
</kw>
<kw name="Log To Console" owner="BuiltIn">
<arg>${locale}</arg>
<doc>Logs the given message to the console.</doc>
<status status="PASS" start="2025-02-07T17:51:09.498355" elapsed="0.000067"/>
</kw>
<kw name="Run Keyword If Test Failed" owner="BuiltIn" type="TEARDOWN">
<arg>Log to console</arg>
<arg>Ca a planté</arg>
<doc>Runs the given keyword with the given arguments, if the test failed.</doc>
<status status="PASS" start="2025-02-07T17:51:09.498518" elapsed="0.000036"/>
</kw>
<status status="PASS" start="2025-02-07T17:51:09.497683" elapsed="0.000905"/>
</test>
<test id="s1-s1-s3-t10" name="TP2-1: Affichage repertoire" line="76">
<kw name="debut de test" type="SETUP">
<kw name="Log To Console" owner="BuiltIn">
<arg>${\n}debut du test: ${TEST_NAME}</arg>
<doc>Logs the given message to the console.</doc>
<status status="PASS" start="2025-02-07T17:51:09.498929" elapsed="0.000086"/>
</kw>
<kw name="Log To Console" owner="BuiltIn">
<arg>initialisation de la liaison serie</arg>
<doc>Logs the given message to the console.</doc>
<status status="PASS" start="2025-02-07T17:51:09.499067" elapsed="0.000054"/>
</kw>
<status status="PASS" start="2025-02-07T17:51:09.498825" elapsed="0.000322"/>
</kw>
<kw name="Log To Console" owner="BuiltIn">
<arg>${\n}${EXECDIR}</arg>
<doc>Logs the given message to the console.</doc>
<status status="PASS" start="2025-02-07T17:51:09.499207" elapsed="0.000085"/>
</kw>
<kw name="Log To Console" owner="BuiltIn">
<arg>${\n}/Users/dominiquemereaux/code/TPSEPT2023/Basic</arg>
<doc>Logs the given message to the console.</doc>
<status status="PASS" start="2025-02-07T17:51:09.499354" elapsed="0.000068"/>
</kw>
<kw name="Log To Console" owner="BuiltIn">
<arg>${\n}${TEMPDIR}</arg>
<doc>Logs the given message to the console.</doc>
<status status="PASS" start="2025-02-07T17:51:09.499481" elapsed="0.000084"/>
</kw>
<kw name="Run Keyword If Test Failed" owner="BuiltIn" type="TEARDOWN">
<arg>Log to console</arg>
<arg>Ca a planté</arg>
<doc>Runs the given keyword with the given arguments, if the test failed.</doc>
<status status="PASS" start="2025-02-07T17:51:09.499659" elapsed="0.000039"/>
</kw>
<status status="PASS" start="2025-02-07T17:51:09.498682" elapsed="0.001052"/>
</test>
<test id="s1-s1-s3-t11" name="TP2-2 variable predefinies" line="81">
<kw name="debut de test" type="SETUP">
<kw name="Log To Console" owner="BuiltIn">
<arg>${\n}debut du test: ${TEST_NAME}</arg>
<doc>Logs the given message to the console.</doc>
<status status="PASS" start="2025-02-07T17:51:09.500102" elapsed="0.000084"/>
</kw>
<kw name="Log To Console" owner="BuiltIn">
<arg>initialisation de la liaison serie</arg>
<doc>Logs the given message to the console.</doc>
<status status="PASS" start="2025-02-07T17:51:09.500238" elapsed="0.000053"/>
</kw>
<status status="PASS" start="2025-02-07T17:51:09.499998" elapsed="0.000320"/>
</kw>
<kw name="Log To Console" owner="BuiltIn">
<arg>bonjour${SPACE}${SPACE}toto</arg>
<doc>Logs the given message to the console.</doc>
<status status="PASS" start="2025-02-07T17:51:09.500379" elapsed="0.000080"/>
</kw>
<kw name="Should Be Equal" owner="BuiltIn">
<msg time="2025-02-07T17:51:09.500765" level="INFO">Argument types are:
&lt;class 'str'&gt;
&lt;class 'int'&gt;</msg>
<msg time="2025-02-07T17:51:09.500860" level="FAIL">echec: 80 (string) != 80 (integer)</msg>
<arg>80</arg>
<arg>${80}</arg>
<arg>msg=echec</arg>
<doc>Fails if the given objects are unequal.</doc>
<status status="FAIL" start="2025-02-07T17:51:09.500525" elapsed="0.000407">echec: 80 (string) != 80 (integer)</status>
</kw>
<kw name="Should Be Equal" owner="BuiltIn">
<msg time="2025-02-07T17:51:09.501233" level="INFO">Argument types are:
&lt;class 'int'&gt;
&lt;class 'str'&gt;</msg>
<msg time="2025-02-07T17:51:09.501291" level="FAIL">80 (integer) != 80 (string)</msg>
<arg>${80}</arg>
<arg>80</arg>
<doc>Fails if the given objects are unequal.</doc>
<status status="FAIL" start="2025-02-07T17:51:09.501019" elapsed="0.000306">80 (integer) != 80 (string)</status>
</kw>
<kw name="Log To Console" owner="BuiltIn">
<arg>mon test n'a pas marché</arg>
<doc>Logs the given message to the console.</doc>
<status status="PASS" start="2025-02-07T17:51:09.501401" elapsed="0.000058"/>
</kw>
<kw name="Run Keyword If Test Failed" owner="BuiltIn" type="TEARDOWN">
<kw name="Log To Console" owner="BuiltIn">
<arg>Ca a planté</arg>
<doc>Logs the given message to the console.</doc>
<status status="PASS" start="2025-02-07T17:51:09.501665" elapsed="0.000056"/>
</kw>
<arg>Log to console</arg>
<arg>Ca a planté</arg>
<doc>Runs the given keyword with the given arguments, if the test failed.</doc>
<status status="PASS" start="2025-02-07T17:51:09.501587" elapsed="0.000159"/>
</kw>
<tag>robot:continue-on-failure</tag>
<status status="FAIL" start="2025-02-07T17:51:09.499834" elapsed="0.001948">Several failures occurred:

1) echec: 80 (string) != 80 (integer)

2) 80 (integer) != 80 (string)</status>
</test>
<test id="s1-s1-s3-t12" name="TP2-2 optionnel" line="87">
<kw name="debut de test" type="SETUP">
<kw name="Log To Console" owner="BuiltIn">
<arg>${\n}debut du test: ${TEST_NAME}</arg>
<doc>Logs the given message to the console.</doc>
<status status="PASS" start="2025-02-07T17:51:09.502209" elapsed="0.000089"/>
</kw>
<kw name="Log To Console" owner="BuiltIn">
<arg>initialisation de la liaison serie</arg>
<doc>Logs the given message to the console.</doc>
<status status="PASS" start="2025-02-07T17:51:09.502351" elapsed="0.000053"/>
</kw>
<status status="PASS" start="2025-02-07T17:51:09.502099" elapsed="0.000334"/>
</kw>
<kw name="Skip If" owner="BuiltIn">
<msg time="2025-02-07T17:51:09.502633" level="SKIP">"FAIL" == "FAIL"</msg>
<arg>"${PREV_TEST_STATUS}" == "FAIL"</arg>
<doc>Skips the rest of the current test if the ``condition`` is True.</doc>
<status status="SKIP" start="2025-02-07T17:51:09.502495" elapsed="0.000174">"FAIL" == "FAIL"</status>
</kw>
<kw name="Run Keyword If Test Failed" owner="BuiltIn" type="TEARDOWN">
<arg>Log to console</arg>
<arg>Ca a planté</arg>
<doc>Runs the given keyword with the given arguments, if the test failed.</doc>
<status status="PASS" start="2025-02-07T17:51:09.502788" elapsed="0.000042"/>
</kw>
<status status="SKIP" start="2025-02-07T17:51:09.501939" elapsed="0.000925">"FAIL" == "FAIL"</status>
</test>
<test id="s1-s1-s3-t13" name="TP2-2 affichage du statut du test précédent" line="90">
<kw name="debut de test" type="SETUP">
<kw name="Log To Console" owner="BuiltIn">
<arg>${\n}debut du test: ${TEST_NAME}</arg>
<doc>Logs the given message to the console.</doc>
<status status="PASS" start="2025-02-07T17:51:09.503372" elapsed="0.000096"/>
</kw>
<kw name="Log To Console" owner="BuiltIn">
<arg>initialisation de la liaison serie</arg>
<doc>Logs the given message to the console.</doc>
<status status="PASS" start="2025-02-07T17:51:09.503521" elapsed="0.000055"/>
</kw>
<status status="PASS" start="2025-02-07T17:51:09.503263" elapsed="0.000342"/>
</kw>
<kw name="Log To Console" owner="BuiltIn">
<arg>statut du test précédent:${PREV_TEST_STATUS}</arg>
<doc>Logs the given message to the console.</doc>
<status status="PASS" start="2025-02-07T17:51:09.503664" elapsed="0.000072"/>
</kw>
<kw name="Run Keyword If Test Failed" owner="BuiltIn" type="TEARDOWN">
<arg>Log to console</arg>
<arg>Ca a planté</arg>
<doc>Runs the given keyword with the given arguments, if the test failed.</doc>
<status status="PASS" start="2025-02-07T17:51:09.503831" elapsed="0.000039"/>
</kw>
<status status="PASS" start="2025-02-07T17:51:09.502972" elapsed="0.000933"/>
</test>
<test id="s1-s1-s3-t14" name="TP3: test des mot cles" line="95">
<kw name="debut de test" type="SETUP">
<kw name="Log To Console" owner="BuiltIn">
<arg>${\n}debut du test: ${TEST_NAME}</arg>
<doc>Logs the given message to the console.</doc>
<status status="PASS" start="2025-02-07T17:51:09.504262" elapsed="0.000085"/>
</kw>
<kw name="Log To Console" owner="BuiltIn">
<arg>initialisation de la liaison serie</arg>
<doc>Logs the given message to the console.</doc>
<status status="PASS" start="2025-02-07T17:51:09.504400" elapsed="0.000052"/>
</kw>
<status status="PASS" start="2025-02-07T17:51:09.504155" elapsed="0.000323"/>
</kw>
<kw name="mot clef simple">
<kw name="Log To Console" owner="BuiltIn">
<arg>toto</arg>
<doc>Logs the given message to the console.</doc>
<status status="PASS" start="2025-02-07T17:51:09.504656" elapsed="0.000053"/>
</kw>
<kw name="Log To Console" owner="BuiltIn">
<arg>titi</arg>
<doc>Logs the given message to the console.</doc>
<status status="PASS" start="2025-02-07T17:51:09.504758" elapsed="0.000050"/>
</kw>
<doc>CECI EST UN MOT CLEF</doc>
<status status="PASS" start="2025-02-07T17:51:09.504553" elapsed="0.000282"/>
</kw>
<kw name="Run Keyword If Test Failed" owner="BuiltIn" type="TEARDOWN">
<arg>Log to console</arg>
<arg>Ca a planté</arg>
<doc>Runs the given keyword with the given arguments, if the test failed.</doc>
<status status="PASS" start="2025-02-07T17:51:09.504929" elapsed="0.000038"/>
</kw>
<doc>cas de test 1</doc>
<status status="PASS" start="2025-02-07T17:51:09.504004" elapsed="0.000996"/>
</test>
<test id="s1-s1-s3-t15" name="TP3-1" line="98">
<kw name="debut de test" type="SETUP">
<kw name="Log To Console" owner="BuiltIn">
<arg>${\n}debut du test: ${TEST_NAME}</arg>
<doc>Logs the given message to the console.</doc>
<status status="PASS" start="2025-02-07T17:51:09.505329" elapsed="0.000086"/>
</kw>
<kw name="Log To Console" owner="BuiltIn">
<arg>initialisation de la liaison serie</arg>
<doc>Logs the given message to the console.</doc>
<status status="PASS" start="2025-02-07T17:51:09.505468" elapsed="0.000053"/>
</kw>
<status status="PASS" start="2025-02-07T17:51:09.505225" elapsed="0.000323"/>
</kw>
<kw name="Mot clef complexe">
<kw name="Log To Console" owner="BuiltIn">
<arg>${arg1}</arg>
<doc>Logs the given message to the console.</doc>
<status status="PASS" start="2025-02-07T17:51:09.505761" elapsed="0.000067"/>
</kw>
<kw name="Log To Console" owner="BuiltIn">
<arg>${arg2}</arg>
<doc>Logs the given message to the console.</doc>
<status status="PASS" start="2025-02-07T17:51:09.505879" elapsed="0.000064"/>
</kw>
<return>
<value>${arg1}</value>
<status status="PASS" start="2025-02-07T17:51:09.505967" elapsed="0.000020"/>
</return>
<msg time="2025-02-07T17:51:09.506052" level="INFO">${sortie} = toto</msg>
<var>${sortie}</var>
<arg>toto</arg>
<arg>arg2=titi</arg>
<doc>ceci est un mot cle propriétaire</doc>
<status status="PASS" start="2025-02-07T17:51:09.505631" elapsed="0.000432"/>
</kw>
<kw name="Log To Console" owner="BuiltIn">
<arg>sortie :${sortie}</arg>
<doc>Logs the given message to the console.</doc>
<status status="PASS" start="2025-02-07T17:51:09.506129" elapsed="0.000070"/>
</kw>
<kw name="Run Keyword If Test Failed" owner="BuiltIn" type="TEARDOWN">
<arg>Log to console</arg>
<arg>Ca a planté</arg>
<doc>Runs the given keyword with the given arguments, if the test failed.</doc>
<status status="PASS" start="2025-02-07T17:51:09.506292" elapsed="0.000040"/>
</kw>
<status status="PASS" start="2025-02-07T17:51:09.505098" elapsed="0.001269"/>
</test>
<test id="s1-s1-s3-t16" name="TP3-3" line="103">
<kw name="debut de test" type="SETUP">
<kw name="Log To Console" owner="BuiltIn">
<arg>${\n}debut du test: ${TEST_NAME}</arg>
<doc>Logs the given message to the console.</doc>
<status status="PASS" start="2025-02-07T17:51:09.506693" elapsed="0.000086"/>
</kw>
<kw name="Log To Console" owner="BuiltIn">
<arg>initialisation de la liaison serie</arg>
<doc>Logs the given message to the console.</doc>
<status status="PASS" start="2025-02-07T17:51:09.506831" elapsed="0.000051"/>
</kw>
<status status="PASS" start="2025-02-07T17:51:09.506588" elapsed="0.000320"/>
</kw>
<kw name="mot clef avec Arguments">
<return>
<value>j'affiche ${toto} ${opt}</value>
<status status="PASS" start="2025-02-07T17:51:09.507078" elapsed="0.000015"/>
</return>
<msg time="2025-02-07T17:51:09.507166" level="INFO">${sortie} = j'affiche machin titi</msg>
<var>${sortie}</var>
<arg>machin</arg>
<doc>CECI EST UN MOT CLEF</doc>
<status status="PASS" start="2025-02-07T17:51:09.506981" elapsed="0.000196"/>
</kw>
<kw name="Log To Console" owner="BuiltIn">
<arg>${sortie}</arg>
<doc>Logs the given message to the console.</doc>
<status status="PASS" start="2025-02-07T17:51:09.507242" elapsed="0.000075"/>
</kw>
<kw name="mot clef avec Arguments">
<return>
<value>j'affiche ${toto} ${opt}</value>
<status status="PASS" start="2025-02-07T17:51:09.507488" elapsed="0.000014"/>
</return>
<msg time="2025-02-07T17:51:09.507571" level="INFO">${sortie} = j'affiche machin tutu</msg>
<var>${sortie}</var>
<arg>machin</arg>
<arg>tutu</arg>
<doc>CECI EST UN MOT CLEF</doc>
<status status="PASS" start="2025-02-07T17:51:09.507392" elapsed="0.000190"/>
</kw>
<kw name="Log To Console" owner="BuiltIn">
<arg>${sortie}</arg>
<doc>Logs the given message to the console.</doc>
<status status="PASS" start="2025-02-07T17:51:09.507650" elapsed="0.000064"/>
</kw>
<kw name="Run Keyword If Test Failed" owner="BuiltIn" type="TEARDOWN">
<arg>Log to console</arg>
<arg>Ca a planté</arg>
<doc>Runs the given keyword with the given arguments, if the test failed.</doc>
<status status="PASS" start="2025-02-07T17:51:09.507839" elapsed="0.000042"/>
</kw>
<status status="PASS" start="2025-02-07T17:51:09.506462" elapsed="0.001457"/>
</test>
<test id="s1-s1-s3-t17" name="TP3-2" line="109">
<kw name="debut de test" type="SETUP">
<kw name="Log To Console" owner="BuiltIn">
<arg>${\n}debut du test: ${TEST_NAME}</arg>
<doc>Logs the given message to the console.</doc>
<status status="PASS" start="2025-02-07T17:51:09.508383" elapsed="0.000085"/>
</kw>
<kw name="Log To Console" owner="BuiltIn">
<arg>initialisation de la liaison serie</arg>
<doc>Logs the given message to the console.</doc>
<status status="PASS" start="2025-02-07T17:51:09.508520" elapsed="0.000055"/>
</kw>
<status status="PASS" start="2025-02-07T17:51:09.508277" elapsed="0.000325"/>
</kw>
<kw name="mot clef qui retourne plusieurs valeurs">
<return>
<value>val1</value>
<value>val2</value>
<status status="PASS" start="2025-02-07T17:51:09.508750" elapsed="0.000014"/>
</return>
<msg time="2025-02-07T17:51:09.508821" level="INFO">${S1} = val1</msg>
<msg time="2025-02-07T17:51:09.508839" level="INFO">${S2} = val2</msg>
<var>${S1}</var>
<var>${S2}</var>
<status status="PASS" start="2025-02-07T17:51:09.508677" elapsed="0.000171"/>
</kw>
<kw name="Log To Console" owner="BuiltIn">
<arg>sortie1:${S1} sortie2:${S2}</arg>
<doc>Logs the given message to the console.</doc>
<status status="PASS" start="2025-02-07T17:51:09.508913" elapsed="0.000083"/>
</kw>
<kw name="mot clef qui retourne plusieurs valeurs">
<return>
<value>val1</value>
<value>val2</value>
<status status="PASS" start="2025-02-07T17:51:09.509146" elapsed="0.000015"/>
</return>
<msg time="2025-02-07T17:51:09.509218" level="INFO">@{listeLocale} = [ val1 | val2 ]</msg>
<var>@{listeLocale}</var>
<status status="PASS" start="2025-02-07T17:51:09.509073" elapsed="0.000157"/>
</kw>
<for flavor="IN">
<iter>
<kw name="Log To Console" owner="BuiltIn">
<arg>${elt}</arg>
<doc>Logs the given message to the console.</doc>
<status status="PASS" start="2025-02-07T17:51:09.509370" elapsed="0.000069"/>
</kw>
<var name="${elt}">val1</var>
<status status="PASS" start="2025-02-07T17:51:09.509328" elapsed="0.000129"/>
</iter>
<iter>
<kw name="Log To Console" owner="BuiltIn">
<arg>${elt}</arg>
<doc>Logs the given message to the console.</doc>
<status status="PASS" start="2025-02-07T17:51:09.509534" elapsed="0.000064"/>
</kw>
<var name="${elt}">val2</var>
<status status="PASS" start="2025-02-07T17:51:09.509496" elapsed="0.000119"/>
</iter>
<var>${elt}</var>
<value>@{listeLocale}</value>
<status status="PASS" start="2025-02-07T17:51:09.509267" elapsed="0.000363"/>
</for>
<kw name="Run Keyword If Test Failed" owner="BuiltIn" type="TEARDOWN">
<arg>Log to console</arg>
<arg>Ca a planté</arg>
<doc>Runs the given keyword with the given arguments, if the test failed.</doc>
<status status="PASS" start="2025-02-07T17:51:09.509735" elapsed="0.000040"/>
</kw>
<status status="PASS" start="2025-02-07T17:51:09.508017" elapsed="0.001797"/>
</test>
<test id="s1-s1-s3-t18" name="TP6 BDD" line="117">
<kw name="debut de test" type="SETUP">
<kw name="Log To Console" owner="BuiltIn">
<arg>${\n}debut du test: ${TEST_NAME}</arg>
<doc>Logs the given message to the console.</doc>
<status status="PASS" start="2025-02-07T17:51:09.510143" elapsed="0.000086"/>
</kw>
<kw name="Log To Console" owner="BuiltIn">
<arg>initialisation de la liaison serie</arg>
<doc>Logs the given message to the console.</doc>
<status status="PASS" start="2025-02-07T17:51:09.510282" elapsed="0.000051"/>
</kw>
<status status="PASS" start="2025-02-07T17:51:09.510042" elapsed="0.000318"/>
</kw>
<kw name="Given log to Console" owner="BuiltIn">
<arg>${\n}un individu</arg>
<doc>Logs the given message to the console.</doc>
<status status="PASS" start="2025-02-07T17:51:09.510454" elapsed="0.000078"/>
</kw>
<kw name="When Log to Console" owner="BuiltIn">
<arg>il fait qqch</arg>
<doc>Logs the given message to the console.</doc>
<status status="PASS" start="2025-02-07T17:51:09.510614" elapsed="0.000054"/>
</kw>
<kw name="Then Log To Console" owner="BuiltIn">
<arg>Il se passe qqch</arg>
<doc>Logs the given message to the console.</doc>
<status status="PASS" start="2025-02-07T17:51:09.510750" elapsed="0.000050"/>
</kw>
<kw name="Run Keyword If Test Failed" owner="BuiltIn" type="TEARDOWN">
<arg>Log to console</arg>
<arg>Ca a planté</arg>
<doc>Runs the given keyword with the given arguments, if the test failed.</doc>
<status status="PASS" start="2025-02-07T17:51:09.510897" elapsed="0.000040"/>
</kw>
<status status="PASS" start="2025-02-07T17:51:09.509912" elapsed="0.001061"/>
</test>
<test id="s1-s1-s3-t19" name="TP7 boucle sur la liste" line="123">
<kw name="debut de test" type="SETUP">
<kw name="Log To Console" owner="BuiltIn">
<arg>${\n}debut du test: ${TEST_NAME}</arg>
<doc>Logs the given message to the console.</doc>
<status status="PASS" start="2025-02-07T17:51:09.511317" elapsed="0.000087"/>
</kw>
<kw name="Log To Console" owner="BuiltIn">
<arg>initialisation de la liaison serie</arg>
<doc>Logs the given message to the console.</doc>
<status status="PASS" start="2025-02-07T17:51:09.511456" elapsed="0.000053"/>
</kw>
<status status="PASS" start="2025-02-07T17:51:09.511214" elapsed="0.000322"/>
</kw>
<for flavor="IN">
<iter>
<kw name="Log To Console" owner="BuiltIn">
<arg>${elt}</arg>
<doc>Logs the given message to the console.</doc>
<status status="PASS" start="2025-02-07T17:51:09.511676" elapsed="0.000072"/>
</kw>
<var name="${elt}">il</var>
<status status="PASS" start="2025-02-07T17:51:09.511635" elapsed="0.000131"/>
</iter>
<iter>
<kw name="Log To Console" owner="BuiltIn">
<arg>${elt}</arg>
<doc>Logs the given message to the console.</doc>
<status status="PASS" start="2025-02-07T17:51:09.511844" elapsed="0.000063"/>
</kw>
<var name="${elt}">neige</var>
<status status="PASS" start="2025-02-07T17:51:09.511804" elapsed="0.000120"/>
</iter>
<iter>
<kw name="Log To Console" owner="BuiltIn">
<arg>${elt}</arg>
<doc>Logs the given message to the console.</doc>
<status status="PASS" start="2025-02-07T17:51:09.512000" elapsed="0.000067"/>
</kw>
<var name="${elt}">1</var>
<status status="PASS" start="2025-02-07T17:51:09.511961" elapsed="0.000124"/>
</iter>
<iter>
<kw name="Log To Console" owner="BuiltIn">
<arg>${elt}</arg>
<doc>Logs the given message to the console.</doc>
<status status="PASS" start="2025-02-07T17:51:09.512159" elapsed="0.000062"/>
</kw>
<var name="${elt}">1</var>
<status status="PASS" start="2025-02-07T17:51:09.512121" elapsed="0.000117"/>
</iter>
<iter>
<kw name="Log To Console" owner="BuiltIn">
<arg>${elt}</arg>
<doc>Logs the given message to the console.</doc>
<status status="PASS" start="2025-02-07T17:51:09.512313" elapsed="0.000067"/>
</kw>
<var name="${elt}">1</var>
<status status="PASS" start="2025-02-07T17:51:09.512275" elapsed="0.000121"/>
</iter>
<var>${elt}</var>
<value>@{maListe}</value>
<status status="PASS" start="2025-02-07T17:51:09.511573" elapsed="0.000837"/>
</for>
<kw name="Run Keyword If Test Failed" owner="BuiltIn" type="TEARDOWN">
<arg>Log to console</arg>
<arg>Ca a planté</arg>
<doc>Runs the given keyword with the given arguments, if the test failed.</doc>
<status status="PASS" start="2025-02-07T17:51:09.512504" elapsed="0.000039"/>
</kw>
<status status="PASS" start="2025-02-07T17:51:09.511072" elapsed="0.001506"/>
</test>
<test id="s1-s1-s3-t20" name="TP7 Optionnel" line="129">
<kw name="debut de test" type="SETUP">
<kw name="Log To Console" owner="BuiltIn">
<arg>${\n}debut du test: ${TEST_NAME}</arg>
<doc>Logs the given message to the console.</doc>
<status status="PASS" start="2025-02-07T17:51:09.512922" elapsed="0.000217"/>
</kw>
<kw name="Log To Console" owner="BuiltIn">
<arg>initialisation de la liaison serie</arg>
<doc>Logs the given message to the console.</doc>
<status status="PASS" start="2025-02-07T17:51:09.513197" elapsed="0.000054"/>
</kw>
<status status="PASS" start="2025-02-07T17:51:09.512811" elapsed="0.000469"/>
</kw>
<kw name="Get Count" owner="BuiltIn">
<msg time="2025-02-07T17:51:09.513432" level="INFO">Item found from container 0 times.</msg>
<msg time="2025-02-07T17:51:09.513470" level="INFO">${nb} = 0</msg>
<var>${nb}</var>
<arg>${maliste}</arg>
<arg>2</arg>
<doc>Returns and logs how many times ``item`` is found from ``container``.</doc>
<status status="PASS" start="2025-02-07T17:51:09.513370" elapsed="0.000111"/>
</kw>
<if>
<branch type="IF" condition="${nb}==2">
<kw name="Log To Console" owner="BuiltIn">
<arg>c'est bon</arg>
<doc>Logs the given message to the console.</doc>
<status status="NOT RUN" start="2025-02-07T17:51:09.513625" elapsed="0.000009"/>
</kw>
<status status="NOT RUN" start="2025-02-07T17:51:09.513536" elapsed="0.000114"/>
</branch>
<status status="PASS" start="2025-02-07T17:51:09.513524" elapsed="0.000139"/>
</if>
<kw name="Get Count" owner="BuiltIn">
<msg time="2025-02-07T17:51:09.513784" level="INFO">Item found from container 0 times.</msg>
<msg time="2025-02-07T17:51:09.513817" level="INFO">${nb} = 0</msg>
<var>${nb}</var>
<arg>${maliste}</arg>
<arg>3</arg>
<doc>Returns and logs how many times ``item`` is found from ``container``.</doc>
<status status="PASS" start="2025-02-07T17:51:09.513725" elapsed="0.000102"/>
</kw>
<if>
<branch type="IF" condition="${nb}==1">
<kw name="Log To Console" owner="BuiltIn">
<arg>c'est bon</arg>
<doc>Logs the given message to the console.</doc>
<status status="NOT RUN" start="2025-02-07T17:51:09.513952" elapsed="0.000009"/>
</kw>
<status status="NOT RUN" start="2025-02-07T17:51:09.513876" elapsed="0.000101"/>
</branch>
<status status="PASS" start="2025-02-07T17:51:09.513867" elapsed="0.000124"/>
</if>
<kw name="Run Keyword If Test Failed" owner="BuiltIn" type="TEARDOWN">
<arg>Log to console</arg>
<arg>Ca a planté</arg>
<doc>Runs the given keyword with the given arguments, if the test failed.</doc>
<status status="PASS" start="2025-02-07T17:51:09.514082" elapsed="0.000040"/>
</kw>
<status status="PASS" start="2025-02-07T17:51:09.512674" elapsed="0.001484"/>
</test>
<test id="s1-s1-s3-t21" name="TP8" line="139">
<kw name="debut de test" type="SETUP">
<kw name="Log To Console" owner="BuiltIn">
<arg>${\n}debut du test: ${TEST_NAME}</arg>
<doc>Logs the given message to the console.</doc>
<status status="PASS" start="2025-02-07T17:51:09.514488" elapsed="0.000089"/>
</kw>
<kw name="Log To Console" owner="BuiltIn">
<arg>initialisation de la liaison serie</arg>
<doc>Logs the given message to the console.</doc>
<status status="PASS" start="2025-02-07T17:51:09.514629" elapsed="0.000052"/>
</kw>
<status status="PASS" start="2025-02-07T17:51:09.514385" elapsed="0.000323"/>
</kw>
<kw name="Calcul Tarif">
<msg time="2025-02-07T17:51:09.515608" level="FAIL">No keyword with name 'Calcul Tarif' found.</msg>
<var>${prix}</var>
<arg>13</arg>
<status status="FAIL" start="2025-02-07T17:51:09.515593" elapsed="0.000035">No keyword with name 'Calcul Tarif' found.</status>
</kw>
<kw name="Should Be Equal" owner="BuiltIn">
<arg>plein tarif</arg>
<arg>${prix}</arg>
<arg>test avec 13 en échec</arg>
<doc>Fails if the given objects are unequal.</doc>
<status status="NOT RUN" start="2025-02-07T17:51:09.515709" elapsed="0.000010"/>
</kw>
<kw name="Run Keyword If Test Failed" owner="BuiltIn" type="TEARDOWN">
<kw name="Log To Console" owner="BuiltIn">
<arg>Ca a planté</arg>
<doc>Logs the given message to the console.</doc>
<status status="PASS" start="2025-02-07T17:51:09.515920" elapsed="0.000056"/>
</kw>
<arg>Log to console</arg>
<arg>Ca a planté</arg>
<doc>Runs the given keyword with the given arguments, if the test failed.</doc>
<status status="PASS" start="2025-02-07T17:51:09.515841" elapsed="0.000161"/>
</kw>
<status status="FAIL" start="2025-02-07T17:51:09.514256" elapsed="0.001781">No keyword with name 'Calcul Tarif' found.</status>
</test>
<test id="s1-s1-s3-t22" name="TP9 verification tarif RATP" line="146">
<kw name="debut de test" type="SETUP">
<kw name="Log To Console" owner="BuiltIn">
<arg>${\n}debut du test: ${TEST_NAME}</arg>
<doc>Logs the given message to the console.</doc>
<status status="PASS" start="2025-02-07T17:51:09.516403" elapsed="0.000092"/>
</kw>
<kw name="Log To Console" owner="BuiltIn">
<arg>initialisation de la liaison serie</arg>
<doc>Logs the given message to the console.</doc>
<status status="PASS" start="2025-02-07T17:51:09.516548" elapsed="0.000053"/>
</kw>
<status status="PASS" start="2025-02-07T17:51:09.516300" elapsed="0.000329"/>
</kw>
<kw name="verification">
<kw name="Calcul Tarif">
<msg time="2025-02-07T17:51:09.517623" level="FAIL">No keyword with name 'Calcul Tarif' found.</msg>
<var>${prix}</var>
<arg>${age}</arg>
<status status="FAIL" start="2025-02-07T17:51:09.517609" elapsed="0.000031">No keyword with name 'Calcul Tarif' found.</status>
</kw>
<kw name="Should Be Equal" owner="BuiltIn">
<arg>${tarif}</arg>
<arg>${prix}</arg>
<arg>test avec ${age} en échec</arg>
<doc>Fails if the given objects are unequal.</doc>
<status status="NOT RUN" start="2025-02-07T17:51:09.517705" elapsed="0.000009"/>
</kw>
<arg>12</arg>
<arg>demi tarif</arg>
<status status="FAIL" start="2025-02-07T17:51:09.516704" elapsed="0.001074">No keyword with name 'Calcul Tarif' found.</status>
</kw>
<kw name="verification">
<kw name="Calcul Tarif">
<msg time="2025-02-07T17:51:09.518879" level="FAIL">No keyword with name 'Calcul Tarif' found.</msg>
<var>${prix}</var>
<arg>${age}</arg>
<status status="FAIL" start="2025-02-07T17:51:09.518864" elapsed="0.000032">No keyword with name 'Calcul Tarif' found.</status>
</kw>
<kw name="Should Be Equal" owner="BuiltIn">
<arg>${tarif}</arg>
<arg>${prix}</arg>
<arg>test avec ${age} en échec</arg>
<doc>Fails if the given objects are unequal.</doc>
<status status="NOT RUN" start="2025-02-07T17:51:09.518957" elapsed="0.000009"/>
</kw>
<arg>11</arg>
<arg>demi tarif</arg>
<status status="FAIL" start="2025-02-07T17:51:09.517862" elapsed="0.001159">No keyword with name 'Calcul Tarif' found.</status>
</kw>
<kw name="verification">
<kw name="Calcul Tarif">
<msg time="2025-02-07T17:51:09.520000" level="FAIL">No keyword with name 'Calcul Tarif' found.</msg>
<var>${prix}</var>
<arg>${age}</arg>
<status status="FAIL" start="2025-02-07T17:51:09.519987" elapsed="0.000030">No keyword with name 'Calcul Tarif' found.</status>
</kw>
<kw name="Should Be Equal" owner="BuiltIn">
<arg>${tarif}</arg>
<arg>${prix}</arg>
<arg>test avec ${age} en échec</arg>
<doc>Fails if the given objects are unequal.</doc>
<status status="NOT RUN" start="2025-02-07T17:51:09.520077" elapsed="0.000009"/>
</kw>
<arg>4</arg>
<arg>demi tarif</arg>
<status status="FAIL" start="2025-02-07T17:51:09.519101" elapsed="0.001037">No keyword with name 'Calcul Tarif' found.</status>
</kw>
<kw name="verification">
<kw name="Calcul Tarif">
<msg time="2025-02-07T17:51:09.521125" level="FAIL">No keyword with name 'Calcul Tarif' found.</msg>
<var>${prix}</var>
<arg>${age}</arg>
<status status="FAIL" start="2025-02-07T17:51:09.521111" elapsed="0.000030">No keyword with name 'Calcul Tarif' found.</status>
</kw>
<kw name="Should Be Equal" owner="BuiltIn">
<arg>${tarif}</arg>
<arg>${prix}</arg>
<arg>test avec ${age} en échec</arg>
<doc>Fails if the given objects are unequal.</doc>
<status status="NOT RUN" start="2025-02-07T17:51:09.521200" elapsed="0.000009"/>
</kw>
<arg>2</arg>
<arg>demi tarif</arg>
<status status="FAIL" start="2025-02-07T17:51:09.520219" elapsed="0.001041">No keyword with name 'Calcul Tarif' found.</status>
</kw>
<kw name="Run Keyword If Test Failed" owner="BuiltIn" type="TEARDOWN">
<kw name="Log To Console" owner="BuiltIn">
<arg>Ca a planté</arg>
<doc>Logs the given message to the console.</doc>
<status status="PASS" start="2025-02-07T17:51:09.521470" elapsed="0.000059"/>
</kw>
<arg>Log to console</arg>
<arg>Ca a planté</arg>
<doc>Runs the given keyword with the given arguments, if the test failed.</doc>
<status status="PASS" start="2025-02-07T17:51:09.521391" elapsed="0.000164"/>
</kw>
<status status="FAIL" start="2025-02-07T17:51:09.516144" elapsed="0.005445">Several failures occurred:

1) No keyword with name 'Calcul Tarif' found.

2) No keyword with name 'Calcul Tarif' found.

3) No keyword with name 'Calcul Tarif' found.

4) No keyword with name 'Calcul Tarif' found.</status>
</test>
<test id="s1-s1-s3-t23" name="Creation de list" line="154">
<kw name="debut de test" type="SETUP">
<kw name="Log To Console" owner="BuiltIn">
<arg>${\n}debut du test: ${TEST_NAME}</arg>
<doc>Logs the given message to the console.</doc>
<status status="PASS" start="2025-02-07T17:51:09.521978" elapsed="0.000094"/>
</kw>
<kw name="Log To Console" owner="BuiltIn">
<arg>initialisation de la liaison serie</arg>
<doc>Logs the given message to the console.</doc>
<status status="PASS" start="2025-02-07T17:51:09.522125" elapsed="0.000052"/>
</kw>
<status status="PASS" start="2025-02-07T17:51:09.521870" elapsed="0.000335"/>
</kw>
<kw name="Split String" owner="String">
<msg time="2025-02-07T17:51:09.522356" level="INFO">@{liste} = [ il | fait | beau ]</msg>
<var>@{liste}</var>
<arg>il-fait-beau</arg>
<arg>separator=-</arg>
<doc>Splits the ``string`` using ``separator`` as a delimiter string.</doc>
<status status="PASS" start="2025-02-07T17:51:09.522270" elapsed="0.000098"/>
</kw>
<kw name="Run Keyword If Test Failed" owner="BuiltIn" type="TEARDOWN">
<arg>Log to console</arg>
<arg>Ca a planté</arg>
<doc>Runs the given keyword with the given arguments, if the test failed.</doc>
<status status="PASS" start="2025-02-07T17:51:09.522465" elapsed="0.000040"/>
</kw>
<status status="PASS" start="2025-02-07T17:51:09.521725" elapsed="0.000817"/>
</test>
<test id="s1-s1-s3-t24" name="test concatenation 1" line="159">
<kw name="debut de test" type="SETUP">
<kw name="Log To Console" owner="BuiltIn">
<arg>${\n}debut du test: ${TEST_NAME}</arg>
<doc>Logs the given message to the console.</doc>
<status status="PASS" start="2025-02-07T17:51:09.522886" elapsed="0.000086"/>
</kw>
<kw name="Log To Console" owner="BuiltIn">
<arg>initialisation de la liaison serie</arg>
<doc>Logs the given message to the console.</doc>
<status status="PASS" start="2025-02-07T17:51:09.523024" elapsed="0.000055"/>
</kw>
<status status="PASS" start="2025-02-07T17:51:09.522780" elapsed="0.000326"/>
</kw>
<kw name="concatenation">
<kw name="Catenate" owner="BuiltIn">
<msg time="2025-02-07T17:51:09.523398" level="INFO">${sortie} = Bonjour-Monsieur</msg>
<var>${sortie}</var>
<arg>SEPARATOR=-</arg>
<arg>${var1}</arg>
<arg>${var2}</arg>
<doc>Catenates the given items together and returns the resulted string.</doc>
<status status="PASS" start="2025-02-07T17:51:09.523306" elapsed="0.000104"/>
</kw>
<return>
<value>${sortie}</value>
<status status="PASS" start="2025-02-07T17:51:09.523438" elapsed="0.000019"/>
</return>
<msg time="2025-02-07T17:51:09.523517" level="INFO">${ret} = Bonjour-Monsieur</msg>
<var>${ret}</var>
<arg>Bonjour</arg>
<arg>Monsieur</arg>
<status status="PASS" start="2025-02-07T17:51:09.523184" elapsed="0.000344"/>
</kw>
<kw name="Should Be Equal" owner="BuiltIn">
<arg>${ret}</arg>
<arg>Bonjour-Monsieur</arg>
<doc>Fails if the given objects are unequal.</doc>
<status status="PASS" start="2025-02-07T17:51:09.523597" elapsed="0.000079"/>
</kw>
<kw name="Run Keyword If Test Failed" owner="BuiltIn" type="TEARDOWN">
<arg>Log to console</arg>
<arg>Ca a planté</arg>
<doc>Runs the given keyword with the given arguments, if the test failed.</doc>
<status status="PASS" start="2025-02-07T17:51:09.523772" elapsed="0.000039"/>
</kw>
<status status="PASS" start="2025-02-07T17:51:09.522639" elapsed="0.001206"/>
</test>
<test id="s1-s1-s3-t25" name="test concatenation 2" line="163">
<kw name="debut de test" type="SETUP">
<kw name="Log To Console" owner="BuiltIn">
<arg>${\n}debut du test: ${TEST_NAME}</arg>
<doc>Logs the given message to the console.</doc>
<status status="PASS" start="2025-02-07T17:51:09.524185" elapsed="0.000089"/>
</kw>
<kw name="Log To Console" owner="BuiltIn">
<arg>initialisation de la liaison serie</arg>
<doc>Logs the given message to the console.</doc>
<status status="PASS" start="2025-02-07T17:51:09.524328" elapsed="0.000052"/>
</kw>
<status status="PASS" start="2025-02-07T17:51:09.524081" elapsed="0.000326"/>
</kw>
<kw name="concatenation">
<kw name="Catenate" owner="BuiltIn">
<msg time="2025-02-07T17:51:09.524694" level="INFO">${sortie} = Bonjour-Madame</msg>
<var>${sortie}</var>
<arg>SEPARATOR=-</arg>
<arg>${var1}</arg>
<arg>${var2}</arg>
<doc>Catenates the given items together and returns the resulted string.</doc>
<status status="PASS" start="2025-02-07T17:51:09.524604" elapsed="0.000103"/>
</kw>
<return>
<value>${sortie}</value>
<status status="PASS" start="2025-02-07T17:51:09.524733" elapsed="0.000014"/>
</return>
<msg time="2025-02-07T17:51:09.525438" level="INFO">${ret} = Bonjour-Madame</msg>
<var>${ret}</var>
<arg>Bonjour</arg>
<arg>Madame</arg>
<status status="PASS" start="2025-02-07T17:51:09.524484" elapsed="0.000966"/>
</kw>
<kw name="Should Be Equal" owner="BuiltIn">
<arg>${ret}</arg>
<arg>Bonjour-Madame</arg>
<doc>Fails if the given objects are unequal.</doc>
<status status="PASS" start="2025-02-07T17:51:09.525525" elapsed="0.000091"/>
</kw>
<kw name="Run Keyword If Test Failed" owner="BuiltIn" type="TEARDOWN">
<arg>Log to console</arg>
<arg>Ca a planté</arg>
<doc>Runs the given keyword with the given arguments, if the test failed.</doc>
<status status="PASS" start="2025-02-07T17:51:09.525715" elapsed="0.000040"/>
</kw>
<status status="PASS" start="2025-02-07T17:51:09.523940" elapsed="0.001852"/>
</test>
<test id="s1-s1-s3-t26" name="test concatenation 3" line="167">
<kw name="debut de test" type="SETUP">
<kw name="Log To Console" owner="BuiltIn">
<arg>${\n}debut du test: ${TEST_NAME}</arg>
<doc>Logs the given message to the console.</doc>
<status status="PASS" start="2025-02-07T17:51:09.526141" elapsed="0.000091"/>
</kw>
<kw name="Log To Console" owner="BuiltIn">
<arg>initialisation de la liaison serie</arg>
<doc>Logs the given message to the console.</doc>
<status status="PASS" start="2025-02-07T17:51:09.526284" elapsed="0.000051"/>
</kw>
<status status="PASS" start="2025-02-07T17:51:09.526037" elapsed="0.000326"/>
</kw>
<kw name="concatenation">
<kw name="Catenate" owner="BuiltIn">
<msg time="2025-02-07T17:51:09.526654" level="INFO">${sortie} = Salut-Madame</msg>
<var>${sortie}</var>
<arg>SEPARATOR=-</arg>
<arg>${var1}</arg>
<arg>${var2}</arg>
<doc>Catenates the given items together and returns the resulted string.</doc>
<status status="PASS" start="2025-02-07T17:51:09.526565" elapsed="0.000101"/>
</kw>
<return>
<value>${sortie}</value>
<status status="PASS" start="2025-02-07T17:51:09.526694" elapsed="0.000014"/>
</return>
<msg time="2025-02-07T17:51:09.526767" level="INFO">${ret} = Salut-Madame</msg>
<var>${ret}</var>
<arg>Salut</arg>
<arg>Madame</arg>
<status status="PASS" start="2025-02-07T17:51:09.526441" elapsed="0.000337"/>
</kw>
<kw name="Should Be Equal" owner="BuiltIn">
<arg>${ret}</arg>
<arg>Salut-Madame</arg>
<doc>Fails if the given objects are unequal.</doc>
<status status="PASS" start="2025-02-07T17:51:09.526847" elapsed="0.000080"/>
</kw>
<kw name="Run Keyword If Test Failed" owner="BuiltIn" type="TEARDOWN">
<arg>Log to console</arg>
<arg>Ca a planté</arg>
<doc>Runs the given keyword with the given arguments, if the test failed.</doc>
<status status="PASS" start="2025-02-07T17:51:09.527028" elapsed="0.000037"/>
</kw>
<status status="PASS" start="2025-02-07T17:51:09.525890" elapsed="0.001210"/>
</test>
<test id="s1-s1-s3-t27" name="Test concatenation multiples" line="171">
<kw name="debut de test" type="SETUP">
<kw name="Log To Console" owner="BuiltIn">
<arg>${\n}debut du test: ${TEST_NAME}</arg>
<doc>Logs the given message to the console.</doc>
<status status="PASS" start="2025-02-07T17:51:09.527454" elapsed="0.000088"/>
</kw>
<kw name="Log To Console" owner="BuiltIn">
<arg>initialisation de la liaison serie</arg>
<doc>Logs the given message to the console.</doc>
<status status="PASS" start="2025-02-07T17:51:09.527596" elapsed="0.000052"/>
</kw>
<status status="PASS" start="2025-02-07T17:51:09.527345" elapsed="0.000331"/>
</kw>
<kw name="modele concatenation">
<kw name="Catenate" owner="BuiltIn">
<msg time="2025-02-07T17:51:09.527961" level="INFO">${ret} = Bonjour Monsieur</msg>
<var>${ret}</var>
<arg>${ent1}</arg>
<arg>${ent2}</arg>
<doc>Catenates the given items together and returns the resulted string.</doc>
<status status="PASS" start="2025-02-07T17:51:09.527878" elapsed="0.000122"/>
</kw>
<kw name="Should Be Equal" owner="BuiltIn">
<arg>${ret}</arg>
<arg>${sortie}</arg>
<doc>Fails if the given objects are unequal.</doc>
<status status="PASS" start="2025-02-07T17:51:09.528060" elapsed="0.000086"/>
</kw>
<arg>Bonjour</arg>
<arg>Monsieur</arg>
<arg>Bonjour Monsieur</arg>
<status status="PASS" start="2025-02-07T17:51:09.527748" elapsed="0.000429"/>
</kw>
<kw name="modele concatenation">
<kw name="Catenate" owner="BuiltIn">
<msg time="2025-02-07T17:51:09.528464" level="INFO">${ret} = Bonjour madame</msg>
<var>${ret}</var>
<arg>${ent1}</arg>
<arg>${ent2}</arg>
<doc>Catenates the given items together and returns the resulted string.</doc>
<status status="PASS" start="2025-02-07T17:51:09.528382" elapsed="0.000095"/>
</kw>
<kw name="Should Be Equal" owner="BuiltIn">
<arg>${ret}</arg>
<arg>${sortie}</arg>
<doc>Fails if the given objects are unequal.</doc>
<status status="PASS" start="2025-02-07T17:51:09.528532" elapsed="0.000088"/>
</kw>
<arg>Bonjour</arg>
<arg>madame</arg>
<arg>Bonjour madame</arg>
<status status="PASS" start="2025-02-07T17:51:09.528253" elapsed="0.000395"/>
</kw>
<kw name="Run Keyword If Test Failed" owner="BuiltIn" type="TEARDOWN">
<arg>Log to console</arg>
<arg>Ca a planté</arg>
<doc>Runs the given keyword with the given arguments, if the test failed.</doc>
<status status="PASS" start="2025-02-07T17:51:09.528748" elapsed="0.000039"/>
</kw>
<status status="PASS" start="2025-02-07T17:51:09.527197" elapsed="0.001624"/>
</test>
<test id="s1-s1-s3-t28" name="nombres au hasard" line="176">
<kw name="debut de test" type="SETUP">
<kw name="Log To Console" owner="BuiltIn">
<arg>${\n}debut du test: ${TEST_NAME}</arg>
<doc>Logs the given message to the console.</doc>
<status status="PASS" start="2025-02-07T17:51:09.529163" elapsed="0.000086"/>
</kw>
<kw name="Log To Console" owner="BuiltIn">
<arg>initialisation de la liaison serie</arg>
<doc>Logs the given message to the console.</doc>
<status status="PASS" start="2025-02-07T17:51:09.529302" elapsed="0.000055"/>
</kw>
<status status="PASS" start="2025-02-07T17:51:09.529057" elapsed="0.000328"/>
</kw>
<kw name="Repeat Keyword" owner="BuiltIn">
<msg time="2025-02-07T17:51:09.529492" level="INFO">Repeating keyword, round 1/5.</msg>
<kw name="nombre au hasard">
<kw name="Evaluate" owner="BuiltIn">
<msg time="2025-02-07T17:51:09.529759" level="INFO">${random} = 3</msg>
<var>${random}</var>
<arg>random.randint(0, 10)</arg>
<doc>Evaluates the given expression in Python and returns the result.</doc>
<status status="PASS" start="2025-02-07T17:51:09.529670" elapsed="0.000100"/>
</kw>
<kw name="Log To Console" owner="BuiltIn">
<arg>${random}</arg>
<doc>Logs the given message to the console.</doc>
<status status="PASS" start="2025-02-07T17:51:09.529823" elapsed="0.000067"/>
</kw>
<return>
<value>${random}</value>
<status status="PASS" start="2025-02-07T17:51:09.529916" elapsed="0.000015"/>
</return>
<status status="PASS" start="2025-02-07T17:51:09.529562" elapsed="0.000413"/>
</kw>
<msg time="2025-02-07T17:51:09.529992" level="INFO">Repeating keyword, round 2/5.</msg>
<kw name="nombre au hasard">
<kw name="Evaluate" owner="BuiltIn">
<msg time="2025-02-07T17:51:09.530384" level="INFO">${random} = 2</msg>
<var>${random}</var>
<arg>random.randint(0, 10)</arg>
<doc>Evaluates the given expression in Python and returns the result.</doc>
<status status="PASS" start="2025-02-07T17:51:09.530167" elapsed="0.000229"/>
</kw>
<kw name="Log To Console" owner="BuiltIn">
<arg>${random}</arg>
<doc>Logs the given message to the console.</doc>
<status status="PASS" start="2025-02-07T17:51:09.530452" elapsed="0.000070"/>
</kw>
<return>
<value>${random}</value>
<status status="PASS" start="2025-02-07T17:51:09.530546" elapsed="0.000014"/>
</return>
<status status="PASS" start="2025-02-07T17:51:09.530061" elapsed="0.000548"/>
</kw>
<msg time="2025-02-07T17:51:09.530625" level="INFO">Repeating keyword, round 3/5.</msg>
<kw name="nombre au hasard">
<kw name="Evaluate" owner="BuiltIn">
<msg time="2025-02-07T17:51:09.530883" level="INFO">${random} = 0</msg>
<var>${random}</var>
<arg>random.randint(0, 10)</arg>
<doc>Evaluates the given expression in Python and returns the result.</doc>
<status status="PASS" start="2025-02-07T17:51:09.530801" elapsed="0.000094"/>
</kw>
<kw name="Log To Console" owner="BuiltIn">
<arg>${random}</arg>
<doc>Logs the given message to the console.</doc>
<status status="PASS" start="2025-02-07T17:51:09.530948" elapsed="0.000068"/>
</kw>
<return>
<value>${random}</value>
<status status="PASS" start="2025-02-07T17:51:09.531039" elapsed="0.000013"/>
</return>
<status status="PASS" start="2025-02-07T17:51:09.530695" elapsed="0.000402"/>
</kw>
<msg time="2025-02-07T17:51:09.531114" level="INFO">Repeating keyword, round 4/5.</msg>
<kw name="nombre au hasard">
<kw name="Evaluate" owner="BuiltIn">
<msg time="2025-02-07T17:51:09.531365" level="INFO">${random} = 5</msg>
<var>${random}</var>
<arg>random.randint(0, 10)</arg>
<doc>Evaluates the given expression in Python and returns the result.</doc>
<status status="PASS" start="2025-02-07T17:51:09.531286" elapsed="0.000091"/>
</kw>
<kw name="Log To Console" owner="BuiltIn">
<arg>${random}</arg>
<doc>Logs the given message to the console.</doc>
<status status="PASS" start="2025-02-07T17:51:09.531428" elapsed="0.000065"/>
</kw>
<return>
<value>${random}</value>
<status status="PASS" start="2025-02-07T17:51:09.531515" elapsed="0.000013"/>
</return>
<status status="PASS" start="2025-02-07T17:51:09.531182" elapsed="0.000402"/>
</kw>
<msg time="2025-02-07T17:51:09.531602" level="INFO">Repeating keyword, round 5/5.</msg>
<kw name="nombre au hasard">
<kw name="Evaluate" owner="BuiltIn">
<msg time="2025-02-07T17:51:09.531853" level="INFO">${random} = 2</msg>
<var>${random}</var>
<arg>random.randint(0, 10)</arg>
<doc>Evaluates the given expression in Python and returns the result.</doc>
<status status="PASS" start="2025-02-07T17:51:09.531774" elapsed="0.000091"/>
</kw>
<kw name="Log To Console" owner="BuiltIn">
<arg>${random}</arg>
<doc>Logs the given message to the console.</doc>
<status status="PASS" start="2025-02-07T17:51:09.531929" elapsed="0.000066"/>
</kw>
<return>
<value>${random}</value>
<status status="PASS" start="2025-02-07T17:51:09.532016" elapsed="0.000012"/>
</return>
[...]
</status>
</kw>
<kw name="Ma Fonction" owner="ma_lib_selenium">
<status status="NOT RUN" start="2025-02-07T17:51:33.509656" elapsed="0.000074"/>
</kw>
<status status="FAIL" start="2025-02-07T17:51:32.231919" elapsed="1.278079">NoSuchDriverException: Message: Unable to obtain chromedriver using Selenium Manager; Message: Unsuccessful command executed: /opt/homebrew/lib/python3.11/site-packages/selenium/webdriver/common/macos/selenium-manager --browser chrome --output json.
The chromedriver version cannot be discovered
; For documentation on this error, please visit: https://www.selenium.dev/documentation/webdriver/troubleshooting/errors/driver_location
</status>
</kw>
<kw name="Fermer Prestashop" owner="motClefPresta" type="TEARDOWN">
<kw name="Close Browser" owner="ma_lib_selenium">
<doc>Closes the current browser.</doc>
<status status="PASS" start="2025-02-07T17:51:33.511783" elapsed="0.000234"/>
</kw>
<status status="PASS" start="2025-02-07T17:51:33.511070" elapsed="0.001067"/>
</kw>
<status status="FAIL" start="2025-02-07T17:51:32.231602" elapsed="1.280676">Setup failed:
NoSuchDriverException: Message: Unable to obtain chromedriver using Selenium Manager; Message: Unsuccessful command executed: /opt/homebrew/lib/python3.11/site-packages/selenium/webdriver/common/macos/selenium-manager --browser chrome --output json.
The chromedriver version cannot be discovered
; For documentation on this error, please visit: https://www.selenium.dev/documentation/webdriver/troubleshooting/errors/driver_location
</status>
</test>
<test id="s1-s4-s2-t2" name="Recherche T-Shirt" line="11">
<kw name="Ouvrir Prestashop" owner="motClefPresta" type="SETUP">
<kw name="Open Browser" owner="ma_lib_selenium">
<msg time="2025-02-07T17:51:33.513650" level="INFO">Opening browser 'GC' to base url '"ygfazy"'.</msg>
<msg time="2025-02-07T17:51:34.710772" level="INFO">Cannot capture screenshot because no browser is open.</msg>
<msg time="2025-02-07T17:51:34.711802" level="FAIL">NoSuchDriverException: Message: Unable to obtain chromedriver using Selenium Manager; Message: Unsuccessful command executed: /opt/homebrew/lib/python3.11/site-packages/selenium/webdriver/common/macos/selenium-manager --browser chrome --output json.
The chromedriver version cannot be discovered
; For documentation on this error, please visit: https://www.selenium.dev/documentation/webdriver/troubleshooting/errors/driver_location
</msg>
<arg>${URL}</arg>
<arg>${NAVIGATEUR}</arg>
<doc>Opens a new browser instance to the optional ``url``.</doc>
<status status="FAIL" start="2025-02-07T17:51:33.513344" elapsed="1.200375">NoSuchDriverException: Message: Unable to obtain chromedriver using Selenium Manager; Message: Unsuccessful command executed: /opt/homebrew/lib/python3.11/site-packages/selenium/webdriver/common/macos/selenium-manager --browser chrome --output json.
The chromedriver version cannot be discovered
; For documentation on this error, please visit: https://www.selenium.dev/documentation/webdriver/troubleshooting/errors/driver_location
</status>
</kw>
<kw name="Ma Fonction" owner="ma_lib_selenium">
<status status="NOT RUN" start="2025-02-07T17:51:34.714698" elapsed="0.000082"/>
</kw>
<status status="FAIL" start="2025-02-07T17:51:33.513068" elapsed="1.202013">NoSuchDriverException: Message: Unable to obtain chromedriver using Selenium Manager; Message: Unsuccessful command executed: /opt/homebrew/lib/python3.11/site-packages/selenium/webdriver/common/macos/selenium-manager --browser chrome --output json.
The chromedriver version cannot be discovered
; For documentation on this error, please visit: https://www.selenium.dev/documentation/webdriver/troubleshooting/errors/driver_location
</status>
</kw>
<kw name="Fermer Prestashop" owner="motClefPresta" type="TEARDOWN">
<kw name="Close Browser" owner="ma_lib_selenium">
<doc>Closes the current browser.</doc>
<status status="PASS" start="2025-02-07T17:51:34.716696" elapsed="0.000220"/>
</kw>
<status status="PASS" start="2025-02-07T17:51:34.716014" elapsed="0.001117"/>
</kw>
<status status="FAIL" start="2025-02-07T17:51:33.512660" elapsed="1.204552">Setup failed:
NoSuchDriverException: Message: Unable to obtain chromedriver using Selenium Manager; Message: Unsuccessful command executed: /opt/homebrew/lib/python3.11/site-packages/selenium/webdriver/common/macos/selenium-manager --browser chrome --output json.
The chromedriver version cannot be discovered
; For documentation on this error, please visit: https://www.selenium.dev/documentation/webdriver/troubleshooting/errors/driver_location
</status>
</test>
<test id="s1-s4-s2-t3" name="Recherches diverses" line="14">
<kw name="Ouvrir Prestashop" owner="motClefPresta" type="SETUP">
<kw name="Open Browser" owner="ma_lib_selenium">
<msg time="2025-02-07T17:51:34.718589" level="INFO">Opening browser 'GC' to base url '"ygfazy"'.</msg>
<msg time="2025-02-07T17:51:35.897637" level="INFO">Cannot capture screenshot because no browser is open.</msg>
<msg time="2025-02-07T17:51:35.898949" level="FAIL">NoSuchDriverException: Message: Unable to obtain chromedriver using Selenium Manager; Message: Unsuccessful command executed: /opt/homebrew/lib/python3.11/site-packages/selenium/webdriver/common/macos/selenium-manager --browser chrome --output json.
The chromedriver version cannot be discovered
; For documentation on this error, please visit: https://www.selenium.dev/documentation/webdriver/troubleshooting/errors/driver_location
</msg>
<arg>${URL}</arg>
<arg>${NAVIGATEUR}</arg>
<doc>Opens a new browser instance to the optional ``url``.</doc>
<status status="FAIL" start="2025-02-07T17:51:34.718233" elapsed="1.186812">NoSuchDriverException: Message: Unable to obtain chromedriver using Selenium Manager; Message: Unsuccessful command executed: /opt/homebrew/lib/python3.11/site-packages/selenium/webdriver/common/macos/selenium-manager --browser chrome --output json.
The chromedriver version cannot be discovered
; For documentation on this error, please visit: https://www.selenium.dev/documentation/webdriver/troubleshooting/errors/driver_location
</status>
</kw>
<kw name="Ma Fonction" owner="ma_lib_selenium">
<status status="NOT RUN" start="2025-02-07T17:51:35.905624" elapsed="0.000062"/>
</kw>
<status status="FAIL" start="2025-02-07T17:51:34.717997" elapsed="1.187885">NoSuchDriverException: Message: Unable to obtain chromedriver using Selenium Manager; Message: Unsuccessful command executed: /opt/homebrew/lib/python3.11/site-packages/selenium/webdriver/common/macos/selenium-manager --browser chrome --output json.
The chromedriver version cannot be discovered
; For documentation on this error, please visit: https://www.selenium.dev/documentation/webdriver/troubleshooting/errors/driver_location
</status>
</kw>
<kw name="Fermer Prestashop" owner="motClefPresta" type="TEARDOWN">
<kw name="Close Browser" owner="ma_lib_selenium">
<doc>Closes the current browser.</doc>
<status status="PASS" start="2025-02-07T17:51:35.906899" elapsed="0.000164"/>
</kw>
<status status="PASS" start="2025-02-07T17:51:35.906506" elapsed="0.000629"/>
</kw>
<status status="FAIL" start="2025-02-07T17:51:34.717589" elapsed="1.189628">Setup failed:
NoSuchDriverException: Message: Unable to obtain chromedriver using Selenium Manager; Message: Unsuccessful command executed: /opt/homebrew/lib/python3.11/site-packages/selenium/webdriver/common/macos/selenium-manager --browser chrome --output json.
The chromedriver version cannot be discovered
; For documentation on this error, please visit: https://www.selenium.dev/documentation/webdriver/troubleshooting/errors/driver_location
</status>
</test>
<test id="s1-s4-s2-t4" name="Recherche vide" line="21">
<kw name="Ouvrir Prestashop" owner="motClefPresta" type="SETUP">
<kw name="Open Browser" owner="ma_lib_selenium">
<msg time="2025-02-07T17:51:35.908452" level="INFO">Opening browser 'GC' to base url '"ygfazy"'.</msg>
<msg time="2025-02-07T17:51:37.077891" level="INFO">Cannot capture screenshot because no browser is open.</msg>
<msg time="2025-02-07T17:51:37.078944" level="FAIL">NoSuchDriverException: Message: Unable to obtain chromedriver using Selenium Manager; Message: Unsuccessful command executed: /opt/homebrew/lib/python3.11/site-packages/selenium/webdriver/common/macos/selenium-manager --browser chrome --output json.
The chromedriver version cannot be discovered
; For documentation on this error, please visit: https://www.selenium.dev/documentation/webdriver/troubleshooting/errors/driver_location
</msg>
<arg>${URL}</arg>
<arg>${NAVIGATEUR}</arg>
<doc>Opens a new browser instance to the optional ``url``.</doc>
<status status="FAIL" start="2025-02-07T17:51:35.908155" elapsed="1.172789">NoSuchDriverException: Message: Unable to obtain chromedriver using Selenium Manager; Message: Unsuccessful command executed: /opt/homebrew/lib/python3.11/site-packages/selenium/webdriver/common/macos/selenium-manager --browser chrome --output json.
The chromedriver version cannot be discovered
; For documentation on this error, please visit: https://www.selenium.dev/documentation/webdriver/troubleshooting/errors/driver_location
</status>
</kw>
<kw name="Ma Fonction" owner="ma_lib_selenium">
<status status="NOT RUN" start="2025-02-07T17:51:37.081760" elapsed="0.000074"/>
</kw>
<status status="FAIL" start="2025-02-07T17:51:35.907909" elapsed="1.174191">NoSuchDriverException: Message: Unable to obtain chromedriver using Selenium Manager; Message: Unsuccessful command executed: /opt/homebrew/lib/python3.11/site-packages/selenium/webdriver/common/macos/selenium-manager --browser chrome --output json.
The chromedriver version cannot be discovered
; For documentation on this error, please visit: https://www.selenium.dev/documentation/webdriver/troubleshooting/errors/driver_location
</status>
</kw>
<kw name="Fermer Prestashop" owner="motClefPresta" type="TEARDOWN">
<kw name="Close Browser" owner="ma_lib_selenium">
<doc>Closes the current browser.</doc>
<status status="PASS" start="2025-02-07T17:51:37.083803" elapsed="0.000235"/>
</kw>
<status status="PASS" start="2025-02-07T17:51:37.083066" elapsed="0.001050"/>
</kw>
<status status="FAIL" start="2025-02-07T17:51:35.907549" elapsed="1.176672">Setup failed:
NoSuchDriverException: Message: Unable to obtain chromedriver using Selenium Manager; Message: Unsuccessful command executed: /opt/homebrew/lib/python3.11/site-packages/selenium/webdriver/common/macos/selenium-manager --browser chrome --output json.
The chromedriver version cannot be discovered
; For documentation on this error, please visit: https://www.selenium.dev/documentation/webdriver/troubleshooting/errors/driver_location
</status>
</test>
<test id="s1-s4-s2-t5" name="Menu Femmes" line="25">
<kw name="Ouvrir Prestashop" owner="motClefPresta" type="SETUP">
<kw name="Open Browser" owner="ma_lib_selenium">
<msg time="2025-02-07T17:51:37.085634" level="INFO">Opening browser 'GC' to base url '"ygfazy"'.</msg>
<msg time="2025-02-07T17:51:38.249310" level="INFO">Cannot capture screenshot because no browser is open.</msg>
<msg time="2025-02-07T17:51:38.250295" level="FAIL">NoSuchDriverException: Message: Unable to obtain chromedriver using Selenium Manager; Message: Unsuccessful command executed: /opt/homebrew/lib/python3.11/site-packages/selenium/webdriver/common/macos/selenium-manager --browser chrome --output json.
The chromedriver version cannot be discovered
; For documentation on this error, please visit: https://www.selenium.dev/documentation/webdriver/troubleshooting/errors/driver_location
</msg>
<arg>${URL}</arg>
<arg>${NAVIGATEUR}</arg>
<doc>Opens a new browser instance to the optional ``url``.</doc>
<status status="FAIL" start="2025-02-07T17:51:37.085269" elapsed="1.166849">NoSuchDriverException: Message: Unable to obtain chromedriver using Selenium Manager; Message: Unsuccessful command executed: /opt/homebrew/lib/python3.11/site-packages/selenium/webdriver/common/macos/selenium-manager --browser chrome --output json.
The chromedriver version cannot be discovered
; For documentation on this error, please visit: https://www.selenium.dev/documentation/webdriver/troubleshooting/errors/driver_location
</status>
</kw>
<kw name="Ma Fonction" owner="ma_lib_selenium">
<status status="NOT RUN" start="2025-02-07T17:51:38.253064" elapsed="0.000087"/>
</kw>
<status status="FAIL" start="2025-02-07T17:51:37.085010" elapsed="1.168347">NoSuchDriverException: Message: Unable to obtain chromedriver using Selenium Manager; Message: Unsuccessful command executed: /opt/homebrew/lib/python3.11/site-packages/selenium/webdriver/common/macos/selenium-manager --browser chrome --output json.
The chromedriver version cannot be discovered
; For documentation on this error, please visit: https://www.selenium.dev/documentation/webdriver/troubleshooting/errors/driver_location
</status>
</kw>
<kw name="Fermer Prestashop" owner="motClefPresta" type="TEARDOWN">
<kw name="Close Browser" owner="ma_lib_selenium">
<doc>Closes the current browser.</doc>
<status status="PASS" start="2025-02-07T17:51:38.254475" elapsed="0.000177"/>
</kw>
<status status="PASS" start="2025-02-07T17:51:38.254003" elapsed="0.000720"/>
</kw>
<status status="FAIL" start="2025-02-07T17:51:37.084598" elapsed="1.170208">Setup failed:
NoSuchDriverException: Message: Unable to obtain chromedriver using Selenium Manager; Message: Unsuccessful command executed: /opt/homebrew/lib/python3.11/site-packages/selenium/webdriver/common/macos/selenium-manager --browser chrome --output json.
The chromedriver version cannot be discovered
; For documentation on this error, please visit: https://www.selenium.dev/documentation/webdriver/troubleshooting/errors/driver_location
</status>
</test>
<test id="s1-s4-s2-t6" name="Test alerte" line="34">
<kw name="Ouvrir W3C alerte" owner="motClefPresta" type="SETUP">
<kw name="Open Browser" owner="ma_lib_selenium">
<msg time="2025-02-07T17:51:38.256101" level="INFO">Opening browser 'GC' to base url 'https://www.w3schools.com/jsref/tryit.asp?filename=tryjsref_alert'.</msg>
<msg time="2025-02-07T17:51:39.430838" level="INFO">Cannot capture screenshot because no browser is open.</msg>
<msg time="2025-02-07T17:51:39.432044" level="FAIL">NoSuchDriverException: Message: Unable to obtain chromedriver using Selenium Manager; Message: Unsuccessful command executed: /opt/homebrew/lib/python3.11/site-packages/selenium/webdriver/common/macos/selenium-manager --browser chrome --output json.
The chromedriver version cannot be discovered
; For documentation on this error, please visit: https://www.selenium.dev/documentation/webdriver/troubleshooting/errors/driver_location
</msg>
<arg>${URL2}</arg>
<arg>${NAVIGATEUR}</arg>
<doc>Opens a new browser instance to the optional ``url``.</doc>
<status status="FAIL" start="2025-02-07T17:51:38.255790" elapsed="1.179756">NoSuchDriverException: Message: Unable to obtain chromedriver using Selenium Manager; Message: Unsuccessful command executed: /opt/homebrew/lib/python3.11/site-packages/selenium/webdriver/common/macos/selenium-manager --browser chrome --output json.
The chromedriver version cannot be discovered
; For documentation on this error, please visit: https://www.selenium.dev/documentation/webdriver/troubleshooting/errors/driver_location
</status>
</kw>
<kw name="Maximize Browser Window" owner="ma_lib_selenium">
<doc>Maximizes current browser window.</doc>
<status status="NOT RUN" start="2025-02-07T17:51:39.436551" elapsed="0.000081"/>
</kw>
<status status="FAIL" start="2025-02-07T17:51:38.255523" elapsed="1.181404">NoSuchDriverException: Message: Unable to obtain chromedriver using Selenium Manager; Message: Unsuccessful command executed: /opt/homebrew/lib/python3.11/site-packages/selenium/webdriver/common/macos/selenium-manager --browser chrome --output json.
The chromedriver version cannot be discovered
; For documentation on this error, please visit: https://www.selenium.dev/documentation/webdriver/troubleshooting/errors/driver_location
</status>
</kw>
<kw name="Fermer Prestashop" owner="motClefPresta" type="TEARDOWN">
<kw name="Close Browser" owner="ma_lib_selenium">
<doc>Closes the current browser.</doc>
<status status="PASS" start="2025-02-07T17:51:39.438819" elapsed="0.000219"/>
</kw>
<status status="PASS" start="2025-02-07T17:51:39.438190" elapsed="0.000960"/>
</kw>
<status status="FAIL" start="2025-02-07T17:51:38.255152" elapsed="1.184128">Setup failed:
NoSuchDriverException: Message: Unable to obtain chromedriver using Selenium Manager; Message: Unsuccessful command executed: /opt/homebrew/lib/python3.11/site-packages/selenium/webdriver/common/macos/selenium-manager --browser chrome --output json.
The chromedriver version cannot be discovered
; For documentation on this error, please visit: https://www.selenium.dev/documentation/webdriver/troubleshooting/errors/driver_location
</status>
</test>
<test id="s1-s4-s2-t7" name="Combien de fenêtres" line="41">
<kw name="Ouvrir Prestashop" owner="motClefPresta" type="SETUP">
<kw name="Open Browser" owner="ma_lib_selenium">
<msg time="2025-02-07T17:51:39.440767" level="INFO">Opening browser 'GC' to base url '"ygfazy"'.</msg>
<msg time="2025-02-07T17:51:40.615772" level="INFO">Cannot capture screenshot because no browser is open.</msg>
<msg time="2025-02-07T17:51:40.616558" level="FAIL">NoSuchDriverException: Message: Unable to obtain chromedriver using Selenium Manager; Message: Unsuccessful command executed: /opt/homebrew/lib/python3.11/site-packages/selenium/webdriver/common/macos/selenium-manager --browser chrome --output json.
The chromedriver version cannot be discovered
; For documentation on this error, please visit: https://www.selenium.dev/documentation/webdriver/troubleshooting/errors/driver_location
</msg>
<arg>${URL}</arg>
<arg>${NAVIGATEUR}</arg>
<doc>Opens a new browser instance to the optional ``url``.</doc>
<status status="FAIL" start="2025-02-07T17:51:39.440389" elapsed="1.177587">NoSuchDriverException: Message: Unable to obtain chromedriver using Selenium Manager; Message: Unsuccessful command executed: /opt/homebrew/lib/python3.11/site-packages/selenium/webdriver/common/macos/selenium-manager --browser chrome --output json.
The chromedriver version cannot be discovered
; For documentation on this error, please visit: https://www.selenium.dev/documentation/webdriver/troubleshooting/errors/driver_location
</status>
</kw>
<kw name="Ma Fonction" owner="ma_lib_selenium">
<status status="NOT RUN" start="2025-02-07T17:51:40.618766" elapsed="0.000061"/>
</kw>
<status status="FAIL" start="2025-02-07T17:51:39.440065" elapsed="1.178984">NoSuchDriverException: Message: Unable to obtain chromedriver using Selenium Manager; Message: Unsuccessful command executed: /opt/homebrew/lib/python3.11/site-packages/selenium/webdriver/common/macos/selenium-manager --browser chrome --output json.
The chromedriver version cannot be discovered
; For documentation on this error, please visit: https://www.selenium.dev/documentation/webdriver/troubleshooting/errors/driver_location
</status>
</kw>
<kw name="Fermer Prestashop" owner="motClefPresta" type="TEARDOWN">
<kw name="Close Browser" owner="ma_lib_selenium">
<doc>Closes the current browser.</doc>
<status status="PASS" start="2025-02-07T17:51:40.620480" elapsed="0.000185"/>
</kw>
<status status="PASS" start="2025-02-07T17:51:40.619884" elapsed="0.000847"/>
</kw>
<status status="FAIL" start="2025-02-07T17:51:39.439663" elapsed="1.181150">Setup failed:
NoSuchDriverException: Message: Unable to obtain chromedriver using Selenium Manager; Message: Unsuccessful command executed: /opt/homebrew/lib/python3.11/site-packages/selenium/webdriver/common/macos/selenium-manager --browser chrome --output json.
The chromedriver version cannot be discovered
; For documentation on this error, please visit: https://www.selenium.dev/documentation/webdriver/troubleshooting/errors/driver_location
</status>
</test>
