<?xml version="1.0" encoding="UTF-8"?>
<robot generator="Robot 7.2.2 (Python 3.13.2 on darwin)" generated="2025-03-31T16:55:43.851905" rpa="false" schemaversion="5">
<suite id="s1" name="TPSEPT2023" source="/Users/dominiquemereaux/code/TPSEPT2023">
<suite id="s1-s1" name="Basic" source="/Users/dominiquemereaux/code/TPSEPT2023/Basic">
<kw name="Log To Console" owner="BuiltIn" type="SETUP">
<arg>SUITE SETUP FOR BASIC</arg>
<doc>Logs the given message to the console.</doc>
<status status="PASS" start="2025-03-31T16:55:43.874700" elapsed="0.000180"/>
</kw>
<suite id="s1-s1-s1" name="Helloworld" source="/Users/dominiquemereaux/code/TPSEPT2023/Basic/helloworld.robot">
<kw name="gestion suite de test" owner="clef" type="SETUP">
<kw name="Log To Console" owner="BuiltIn">
<arg>charger la config</arg>
<doc>Logs the given message to the console.</doc>
<status status="PASS" start="2025-03-31T16:55:43.884319" elapsed="0.000146"/>
</kw>
<kw name="Log To Console" owner="BuiltIn">
<arg>initialiser le matériel</arg>
<doc>Logs the given message to the console.</doc>
<status status="PASS" start="2025-03-31T16:55:43.884829" elapsed="0.000280"/>
</kw>
<status status="PASS" start="2025-03-31T16:55:43.884119" elapsed="0.001117"/>
</kw>
<test id="s1-s1-s1-t1" name="afficher liste1" line="30">
<for flavor="IN">
<iter>
<kw name="Log To Console" owner="BuiltIn">
<arg>${\n}valeur: ${elt}</arg>
<doc>Logs the given message to the console.</doc>
<status status="PASS" start="2025-03-31T16:55:43.885869" elapsed="0.000185"/>
</kw>
<var name="${elt}">item 1</var>
<status status="PASS" start="2025-03-31T16:55:43.885807" elapsed="0.000327"/>
</iter>
<iter>
<kw name="Log To Console" owner="BuiltIn">
<arg>${\n}valeur: ${elt}</arg>
<doc>Logs the given message to the console.</doc>
<status status="PASS" start="2025-03-31T16:55:43.886273" elapsed="0.000166"/>
</kw>
<var name="${elt}">item 2</var>
<status status="PASS" start="2025-03-31T16:55:43.886217" elapsed="0.000273"/>
</iter>
<iter>
<kw name="Log To Console" owner="BuiltIn">
<arg>${\n}valeur: ${elt}</arg>
<doc>Logs the given message to the console.</doc>
<status status="PASS" start="2025-03-31T16:55:43.886623" elapsed="0.000121"/>
</kw>
<var name="${elt}">item 3</var>
<status status="PASS" start="2025-03-31T16:55:43.886569" elapsed="0.000199"/>
</iter>
<var>${elt}</var>
<value>@{liste1}</value>
<status status="PASS" start="2025-03-31T16:55:43.885615" elapsed="0.001171"/>
</for>
<kw name="Run Keyword If Test Failed" owner="BuiltIn" type="TEARDOWN">
<arg>gestion en cas d'erreur</arg>
<doc>Runs the given keyword with the given arguments, if the test failed.</doc>
<status status="PASS" start="2025-03-31T16:55:43.886959" elapsed="0.000060"/>
</kw>
<status status="PASS" start="2025-03-31T16:55:43.885309" elapsed="0.001787"/>
</test>
<doc>de la doc de suite
suite de la doc
[image.jpg|/Users/dominiquemereaux/code/TPSEPT2023/thumb.jpg]</doc>
<status status="PASS" start="2025-03-31T16:55:43.874942" elapsed="0.012447"/>
</suite>
<status status="PASS" start="2025-03-31T16:55:43.873567" elapsed="0.014671"/>
</suite>
<status status="PASS" start="2025-03-31T16:55:43.854050" elapsed="0.034581"/>
</suite>
<statistics>
<total>
<stat pass="1" fail="0" skip="0">All Tests</stat>
</total>
<tag>
</tag>
<suite>
<stat name="TPSEPT2023" id="s1" pass="1" fail="0" skip="0">TPSEPT2023</stat>
<stat name="Basic" id="s1-s1" pass="1" fail="0" skip="0">TPSEPT2023.Basic</stat>
<stat name="Helloworld" id="s1-s1-s1" pass="1" fail="0" skip="0">TPSEPT2023.Basic.Helloworld</stat>
</suite>
</statistics>
<errors>
</errors>
</robot>
