<?xml version="1.0" encoding="UTF-8"?>
<robot generator="Robot 7.0 (Python 3.11.6 on darwin)" generated="2025-03-11T11:53:26.110650" rpa="false" schemaversion="5">
<suite id="s1" name="TPSEPT2023" source="/Users/dominiquemereaux/code/TPSEPT2023">
<suite id="s1-s1" name="Basic" source="/Users/dominiquemereaux/code/TPSEPT2023/Basic">
<kw name="Log To Console" owner="BuiltIn" type="SETUP">
<arg>SUITE SETUP FOR BASIC</arg>
<doc>Logs the given message to the console.</doc>
<status status="PASS" start="2025-03-11T11:53:26.127965" elapsed="0.000125"/>
</kw>
<suite id="s1-s1-s1" name="premierPas" source="/Users/dominiquemereaux/code/TPSEPT2023/Basic/premierPas.robot">
<kw name="debut de suite" type="SETUP">
<kw name="Log To Console" owner="BuiltIn">
<arg>${\n}debut de la suite</arg>
<doc>Logs the given message to the console.</doc>
<status status="PASS" start="2025-03-11T11:53:26.141202" elapsed="0.000157"/>
</kw>
<kw name="Create Dictionary" owner="BuiltIn">
<msg time="2025-03-11T11:53:26.141662" level="INFO">&amp;{proxy} = { nom=toto | motdepasse=titi }</msg>
<var>&amp;{proxy}</var>
<arg>nom=${nom}</arg>
<arg>motdepasse=${mdp}</arg>
<doc>Creates and returns a dictionary based on the given ``items``.</doc>
<status status="PASS" start="2025-03-11T11:53:26.141458" elapsed="0.000224"/>
</kw>
<status status="PASS" start="2025-03-11T11:53:26.140902" elapsed="0.000828"/>
</kw>
<test id="s1-s1-s1-t1" name="TP3 test variable globale" line="73">
<kw name="debut de test" type="SETUP">
<kw name="Log To Console" owner="BuiltIn">
<arg>${\n}debut du test: ${TEST_NAME}</arg>
<doc>Logs the given message to the console.</doc>
<status status="PASS" start="2025-03-11T11:53:26.142147" elapsed="0.000119"/>
</kw>
<kw name="Log To Console" owner="BuiltIn">
<arg>initialisation de la liaison serie</arg>
<doc>Logs the given message to the console.</doc>
<status status="PASS" start="2025-03-11T11:53:26.142331" elapsed="0.000067"/>
</kw>
<status status="PASS" start="2025-03-11T11:53:26.142011" elapsed="0.000424"/>
</kw>
<kw name="Log To Console" owner="BuiltIn">
<arg>site à tester: ${URL}</arg>
<doc>Logs the given message to the console.</doc>
<status status="PASS" start="2025-03-11T11:53:26.142526" elapsed="0.000101"/>
</kw>
<kw name="Log To Console" owner="BuiltIn">
<arg>${maListe}[1]</arg>
<doc>Logs the given message to the console.</doc>
<status status="PASS" start="2025-03-11T11:53:26.142703" elapsed="0.000086"/>
</kw>
<kw name="Log To Console" owner="BuiltIn">
<arg>ma liste @{maliste}</arg>
<doc>Logs the given message to the console.</doc>
<status status="PASS" start="2025-03-11T11:53:26.142866" elapsed="0.000102"/>
</kw>
<kw name="Log To Console" owner="BuiltIn">
<arg>Mon ${Mon Dict}[animal] s'appele ${Mon Dict}[nom]</arg>
<doc>Logs the given message to the console.</doc>
<status status="PASS" start="2025-03-11T11:53:26.143032" elapsed="0.000110"/>
</kw>
<kw name="Log To Console" owner="BuiltIn">
<arg>${Mon Dict.animal}</arg>
<doc>Logs the given message to the console.</doc>
<status status="PASS" start="2025-03-11T11:53:26.143208" elapsed="0.000324"/>
</kw>
<kw name="Run Keyword If Test Failed" owner="BuiltIn" type="TEARDOWN">
<arg>Log to console</arg>
<arg>Ca a planté</arg>
<doc>Runs the given keyword with the given arguments, if the test failed.</doc>
<status status="PASS" start="2025-03-11T11:53:26.143650" elapsed="0.000048"/>
</kw>
<tag>toto</tag>
<status status="PASS" start="2025-03-11T11:53:26.141773" elapsed="0.001968"/>
</test>
<kw name="Run Keyword If Any Tests Failed" owner="BuiltIn" type="TEARDOWN">
<arg>fin de suite</arg>
<doc>Runs the given keyword with the given arguments, if one or more tests failed.</doc>
<status status="PASS" start="2025-03-11T11:53:26.143967" elapsed="0.000061"/>
</kw>
<doc>Ma suite qui fait pas grand chose
suite de la doc
suite 2</doc>
<status status="PASS" start="2025-03-11T11:53:26.128146" elapsed="0.015902"/>
</suite>
<status status="PASS" start="2025-03-11T11:53:26.127113" elapsed="0.017390"/>
</suite>
<status status="PASS" start="2025-03-11T11:53:26.112210" elapsed="0.032611"/>
</suite>
<statistics>
<total>
<stat pass="1" fail="0" skip="0">All Tests</stat>
</total>
<tag>
<stat pass="1" fail="0" skip="0">toto</stat>
</tag>
<suite>
<stat pass="1" fail="0" skip="0" id="s1" name="TPSEPT2023">TPSEPT2023</stat>
<stat pass="1" fail="0" skip="0" id="s1-s1" name="Basic">TPSEPT2023.Basic</stat>
<stat pass="1" fail="0" skip="0" id="s1-s1-s1" name="premierPas">TPSEPT2023.Basic.premierPas</stat>
</suite>
</statistics>
<errors>
<msg time="2025-03-11T11:53:26.135287" level="ERROR">Error in file '/Users/dominiquemereaux/code/TPSEPT2023/Basic/premierPas.robot' on line 16: Importing library 'tarif' failed: ModuleNotFoundError: No module named 'tarif'
Traceback (most recent call last):
  None
PYTHONPATH:
  /opt/homebrew/bin
  /opt/homebrew/Cellar/python@3.11/3.11.6/Frameworks/Python.framework/Versions/3.11/lib/python311.zip
  /opt/homebrew/Cellar/python@3.11/3.11.6/Frameworks/Python.framework/Versions/3.11/lib/python3.11
  /opt/homebrew/Cellar/python@3.11/3.11.6/Frameworks/Python.framework/Versions/3.11/lib/python3.11/lib-dynload
  /opt/homebrew/lib/python3.11/site-packages
  /opt/homebrew/opt/python-tk@3.11/libexec</msg>
</errors>
</robot>
