<?xml version="1.0" encoding="UTF-8"?>
<robot generator="Robot 7.0 (Python 3.11.6 on darwin)" generated="2024-07-24T14:44:27.300754" rpa="false" schemaversion="5">
<suite id="s1" name="Tarif" source="/Users/dominiquemereaux/code/TPSEPT2023/bibli/tarif.robot">
<test id="s1-t1" name="age" line="5">
<kw name="Calcul Tarif" owner="tarif_ratp">
<msg time="2024-07-24T14:44:27.311239" level="INFO">${s} = 4</msg>
<var>${s}</var>
<arg>${20}</arg>
<status status="PASS" start="2024-07-24T14:44:27.311059" elapsed="0.000195"/>
</kw>
<kw name="Should Be Equal As Integers" owner="BuiltIn">
<msg time="2024-07-24T14:44:27.311392" level="INFO">Argument types are:
&lt;class 'int'&gt;
&lt;class 'str'&gt;</msg>
<arg>${s}</arg>
<arg>4</arg>
<doc>Fails if objects are unequal after converting them to integers.</doc>
<status status="PASS" start="2024-07-24T14:44:27.311331" elapsed="0.000084"/>
</kw>
<kw name="Log To Console" owner="BuiltIn">
<arg>${s}</arg>
<doc>Logs the given message to the console.</doc>
<status status="PASS" start="2024-07-24T14:44:27.311470" elapsed="0.000061"/>
</kw>
<status status="PASS" start="2024-07-24T14:44:27.310838" elapsed="0.000742"/>
</test>
<status status="PASS" start="2024-07-24T14:44:27.301244" elapsed="0.010469"/>
</suite>
<statistics>
<total>
<stat pass="1" fail="0" skip="0">All Tests</stat>
</total>
<tag>
</tag>
<suite>
<stat pass="1" fail="0" skip="0" id="s1" name="Tarif">Tarif</stat>
</suite>
</statistics>
<errors>
</errors>
</robot>
