<?xml version="1.0" encoding="UTF-8"?>
<robot generator="Robot 7.0 (Python 3.11.6 on darwin)" generated="2024-01-17T16:01:45.495630" rpa="false" schemaversion="5">
<suite id="s1" name="TPSEPT2023" source="/Users/dominiquemereaux/code/TPSEPT2023">
<suite id="s1-s1" name="Rest" source="/Users/dominiquemereaux/code/TPSEPT2023/rest">
<suite id="s1-s1-s1" name="Google" source="/Users/dominiquemereaux/code/TPSEPT2023/rest/google.robot">
<test id="s1-s1-s1-t1" name="test1" line="6">
<kw name="Ouvrir session" owner="googleMotcle" type="SETUP">
<kw name="Create Session" owner="RequestsLibrary">
<msg time="2024-01-17T16:01:45.554206" level="INFO">Creating Session using : alias=google, url=http://maps.googleapis.com, headers={},                     cookies={}, auth=None, timeout=None, proxies=None, verify=False,                     debug=0 </msg>
<arg>google</arg>
<arg>${GOOGLEENDPOINT}</arg>
<arg>disable_warnings=${True}</arg>
<doc>Create Session: create a HTTP session to a server</doc>
<status status="PASS" start="2024-01-17T16:01:45.554048" elapsed="0.000265"/>
</kw>
<status status="PASS" start="2024-01-17T16:01:45.553759" elapsed="0.000603"/>
</kw>
<kw name="Faire une requete" owner="googleMotcle">
<kw name="GET On Session" owner="RequestsLibrary">
<msg time="2024-01-17T16:01:45.848531" level="INFO">GET Request : url=http://maps.googleapis.com/maps/api/geocode/xml?address=92120%2CFR+sensor%3Dfalse 
 path_url=/maps/api/geocode/xml?address=92120%2CFR+sensor%3Dfalse 
 headers={'User-Agent': 'python-requests/2.31.0', 'Accept-Encoding': 'gzip, deflate', 'Accept': '*/*', 'Connection': 'keep-alive'} 
 body=None 
 </msg>
<msg time="2024-01-17T16:01:45.848620" level="INFO">GET Response : url=http://maps.googleapis.com/maps/api/geocode/xml?address=92120%2CFR+sensor%3Dfalse 
 status=200, reason=OK 
 headers={'Content-Type': 'application/xml; charset=UTF-8', 'Date': 'Wed, 17 Jan 2024 15:01:45 GMT', 'Pragma': 'no-cache', 'Expires': 'Fri, 01 Jan 1990 00:00:00 GMT', 'Cache-Control': 'no-cache, must-revalidate', 'Vary': 'Accept-Language', 'Access-Control-Allow-Origin': '*', 'Server': 'mafe', 'Content-Length': '300', 'X-XSS-Protection': '0', 'X-Frame-Options': 'SAMEORIGIN', 'Server-Timing': 'gfet4t7; dur=6'} 
 body=&lt;?xml version="1.0" encoding="UTF-8"?&gt;
&lt;GeocodeResponse&gt;
 &lt;status&gt;REQUEST_DENIED&lt;/status&gt;
 &lt;error_message&gt;You must use an API key to authenticate each request to Google Maps Platform APIs. For additional information, please refer to http://g.co/dev/maps-no-account&lt;/error_message&gt;
&lt;/GeocodeResponse&gt;
 
 </msg>
<msg time="2024-01-17T16:01:45.848712" level="INFO">${resp} = &lt;Response [200]&gt;</msg>
<var>${resp}</var>
<arg>google</arg>
<arg>${requete}</arg>
<arg>params=&amp;{params}</arg>
<doc>Sends a GET request on a previously created HTTP Session.</doc>
<status status="PASS" start="2024-01-17T16:01:45.554574" elapsed="0.294154"/>
</kw>
<kw name="Log To Console" owner="BuiltIn">
<arg>${resp.content}</arg>
<doc>Logs the given message to the console.</doc>
<status status="PASS" start="2024-01-17T16:01:45.848860" elapsed="0.000463"/>
</kw>
<kw name="Parse Xml" owner="XML">
<msg time="2024-01-17T16:01:45.849726" level="INFO">${structXML} = &lt;Element 'GeocodeResponse' at 0x1073c3060&gt;</msg>
<var>${structXML}</var>
<arg>${resp.content}</arg>
<doc>Parses the given XML file or string into an element structure.</doc>
<status status="PASS" start="2024-01-17T16:01:45.849406" elapsed="0.000336"/>
</kw>
<kw name="Log To Console" owner="BuiltIn">
<arg>${structXML}</arg>
<doc>Logs the given message to the console.</doc>
<status status="PASS" start="2024-01-17T16:01:45.849806" elapsed="0.000086"/>
</kw>
<kw name="Element Text Should Be" owner="XML">
<arg>${structXML}</arg>
<arg>REQUEST_DENIED</arg>
<arg>status</arg>
<doc>Verifies that the text of the specified element is ``expected``.</doc>
<status status="PASS" start="2024-01-17T16:01:45.849949" elapsed="0.000100"/>
</kw>
<kw name="Get Elements Texts" owner="XML">
<msg time="2024-01-17T16:01:45.850192" level="INFO">@{liste} = [ REQUEST_DENIED | You must use an API key to authenticate each request to Google Maps Platform APIs. For additional information, please refer to http://g.co/dev/maps-no-account ]</msg>
<var>@{liste}</var>
<arg>${structXML}</arg>
<arg>*</arg>
<doc>Returns text of all elements matching ``xpath`` as a list.</doc>
<status status="PASS" start="2024-01-17T16:01:45.850100" elapsed="0.000107"/>
</kw>
<for flavor="IN">
<iter>
<kw name="Log To Console" owner="BuiltIn">
<arg>${elt}</arg>
<doc>Logs the given message to the console.</doc>
<status status="PASS" start="2024-01-17T16:01:45.850381" elapsed="0.000075"/>
</kw>
<var name="${elt}">REQUEST_DENIED</var>
<status status="PASS" start="2024-01-17T16:01:45.850328" elapsed="0.000147"/>
</iter>
<iter>
<kw name="Log To Console" owner="BuiltIn">
<arg>${elt}</arg>
<doc>Logs the given message to the console.</doc>
<status status="PASS" start="2024-01-17T16:01:45.850557" elapsed="0.000061"/>
</kw>
<var name="${elt}">You must use an API key to authenticate each request to Google Maps Platform APIs. For additional information, please refer to http://g.co/dev/maps-no-account</var>
<status status="PASS" start="2024-01-17T16:01:45.850519" elapsed="0.000116"/>
</iter>
<var>${elt}</var>
<value>@{liste}</value>
<status status="PASS" start="2024-01-17T16:01:45.850250" elapsed="0.000404"/>
</for>
<status status="PASS" start="2024-01-17T16:01:45.554461" elapsed="0.296237"/>
</kw>
<kw name="fermer session" owner="googleMotcle" type="TEARDOWN">
<kw name="Delete All Sessions" owner="RequestsLibrary">
<msg time="2024-01-17T16:01:45.850961" level="INFO">Deleting All Sessions</msg>
<doc>Removes all the session objects</doc>
<status status="PASS" start="2024-01-17T16:01:45.850922" elapsed="0.000076"/>
</kw>
<status status="PASS" start="2024-01-17T16:01:45.850804" elapsed="0.000219"/>
</kw>
<status status="PASS" start="2024-01-17T16:01:45.553529" elapsed="0.297517"/>
</test>
<status status="PASS" start="2024-01-17T16:01:45.512560" elapsed="0.338647"/>
</suite>
<status status="PASS" start="2024-01-17T16:01:45.511596" elapsed="0.339854"/>
</suite>
<status status="PASS" start="2024-01-17T16:01:45.502353" elapsed="0.349284"/>
</suite>
<statistics>
<total>
<stat pass="1" fail="0" skip="0">All Tests</stat>
</total>
<tag>
</tag>
<suite>
<stat pass="1" fail="0" skip="0" id="s1" name="TPSEPT2023">TPSEPT2023</stat>
<stat pass="1" fail="0" skip="0" id="s1-s1" name="Rest">TPSEPT2023.Rest</stat>
<stat pass="1" fail="0" skip="0" id="s1-s1-s1" name="Google">TPSEPT2023.Rest.Google</stat>
</suite>
</statistics>
<errors>
</errors>
</robot>
