<?xml version="1.0" encoding="UTF-8"?>
<robot generator="Robot 7.0 (Python 3.11.6 on darwin)" generated="2024-01-17T16:01:46.115830" rpa="false" schemaversion="5">
<suite id="s1" name="TPSEPT2023" source="/Users/dominiquemereaux/code/TPSEPT2023">
<suite id="s1-s1" name="Web" source="/Users/dominiquemereaux/code/TPSEPT2023/web">
<suite id="s1-s1-s1" name="UtilLib" source="/Users/dominiquemereaux/code/TPSEPT2023/web/UtilLib.robot">
<test id="s1-s1-s1-t1" name="test du random" line="5">
<kw name="Repeat Keyword" owner="BuiltIn">
<msg time="2024-01-17T16:01:46.128878" level="INFO">Repeating keyword, round 1/10.</msg>
<kw name="hasard">
<kw name="maLibPython.random inf 12">
<msg time="2024-01-17T16:01:46.129724" level="FAIL">No keyword with name 'maLibPython.random inf 12' found.</msg>
<var>${x}</var>
<status status="FAIL" start="2024-01-17T16:01:46.129696" elapsed="0.000053">No keyword with name 'maLibPython.random inf 12' found.</status>
</kw>
<if>
<branch type="IF" condition="${x} &gt; 12">
<kw name="Fail" owner="BuiltIn">
<doc>Fails the test with the given message and optionally alters its tags.</doc>
<status status="NOT RUN" start="2024-01-17T16:01:46.129910" elapsed="0.000017"/>
</kw>
<status status="NOT RUN" start="2024-01-17T16:01:46.129849" elapsed="0.000100"/>
</branch>
<status status="NOT RUN" start="2024-01-17T16:01:46.129833" elapsed="0.000136"/>
</if>
<status status="FAIL" start="2024-01-17T16:01:46.129125" elapsed="0.000894">No keyword with name 'maLibPython.random inf 12' found.</status>
</kw>
<arg>10</arg>
<arg>hasard</arg>
<doc>Executes the specified keyword multiple times.</doc>
<status status="FAIL" start="2024-01-17T16:01:46.128796" elapsed="0.001261">No keyword with name 'maLibPython.random inf 12' found.</status>
</kw>
<kw name="Evaluate" owner="BuiltIn">
<var>${random}</var>
<arg>random.randint(0, sys.maxsize)</arg>
<doc>Evaluates the given expression in Python and returns the result.</doc>
<status status="NOT RUN" start="2024-01-17T16:01:46.130117" elapsed="0.000015"/>
</kw>
<kw name="Log To Console" owner="BuiltIn">
<arg>${random}</arg>
<doc>Logs the given message to the console.</doc>
<status status="NOT RUN" start="2024-01-17T16:01:46.130174" elapsed="0.000017"/>
</kw>
<kw name="Evaluate" owner="BuiltIn">
<var>${x}</var>
<arg>sys.maxsize</arg>
<doc>Evaluates the given expression in Python and returns the result.</doc>
<status status="NOT RUN" start="2024-01-17T16:01:46.130232" elapsed="0.000018"/>
</kw>
<kw name="Log To Console" owner="BuiltIn">
<arg>${x}</arg>
<doc>Logs the given message to the console.</doc>
<status status="NOT RUN" start="2024-01-17T16:01:46.130293" elapsed="0.000018"/>
</kw>
<status status="FAIL" start="2024-01-17T16:01:46.128552" elapsed="0.001823">No keyword with name 'maLibPython.random inf 12' found.</status>
</test>
<test id="s1-s1-s1-t2" name="test addition" line="12">
<kw name="addition de chaine">
<msg time="2024-01-17T16:01:46.130935" level="FAIL">No keyword with name 'addition de chaine' found.</msg>
<var>${x}</var>
<arg>1</arg>
<arg>2</arg>
<status status="FAIL" start="2024-01-17T16:01:46.130912" elapsed="0.000041">No keyword with name 'addition de chaine' found.</status>
</kw>
<kw name="Log To Console" owner="BuiltIn">
<arg>${x}</arg>
<doc>Logs the given message to the console.</doc>
<status status="NOT RUN" start="2024-01-17T16:01:46.131012" elapsed="0.000014"/>
</kw>
<status status="FAIL" start="2024-01-17T16:01:46.130470" elapsed="0.000609">No keyword with name 'addition de chaine' found.</status>
</test>
<status status="FAIL" start="2024-01-17T16:01:46.126626" elapsed="0.004570"/>
</suite>
<status status="FAIL" start="2024-01-17T16:01:46.126002" elapsed="0.005410"/>
</suite>
<status status="FAIL" start="2024-01-17T16:01:46.119753" elapsed="0.011841"/>
</suite>
<statistics>
<total>
<stat pass="0" fail="2" skip="0">All Tests</stat>
</total>
<tag>
</tag>
<suite>
<stat pass="0" fail="2" skip="0" id="s1" name="TPSEPT2023">TPSEPT2023</stat>
<stat pass="0" fail="2" skip="0" id="s1-s1" name="Web">TPSEPT2023.Web</stat>
<stat pass="0" fail="2" skip="0" id="s1-s1-s1" name="UtilLib">TPSEPT2023.Web.UtilLib</stat>
</suite>
</statistics>
<errors>
<msg time="2024-01-17T16:01:46.128343" level="ERROR">Error in file '/Users/dominiquemereaux/code/TPSEPT2023/web/UtilLib.robot' on line 2: Importing library 'maLibPython' failed: ModuleNotFoundError: No module named 'maLibPython'
Traceback (most recent call last):
  None
PYTHONPATH:
  /opt/homebrew/bin
  /opt/homebrew/Cellar/python@3.11/3.11.6/Frameworks/Python.framework/Versions/3.11/lib/python311.zip
  /opt/homebrew/Cellar/python@3.11/3.11.6/Frameworks/Python.framework/Versions/3.11/lib/python3.11
  /opt/homebrew/Cellar/python@3.11/3.11.6/Frameworks/Python.framework/Versions/3.11/lib/python3.11/lib-dynload
  /opt/homebrew/lib/python3.11/site-packages
  /opt/homebrew/lib/python3.11/site-packages/gpg-1.22.0-py3.11-macosx-12-arm64.egg
  /opt/homebrew/opt/python-tk@3.11/libexec</msg>
</errors>
</robot>
