<?xml version="1.0" encoding="UTF-8"?>
<robot generator="Robot 7.0 (Python 3.11.6 on darwin)" generated="2024-03-26T10:12:35.535646" rpa="false" schemaversion="5">
<suite id="s1" name="Basic" source="/Users/dominiquemereaux/code/TPSEPT2023/Basic">
<suite id="s1-s1" name="Helloworld" source="/Users/dominiquemereaux/code/TPSEPT2023/Basic/helloworld.robot">
<kw name="gestion suite de test" owner="clef" type="SETUP">
<kw name="Log To Console" owner="BuiltIn">
<arg>charger la config</arg>
<doc>Logs the given message to the console.</doc>
<status status="PASS" start="2024-03-26T10:12:35.557743" elapsed="0.000257"/>
</kw>
<kw name="Log To Console" owner="BuiltIn">
<arg>initialiser le matériel</arg>
<doc>Logs the given message to the console.</doc>
<status status="PASS" start="2024-03-26T10:12:35.558093" elapsed="0.000231"/>
</kw>
<status status="PASS" start="2024-03-26T10:12:35.557429" elapsed="0.000966"/>
</kw>
<test id="s1-s1-t1" name="afficher Variables" line="15">
<kw name="log toto level=WARN">
<msg time="2024-03-26T10:12:35.559776" level="FAIL">No keyword with name 'log toto level=WARN' found. Did you try using keyword 'BuiltIn.Log' and forgot to use enough whitespace between keyword and arguments?</msg>
<arg>html=True</arg>
<status status="FAIL" start="2024-03-26T10:12:35.559288" elapsed="0.000633">No keyword with name 'log toto level=WARN' found. Did you try using keyword 'BuiltIn.Log' and forgot to use enough whitespace between keyword and arguments?</status>
</kw>
<kw name="Log To Console" owner="BuiltIn">
<arg>${\n}liste:${liste1}[0]</arg>
<doc>Logs the given message to the console.</doc>
<status status="NOT RUN" start="2024-03-26T10:12:35.560489" elapsed="0.000069"/>
</kw>
<kw name="Log To Console" owner="BuiltIn">
<arg>${\n}dict:${dictionnaire}[animal]</arg>
<doc>Logs the given message to the console.</doc>
<status status="NOT RUN" start="2024-03-26T10:12:35.560724" elapsed="0.000047"/>
</kw>
<kw name="Split String" owner="String">
<var>@{l}</var>
<arg>il neige</arg>
<doc>Splits the ``string`` using ``separator`` as a delimiter string.</doc>
<status status="NOT RUN" start="2024-03-26T10:12:35.560887" elapsed="0.000049"/>
</kw>
<kw name="Log To Console" owner="BuiltIn">
<arg>${\n}liste:${l}[0]</arg>
<doc>Logs the given message to the console.</doc>
<status status="NOT RUN" start="2024-03-26T10:12:35.561016" elapsed="0.000043"/>
</kw>
<kw name="Create List" owner="BuiltIn">
<var>@{maliste}</var>
<arg>@{l}</arg>
<doc>Returns a list containing given items.</doc>
<status status="NOT RUN" start="2024-03-26T10:12:35.561131" elapsed="0.000030"/>
</kw>
<kw name="Log To Console" owner="BuiltIn">
<arg>${\n}liste:${maliste}[0]</arg>
<doc>Logs the given message to the console.</doc>
<status status="NOT RUN" start="2024-03-26T10:12:35.561225" elapsed="0.000032"/>
</kw>
<kw name="Set Global Variable" owner="BuiltIn">
<arg>@{maliste}</arg>
<doc>Makes a variable available globally in all tests and suites.</doc>
<status status="NOT RUN" start="2024-03-26T10:12:35.561352" elapsed="0.000052"/>
</kw>
<status status="FAIL" start="2024-03-26T10:12:35.558450" elapsed="0.003083">No keyword with name 'log toto level=WARN' found. Did you try using keyword 'BuiltIn.Log' and forgot to use enough whitespace between keyword and arguments?</status>
</test>
<doc>de la doc de suite
suite de la doc</doc>
<status status="FAIL" start="2024-03-26T10:12:35.550243" elapsed="0.012121"/>
</suite>
<status status="FAIL" start="2024-03-26T10:12:35.537500" elapsed="0.025351"/>
</suite>
<statistics>
<total>
<stat pass="0" fail="1" skip="0">All Tests</stat>
</total>
<tag>
</tag>
<suite>
<stat pass="0" fail="1" skip="0" id="s1" name="Basic">Basic</stat>
<stat pass="0" fail="1" skip="0" id="s1-s1" name="Helloworld">Basic.Helloworld</stat>
</suite>
</statistics>
<errors>
</errors>
</robot>
