<?xml version="1.0" encoding="UTF-8"?>
<robot generator="Robot 7.0 (Python 3.11.6 on darwin)" generated="2024-01-17T16:01:45.056940" rpa="false" schemaversion="5">
<suite id="s1" name="TPSEPT2023" source="/Users/dominiquemereaux/code/TPSEPT2023">
<suite id="s1-s1" name="Basic" source="/Users/dominiquemereaux/code/TPSEPT2023/Basic">
<suite id="s1-s1-s1" name="UtilisationDialogs" source="/Users/dominiquemereaux/code/TPSEPT2023/Basic/UtilisationDialogs.robot">
<kw name="creation repertoire" type="SETUP">
<kw name="Create Directory" owner="OperatingSystem">
<msg time="2024-01-17T16:01:45.134478" level="INFO" html="true">Directory '&lt;a href="file:///Users/dominiquemereaux/code/TPSEPT2023/screenshots"&gt;/Users/dominiquemereaux/code/TPSEPT2023/screenshots&lt;/a&gt;' already exists.</msg>
<arg>${EXECDIR}/screenshots</arg>
<doc>Creates the specified directory.</doc>
<status status="PASS" start="2024-01-17T16:01:45.134361" elapsed="0.000152"/>
</kw>
<kw name="Set Screenshot Directory" owner="Screenshot">
<arg>${EXECDIR}/screenshots</arg>
<doc>Sets the directory where screenshots are saved.</doc>
<status status="PASS" start="2024-01-17T16:01:45.134587" elapsed="0.000303"/>
</kw>
<status status="PASS" start="2024-01-17T16:01:45.134005" elapsed="0.000927"/>
</kw>
<test id="s1-s1-s1-t1" name="au hasard" line="10">
<kw name="Generate Random String" owner="String">
<msg time="2024-01-17T16:01:45.135261" level="INFO">${x} = 0</msg>
<var>${x}</var>
<arg>1</arg>
<arg>[NUMBERS]</arg>
<doc>Generates a string with a desired ``length`` from the given ``chars``.</doc>
<status status="PASS" start="2024-01-17T16:01:45.135141" elapsed="0.000135"/>
</kw>
<kw name="Log To Console" owner="BuiltIn">
<arg>${x}</arg>
<doc>Logs the given message to the console.</doc>
<status status="PASS" start="2024-01-17T16:01:45.135339" elapsed="0.000085"/>
</kw>
<status status="PASS" start="2024-01-17T16:01:45.134970" elapsed="0.000505"/>
</test>
<test id="s1-s1-s1-t2" name="essai" line="13">
<kw name="Execute Manual Step" owner="Dialogs">
<arg>verifier</arg>
<arg>message error</arg>
<doc>Pauses execution until user sets the keyword status.</doc>
<status status="PASS" start="2024-01-17T16:01:45.135706" elapsed="101.548626"/>
</kw>
<kw name="Take Screenshot" owner="Screenshot">
<msg time="2024-01-17T16:03:26.686407" level="FAIL">Test timeout 4 seconds exceeded.</msg>
<arg>tto</arg>
<doc>Takes a screenshot in JPEG format and embeds it into the log file.</doc>
<status status="FAIL" start="2024-01-17T16:03:26.685366" elapsed="0.001117">Test timeout 4 seconds exceeded.</status>
</kw>
<timeout value="4 seconds"/>
<status status="FAIL" start="2024-01-17T16:01:45.135587" elapsed="101.551457">Test timeout 4 seconds exceeded.</status>
</test>
<test id="s1-s1-s1-t3" name="essai Timeout" line="17">
<kw name="Sleep" owner="BuiltIn">
<msg time="2024-01-17T16:03:30.689500" level="FAIL">Test timeout 4 seconds exceeded.</msg>
<arg>5s</arg>
<doc>Pauses the test executed for the given time.</doc>
<status status="FAIL" start="2024-01-17T16:03:26.688551" elapsed="4.001170">Test timeout 4 seconds exceeded.</status>
</kw>
<timeout value="4 seconds"/>
<status status="FAIL" start="2024-01-17T16:03:26.688031" elapsed="4.002511">Test timeout 4 seconds exceeded.</status>
</test>
<test id="s1-s1-s1-t4" name="recuoperer" line="21">
<kw name="Get Value From User" owner="Dialogs">
<msg time="2024-01-17T16:03:34.046793" level="INFO">${x} = dutfiuy</msg>
<var>${x}</var>
<arg>nom</arg>
<doc>Pauses execution and asks user to input a value.</doc>
<status status="PASS" start="2024-01-17T16:03:30.692205" elapsed="3.354679"/>
</kw>
<kw name="Log To Console" owner="BuiltIn">
<arg>${x}</arg>
<doc>Logs the given message to the console.</doc>
<status status="PASS" start="2024-01-17T16:03:34.047246" elapsed="0.000474"/>
</kw>
<status status="PASS" start="2024-01-17T16:03:30.691348" elapsed="3.356543"/>
</test>
<test id="s1-s1-s1-t5" name="essai 2" line="24">
<kw name="Get Selections From User" owner="Dialogs">
<msg time="2024-01-17T16:03:37.053961" level="INFO">@{users} = [ user2 ]</msg>
<var>@{users}</var>
<arg>Select users</arg>
<arg>user1</arg>
<arg>user2</arg>
<arg>admin</arg>
<doc>Pauses execution and asks user to select multiple values.</doc>
<status status="PASS" start="2024-01-17T16:03:34.048492" elapsed="3.005640"/>
</kw>
<for flavor="IN">
<iter>
<kw name="Log To Console" owner="BuiltIn">
<arg>${elt}</arg>
<doc>Logs the given message to the console.</doc>
<status status="PASS" start="2024-01-17T16:03:37.055463" elapsed="0.000499"/>
</kw>
<var name="${elt}">user2</var>
<status status="PASS" start="2024-01-17T16:03:37.055138" elapsed="0.000896"/>
</iter>
<var>${elt}</var>
<value>@{users}</value>
<status status="PASS" start="2024-01-17T16:03:37.054524" elapsed="0.001585"/>
</for>
<kw name="Take Screenshot" owner="Screenshot">
<msg time="2024-01-17T16:03:37.221447" level="INFO" html="true">&lt;a href="../../screenshots/toto_3.jpg"&gt;&lt;img src="../../screenshots/toto_3.jpg" width="800px"&gt;&lt;/a&gt;</msg>
<arg>toto</arg>
<doc>Takes a screenshot in JPEG format and embeds it into the log file.</doc>
<status status="PASS" start="2024-01-17T16:03:37.056288" elapsed="0.165383"/>
</kw>
<status status="PASS" start="2024-01-17T16:03:34.048144" elapsed="3.173752"/>
</test>
<status status="FAIL" start="2024-01-17T16:01:45.080282" elapsed="112.141884"/>
</suite>
<status status="FAIL" start="2024-01-17T16:01:45.079497" elapsed="112.143037"/>
</suite>
<status status="FAIL" start="2024-01-17T16:01:45.065442" elapsed="112.157326"/>
</suite>
<statistics>
<total>
<stat pass="3" fail="2" skip="0">All Tests</stat>
</total>
<tag>
</tag>
<suite>
<stat pass="3" fail="2" skip="0" id="s1" name="TPSEPT2023">TPSEPT2023</stat>
<stat pass="3" fail="2" skip="0" id="s1-s1" name="Basic">TPSEPT2023.Basic</stat>
<stat pass="3" fail="2" skip="0" id="s1-s1-s1" name="UtilisationDialogs">TPSEPT2023.Basic.UtilisationDialogs</stat>
</suite>
</statistics>
<errors>
</errors>
</robot>
