<?xml version="1.0" encoding="UTF-8"?>
<robot generator="Robot 7.0 (Python 3.11.6 on darwin)" generated="2024-01-17T16:01:45.467869" rpa="false" schemaversion="5">
<suite id="s1" name="TPSEPT2023" source="/Users/dominiquemereaux/code/TPSEPT2023">
<suite id="s1-s1" name="Rest 2" source="/Users/dominiquemereaux/code/TPSEPT2023/rest 2">
<suite id="s1-s1-s1" name="chuckNorris" source="/Users/dominiquemereaux/code/TPSEPT2023/rest 2/chuckNorris.robot">
<test id="s1-s1-s1-t1" name="Afficher une blage" line="10">
<kw name="Ouvrir session" owner="chuckMotCle" type="SETUP">
<kw name="Create Session" owner="RequestsLibrary">
<msg time="2024-01-17T16:01:45.579570" level="INFO">Creating Session using : alias=chuck, url=https://api.chucknorris.io, headers={},                     cookies={}, auth=None, timeout=None, proxies=None, verify=False,                     debug=0 </msg>
<arg>chuck</arg>
<arg>${CHUCKENDPOINT}</arg>
<arg>disable_warnings=${True}</arg>
<doc>Create Session: create a HTTP session to a server</doc>
<status status="PASS" start="2024-01-17T16:01:45.579431" elapsed="0.000257"/>
</kw>
<status status="PASS" start="2024-01-17T16:01:45.579092" elapsed="0.000648"/>
</kw>
<kw name="Create Session" owner="RequestsLibrary">
<msg time="2024-01-17T16:01:45.579926" level="INFO">Creating Session using : alias=toto, url=https://api.chucknorris.io, headers={},                     cookies={}, auth=None, timeout=None, proxies=None, verify=False,                     debug=0 </msg>
<arg>toto</arg>
<arg>${CHUCKENDPOINT}</arg>
<arg>disable_warnings=True</arg>
<doc>Create Session: create a HTTP session to a server</doc>
<status status="PASS" start="2024-01-17T16:01:45.579799" elapsed="0.000194"/>
</kw>
<kw name="GET On Session" owner="RequestsLibrary">
<msg time="2024-01-17T16:01:46.100419" level="INFO">GET Request : url=https://api.chucknorris.io/jokes/random 
 path_url=/jokes/random 
 headers={'User-Agent': 'python-requests/2.31.0', 'Accept-Encoding': 'gzip, deflate', 'Accept': '*/*', 'Connection': 'keep-alive'} 
 body=None 
 </msg>
<msg time="2024-01-17T16:01:46.100495" level="INFO">GET Response : url=https://api.chucknorris.io/jokes/random 
 status=200, reason=OK 
 headers={'Date': 'Wed, 17 Jan 2024 15:01:46 GMT', 'Content-Type': 'application/json;charset=UTF-8', 'Transfer-Encoding': 'chunked', 'Connection': 'keep-alive', 'Report-To': '{"group":"heroku-nel","max_age":3600,"endpoints":[{"url":"https://nel.heroku.com/reports?ts=1705503706&amp;sid=812dcc77-0bd0-43b1-a5f1-b25750382959&amp;s=dhoHc9vQMvVWP4VYarC9as%2FFQFcf0I5xXKTng9mDH4c%3D"}]}', 'Reporting-Endpoints': 'heroku-nel=https://nel.heroku.com/reports?ts=1705503706&amp;sid=812dcc77-0bd0-43b1-a5f1-b25750382959&amp;s=dhoHc9vQMvVWP4VYarC9as%2FFQFcf0I5xXKTng9mDH4c%3D', 'Nel': '{"report_to":"heroku-nel","max_age":3600,"success_fraction":0.005,"failure_fraction":0.05,"response_headers":["Via"]}', 'Via': '1.1 vegur', 'CF-Cache-Status': 'DYNAMIC', 'Server': 'cloudflare', 'CF-RAY': '846f79b31e4b0477-CDG', 'Content-Encoding': 'gzip', 'alt-svc': 'h3=":443"; ma=86400'} 
 body={"categories":[],"created_at":"2020-01-05 13:42:27.496799","icon_url":"https://assets.chucknorris.host/img/avatar/chuck-norris.png","id":"BNrKC6_mT0mzdBJNKN-kPw","updated_at":"2020-01-05 13:42:27.496799","url":"https://api.chucknorris.io/jokes/BNrKC6_mT0mzdBJNKN-kPw","value":"Only Chuck Norris can prevent a forest fire."} 
 </msg>
<msg time="2024-01-17T16:01:46.100580" level="INFO">${resp} = &lt;Response [200]&gt;</msg>
<var>${resp}</var>
<arg>toto</arg>
<arg>${BLAGUEAUHASRD}</arg>
<arg>expected_status=200</arg>
<doc>Sends a GET request on a previously created HTTP Session.</doc>
<status status="PASS" start="2024-01-17T16:01:45.580052" elapsed="0.520542"/>
</kw>
<kw name="Log To Console" owner="BuiltIn">
<arg>${resp.json()}[value]</arg>
<doc>Logs the given message to the console.</doc>
<status status="PASS" start="2024-01-17T16:01:46.100724" elapsed="0.000361"/>
</kw>
<kw name="Get From Dictionary" owner="Collections">
<msg time="2024-01-17T16:01:46.101395" level="INFO">${blage} = Only Chuck Norris can prevent a forest fire.</msg>
<var>${blage}</var>
<arg>${resp.json()}</arg>
<arg>value</arg>
<doc>Returns a value from the given ``dictionary`` based on the given ``key``.</doc>
<status status="PASS" start="2024-01-17T16:01:46.101154" elapsed="0.000254"/>
</kw>
<kw name="Should Be Equal" owner="BuiltIn">
<arg>${blage}</arg>
<arg>${resp.json()}[value]</arg>
<doc>Fails if the given objects are unequal.</doc>
<status status="PASS" start="2024-01-17T16:01:46.101465" elapsed="0.000239"/>
</kw>
<kw name="Get Value From Json" owner="JSONLibrary">
<msg time="2024-01-17T16:01:46.111035" level="INFO">@{blage} = [ Only Chuck Norris can prevent a forest fire. ]</msg>
<var>@{blage}</var>
<arg>${resp.json()}</arg>
<arg>value</arg>
<doc>Get Value From JSON using JSONPath</doc>
<status status="PASS" start="2024-01-17T16:01:46.101766" elapsed="0.009290"/>
</kw>
<kw name="Should Be Equal" owner="BuiltIn">
<arg>${blage}[0]</arg>
<arg>${resp.json()}[value]</arg>
<doc>Fails if the given objects are unequal.</doc>
<status status="PASS" start="2024-01-17T16:01:46.111143" elapsed="0.000288"/>
</kw>
<kw name="GET On Session" owner="RequestsLibrary">
<msg time="2024-01-17T16:01:46.239665" level="INFO">GET Request : url=https://api.chucknorris.io/jokes/random?category=animal 
 path_url=/jokes/random?category=animal 
 headers={'User-Agent': 'python-requests/2.31.0', 'Accept-Encoding': 'gzip, deflate', 'Accept': '*/*', 'Connection': 'keep-alive'} 
 body=None 
 </msg>
<msg time="2024-01-17T16:01:46.239728" level="INFO">GET Response : url=https://api.chucknorris.io/jokes/random?category=animal 
 status=200, reason=OK 
 headers={'Date': 'Wed, 17 Jan 2024 15:01:46 GMT', 'Content-Type': 'application/json;charset=UTF-8', 'Transfer-Encoding': 'chunked', 'Connection': 'keep-alive', 'Report-To': '{"group":"heroku-nel","max_age":3600,"endpoints":[{"url":"https://nel.heroku.com/reports?ts=1705503706&amp;sid=812dcc77-0bd0-43b1-a5f1-b25750382959&amp;s=dhoHc9vQMvVWP4VYarC9as%2FFQFcf0I5xXKTng9mDH4c%3D"}]}', 'Reporting-Endpoints': 'heroku-nel=https://nel.heroku.com/reports?ts=1705503706&amp;sid=812dcc77-0bd0-43b1-a5f1-b25750382959&amp;s=dhoHc9vQMvVWP4VYarC9as%2FFQFcf0I5xXKTng9mDH4c%3D', 'Nel': '{"report_to":"heroku-nel","max_age":3600,"success_fraction":0.005,"failure_fraction":0.05,"response_headers":["Via"]}', 'Via': '1.1 vegur', 'CF-Cache-Status': 'DYNAMIC', 'Server': 'cloudflare', 'CF-RAY': '846f79b468480477-CDG', 'Content-Encoding': 'gzip', 'alt-svc': 'h3=":443"; ma=86400'} 
 body={"categories":["animal"],"created_at":"2020-01-05 13:42:19.104863","icon_url":"https://assets.chucknorris.host/img/avatar/chuck-norris.png","id":"30lywvzfsowzxkiiy2voyw","updated_at":"2020-01-05 13:42:19.104863","url":"https://api.chucknorris.io/jokes/30lywvzfsowzxkiiy2voyw","value":"Chuck Norris does not own a house. He walks into random houses and people move."} 
 </msg>
<msg time="2024-01-17T16:01:46.239817" level="INFO">${resp} = &lt;Response [200]&gt;</msg>
<var>${resp}</var>
<arg>toto</arg>
<arg>${BLAGUEAUHASRD}</arg>
<arg>params=category=animal</arg>
<arg>expected_status=200</arg>
<doc>Sends a GET request on a previously created HTTP Session.</doc>
<status status="PASS" start="2024-01-17T16:01:46.111486" elapsed="0.128345"/>
</kw>
<kw name="Log To Console" owner="BuiltIn">
<arg>${resp.json()}[value]</arg>
<doc>Logs the given message to the console.</doc>
<status status="PASS" start="2024-01-17T16:01:46.239945" elapsed="0.000344"/>
</kw>
<kw name="fermer session" owner="chuckMotCle" type="TEARDOWN">
<kw name="Delete All Sessions" owner="RequestsLibrary">
<msg time="2024-01-17T16:01:46.240592" level="INFO">Deleting All Sessions</msg>
<doc>Removes all the session objects</doc>
<status status="PASS" start="2024-01-17T16:01:46.240544" elapsed="0.000088"/>
</kw>
<status status="PASS" start="2024-01-17T16:01:46.240416" elapsed="0.000247"/>
</kw>
<status status="PASS" start="2024-01-17T16:01:45.578850" elapsed="0.661834"/>
</test>
<test id="s1-s1-s1-t2" name="blague test" line="23">
<kw name="Ouvrir session" owner="chuckMotCle" type="SETUP">
<kw name="Create Session" owner="RequestsLibrary">
<msg time="2024-01-17T16:01:46.241165" level="INFO">Creating Session using : alias=chuck, url=https://api.chucknorris.io, headers={},                     cookies={}, auth=None, timeout=None, proxies=None, verify=False,                     debug=0 </msg>
<arg>chuck</arg>
<arg>${CHUCKENDPOINT}</arg>
<arg>disable_warnings=${True}</arg>
<doc>Create Session: create a HTTP session to a server</doc>
<status status="PASS" start="2024-01-17T16:01:46.241052" elapsed="0.000287"/>
</kw>
<status status="PASS" start="2024-01-17T16:01:46.240951" elapsed="0.000420"/>
</kw>
<kw name="recuperer une blague" owner="chuckMotCle">
<kw name="GET On Session" owner="RequestsLibrary">
<msg time="2024-01-17T16:01:46.587333" level="INFO">GET Request : url=https://api.chucknorris.io/jokes/random 
 path_url=/jokes/random 
 headers={'User-Agent': 'python-requests/2.31.0', 'Accept-Encoding': 'gzip, deflate', 'Accept': '*/*', 'Connection': 'keep-alive'} 
 body=None 
 </msg>
<msg time="2024-01-17T16:01:46.587389" level="INFO">GET Response : url=https://api.chucknorris.io/jokes/random 
 status=200, reason=OK 
 headers={'Date': 'Wed, 17 Jan 2024 15:01:46 GMT', 'Content-Type': 'application/json;charset=UTF-8', 'Transfer-Encoding': 'chunked', 'Connection': 'keep-alive', 'Report-To': '{"group":"heroku-nel","max_age":3600,"endpoints":[{"url":"https://nel.heroku.com/reports?ts=1705503706&amp;sid=812dcc77-0bd0-43b1-a5f1-b25750382959&amp;s=dhoHc9vQMvVWP4VYarC9as%2FFQFcf0I5xXKTng9mDH4c%3D"}]}', 'Reporting-Endpoints': 'heroku-nel=https://nel.heroku.com/reports?ts=1705503706&amp;sid=812dcc77-0bd0-43b1-a5f1-b25750382959&amp;s=dhoHc9vQMvVWP4VYarC9as%2FFQFcf0I5xXKTng9mDH4c%3D', 'Nel': '{"report_to":"heroku-nel","max_age":3600,"success_fraction":0.005,"failure_fraction":0.05,"response_headers":["Via"]}', 'Via': '1.1 vegur', 'CF-Cache-Status': 'DYNAMIC', 'Server': 'cloudflare', 'CF-RAY': '846f79b638746f4e-CDG', 'Content-Encoding': 'gzip', 'alt-svc': 'h3=":443"; ma=86400'} 
 body={"categories":[],"created_at":"2020-01-05 13:42:24.40636","icon_url":"https://assets.chucknorris.host/img/avatar/chuck-norris.png","id":"Ky2m6klgS0WcWt1cWo6M2A","updated_at":"2020-01-05 13:42:24.40636","url":"https://api.chucknorris.io/jokes/Ky2m6klgS0WcWt1cWo6M2A","value":"Chuck Norris was banned from competing in the National Karate Championship. Everyone he competed with the year before ended up in the Special Olympics."} 
 </msg>
<msg time="2024-01-17T16:01:46.587459" level="INFO">${resp} = &lt;Response [200]&gt;</msg>
<var>${resp}</var>
<arg>chuck</arg>
<arg>${BLAGUEAUHASRD}</arg>
<arg>expected_status=200</arg>
<doc>Sends a GET request on a previously created HTTP Session.</doc>
<status status="PASS" start="2024-01-17T16:01:46.241544" elapsed="0.345927"/>
</kw>
<kw name="Get Value From Json" owner="JSONLibrary">
<msg time="2024-01-17T16:01:46.602351" level="INFO">${resp2} = ['Chuck Norris was banned from competing in the National Karate Championship. Everyone he competed with the year before ended up in the Special Olympics.']</msg>
<var>${resp2}</var>
<arg>${resp.json()}</arg>
<arg>$.value</arg>
<doc>Get Value From JSON using JSONPath</doc>
<status status="PASS" start="2024-01-17T16:01:46.587570" elapsed="0.014804"/>
</kw>
<kw name="Should Be Equal" owner="BuiltIn">
<arg>${resp.json()}[value]</arg>
<arg>${resp2}[0]</arg>
<doc>Fails if the given objects are unequal.</doc>
<status status="PASS" start="2024-01-17T16:01:46.602461" elapsed="0.000314"/>
</kw>
<kw name="Get From Dictionary" owner="Collections">
<msg time="2024-01-17T16:01:46.603044" level="INFO">${resp3} = Chuck Norris was banned from competing in the National Karate Championship. Everyone he competed with the year before ended up in the Special Olympics.</msg>
<var>${resp3}</var>
<arg>${resp.json()}</arg>
<arg>value</arg>
<doc>Returns a value from the given ``dictionary`` based on the given ``key``.</doc>
<status status="PASS" start="2024-01-17T16:01:46.602831" elapsed="0.000226"/>
</kw>
<kw name="Should Be Equal" owner="BuiltIn">
<arg>${resp.json()}[value]</arg>
<arg>${resp3}</arg>
<doc>Fails if the given objects are unequal.</doc>
<status status="PASS" start="2024-01-17T16:01:46.603105" elapsed="0.000214"/>
</kw>
<kw name="Load Json From File" owner="JSONLibrary">
<msg time="2024-01-17T16:01:46.603772" level="INFO">${result} = {'categories': [], 'created_at': '2020-01-05 13:42:22.980058', 'icon_url': 'https://assets.chucknorris.host/img/avatar/chuck-norris.png', 'id': '1lUAyn4cRkez3tr0Oy2hww', 'updated_at': '2020-01-05 13:4...</msg>
<var>${result}</var>
<arg>toto.json</arg>
<doc>Load JSON from file.</doc>
<status status="PASS" start="2024-01-17T16:01:46.603364" elapsed="0.000420"/>
</kw>
<return>
<value>${resp.json()}[value]</value>
<status status="PASS" start="2024-01-17T16:01:46.603810" elapsed="0.000032"/>
</return>
<msg time="2024-01-17T16:01:46.604052" level="INFO">${blague} = Chuck Norris was banned from competing in the National Karate Championship. Everyone he competed with the year before ended up in the Special Olympics.</msg>
<var>${blague}</var>
<status status="PASS" start="2024-01-17T16:01:46.241453" elapsed="0.362611"/>
</kw>
<kw name="Log To Console" owner="BuiltIn">
<arg>${blague}</arg>
<doc>Logs the given message to the console.</doc>
<status status="PASS" start="2024-01-17T16:01:46.604110" elapsed="0.000096"/>
</kw>
<kw name="vérifier chuck dans blague" owner="chuckMotCle">
<kw name="Should Contain" owner="BuiltIn">
<arg>${blague}</arg>
<arg>Chuck</arg>
<doc>Fails if ``container`` does not contain ``item`` one or more times.</doc>
<status status="PASS" start="2024-01-17T16:01:46.604399" elapsed="0.000054"/>
</kw>
<arg>${blague}</arg>
<status status="PASS" start="2024-01-17T16:01:46.604280" elapsed="0.000199"/>
</kw>
<kw name="fermer session" owner="chuckMotCle" type="TEARDOWN">
<kw name="Delete All Sessions" owner="RequestsLibrary">
<msg time="2024-01-17T16:01:46.604680" level="INFO">Deleting All Sessions</msg>
<doc>Removes all the session objects</doc>
<status status="PASS" start="2024-01-17T16:01:46.604649" elapsed="0.000061"/>
</kw>
<status status="PASS" start="2024-01-17T16:01:46.604562" elapsed="0.000172"/>
</kw>
<status status="PASS" start="2024-01-17T16:01:46.240808" elapsed="0.363943"/>
</test>
<test id="s1-s1-s1-t3" name="blague dans fichier" line="28">
<kw name="Ouvrir session" owner="chuckMotCle" type="SETUP">
<kw name="Create Session" owner="RequestsLibrary">
<msg time="2024-01-17T16:01:46.605174" level="INFO">Creating Session using : alias=chuck, url=https://api.chucknorris.io, headers={},                     cookies={}, auth=None, timeout=None, proxies=None, verify=False,                     debug=0 </msg>
<arg>chuck</arg>
<arg>${CHUCKENDPOINT}</arg>
<arg>disable_warnings=${True}</arg>
<doc>Create Session: create a HTTP session to a server</doc>
<status status="PASS" start="2024-01-17T16:01:46.605077" elapsed="0.000175"/>
</kw>
<status status="PASS" start="2024-01-17T16:01:46.604991" elapsed="0.000289"/>
</kw>
<kw name="dump resp" owner="chuckMotCle">
<kw name="GET On Session" owner="RequestsLibrary">
<msg time="2024-01-17T16:01:46.957801" level="INFO">GET Request : url=https://api.chucknorris.io/jokes/random 
 path_url=/jokes/random 
 headers={'User-Agent': 'python-requests/2.31.0', 'Accept-Encoding': 'gzip, deflate', 'Accept': '*/*', 'Connection': 'keep-alive'} 
 body=None 
 </msg>
<msg time="2024-01-17T16:01:46.958158" level="INFO">GET Response : url=https://api.chucknorris.io/jokes/random 
 status=200, reason=OK 
 headers={'Date': 'Wed, 17 Jan 2024 15:01:47 GMT', 'Content-Type': 'application/json;charset=UTF-8', 'Transfer-Encoding': 'chunked', 'Connection': 'keep-alive', 'Report-To': '{"group":"heroku-nel","max_age":3600,"endpoints":[{"url":"https://nel.heroku.com/reports?ts=1705503707&amp;sid=812dcc77-0bd0-43b1-a5f1-b25750382959&amp;s=4uOd8rpU8WukGi1O8Wqu%2B1FmoMfbwVU%2BKgyXhLUSMxM%3D"}]}', 'Reporting-Endpoints': 'heroku-nel=https://nel.heroku.com/reports?ts=1705503707&amp;sid=812dcc77-0bd0-43b1-a5f1-b25750382959&amp;s=4uOd8rpU8WukGi1O8Wqu%2B1FmoMfbwVU%2BKgyXhLUSMxM%3D', 'Nel': '{"report_to":"heroku-nel","max_age":3600,"success_fraction":0.005,"failure_fraction":0.05,"response_headers":["Via"]}', 'Via': '1.1 vegur', 'CF-Cache-Status': 'DYNAMIC', 'Server': 'cloudflare', 'CF-RAY': '846f79b86a070189-CDG', 'Content-Encoding': 'gzip', 'alt-svc': 'h3=":443"; ma=86400'} 
 body={"categories":[],"created_at":"2020-01-05 13:42:24.696555","icon_url":"https://assets.chucknorris.host/img/avatar/chuck-norris.png","id":"zjZA0fkJR8SnZ8-6ds_KOg","updated_at":"2020-01-05 13:42:24.696555","url":"https://api.chucknorris.io/jokes/zjZA0fkJR8SnZ8-6ds_KOg","value":"Chuck Norris' first word was 'apocalypse'."} 
 </msg>
<msg time="2024-01-17T16:01:46.961660" level="INFO">${resp} = &lt;Response [200]&gt;</msg>
<var>${resp}</var>
<arg>chuck</arg>
<arg>${BLAGUEAUHASRD}</arg>
<arg>expected_status=200</arg>
<doc>Sends a GET request on a previously created HTTP Session.</doc>
<status status="PASS" start="2024-01-17T16:01:46.605427" elapsed="0.356272"/>
</kw>
<kw name="Dump Json To File" owner="JSONLibrary">
<arg>toto.json</arg>
<arg>${resp.json()}</arg>
<doc>Dump JSON to file</doc>
<status status="PASS" start="2024-01-17T16:01:46.962041" elapsed="0.016367"/>
</kw>
<status status="PASS" start="2024-01-17T16:01:46.605336" elapsed="0.373180"/>
</kw>
<kw name="fermer session" owner="chuckMotCle" type="TEARDOWN">
<kw name="Delete All Sessions" owner="RequestsLibrary">
<msg time="2024-01-17T16:01:46.978989" level="INFO">Deleting All Sessions</msg>
<doc>Removes all the session objects</doc>
<status status="PASS" start="2024-01-17T16:01:46.978928" elapsed="0.000107"/>
</kw>
<status status="PASS" start="2024-01-17T16:01:46.978723" elapsed="0.000343"/>
</kw>
<status status="PASS" start="2024-01-17T16:01:46.604863" elapsed="0.374226"/>
</test>
<test id="s1-s1-s1-t4" name="blague animal" line="31">
<kw name="Ouvrir session" owner="chuckMotCle" type="SETUP">
<kw name="Create Session" owner="RequestsLibrary">
<msg time="2024-01-17T16:01:46.983602" level="INFO">Creating Session using : alias=chuck, url=https://api.chucknorris.io, headers={},                     cookies={}, auth=None, timeout=None, proxies=None, verify=False,                     debug=0 </msg>
<arg>chuck</arg>
<arg>${CHUCKENDPOINT}</arg>
<arg>disable_warnings=${True}</arg>
<doc>Create Session: create a HTTP session to a server</doc>
<status status="PASS" start="2024-01-17T16:01:46.983423" elapsed="0.000299"/>
</kw>
<status status="PASS" start="2024-01-17T16:01:46.983253" elapsed="0.000511"/>
</kw>
<kw name="recuperer une blague de categorie:" owner="chuckMotCle">
<kw name="GET On Session" owner="RequestsLibrary">
<msg time="2024-01-17T16:01:47.316156" level="INFO">GET Request : url=https://api.chucknorris.io/jokes/random?category=animal 
 path_url=/jokes/random?category=animal 
 headers={'User-Agent': 'python-requests/2.31.0', 'Accept-Encoding': 'gzip, deflate', 'Accept': '*/*', 'Connection': 'keep-alive'} 
 body=None 
 </msg>
<msg time="2024-01-17T16:01:47.316223" level="INFO">GET Response : url=https://api.chucknorris.io/jokes/random?category=animal 
 status=200, reason=OK 
 headers={'Date': 'Wed, 17 Jan 2024 15:01:47 GMT', 'Content-Type': 'application/json;charset=UTF-8', 'Transfer-Encoding': 'chunked', 'Connection': 'keep-alive', 'Report-To': '{"group":"heroku-nel","max_age":3600,"endpoints":[{"url":"https://nel.heroku.com/reports?ts=1705503707&amp;sid=812dcc77-0bd0-43b1-a5f1-b25750382959&amp;s=4uOd8rpU8WukGi1O8Wqu%2B1FmoMfbwVU%2BKgyXhLUSMxM%3D"}]}', 'Reporting-Endpoints': 'heroku-nel=https://nel.heroku.com/reports?ts=1705503707&amp;sid=812dcc77-0bd0-43b1-a5f1-b25750382959&amp;s=4uOd8rpU8WukGi1O8Wqu%2B1FmoMfbwVU%2BKgyXhLUSMxM%3D', 'Nel': '{"report_to":"heroku-nel","max_age":3600,"success_fraction":0.005,"failure_fraction":0.05,"response_headers":["Via"]}', 'Via': '1.1 vegur', 'CF-Cache-Status': 'DYNAMIC', 'Server': 'cloudflare', 'CF-RAY': '846f79ba9be9027c-CDG', 'Content-Encoding': 'gzip', 'alt-svc': 'h3=":443"; ma=86400'} 
 body={"categories":["animal"],"created_at":"2020-01-05 13:42:19.104863","icon_url":"https://assets.chucknorris.host/img/avatar/chuck-norris.png","id":"o0sukejatqchi7oyjms6mw","updated_at":"2020-01-05 13:42:19.104863","url":"https://api.chucknorris.io/jokes/o0sukejatqchi7oyjms6mw","value":"Chuck Norris can set ants on fire with a magnifying glass. At night."} 
 </msg>
<msg time="2024-01-17T16:01:47.317104" level="INFO">${resp} = &lt;Response [200]&gt;</msg>
<var>${resp}</var>
<arg>chuck</arg>
<arg>${BLAGUEAUHASRD}</arg>
<arg>params=category=${categorie}</arg>
<arg>expected_status=200</arg>
<doc>Sends a GET request on a previously created HTTP Session.</doc>
<status status="PASS" start="2024-01-17T16:01:46.983962" elapsed="0.333157"/>
</kw>
<return>
<value>${resp.json()}[value]</value>
<status status="PASS" start="2024-01-17T16:01:47.317177" elapsed="0.000078"/>
</return>
<msg time="2024-01-17T16:01:47.317545" level="INFO">${blague} = Chuck Norris can set ants on fire with a magnifying glass. At night.</msg>
<var>${blague}</var>
<arg>animal</arg>
<status status="PASS" start="2024-01-17T16:01:46.983843" elapsed="0.333714"/>
</kw>
<kw name="Log To Console" owner="BuiltIn">
<arg>${blague}</arg>
<doc>Logs the given message to the console.</doc>
<status status="PASS" start="2024-01-17T16:01:47.317645" elapsed="0.000123"/>
</kw>
<kw name="vérifier chuck dans blague" owner="chuckMotCle">
<kw name="Should Contain" owner="BuiltIn">
<arg>${blague}</arg>
<arg>Chuck</arg>
<doc>Fails if ``container`` does not contain ``item`` one or more times.</doc>
<status status="PASS" start="2024-01-17T16:01:47.317967" elapsed="0.000071"/>
</kw>
<arg>${blague}</arg>
<status status="PASS" start="2024-01-17T16:01:47.317841" elapsed="0.000222"/>
</kw>
<kw name="fermer session" owner="chuckMotCle" type="TEARDOWN">
<kw name="Delete All Sessions" owner="RequestsLibrary">
<msg time="2024-01-17T16:01:47.318286" level="INFO">Deleting All Sessions</msg>
<doc>Removes all the session objects</doc>
<status status="PASS" start="2024-01-17T16:01:47.318243" elapsed="0.000070"/>
</kw>
<status status="PASS" start="2024-01-17T16:01:47.318144" elapsed="0.000194"/>
</kw>
<status status="PASS" start="2024-01-17T16:01:46.982755" elapsed="0.335601"/>
</test>
<test id="s1-s1-s1-t5" name="afficher et contrôler une blague de chaque catégorie" line="36">
<kw name="Ouvrir session" owner="chuckMotCle" type="SETUP">
<kw name="Create Session" owner="RequestsLibrary">
<msg time="2024-01-17T16:01:47.318849" level="INFO">Creating Session using : alias=chuck, url=https://api.chucknorris.io, headers={},                     cookies={}, auth=None, timeout=None, proxies=None, verify=False,                     debug=0 </msg>
<arg>chuck</arg>
<arg>${CHUCKENDPOINT}</arg>
<arg>disable_warnings=${True}</arg>
<doc>Create Session: create a HTTP session to a server</doc>
<status status="PASS" start="2024-01-17T16:01:47.318750" elapsed="0.000187"/>
</kw>
<status status="PASS" start="2024-01-17T16:01:47.318649" elapsed="0.000315"/>
</kw>
<kw name="recupérer les categories" owner="chuckMotCle">
<kw name="GET On Session" owner="RequestsLibrary">
<msg time="2024-01-17T16:01:47.541944" level="INFO">GET Request : url=https://api.chucknorris.io/jokes/categories 
 path_url=/jokes/categories 
 headers={'User-Agent': 'python-requests/2.31.0', 'Accept-Encoding': 'gzip, deflate', 'Accept': '*/*', 'Connection': 'keep-alive'} 
 body=None 
 </msg>
<msg time="2024-01-17T16:01:47.541998" level="INFO">GET Response : url=https://api.chucknorris.io/jokes/categories 
 status=200, reason=OK 
 headers={'Date': 'Wed, 17 Jan 2024 15:01:47 GMT', 'Content-Type': 'application/json;charset=UTF-8', 'Transfer-Encoding': 'chunked', 'Connection': 'keep-alive', 'Report-To': '{"group":"heroku-nel","max_age":3600,"endpoints":[{"url":"https://nel.heroku.com/reports?ts=1705503707&amp;sid=812dcc77-0bd0-43b1-a5f1-b25750382959&amp;s=4uOd8rpU8WukGi1O8Wqu%2B1FmoMfbwVU%2BKgyXhLUSMxM%3D"}]}', 'Reporting-Endpoints': 'heroku-nel=https://nel.heroku.com/reports?ts=1705503707&amp;sid=812dcc77-0bd0-43b1-a5f1-b25750382959&amp;s=4uOd8rpU8WukGi1O8Wqu%2B1FmoMfbwVU%2BKgyXhLUSMxM%3D', 'Nel': '{"report_to":"heroku-nel","max_age":3600,"success_fraction":0.005,"failure_fraction":0.05,"response_headers":["Via"]}', 'Via': '1.1 vegur', 'CF-Cache-Status': 'DYNAMIC', 'Server': 'cloudflare', 'CF-RAY': '846f79bcbcf67036-CDG', 'Content-Encoding': 'gzip', 'alt-svc': 'h3=":443"; ma=86400'} 
 body=["animal","career","celebrity","dev","explicit","fashion","food","history","money","movie","music","political","religion","science","sport","travel"] 
 </msg>
<msg time="2024-01-17T16:01:47.542102" level="INFO">${resp} = &lt;Response [200]&gt;</msg>
<var>${resp}</var>
<arg>chuck</arg>
<arg>${CATEGORIES}</arg>
<arg>expected_status=200</arg>
<doc>Sends a GET request on a previously created HTTP Session.</doc>
<status status="PASS" start="2024-01-17T16:01:47.319111" elapsed="0.223004"/>
</kw>
<return>
<value>${resp.json()}</value>
<status status="PASS" start="2024-01-17T16:01:47.542169" elapsed="0.000050"/>
</return>
<msg time="2024-01-17T16:01:47.542487" level="INFO">@{liste} = [ animal | career | celebrity | dev | explicit | fashion | food | history | money | movie | music | political | religion | science | sport | travel ]</msg>
<var>@{liste}</var>
<status status="PASS" start="2024-01-17T16:01:47.319025" elapsed="0.223475"/>
</kw>
<for flavor="IN">
<iter>
<kw name="recuperer une blague de categorie:" owner="chuckMotCle">
<kw name="GET On Session" owner="RequestsLibrary">
<msg time="2024-01-17T16:01:47.675443" level="INFO">GET Request : url=https://api.chucknorris.io/jokes/random?category=animal 
 path_url=/jokes/random?category=animal 
 headers={'User-Agent': 'python-requests/2.31.0', 'Accept-Encoding': 'gzip, deflate', 'Accept': '*/*', 'Connection': 'keep-alive'} 
 body=None 
 </msg>
<msg time="2024-01-17T16:01:47.675504" level="INFO">GET Response : url=https://api.chucknorris.io/jokes/random?category=animal 
 status=200, reason=OK 
 headers={'Date': 'Wed, 17 Jan 2024 15:01:47 GMT', 'Content-Type': 'application/json;charset=UTF-8', 'Transfer-Encoding': 'chunked', 'Connection': 'keep-alive', 'Report-To': '{"group":"heroku-nel","max_age":3600,"endpoints":[{"url":"https://nel.heroku.com/reports?ts=1705503707&amp;sid=812dcc77-0bd0-43b1-a5f1-b25750382959&amp;s=4uOd8rpU8WukGi1O8Wqu%2B1FmoMfbwVU%2BKgyXhLUSMxM%3D"}]}', 'Reporting-Endpoints': 'heroku-nel=https://nel.heroku.com/reports?ts=1705503707&amp;sid=812dcc77-0bd0-43b1-a5f1-b25750382959&amp;s=4uOd8rpU8WukGi1O8Wqu%2B1FmoMfbwVU%2BKgyXhLUSMxM%3D', 'Nel': '{"report_to":"heroku-nel","max_age":3600,"success_fraction":0.005,"failure_fraction":0.05,"response_headers":["Via"]}', 'Via': '1.1 vegur', 'CF-Cache-Status': 'DYNAMIC', 'Server': 'cloudflare', 'CF-RAY': '846f79bd8e5c7036-CDG', 'Content-Encoding': 'gzip', 'alt-svc': 'h3=":443"; ma=86400'} 
 body={"categories":["animal"],"created_at":"2020-01-05 13:42:19.576875","icon_url":"https://assets.chucknorris.host/img/avatar/chuck-norris.png","id":"9ovbd5b1t66_x92jwrq1yq","updated_at":"2020-01-05 13:42:19.576875","url":"https://api.chucknorris.io/jokes/9ovbd5b1t66_x92jwrq1yq","value":"Chuck Norris once rode a bull, and nine months later it had a calf."} 
 </msg>
<msg time="2024-01-17T16:01:47.675570" level="INFO">${resp} = &lt;Response [200]&gt;</msg>
<var>${resp}</var>
<arg>chuck</arg>
<arg>${BLAGUEAUHASRD}</arg>
<arg>params=category=${categorie}</arg>
<arg>expected_status=200</arg>
<doc>Sends a GET request on a previously created HTTP Session.</doc>
<status status="PASS" start="2024-01-17T16:01:47.542829" elapsed="0.132752"/>
</kw>
<return>
<value>${resp.json()}[value]</value>
<status status="PASS" start="2024-01-17T16:01:47.675632" elapsed="0.000052"/>
</return>
<msg time="2024-01-17T16:01:47.675939" level="INFO">${blague} = Chuck Norris once rode a bull, and nine months later it had a calf.</msg>
<var>${blague}</var>
<arg>${cat}</arg>
<status status="PASS" start="2024-01-17T16:01:47.542699" elapsed="0.133251"/>
</kw>
<kw name="Log To Console" owner="BuiltIn">
<arg>${blague}</arg>
<doc>Logs the given message to the console.</doc>
<status status="PASS" start="2024-01-17T16:01:47.676020" elapsed="0.000101"/>
</kw>
<kw name="vérifier chuck dans blague" owner="chuckMotCle">
<kw name="Should Contain" owner="BuiltIn">
<arg>${blague}</arg>
<arg>Chuck</arg>
<doc>Fails if ``container`` does not contain ``item`` one or more times.</doc>
<status status="PASS" start="2024-01-17T16:01:47.676303" elapsed="0.000054"/>
</kw>
<arg>${blague}</arg>
<status status="PASS" start="2024-01-17T16:01:47.676184" elapsed="0.000198"/>
</kw>
<var name="${cat}">animal</var>
<status status="PASS" start="2024-01-17T16:01:47.542619" elapsed="0.133777"/>
</iter>
<iter>
<kw name="recuperer une blague de categorie:" owner="chuckMotCle">
<kw name="GET On Session" owner="RequestsLibrary">
<msg time="2024-01-17T16:01:47.768451" level="INFO">GET Request : url=https://api.chucknorris.io/jokes/random?category=career 
 path_url=/jokes/random?category=career 
 headers={'User-Agent': 'python-requests/2.31.0', 'Accept-Encoding': 'gzip, deflate', 'Accept': '*/*', 'Connection': 'keep-alive'} 
 body=None 
 </msg>
<msg time="2024-01-17T16:01:47.768524" level="INFO">GET Response : url=https://api.chucknorris.io/jokes/random?category=career 
 status=200, reason=OK 
 headers={'Date': 'Wed, 17 Jan 2024 15:01:47 GMT', 'Content-Type': 'application/json;charset=UTF-8', 'Transfer-Encoding': 'chunked', 'Connection': 'keep-alive', 'Report-To': '{"group":"heroku-nel","max_age":3600,"endpoints":[{"url":"https://nel.heroku.com/reports?ts=1705503707&amp;sid=812dcc77-0bd0-43b1-a5f1-b25750382959&amp;s=4uOd8rpU8WukGi1O8Wqu%2B1FmoMfbwVU%2BKgyXhLUSMxM%3D"}]}', 'Reporting-Endpoints': 'heroku-nel=https://nel.heroku.com/reports?ts=1705503707&amp;sid=812dcc77-0bd0-43b1-a5f1-b25750382959&amp;s=4uOd8rpU8WukGi1O8Wqu%2B1FmoMfbwVU%2BKgyXhLUSMxM%3D', 'Nel': '{"report_to":"heroku-nel","max_age":3600,"success_fraction":0.005,"failure_fraction":0.05,"response_headers":["Via"]}', 'Via': '1.1 vegur', 'CF-Cache-Status': 'DYNAMIC', 'Server': 'cloudflare', 'CF-RAY': '846f79be1f527036-CDG', 'Content-Encoding': 'gzip', 'alt-svc': 'h3=":443"; ma=86400'} 
 body={"categories":["career"],"created_at":"2020-01-05 13:42:19.576875","icon_url":"https://assets.chucknorris.host/img/avatar/chuck-norris.png","id":"zk14uc6xr82d7ig9qhaymg","updated_at":"2020-01-05 13:42:19.576875","url":"https://api.chucknorris.io/jokes/zk14uc6xr82d7ig9qhaymg","value":"Chuck Norris is actually the front man for Apple. He let's Steve Jobs run the show when he's on a mission. Chuck Norris is always on a mission."} 
 </msg>
<msg time="2024-01-17T16:01:47.768632" level="INFO">${resp} = &lt;Response [200]&gt;</msg>
<var>${resp}</var>
<arg>chuck</arg>
<arg>${BLAGUEAUHASRD}</arg>
<arg>params=category=${categorie}</arg>
<arg>expected_status=200</arg>
<doc>Sends a GET request on a previously created HTTP Session.</doc>
<status status="PASS" start="2024-01-17T16:01:47.676612" elapsed="0.092039"/>
</kw>
<return>
<value>${resp.json()}[value]</value>
<status status="PASS" start="2024-01-17T16:01:47.768718" elapsed="0.000063"/>
</return>
<msg time="2024-01-17T16:01:47.769187" level="INFO">${blague} = Chuck Norris is actually the front man for Apple. He let's Steve Jobs run the show when he's on a mission. Chuck Norris is always on a mission.</msg>
<var>${blague}</var>
<arg>${cat}</arg>
<status status="PASS" start="2024-01-17T16:01:47.676499" elapsed="0.092709"/>
</kw>
<kw name="Log To Console" owner="BuiltIn">
<arg>${blague}</arg>
<doc>Logs the given message to the console.</doc>
<status status="PASS" start="2024-01-17T16:01:47.769311" elapsed="0.000146"/>
</kw>
<kw name="vérifier chuck dans blague" owner="chuckMotCle">
<kw name="Should Contain" owner="BuiltIn">
<arg>${blague}</arg>
<arg>Chuck</arg>
<doc>Fails if ``container`` does not contain ``item`` one or more times.</doc>
<status status="PASS" start="2024-01-17T16:01:47.769780" elapsed="0.000096"/>
</kw>
<arg>${blague}</arg>
<status status="PASS" start="2024-01-17T16:01:47.769596" elapsed="0.000324"/>
</kw>
<var name="${cat}">career</var>
<status status="PASS" start="2024-01-17T16:01:47.676447" elapsed="0.093498"/>
</iter>
<iter>
<kw name="recuperer une blague de categorie:" owner="chuckMotCle">
<kw name="GET On Session" owner="RequestsLibrary">
<msg time="2024-01-17T16:01:47.869510" level="INFO">GET Request : url=https://api.chucknorris.io/jokes/random?category=celebrity 
 path_url=/jokes/random?category=celebrity 
 headers={'User-Agent': 'python-requests/2.31.0', 'Accept-Encoding': 'gzip, deflate', 'Accept': '*/*', 'Connection': 'keep-alive'} 
 body=None 
 </msg>
<msg time="2024-01-17T16:01:47.869616" level="INFO">GET Response : url=https://api.chucknorris.io/jokes/random?category=celebrity 
 status=200, reason=OK 
 headers={'Date': 'Wed, 17 Jan 2024 15:01:47 GMT', 'Content-Type': 'application/json;charset=UTF-8', 'Transfer-Encoding': 'chunked', 'Connection': 'keep-alive', 'Report-To': '{"group":"heroku-nel","max_age":3600,"endpoints":[{"url":"https://nel.heroku.com/reports?ts=1705503707&amp;sid=812dcc77-0bd0-43b1-a5f1-b25750382959&amp;s=4uOd8rpU8WukGi1O8Wqu%2B1FmoMfbwVU%2BKgyXhLUSMxM%3D"}]}', 'Reporting-Endpoints': 'heroku-nel=https://nel.heroku.com/reports?ts=1705503707&amp;sid=812dcc77-0bd0-43b1-a5f1-b25750382959&amp;s=4uOd8rpU8WukGi1O8Wqu%2B1FmoMfbwVU%2BKgyXhLUSMxM%3D', 'Nel': '{"report_to":"heroku-nel","max_age":3600,"success_fraction":0.005,"failure_fraction":0.05,"response_headers":["Via"]}', 'Via': '1.1 vegur', 'CF-Cache-Status': 'DYNAMIC', 'Server': 'cloudflare', 'CF-RAY': '846f79beb8687036-CDG', 'Content-Encoding': 'gzip', 'alt-svc': 'h3=":443"; ma=86400'} 
 body={"categories":["celebrity"],"created_at":"2020-01-05 13:42:19.576875","icon_url":"https://assets.chucknorris.host/img/avatar/chuck-norris.png","id":"664705gltfezqxhwbzykrg","updated_at":"2020-01-05 13:42:19.576875","url":"https://api.chucknorris.io/jokes/664705gltfezqxhwbzykrg","value":"Mr. T pities the fool. Chuck Norris rips the fool's head off."} 
 </msg>
<msg time="2024-01-17T16:01:47.869752" level="INFO">${resp} = &lt;Response [200]&gt;</msg>
<var>${resp}</var>
<arg>chuck</arg>
<arg>${BLAGUEAUHASRD}</arg>
<arg>params=category=${categorie}</arg>
<arg>expected_status=200</arg>
<doc>Sends a GET request on a previously created HTTP Session.</doc>
<status status="PASS" start="2024-01-17T16:01:47.770270" elapsed="0.099510"/>
</kw>
<return>
<value>${resp.json()}[value]</value>
<status status="PASS" start="2024-01-17T16:01:47.869889" elapsed="0.000101"/>
</return>
<msg time="2024-01-17T16:01:47.870618" level="INFO">${blague} = Mr. T pities the fool. Chuck Norris rips the fool's head off.</msg>
<var>${blague}</var>
<arg>${cat}</arg>
<status status="PASS" start="2024-01-17T16:01:47.770111" elapsed="0.100538"/>
</kw>
<kw name="Log To Console" owner="BuiltIn">
<arg>${blague}</arg>
<doc>Logs the given message to the console.</doc>
<status status="PASS" start="2024-01-17T16:01:47.870807" elapsed="0.000229"/>
</kw>
<kw name="vérifier chuck dans blague" owner="chuckMotCle">
<kw name="Should Contain" owner="BuiltIn">
<arg>${blague}</arg>
<arg>Chuck</arg>
<doc>Fails if ``container`` does not contain ``item`` one or more times.</doc>
<status status="PASS" start="2024-01-17T16:01:47.871480" elapsed="0.000153"/>
</kw>
<arg>${blague}</arg>
<status status="PASS" start="2024-01-17T16:01:47.871195" elapsed="0.000510"/>
</kw>
<var name="${cat}">celebrity</var>
<status status="PASS" start="2024-01-17T16:01:47.770025" elapsed="0.101721"/>
</iter>
<iter>
<kw name="recuperer une blague de categorie:" owner="chuckMotCle">
<kw name="GET On Session" owner="RequestsLibrary">
<msg time="2024-01-17T16:01:47.975379" level="INFO">GET Request : url=https://api.chucknorris.io/jokes/random?category=dev 
 path_url=/jokes/random?category=dev 
 headers={'User-Agent': 'python-requests/2.31.0', 'Accept-Encoding': 'gzip, deflate', 'Accept': '*/*', 'Connection': 'keep-alive'} 
 body=None 
 </msg>
<msg time="2024-01-17T16:01:47.975450" level="INFO">GET Response : url=https://api.chucknorris.io/jokes/random?category=dev 
 status=200, reason=OK 
 headers={'Date': 'Wed, 17 Jan 2024 15:01:48 GMT', 'Content-Type': 'application/json;charset=UTF-8', 'Transfer-Encoding': 'chunked', 'Connection': 'keep-alive', 'Report-To': '{"group":"heroku-nel","max_age":3600,"endpoints":[{"url":"https://nel.heroku.com/reports?ts=1705503708&amp;sid=812dcc77-0bd0-43b1-a5f1-b25750382959&amp;s=U%2FFt6fcAQ6CorOpJslp5I%2BQyTMI7TNfemWN%2FLYvNpY0%3D"}]}', 'Reporting-Endpoints': 'heroku-nel=https://nel.heroku.com/reports?ts=1705503708&amp;sid=812dcc77-0bd0-43b1-a5f1-b25750382959&amp;s=U%2FFt6fcAQ6CorOpJslp5I%2BQyTMI7TNfemWN%2FLYvNpY0%3D', 'Nel': '{"report_to":"heroku-nel","max_age":3600,"success_fraction":0.005,"failure_fraction":0.05,"response_headers":["Via"]}', 'Via': '1.1 vegur', 'CF-Cache-Status': 'DYNAMIC', 'Server': 'cloudflare', 'CF-RAY': '846f79bf69cf7036-CDG', 'Content-Encoding': 'gzip', 'alt-svc': 'h3=":443"; ma=86400'} 
 body={"categories":["dev"],"created_at":"2020-01-05 13:42:19.324003","icon_url":"https://assets.chucknorris.host/img/avatar/chuck-norris.png","id":"iy5n_afwrrqrj9wb6n21ww","updated_at":"2020-01-05 13:42:19.324003","url":"https://api.chucknorris.io/jokes/iy5n_afwrrqrj9wb6n21ww","value":"Chuck Norris doesn't need garbage collection because he doesn't call .Dispose(), he calls .DropKick()."} 
 </msg>
<msg time="2024-01-17T16:01:47.975535" level="INFO">${resp} = &lt;Response [200]&gt;</msg>
<var>${resp}</var>
<arg>chuck</arg>
<arg>${BLAGUEAUHASRD}</arg>
<arg>params=category=${categorie}</arg>
<arg>expected_status=200</arg>
<doc>Sends a GET request on a previously created HTTP Session.</doc>
<status status="PASS" start="2024-01-17T16:01:47.872276" elapsed="0.103275"/>
</kw>
<return>
<value>${resp.json()}[value]</value>
<status status="PASS" start="2024-01-17T16:01:47.975619" elapsed="0.000076"/>
</return>
<msg time="2024-01-17T16:01:47.976035" level="INFO">${blague} = Chuck Norris doesn't need garbage collection because he doesn't call .Dispose(), he calls .DropKick().</msg>
<var>${blague}</var>
<arg>${cat}</arg>
<status status="PASS" start="2024-01-17T16:01:47.872015" elapsed="0.104035"/>
</kw>
<kw name="Log To Console" owner="BuiltIn">
<arg>${blague}</arg>
<doc>Logs the given message to the console.</doc>
<status status="PASS" start="2024-01-17T16:01:47.976144" elapsed="0.000144"/>
</kw>
<kw name="vérifier chuck dans blague" owner="chuckMotCle">
<kw name="Should Contain" owner="BuiltIn">
<arg>${blague}</arg>
<arg>Chuck</arg>
<doc>Fails if ``container`` does not contain ``item`` one or more times.</doc>
<status status="PASS" start="2024-01-17T16:01:47.976521" elapsed="0.000075"/>
</kw>
<arg>${blague}</arg>
<status status="PASS" start="2024-01-17T16:01:47.976372" elapsed="0.000259"/>
</kw>
<var name="${cat}">dev</var>
<status status="PASS" start="2024-01-17T16:01:47.871876" elapsed="0.104774"/>
</iter>
<iter>
<kw name="recuperer une blague de categorie:" owner="chuckMotCle">
<kw name="GET On Session" owner="RequestsLibrary">
<msg time="2024-01-17T16:01:48.072359" level="INFO">GET Request : url=https://api.chucknorris.io/jokes/random?category=explicit 
 path_url=/jokes/random?category=explicit 
 headers={'User-Agent': 'python-requests/2.31.0', 'Accept-Encoding': 'gzip, deflate', 'Accept': '*/*', 'Connection': 'keep-alive'} 
 body=None 
 </msg>
<msg time="2024-01-17T16:01:48.072436" level="INFO">GET Response : url=https://api.chucknorris.io/jokes/random?category=explicit 
 status=200, reason=OK 
 headers={'Date': 'Wed, 17 Jan 2024 15:01:48 GMT', 'Content-Type': 'application/json;charset=UTF-8', 'Transfer-Encoding': 'chunked', 'Connection': 'keep-alive', 'Report-To': '{"group":"heroku-nel","max_age":3600,"endpoints":[{"url":"https://nel.heroku.com/reports?ts=1705503708&amp;sid=812dcc77-0bd0-43b1-a5f1-b25750382959&amp;s=U%2FFt6fcAQ6CorOpJslp5I%2BQyTMI7TNfemWN%2FLYvNpY0%3D"}]}', 'Reporting-Endpoints': 'heroku-nel=https://nel.heroku.com/reports?ts=1705503708&amp;sid=812dcc77-0bd0-43b1-a5f1-b25750382959&amp;s=U%2FFt6fcAQ6CorOpJslp5I%2BQyTMI7TNfemWN%2FLYvNpY0%3D', 'Nel': '{"report_to":"heroku-nel","max_age":3600,"success_fraction":0.005,"failure_fraction":0.05,"response_headers":["Via"]}', 'Via': '1.1 vegur', 'CF-Cache-Status': 'DYNAMIC', 'Server': 'cloudflare', 'CF-RAY': '846f79c00b207036-CDG', 'Content-Encoding': 'gzip', 'alt-svc': 'h3=":443"; ma=86400'} 
 body={"categories":["explicit"],"created_at":"2020-01-05 13:42:29.855523","icon_url":"https://assets.chucknorris.host/img/avatar/chuck-norris.png","id":"Ng5ipJ8CSN6-Yddx76lhSg","updated_at":"2020-01-05 13:42:29.855523","url":"https://api.chucknorris.io/jokes/Ng5ipJ8CSN6-Yddx76lhSg","value":"Q. Why did Chuck Norris cross the road? A. He had his dick stuck in a chicken's ass."} 
 </msg>
<msg time="2024-01-17T16:01:48.072602" level="INFO">${resp} = &lt;Response [200]&gt;</msg>
<var>${resp}</var>
<arg>chuck</arg>
<arg>${BLAGUEAUHASRD}</arg>
<arg>params=category=${categorie}</arg>
<arg>expected_status=200</arg>
<doc>Sends a GET request on a previously created HTTP Session.</doc>
<status status="PASS" start="2024-01-17T16:01:47.976924" elapsed="0.095696"/>
</kw>
<return>
<value>${resp.json()}[value]</value>
<status status="PASS" start="2024-01-17T16:01:48.072703" elapsed="0.000090"/>
</return>
<msg time="2024-01-17T16:01:48.073177" level="INFO">${blague} = Q. Why did Chuck Norris cross the road? A. He had his dick stuck in a chicken's ass.</msg>
<var>${blague}</var>
<arg>${cat}</arg>
<status status="PASS" start="2024-01-17T16:01:47.976793" elapsed="0.096402"/>
</kw>
<kw name="Log To Console" owner="BuiltIn">
<arg>${blague}</arg>
<doc>Logs the given message to the console.</doc>
<status status="PASS" start="2024-01-17T16:01:48.073290" elapsed="0.000136"/>
</kw>
<kw name="vérifier chuck dans blague" owner="chuckMotCle">
<kw name="Should Contain" owner="BuiltIn">
<arg>${blague}</arg>
<arg>Chuck</arg>
<doc>Fails if ``container`` does not contain ``item`` one or more times.</doc>
<status status="PASS" start="2024-01-17T16:01:48.073684" elapsed="0.000086"/>
</kw>
<arg>${blague}</arg>
<status status="PASS" start="2024-01-17T16:01:48.073518" elapsed="0.000292"/>
</kw>
<var name="${cat}">explicit</var>
<status status="PASS" start="2024-01-17T16:01:47.976719" elapsed="0.097112"/>
</iter>
<iter>
<kw name="recuperer une blague de categorie:" owner="chuckMotCle">
<kw name="GET On Session" owner="RequestsLibrary">
<msg time="2024-01-17T16:01:48.245744" level="INFO">GET Request : url=https://api.chucknorris.io/jokes/random?category=fashion 
 path_url=/jokes/random?category=fashion 
 headers={'User-Agent': 'python-requests/2.31.0', 'Accept-Encoding': 'gzip, deflate', 'Accept': '*/*', 'Connection': 'keep-alive'} 
 body=None 
 </msg>
<msg time="2024-01-17T16:01:48.245970" level="INFO">GET Response : url=https://api.chucknorris.io/jokes/random?category=fashion 
 status=200, reason=OK 
 headers={'Date': 'Wed, 17 Jan 2024 15:01:48 GMT', 'Content-Type': 'application/json;charset=UTF-8', 'Transfer-Encoding': 'chunked', 'Connection': 'keep-alive', 'Report-To': '{"group":"heroku-nel","max_age":3600,"endpoints":[{"url":"https://nel.heroku.com/reports?ts=1705503708&amp;sid=812dcc77-0bd0-43b1-a5f1-b25750382959&amp;s=U%2FFt6fcAQ6CorOpJslp5I%2BQyTMI7TNfemWN%2FLYvNpY0%3D"}]}', 'Reporting-Endpoints': 'heroku-nel=https://nel.heroku.com/reports?ts=1705503708&amp;sid=812dcc77-0bd0-43b1-a5f1-b25750382959&amp;s=U%2FFt6fcAQ6CorOpJslp5I%2BQyTMI7TNfemWN%2FLYvNpY0%3D', 'Nel': '{"report_to":"heroku-nel","max_age":3600,"success_fraction":0.005,"failure_fraction":0.05,"response_headers":["Via"]}', 'Via': '1.1 vegur', 'CF-Cache-Status': 'DYNAMIC', 'Server': 'cloudflare', 'CF-RAY': '846f79c0ac2f7036-CDG', 'Content-Encoding': 'gzip', 'alt-svc': 'h3=":443"; ma=86400'} 
 body={"categories":["fashion"],"created_at":"2020-01-05 13:42:18.823766","icon_url":"https://assets.chucknorris.host/img/avatar/chuck-norris.png","id":"0wdewlp2tz-mt_upesvrjw","updated_at":"2020-01-05 13:42:18.823766","url":"https://api.chucknorris.io/jokes/0wdewlp2tz-mt_upesvrjw","value":"Chuck Norris does not follow fashion trends, they follow him. But then he turns around and kicks their ass. Nobody follows Chuck Norris."} 
 </msg>
<msg time="2024-01-17T16:01:48.246287" level="INFO">${resp} = &lt;Response [200]&gt;</msg>
<var>${resp}</var>
<arg>chuck</arg>
<arg>${BLAGUEAUHASRD}</arg>
<arg>params=category=${categorie}</arg>
<arg>expected_status=200</arg>
<doc>Sends a GET request on a previously created HTTP Session.</doc>
<status status="PASS" start="2024-01-17T16:01:48.074429" elapsed="0.171900"/>
</kw>
<return>
<value>${resp.json()}[value]</value>
<status status="PASS" start="2024-01-17T16:01:48.246543" elapsed="0.000316"/>
</return>
<msg time="2024-01-17T16:01:48.247684" level="INFO">${blague} = Chuck Norris does not follow fashion trends, they follow him. But then he turns around and kicks their ass. Nobody follows Chuck Norris.</msg>
<var>${blague}</var>
<arg>${cat}</arg>
<status status="PASS" start="2024-01-17T16:01:48.073984" elapsed="0.173731"/>
</kw>
<kw name="Log To Console" owner="BuiltIn">
<arg>${blague}</arg>
<doc>Logs the given message to the console.</doc>
<status status="PASS" start="2024-01-17T16:01:48.248110" elapsed="0.000499"/>
</kw>
<kw name="vérifier chuck dans blague" owner="chuckMotCle">
<kw name="Should Contain" owner="BuiltIn">
<arg>${blague}</arg>
<arg>Chuck</arg>
<doc>Fails if ``container`` does not contain ``item`` one or more times.</doc>
<status status="PASS" start="2024-01-17T16:01:48.249194" elapsed="0.000168"/>
</kw>
<arg>${blague}</arg>
<status status="PASS" start="2024-01-17T16:01:48.248834" elapsed="0.000607"/>
</kw>
<var name="${cat}">fashion</var>
<status status="PASS" start="2024-01-17T16:01:48.073904" elapsed="0.175579"/>
</iter>
<iter>
<kw name="recuperer une blague de categorie:" owner="chuckMotCle">
<kw name="GET On Session" owner="RequestsLibrary">
<msg time="2024-01-17T16:01:48.356200" level="INFO">GET Request : url=https://api.chucknorris.io/jokes/random?category=food 
 path_url=/jokes/random?category=food 
 headers={'User-Agent': 'python-requests/2.31.0', 'Accept-Encoding': 'gzip, deflate', 'Accept': '*/*', 'Connection': 'keep-alive'} 
 body=None 
 </msg>
<msg time="2024-01-17T16:01:48.356484" level="INFO">GET Response : url=https://api.chucknorris.io/jokes/random?category=food 
 status=200, reason=OK 
 headers={'Date': 'Wed, 17 Jan 2024 15:01:48 GMT', 'Content-Type': 'application/json;charset=UTF-8', 'Transfer-Encoding': 'chunked', 'Connection': 'keep-alive', 'Report-To': '{"group":"heroku-nel","max_age":3600,"endpoints":[{"url":"https://nel.heroku.com/reports?ts=1705503708&amp;sid=812dcc77-0bd0-43b1-a5f1-b25750382959&amp;s=U%2FFt6fcAQ6CorOpJslp5I%2BQyTMI7TNfemWN%2FLYvNpY0%3D"}]}', 'Reporting-Endpoints': 'heroku-nel=https://nel.heroku.com/reports?ts=1705503708&amp;sid=812dcc77-0bd0-43b1-a5f1-b25750382959&amp;s=U%2FFt6fcAQ6CorOpJslp5I%2BQyTMI7TNfemWN%2FLYvNpY0%3D', 'Nel': '{"report_to":"heroku-nel","max_age":3600,"success_fraction":0.005,"failure_fraction":0.05,"response_headers":["Via"]}', 'Via': '1.1 vegur', 'CF-Cache-Status': 'DYNAMIC', 'Server': 'cloudflare', 'CF-RAY': '846f79c1bdec7036-CDG', 'Content-Encoding': 'gzip', 'alt-svc': 'h3=":443"; ma=86400'} 
 body={"categories":["food"],"created_at":"2020-01-05 13:42:19.576875","icon_url":"https://assets.chucknorris.host/img/avatar/chuck-norris.png","id":"4uqhu_nmtncleixytkl0pq","updated_at":"2020-01-05 13:42:19.576875","url":"https://api.chucknorris.io/jokes/4uqhu_nmtncleixytkl0pq","value":"A man once taunted Chuck Norris with a bag of Lay's potato chips, saying \"Betcha can't eat just one!\" Chuck Norris proceeded to eat the chips, the bag, and the man in one deft move."} 
 </msg>
<msg time="2024-01-17T16:01:48.356959" level="INFO">${resp} = &lt;Response [200]&gt;</msg>
<var>${resp}</var>
<arg>chuck</arg>
<arg>${BLAGUEAUHASRD}</arg>
<arg>params=category=${categorie}</arg>
<arg>expected_status=200</arg>
<doc>Sends a GET request on a previously created HTTP Session.</doc>
<status status="PASS" start="2024-01-17T16:01:48.250063" elapsed="0.106941"/>
</kw>
<return>
<value>${resp.json()}[value]</value>
<status status="PASS" start="2024-01-17T16:01:48.357216" elapsed="0.000280"/>
</return>
<msg time="2024-01-17T16:01:48.358464" level="INFO">${blague} = A man once taunted Chuck Norris with a bag of Lay's potato chips, saying "Betcha can't eat just one!" Chuck Norris proceeded to eat the chips, the bag, and the man in one deft move.</msg>
<var>${blague}</var>
<arg>${cat}</arg>
<status status="PASS" start="2024-01-17T16:01:48.249789" elapsed="0.108712"/>
</kw>
<kw name="Log To Console" owner="BuiltIn">
<arg>${blague}</arg>
<doc>Logs the given message to the console.</doc>
<status status="PASS" start="2024-01-17T16:01:48.358777" elapsed="0.000383"/>
</kw>
<kw name="vérifier chuck dans blague" owner="chuckMotCle">
<kw name="Should Contain" owner="BuiltIn">
<arg>${blague}</arg>
<arg>Chuck</arg>
<doc>Fails if ``container`` does not contain ``item`` one or more times.</doc>
<status status="PASS" start="2024-01-17T16:01:48.359770" elapsed="0.000172"/>
</kw>
<arg>${blague}</arg>
<status status="PASS" start="2024-01-17T16:01:48.359373" elapsed="0.000650"/>
</kw>
<var name="${cat}">food</var>
<status status="PASS" start="2024-01-17T16:01:48.249629" elapsed="0.110440"/>
</iter>
<iter>
<kw name="recuperer une blague de categorie:" owner="chuckMotCle">
<kw name="GET On Session" owner="RequestsLibrary">
<msg time="2024-01-17T16:01:48.449907" level="INFO">GET Request : url=https://api.chucknorris.io/jokes/random?category=history 
 path_url=/jokes/random?category=history 
 headers={'User-Agent': 'python-requests/2.31.0', 'Accept-Encoding': 'gzip, deflate', 'Accept': '*/*', 'Connection': 'keep-alive'} 
 body=None 
 </msg>
<msg time="2024-01-17T16:01:48.450001" level="INFO">GET Response : url=https://api.chucknorris.io/jokes/random?category=history 
 status=200, reason=OK 
 headers={'Date': 'Wed, 17 Jan 2024 15:01:48 GMT', 'Content-Type': 'application/json;charset=UTF-8', 'Transfer-Encoding': 'chunked', 'Connection': 'keep-alive', 'Report-To': '{"group":"heroku-nel","max_age":3600,"endpoints":[{"url":"https://nel.heroku.com/reports?ts=1705503708&amp;sid=812dcc77-0bd0-43b1-a5f1-b25750382959&amp;s=U%2FFt6fcAQ6CorOpJslp5I%2BQyTMI7TNfemWN%2FLYvNpY0%3D"}]}', 'Reporting-Endpoints': 'heroku-nel=https://nel.heroku.com/reports?ts=1705503708&amp;sid=812dcc77-0bd0-43b1-a5f1-b25750382959&amp;s=U%2FFt6fcAQ6CorOpJslp5I%2BQyTMI7TNfemWN%2FLYvNpY0%3D', 'Nel': '{"report_to":"heroku-nel","max_age":3600,"success_fraction":0.005,"failure_fraction":0.05,"response_headers":["Via"]}', 'Via': '1.1 vegur', 'CF-Cache-Status': 'DYNAMIC', 'Server': 'cloudflare', 'CF-RAY': '846f79c26f207036-CDG', 'Content-Encoding': 'gzip', 'alt-svc': 'h3=":443"; ma=86400'} 
 body={"categories":["history"],"created_at":"2020-01-05 13:42:19.576875","icon_url":"https://assets.chucknorris.host/img/avatar/chuck-norris.png","id":"kfjreqvxs464s6rspcj-qq","updated_at":"2020-01-05 13:42:19.576875","url":"https://api.chucknorris.io/jokes/kfjreqvxs464s6rspcj-qq","value":"Chuck Norris once shot down a German fighter plane with his finger. By yelling \"Bang!\""} 
 </msg>
<msg time="2024-01-17T16:01:48.450136" level="INFO">${resp} = &lt;Response [200]&gt;</msg>
<var>${resp}</var>
<arg>chuck</arg>
<arg>${BLAGUEAUHASRD}</arg>
<arg>params=category=${categorie}</arg>
<arg>expected_status=200</arg>
<doc>Sends a GET request on a previously created HTTP Session.</doc>
<status status="PASS" start="2024-01-17T16:01:48.360807" elapsed="0.089348"/>
</kw>
<return>
<value>${resp.json()}[value]</value>
<status status="PASS" start="2024-01-17T16:01:48.450258" elapsed="0.000087"/>
</return>
<msg time="2024-01-17T16:01:48.450773" level="INFO">${blague} = Chuck Norris once shot down a German fighter plane with his finger. By yelling "Bang!"</msg>
<var>${blague}</var>
<arg>${cat}</arg>
<status status="PASS" start="2024-01-17T16:01:48.360477" elapsed="0.090315"/>
</kw>
<kw name="Log To Console" owner="BuiltIn">
<arg>${blague}</arg>
<doc>Logs the given message to the console.</doc>
<status status="PASS" start="2024-01-17T16:01:48.450932" elapsed="0.000181"/>
</kw>
<kw name="vérifier chuck dans blague" owner="chuckMotCle">
<kw name="Should Contain" owner="BuiltIn">
<arg>${blague}</arg>
<arg>Chuck</arg>
<doc>Fails if ``container`` does not contain ``item`` one or more times.</doc>
<status status="PASS" start="2024-01-17T16:01:48.451405" elapsed="0.000088"/>
</kw>
<arg>${blague}</arg>
<status status="PASS" start="2024-01-17T16:01:48.451223" elapsed="0.000309"/>
</kw>
<var name="${cat}">history</var>
<status status="PASS" start="2024-01-17T16:01:48.360285" elapsed="0.091269"/>
</iter>
<iter>
<kw name="recuperer une blague de categorie:" owner="chuckMotCle">
<kw name="GET On Session" owner="RequestsLibrary">
<msg time="2024-01-17T16:01:48.546909" level="INFO">GET Request : url=https://api.chucknorris.io/jokes/random?category=money 
 path_url=/jokes/random?category=money 
 headers={'User-Agent': 'python-requests/2.31.0', 'Accept-Encoding': 'gzip, deflate', 'Accept': '*/*', 'Connection': 'keep-alive'} 
 body=None 
 </msg>
<msg time="2024-01-17T16:01:48.546948" level="INFO">GET Response : url=https://api.chucknorris.io/jokes/random?category=money 
 status=200, reason=OK 
 headers={'Date': 'Wed, 17 Jan 2024 15:01:48 GMT', 'Content-Type': 'application/json;charset=UTF-8', 'Transfer-Encoding': 'chunked', 'Connection': 'keep-alive', 'Report-To': '{"group":"heroku-nel","max_age":3600,"endpoints":[{"url":"https://nel.heroku.com/reports?ts=1705503708&amp;sid=812dcc77-0bd0-43b1-a5f1-b25750382959&amp;s=U%2FFt6fcAQ6CorOpJslp5I%2BQyTMI7TNfemWN%2FLYvNpY0%3D"}]}', 'Reporting-Endpoints': 'heroku-nel=https://nel.heroku.com/reports?ts=1705503708&amp;sid=812dcc77-0bd0-43b1-a5f1-b25750382959&amp;s=U%2FFt6fcAQ6CorOpJslp5I%2BQyTMI7TNfemWN%2FLYvNpY0%3D', 'Nel': '{"report_to":"heroku-nel","max_age":3600,"success_fraction":0.005,"failure_fraction":0.05,"response_headers":["Via"]}', 'Via': '1.1 vegur', 'CF-Cache-Status': 'DYNAMIC', 'Server': 'cloudflare', 'CF-RAY': '846f79c2e8247036-CDG', 'Content-Encoding': 'gzip', 'alt-svc': 'h3=":443"; ma=86400'} 
 body={"categories":["money"],"created_at":"2020-01-05 13:42:20.568859","icon_url":"https://assets.chucknorris.host/img/avatar/chuck-norris.png","id":"m0i9Soh0SVqn6REAfk10uw","updated_at":"2020-05-22 06:02:41.792421","url":"https://api.chucknorris.io/jokes/m0i9Soh0SVqn6REAfk10uw","value":"If you have $100 and Chuck Norris is broke, He still has more money than you."} 
 </msg>
<msg time="2024-01-17T16:01:48.547028" level="INFO">${resp} = &lt;Response [200]&gt;</msg>
<var>${resp}</var>
<arg>chuck</arg>
<arg>${BLAGUEAUHASRD}</arg>
<arg>params=category=${categorie}</arg>
<arg>expected_status=200</arg>
<doc>Sends a GET request on a previously created HTTP Session.</doc>
<status status="PASS" start="2024-01-17T16:01:48.451877" elapsed="0.095162"/>
</kw>
<return>
<value>${resp.json()}[value]</value>
<status status="PASS" start="2024-01-17T16:01:48.547078" elapsed="0.000037"/>
</return>
<msg time="2024-01-17T16:01:48.547346" level="INFO">${blague} = If you have $100 and Chuck Norris is broke, He still has more money than you.</msg>
<var>${blague}</var>
<arg>${cat}</arg>
<status status="PASS" start="2024-01-17T16:01:48.451724" elapsed="0.095634"/>
</kw>
<kw name="Log To Console" owner="BuiltIn">
<arg>${blague}</arg>
<doc>Logs the given message to the console.</doc>
<status status="PASS" start="2024-01-17T16:01:48.547415" elapsed="0.000079"/>
</kw>
<kw name="vérifier chuck dans blague" owner="chuckMotCle">
<kw name="Should Contain" owner="BuiltIn">
<arg>${blague}</arg>
<arg>Chuck</arg>
<doc>Fails if ``container`` does not contain ``item`` one or more times.</doc>
<status status="PASS" start="2024-01-17T16:01:48.547657" elapsed="0.000198"/>
</kw>
<arg>${blague}</arg>
<status status="PASS" start="2024-01-17T16:01:48.547554" elapsed="0.000328"/>
</kw>
<var name="${cat}">money</var>
<status status="PASS" start="2024-01-17T16:01:48.451638" elapsed="0.096259"/>
</iter>
<iter>
<kw name="recuperer une blague de categorie:" owner="chuckMotCle">
<kw name="GET On Session" owner="RequestsLibrary">
<msg time="2024-01-17T16:01:48.656777" level="INFO">GET Request : url=https://api.chucknorris.io/jokes/random?category=movie 
 path_url=/jokes/random?category=movie 
 headers={'User-Agent': 'python-requests/2.31.0', 'Accept-Encoding': 'gzip, deflate', 'Accept': '*/*', 'Connection': 'keep-alive'} 
 body=None 
 </msg>
<msg time="2024-01-17T16:01:48.657002" level="INFO">GET Response : url=https://api.chucknorris.io/jokes/random?category=movie 
 status=200, reason=OK 
 headers={'Date': 'Wed, 17 Jan 2024 15:01:48 GMT', 'Content-Type': 'application/json;charset=UTF-8', 'Transfer-Encoding': 'chunked', 'Connection': 'keep-alive', 'Report-To': '{"group":"heroku-nel","max_age":3600,"endpoints":[{"url":"https://nel.heroku.com/reports?ts=1705503708&amp;sid=812dcc77-0bd0-43b1-a5f1-b25750382959&amp;s=U%2FFt6fcAQ6CorOpJslp5I%2BQyTMI7TNfemWN%2FLYvNpY0%3D"}]}', 'Reporting-Endpoints': 'heroku-nel=https://nel.heroku.com/reports?ts=1705503708&amp;sid=812dcc77-0bd0-43b1-a5f1-b25750382959&amp;s=U%2FFt6fcAQ6CorOpJslp5I%2BQyTMI7TNfemWN%2FLYvNpY0%3D', 'Nel': '{"report_to":"heroku-nel","max_age":3600,"success_fraction":0.005,"failure_fraction":0.05,"response_headers":["Via"]}', 'Via': '1.1 vegur', 'CF-Cache-Status': 'DYNAMIC', 'Server': 'cloudflare', 'CF-RAY': '846f79c3a95e7036-CDG', 'Content-Encoding': 'gzip', 'alt-svc': 'h3=":443"; ma=86400'} 
 body={"categories":["movie"],"created_at":"2020-01-05 13:42:18.823766","icon_url":"https://assets.chucknorris.host/img/avatar/chuck-norris.png","id":"etu5stytromsxrgybafqca","updated_at":"2020-01-05 13:42:18.823766","url":"https://api.chucknorris.io/jokes/etu5stytromsxrgybafqca","value":"In the X-Men movies, none of the X-Men super-powers are done with special effects. Chuck Norris is the stuntman for every character."} 
 </msg>
<msg time="2024-01-17T16:01:48.657346" level="INFO">${resp} = &lt;Response [200]&gt;</msg>
<var>${resp}</var>
<arg>chuck</arg>
<arg>${BLAGUEAUHASRD}</arg>
<arg>params=category=${categorie}</arg>
<arg>expected_status=200</arg>
<doc>Sends a GET request on a previously created HTTP Session.</doc>
<status status="PASS" start="2024-01-17T16:01:48.548084" elapsed="0.109333"/>
</kw>
<return>
<value>${resp.json()}[value]</value>
<status status="PASS" start="2024-01-17T16:01:48.657637" elapsed="0.000228"/>
</return>
<msg time="2024-01-17T16:01:48.659347" level="INFO">${blague} = In the X-Men movies, none of the X-Men super-powers are done with special effects. Chuck Norris is the stuntman for every character.</msg>
<var>${blague}</var>
<arg>${cat}</arg>
<status status="PASS" start="2024-01-17T16:01:48.547990" elapsed="0.111435"/>
</kw>
<kw name="Log To Console" owner="BuiltIn">
<arg>${blague}</arg>
<doc>Logs the given message to the console.</doc>
<status status="PASS" start="2024-01-17T16:01:48.659839" elapsed="0.000416"/>
</kw>
<kw name="vérifier chuck dans blague" owner="chuckMotCle">
<kw name="Should Contain" owner="BuiltIn">
<arg>${blague}</arg>
<arg>Chuck</arg>
<doc>Fails if ``container`` does not contain ``item`` one or more times.</doc>
<status status="PASS" start="2024-01-17T16:01:48.660898" elapsed="0.000196"/>
</kw>
<arg>${blague}</arg>
<status status="PASS" start="2024-01-17T16:01:48.660498" elapsed="0.000685"/>
</kw>
<var name="${cat}">movie</var>
<status status="PASS" start="2024-01-17T16:01:48.547940" elapsed="0.113299"/>
</iter>
<iter>
<kw name="recuperer une blague de categorie:" owner="chuckMotCle">
<kw name="GET On Session" owner="RequestsLibrary">
<msg time="2024-01-17T16:01:48.796784" level="INFO">GET Request : url=https://api.chucknorris.io/jokes/random?category=music 
 path_url=/jokes/random?category=music 
 headers={'User-Agent': 'python-requests/2.31.0', 'Accept-Encoding': 'gzip, deflate', 'Accept': '*/*', 'Connection': 'keep-alive'} 
 body=None 
 </msg>
<msg time="2024-01-17T16:01:48.797125" level="INFO">GET Response : url=https://api.chucknorris.io/jokes/random?category=music 
 status=200, reason=OK 
 headers={'Date': 'Wed, 17 Jan 2024 15:01:48 GMT', 'Content-Type': 'application/json;charset=UTF-8', 'Transfer-Encoding': 'chunked', 'Connection': 'keep-alive', 'Report-To': '{"group":"heroku-nel","max_age":3600,"endpoints":[{"url":"https://nel.heroku.com/reports?ts=1705503708&amp;sid=812dcc77-0bd0-43b1-a5f1-b25750382959&amp;s=U%2FFt6fcAQ6CorOpJslp5I%2BQyTMI7TNfemWN%2FLYvNpY0%3D"}]}', 'Reporting-Endpoints': 'heroku-nel=https://nel.heroku.com/reports?ts=1705503708&amp;sid=812dcc77-0bd0-43b1-a5f1-b25750382959&amp;s=U%2FFt6fcAQ6CorOpJslp5I%2BQyTMI7TNfemWN%2FLYvNpY0%3D', 'Nel': '{"report_to":"heroku-nel","max_age":3600,"success_fraction":0.005,"failure_fraction":0.05,"response_headers":["Via"]}', 'Via': '1.1 vegur', 'CF-Cache-Status': 'DYNAMIC', 'Server': 'cloudflare', 'CF-RAY': '846f79c45a947036-CDG', 'Content-Encoding': 'gzip', 'alt-svc': 'h3=":443"; ma=86400'} 
 body={"categories":["music"],"created_at":"2020-01-05 13:42:19.576875","icon_url":"https://assets.chucknorris.host/img/avatar/chuck-norris.png","id":"0_acdyhnthyshildaipp1q","updated_at":"2020-01-05 13:42:19.576875","url":"https://api.chucknorris.io/jokes/0_acdyhnthyshildaipp1q","value":"Who let the dogs out? Chuck Norris let the dogs out... and then roundhouse kicked them through an Oldsmobile."} 
 </msg>
<msg time="2024-01-17T16:01:48.797721" level="INFO">${resp} = &lt;Response [200]&gt;</msg>
<var>${resp}</var>
<arg>chuck</arg>
<arg>${BLAGUEAUHASRD}</arg>
<arg>params=category=${categorie}</arg>
<arg>expected_status=200</arg>
<doc>Sends a GET request on a previously created HTTP Session.</doc>
<status status="PASS" start="2024-01-17T16:01:48.661871" elapsed="0.135929"/>
</kw>
<return>
<value>${resp.json()}[value]</value>
<status status="PASS" start="2024-01-17T16:01:48.798102" elapsed="0.000285"/>
</return>
<msg time="2024-01-17T16:01:48.799577" level="INFO">${blague} = Who let the dogs out? Chuck Norris let the dogs out... and then roundhouse kicked them through an Oldsmobile.</msg>
<var>${blague}</var>
<arg>${cat}</arg>
<status status="PASS" start="2024-01-17T16:01:48.661560" elapsed="0.138059"/>
</kw>
<kw name="Log To Console" owner="BuiltIn">
<arg>${blague}</arg>
<doc>Logs the given message to the console.</doc>
<status status="PASS" start="2024-01-17T16:01:48.799940" elapsed="0.000436"/>
</kw>
<kw name="vérifier chuck dans blague" owner="chuckMotCle">
<kw name="Should Contain" owner="BuiltIn">
<arg>${blague}</arg>
<arg>Chuck</arg>
<doc>Fails if ``container`` does not contain ``item`` one or more times.</doc>
<status status="PASS" start="2024-01-17T16:01:48.801042" elapsed="0.000189"/>
</kw>
<arg>${blague}</arg>
<status status="PASS" start="2024-01-17T16:01:48.800626" elapsed="0.000691"/>
</kw>
<var name="${cat}">music</var>
<status status="PASS" start="2024-01-17T16:01:48.661396" elapsed="0.139973"/>
</iter>
<iter>
<kw name="recuperer une blague de categorie:" owner="chuckMotCle">
<kw name="GET On Session" owner="RequestsLibrary">
<msg time="2024-01-17T16:01:48.995251" level="INFO">GET Request : url=https://api.chucknorris.io/jokes/random?category=political 
 path_url=/jokes/random?category=political 
 headers={'User-Agent': 'python-requests/2.31.0', 'Accept-Encoding': 'gzip, deflate', 'Accept': '*/*', 'Connection': 'keep-alive'} 
 body=None 
 </msg>
<msg time="2024-01-17T16:01:48.995340" level="INFO">GET Response : url=https://api.chucknorris.io/jokes/random?category=political 
 status=200, reason=OK 
 headers={'Date': 'Wed, 17 Jan 2024 15:01:49 GMT', 'Content-Type': 'application/json;charset=UTF-8', 'Transfer-Encoding': 'chunked', 'Connection': 'keep-alive', 'Report-To': '{"group":"heroku-nel","max_age":3600,"endpoints":[{"url":"https://nel.heroku.com/reports?ts=1705503709&amp;sid=812dcc77-0bd0-43b1-a5f1-b25750382959&amp;s=%2BiuznnbqeaFnAIqHP7r3Wy%2FE7Vpy3sh1Fm%2FO38WqdbY%3D"}]}', 'Reporting-Endpoints': 'heroku-nel=https://nel.heroku.com/reports?ts=1705503709&amp;sid=812dcc77-0bd0-43b1-a5f1-b25750382959&amp;s=%2BiuznnbqeaFnAIqHP7r3Wy%2FE7Vpy3sh1Fm%2FO38WqdbY%3D', 'Nel': '{"report_to":"heroku-nel","max_age":3600,"success_fraction":0.005,"failure_fraction":0.05,"response_headers":["Via"]}', 'Via': '1.1 vegur', 'CF-Cache-Status': 'DYNAMIC', 'Server': 'cloudflare', 'CF-RAY': '846f79c5cd897036-CDG', 'Content-Encoding': 'gzip', 'alt-svc': 'h3=":443"; ma=86400'} 
 body={"categories":["political"],"created_at":"2020-01-05 13:42:29.855523","icon_url":"https://assets.chucknorris.host/img/avatar/chuck-norris.png","id":"hyQV9kHDSN61rRIsYwSr4Q","updated_at":"2020-01-05 13:42:29.855523","url":"https://api.chucknorris.io/jokes/hyQV9kHDSN61rRIsYwSr4Q","value":"Chuck Norris punched Barack Obama in the face. And fucked Michelle."} 
 </msg>
<msg time="2024-01-17T16:01:48.995482" level="INFO">${resp} = &lt;Response [200]&gt;</msg>
<var>${resp}</var>
<arg>chuck</arg>
<arg>${BLAGUEAUHASRD}</arg>
<arg>params=category=${categorie}</arg>
<arg>expected_status=200</arg>
<doc>Sends a GET request on a previously created HTTP Session.</doc>
<status status="PASS" start="2024-01-17T16:01:48.802082" elapsed="0.193419"/>
</kw>
<return>
<value>${resp.json()}[value]</value>
<status status="PASS" start="2024-01-17T16:01:48.995572" elapsed="0.000066"/>
</return>
<msg time="2024-01-17T16:01:48.995999" level="INFO">${blague} = Chuck Norris punched Barack Obama in the face. And fucked Michelle.</msg>
<var>${blague}</var>
<arg>${cat}</arg>
<status status="PASS" start="2024-01-17T16:01:48.801744" elapsed="0.194273"/>
</kw>
<kw name="Log To Console" owner="BuiltIn">
<arg>${blague}</arg>
<doc>Logs the given message to the console.</doc>
<status status="PASS" start="2024-01-17T16:01:48.996114" elapsed="0.000144"/>
</kw>
<kw name="vérifier chuck dans blague" owner="chuckMotCle">
<kw name="Should Contain" owner="BuiltIn">
<arg>${blague}</arg>
<arg>Chuck</arg>
<doc>Fails if ``container`` does not contain ``item`` one or more times.</doc>
<status status="PASS" start="2024-01-17T16:01:48.996509" elapsed="0.000079"/>
</kw>
<arg>${blague}</arg>
<status status="PASS" start="2024-01-17T16:01:48.996348" elapsed="0.000275"/>
</kw>
<var name="${cat}">political</var>
<status status="PASS" start="2024-01-17T16:01:48.801550" elapsed="0.195093"/>
</iter>
<iter>
<kw name="recuperer une blague de categorie:" owner="chuckMotCle">
<kw name="GET On Session" owner="RequestsLibrary">
<msg time="2024-01-17T16:01:49.136457" level="INFO">GET Request : url=https://api.chucknorris.io/jokes/random?category=religion 
 path_url=/jokes/random?category=religion 
 headers={'User-Agent': 'python-requests/2.31.0', 'Accept-Encoding': 'gzip, deflate', 'Accept': '*/*', 'Connection': 'keep-alive'} 
 body=None 
 </msg>
<msg time="2024-01-17T16:01:49.136520" level="INFO">GET Response : url=https://api.chucknorris.io/jokes/random?category=religion 
 status=200, reason=OK 
 headers={'Date': 'Wed, 17 Jan 2024 15:01:49 GMT', 'Content-Type': 'application/json;charset=UTF-8', 'Transfer-Encoding': 'chunked', 'Connection': 'keep-alive', 'Report-To': '{"group":"heroku-nel","max_age":3600,"endpoints":[{"url":"https://nel.heroku.com/reports?ts=1705503709&amp;sid=812dcc77-0bd0-43b1-a5f1-b25750382959&amp;s=%2BiuznnbqeaFnAIqHP7r3Wy%2FE7Vpy3sh1Fm%2FO38WqdbY%3D"}]}', 'Reporting-Endpoints': 'heroku-nel=https://nel.heroku.com/reports?ts=1705503709&amp;sid=812dcc77-0bd0-43b1-a5f1-b25750382959&amp;s=%2BiuznnbqeaFnAIqHP7r3Wy%2FE7Vpy3sh1Fm%2FO38WqdbY%3D', 'Nel': '{"report_to":"heroku-nel","max_age":3600,"success_fraction":0.005,"failure_fraction":0.05,"response_headers":["Via"]}', 'Via': '1.1 vegur', 'CF-Cache-Status': 'DYNAMIC', 'Server': 'cloudflare', 'CF-RAY': '846f79c66eb27036-CDG', 'Content-Encoding': 'gzip', 'alt-svc': 'h3=":443"; ma=86400'} 
 body={"categories":["religion"],"created_at":"2020-01-05 13:42:19.576875","icon_url":"https://assets.chucknorris.host/img/avatar/chuck-norris.png","id":"hsnyecdiq0e7moidbhs3fw","updated_at":"2020-01-05 13:42:19.576875","url":"https://api.chucknorris.io/jokes/hsnyecdiq0e7moidbhs3fw","value":"Jesus can walk on water, but Chuck Norris can swim through land."} 
 </msg>
<msg time="2024-01-17T16:01:49.136599" level="INFO">${resp} = &lt;Response [200]&gt;</msg>
<var>${resp}</var>
<arg>chuck</arg>
<arg>${BLAGUEAUHASRD}</arg>
<arg>params=category=${categorie}</arg>
<arg>expected_status=200</arg>
<doc>Sends a GET request on a previously created HTTP Session.</doc>
<status status="PASS" start="2024-01-17T16:01:48.996919" elapsed="0.139721"/>
</kw>
<return>
<value>${resp.json()}[value]</value>
<status status="PASS" start="2024-01-17T16:01:49.136699" elapsed="0.000056"/>
</return>
<msg time="2024-01-17T16:01:49.137034" level="INFO">${blague} = Jesus can walk on water, but Chuck Norris can swim through land.</msg>
<var>${blague}</var>
<arg>${cat}</arg>
<status status="PASS" start="2024-01-17T16:01:48.996788" elapsed="0.140258"/>
</kw>
<kw name="Log To Console" owner="BuiltIn">
<arg>${blague}</arg>
<doc>Logs the given message to the console.</doc>
<status status="PASS" start="2024-01-17T16:01:49.137127" elapsed="0.000112"/>
</kw>
<kw name="vérifier chuck dans blague" owner="chuckMotCle">
<kw name="Should Contain" owner="BuiltIn">
<arg>${blague}</arg>
<arg>Chuck</arg>
<doc>Fails if ``container`` does not contain ``item`` one or more times.</doc>
<status status="PASS" start="2024-01-17T16:01:49.137429" elapsed="0.000063"/>
</kw>
<arg>${blague}</arg>
<status status="PASS" start="2024-01-17T16:01:49.137310" elapsed="0.000210"/>
</kw>
<var name="${cat}">religion</var>
<status status="PASS" start="2024-01-17T16:01:48.996705" elapsed="0.140830"/>
</iter>
<iter>
<kw name="recuperer une blague de categorie:" owner="chuckMotCle">
<kw name="GET On Session" owner="RequestsLibrary">
<msg time="2024-01-17T16:01:49.323268" level="INFO">GET Request : url=https://api.chucknorris.io/jokes/random?category=science 
 path_url=/jokes/random?category=science 
 headers={'User-Agent': 'python-requests/2.31.0', 'Accept-Encoding': 'gzip, deflate', 'Accept': '*/*', 'Connection': 'keep-alive'} 
 body=None 
 </msg>
<msg time="2024-01-17T16:01:49.323329" level="INFO">GET Response : url=https://api.chucknorris.io/jokes/random?category=science 
 status=200, reason=OK 
 headers={'Date': 'Wed, 17 Jan 2024 15:01:49 GMT', 'Content-Type': 'application/json;charset=UTF-8', 'Transfer-Encoding': 'chunked', 'Connection': 'keep-alive', 'Report-To': '{"group":"heroku-nel","max_age":3600,"endpoints":[{"url":"https://nel.heroku.com/reports?ts=1705503709&amp;sid=812dcc77-0bd0-43b1-a5f1-b25750382959&amp;s=%2BiuznnbqeaFnAIqHP7r3Wy%2FE7Vpy3sh1Fm%2FO38WqdbY%3D"}]}', 'Reporting-Endpoints': 'heroku-nel=https://nel.heroku.com/reports?ts=1705503709&amp;sid=812dcc77-0bd0-43b1-a5f1-b25750382959&amp;s=%2BiuznnbqeaFnAIqHP7r3Wy%2FE7Vpy3sh1Fm%2FO38WqdbY%3D', 'Nel': '{"report_to":"heroku-nel","max_age":3600,"success_fraction":0.005,"failure_fraction":0.05,"response_headers":["Via"]}', 'Via': '1.1 vegur', 'CF-Cache-Status': 'DYNAMIC', 'Server': 'cloudflare', 'CF-RAY': '846f79c7484d7036-CDG', 'Content-Encoding': 'gzip', 'alt-svc': 'h3=":443"; ma=86400'} 
 body={"categories":["science"],"created_at":"2020-01-05 13:42:19.576875","icon_url":"https://assets.chucknorris.host/img/avatar/chuck-norris.png","id":"qszz44pvr3iv7kzgwoedza","updated_at":"2020-01-05 13:42:19.576875","url":"https://api.chucknorris.io/jokes/qszz44pvr3iv7kzgwoedza","value":"Chuck Norris can do a roundhouse kick faster than the speed of light. This means that if you turn on a light switch, you will be dead before the lightbulb turns on."} 
 </msg>
<msg time="2024-01-17T16:01:49.323404" level="INFO">${resp} = &lt;Response [200]&gt;</msg>
<var>${resp}</var>
<arg>chuck</arg>
<arg>${BLAGUEAUHASRD}</arg>
<arg>params=category=${categorie}</arg>
<arg>expected_status=200</arg>
<doc>Sends a GET request on a previously created HTTP Session.</doc>
<status status="PASS" start="2024-01-17T16:01:49.137746" elapsed="0.185670"/>
</kw>
<return>
<value>${resp.json()}[value]</value>
<status status="PASS" start="2024-01-17T16:01:49.323475" elapsed="0.000052"/>
</return>
<msg time="2024-01-17T16:01:49.323812" level="INFO">${blague} = Chuck Norris can do a roundhouse kick faster than the speed of light. This means that if you turn on a light switch, you will be dead before the lightbulb turns on.</msg>
<var>${blague}</var>
<arg>${cat}</arg>
<status status="PASS" start="2024-01-17T16:01:49.137643" elapsed="0.186182"/>
</kw>
<kw name="Log To Console" owner="BuiltIn">
<arg>${blague}</arg>
<doc>Logs the given message to the console.</doc>
<status status="PASS" start="2024-01-17T16:01:49.323908" elapsed="0.000118"/>
</kw>
<kw name="vérifier chuck dans blague" owner="chuckMotCle">
<kw name="Should Contain" owner="BuiltIn">
<arg>${blague}</arg>
<arg>Chuck</arg>
<doc>Fails if ``container`` does not contain ``item`` one or more times.</doc>
<status status="PASS" start="2024-01-17T16:01:49.324231" elapsed="0.000070"/>
</kw>
<arg>${blague}</arg>
<status status="PASS" start="2024-01-17T16:01:49.324097" elapsed="0.000234"/>
</kw>
<var name="${cat}">science</var>
<status status="PASS" start="2024-01-17T16:01:49.137583" elapsed="0.186763"/>
</iter>
<iter>
<kw name="recuperer une blague de categorie:" owner="chuckMotCle">
<kw name="GET On Session" owner="RequestsLibrary">
<msg time="2024-01-17T16:01:49.426197" level="INFO">GET Request : url=https://api.chucknorris.io/jokes/random?category=sport 
 path_url=/jokes/random?category=sport 
 headers={'User-Agent': 'python-requests/2.31.0', 'Accept-Encoding': 'gzip, deflate', 'Accept': '*/*', 'Connection': 'keep-alive'} 
 body=None 
 </msg>
<msg time="2024-01-17T16:01:49.426249" level="INFO">GET Response : url=https://api.chucknorris.io/jokes/random?category=sport 
 status=200, reason=OK 
 headers={'Date': 'Wed, 17 Jan 2024 15:01:49 GMT', 'Content-Type': 'application/json;charset=UTF-8', 'Transfer-Encoding': 'chunked', 'Connection': 'keep-alive', 'Report-To': '{"group":"heroku-nel","max_age":3600,"endpoints":[{"url":"https://nel.heroku.com/reports?ts=1705503709&amp;sid=812dcc77-0bd0-43b1-a5f1-b25750382959&amp;s=%2BiuznnbqeaFnAIqHP7r3Wy%2FE7Vpy3sh1Fm%2FO38WqdbY%3D"}]}', 'Reporting-Endpoints': 'heroku-nel=https://nel.heroku.com/reports?ts=1705503709&amp;sid=812dcc77-0bd0-43b1-a5f1-b25750382959&amp;s=%2BiuznnbqeaFnAIqHP7r3Wy%2FE7Vpy3sh1Fm%2FO38WqdbY%3D', 'Nel': '{"report_to":"heroku-nel","max_age":3600,"success_fraction":0.005,"failure_fraction":0.05,"response_headers":["Via"]}', 'Via': '1.1 vegur', 'CF-Cache-Status': 'DYNAMIC', 'Server': 'cloudflare', 'CF-RAY': '846f79c86a377036-CDG', 'Content-Encoding': 'gzip', 'alt-svc': 'h3=":443"; ma=86400'} 
 body={"categories":["sport"],"created_at":"2020-01-05 13:42:19.576875","icon_url":"https://assets.chucknorris.host/img/avatar/chuck-norris.png","id":"bdo-g3sjtowgdeneipfgrg","updated_at":"2020-01-05 13:42:19.576875","url":"https://api.chucknorris.io/jokes/bdo-g3sjtowgdeneipfgrg","value":"Chuck Norris qualified with a top speed of 324 mph at the Daytona 500, without a car."} 
 </msg>
<msg time="2024-01-17T16:01:49.426316" level="INFO">${resp} = &lt;Response [200]&gt;</msg>
<var>${resp}</var>
<arg>chuck</arg>
<arg>${BLAGUEAUHASRD}</arg>
<arg>params=category=${categorie}</arg>
<arg>expected_status=200</arg>
<doc>Sends a GET request on a previously created HTTP Session.</doc>
<status status="PASS" start="2024-01-17T16:01:49.324656" elapsed="0.101672"/>
</kw>
<return>
<value>${resp.json()}[value]</value>
<status status="PASS" start="2024-01-17T16:01:49.426382" elapsed="0.000049"/>
</return>
<msg time="2024-01-17T16:01:49.426704" level="INFO">${blague} = Chuck Norris qualified with a top speed of 324 mph at the Daytona 500, without a car.</msg>
<var>${blague}</var>
<arg>${cat}</arg>
<status status="PASS" start="2024-01-17T16:01:49.324505" elapsed="0.102211"/>
</kw>
<kw name="Log To Console" owner="BuiltIn">
<arg>${blague}</arg>
<doc>Logs the given message to the console.</doc>
<status status="PASS" start="2024-01-17T16:01:49.426793" elapsed="0.000101"/>
</kw>
<kw name="vérifier chuck dans blague" owner="chuckMotCle">
<kw name="Should Contain" owner="BuiltIn">
<arg>${blague}</arg>
<arg>Chuck</arg>
<doc>Fails if ``container`` does not contain ``item`` one or more times.</doc>
<status status="PASS" start="2024-01-17T16:01:49.427079" elapsed="0.000060"/>
</kw>
<arg>${blague}</arg>
<status status="PASS" start="2024-01-17T16:01:49.426962" elapsed="0.000205"/>
</kw>
<var name="${cat}">sport</var>
<status status="PASS" start="2024-01-17T16:01:49.324442" elapsed="0.102762"/>
</iter>
<iter>
<kw name="recuperer une blague de categorie:" owner="chuckMotCle">
<kw name="GET On Session" owner="RequestsLibrary">
<msg time="2024-01-17T16:01:49.535021" level="INFO">GET Request : url=https://api.chucknorris.io/jokes/random?category=travel 
 path_url=/jokes/random?category=travel 
 headers={'User-Agent': 'python-requests/2.31.0', 'Accept-Encoding': 'gzip, deflate', 'Accept': '*/*', 'Connection': 'keep-alive'} 
 body=None 
 </msg>
<msg time="2024-01-17T16:01:49.535095" level="INFO">GET Response : url=https://api.chucknorris.io/jokes/random?category=travel 
 status=200, reason=OK 
 headers={'Date': 'Wed, 17 Jan 2024 15:01:49 GMT', 'Content-Type': 'application/json;charset=UTF-8', 'Transfer-Encoding': 'chunked', 'Connection': 'keep-alive', 'Report-To': '{"group":"heroku-nel","max_age":3600,"endpoints":[{"url":"https://nel.heroku.com/reports?ts=1705503709&amp;sid=812dcc77-0bd0-43b1-a5f1-b25750382959&amp;s=%2BiuznnbqeaFnAIqHP7r3Wy%2FE7Vpy3sh1Fm%2FO38WqdbY%3D"}]}', 'Reporting-Endpoints': 'heroku-nel=https://nel.heroku.com/reports?ts=1705503709&amp;sid=812dcc77-0bd0-43b1-a5f1-b25750382959&amp;s=%2BiuznnbqeaFnAIqHP7r3Wy%2FE7Vpy3sh1Fm%2FO38WqdbY%3D', 'Nel': '{"report_to":"heroku-nel","max_age":3600,"success_fraction":0.005,"failure_fraction":0.05,"response_headers":["Via"]}', 'Via': '1.1 vegur', 'CF-Cache-Status': 'DYNAMIC', 'Server': 'cloudflare', 'CF-RAY': '846f79c91b697036-CDG', 'Content-Encoding': 'gzip', 'alt-svc': 'h3=":443"; ma=86400'} 
 body={"categories":["travel"],"created_at":"2020-01-05 13:42:19.576875","icon_url":"https://assets.chucknorris.host/img/avatar/chuck-norris.png","id":"8l-mg2v1s-kz1p6uz5mdmg","updated_at":"2020-01-05 13:42:19.576875","url":"https://api.chucknorris.io/jokes/8l-mg2v1s-kz1p6uz5mdmg","value":"As an infant, Chuck Norris' parents gave him a toy hammer. He gave the world Stonehenge."} 
 </msg>
<msg time="2024-01-17T16:01:49.535223" level="INFO">${resp} = &lt;Response [200]&gt;</msg>
<var>${resp}</var>
<arg>chuck</arg>
<arg>${BLAGUEAUHASRD}</arg>
<arg>params=category=${categorie}</arg>
<arg>expected_status=200</arg>
<doc>Sends a GET request on a previously created HTTP Session.</doc>
<status status="PASS" start="2024-01-17T16:01:49.427417" elapsed="0.107865"/>
</kw>
<return>
<value>${resp.json()}[value]</value>
<status status="PASS" start="2024-01-17T16:01:49.535404" elapsed="0.000118"/>
</return>
<msg time="2024-01-17T16:01:49.536119" level="INFO">${blague} = As an infant, Chuck Norris' parents gave him a toy hammer. He gave the world Stonehenge.</msg>
<var>${blague}</var>
<arg>${cat}</arg>
<status status="PASS" start="2024-01-17T16:01:49.427315" elapsed="0.108853"/>
</kw>
<kw name="Log To Console" owner="BuiltIn">
<arg>${blague}</arg>
<doc>Logs the given message to the console.</doc>
<status status="PASS" start="2024-01-17T16:01:49.536308" elapsed="0.000169"/>
</kw>
<kw name="vérifier chuck dans blague" owner="chuckMotCle">
<kw name="Should Contain" owner="BuiltIn">
<arg>${blague}</arg>
<arg>Chuck</arg>
<doc>Fails if ``container`` does not contain ``item`` one or more times.</doc>
<status status="PASS" start="2024-01-17T16:01:49.536724" elapsed="0.000077"/>
</kw>
<arg>${blague}</arg>
<status status="PASS" start="2024-01-17T16:01:49.536571" elapsed="0.000261"/>
</kw>
<var name="${cat}">travel</var>
<status status="PASS" start="2024-01-17T16:01:49.427257" elapsed="0.109591"/>
</iter>
<var>${cat}</var>
<value>@{liste}</value>
<status status="PASS" start="2024-01-17T16:01:47.542539" elapsed="1.994337"/>
</for>
<kw name="fermer session" owner="chuckMotCle" type="TEARDOWN">
<kw name="Delete All Sessions" owner="RequestsLibrary">
<msg time="2024-01-17T16:01:49.538652" level="INFO">Deleting All Sessions</msg>
<doc>Removes all the session objects</doc>
<status status="PASS" start="2024-01-17T16:01:49.537184" elapsed="0.001507"/>
</kw>
<status status="PASS" start="2024-01-17T16:01:49.536995" elapsed="0.001732"/>
</kw>
<status status="PASS" start="2024-01-17T16:01:47.318471" elapsed="2.220281"/>
</test>
<status status="PASS" start="2024-01-17T16:01:45.486148" elapsed="4.052811"/>
</suite>
<status status="PASS" start="2024-01-17T16:01:45.484421" elapsed="4.054822"/>
</suite>
<status status="PASS" start="2024-01-17T16:01:45.472375" elapsed="4.067076"/>
</suite>
<statistics>
<total>
<stat pass="5" fail="0" skip="0">All Tests</stat>
</total>
<tag>
</tag>
<suite>
<stat pass="5" fail="0" skip="0" id="s1" name="TPSEPT2023">TPSEPT2023</stat>
<stat pass="5" fail="0" skip="0" id="s1-s1" name="Rest 2">TPSEPT2023.Rest 2</stat>
<stat pass="5" fail="0" skip="0" id="s1-s1-s1" name="chuckNorris">TPSEPT2023.Rest 2.chuckNorris</stat>
</suite>
</statistics>
<errors>
<msg time="2024-01-17T16:01:45.489058" level="WARN">Error in file '/Users/dominiquemereaux/code/TPSEPT2023/rest 2/chuckMotCle.resource' on line 27: The '[Return]' setting is deprecated. Use the 'RETURN' statement instead.</msg>
<msg time="2024-01-17T16:01:45.489291" level="WARN">Error in file '/Users/dominiquemereaux/code/TPSEPT2023/rest 2/chuckMotCle.resource' on line 31: The '[Return]' setting is deprecated. Use the 'RETURN' statement instead.</msg>
<msg time="2024-01-17T16:01:45.489446" level="WARN">Error in file '/Users/dominiquemereaux/code/TPSEPT2023/rest 2/chuckMotCle.resource' on line 39: The '[Return]' setting is deprecated. Use the 'RETURN' statement instead.</msg>
</errors>
</robot>
