<?xml version="1.0" encoding="UTF-8"?>
<robot generator="Robot 7.0 (Python 3.11.6 on darwin)" generated="2024-01-17T16:01:45.085435" rpa="false" schemaversion="5">
<suite id="s1" name="TPSEPT2023" source="/Users/dominiquemereaux/code/TPSEPT2023">
<suite id="s1-s1" name="Basic" source="/Users/dominiquemereaux/code/TPSEPT2023/Basic">
<suite id="s1-s1-s1" name="testVariabilise" source="/Users/dominiquemereaux/code/TPSEPT2023/Basic/testVariabilise.robot">
<test id="s1-s1-s1-t1" name="test avec 12 ans" line="8">
<kw name="verification" owner="bibli">
<kw name="Nouveau Nom">
<msg time="2024-01-17T16:01:45.114162" level="FAIL">No keyword with name 'Nouveau Nom' found.</msg>
<var>${prix}</var>
<arg>${age}</arg>
<status status="FAIL" start="2024-01-17T16:01:45.114103" elapsed="0.000096">No keyword with name 'Nouveau Nom' found.</status>
</kw>
<kw name="Should Be Equal" owner="BuiltIn">
<arg>${tarif}</arg>
<arg>${prix}</arg>
<arg>test avec ${age} en échec</arg>
<doc>Fails if the given objects are unequal.</doc>
<status status="NOT RUN" start="2024-01-17T16:01:45.114571" elapsed="0.000045"/>
</kw>
<arg>12</arg>
<arg>plein tarif</arg>
<status status="FAIL" start="2024-01-17T16:01:45.113019" elapsed="0.001715">No keyword with name 'Nouveau Nom' found.</status>
</kw>
<status status="FAIL" start="2024-01-17T16:01:45.112540" elapsed="0.002296">No keyword with name 'Nouveau Nom' found.</status>
</test>
<test id="s1-s1-s1-t2" name="Test avec 6 ans" line="9">
<kw name="verification" owner="bibli">
<kw name="Nouveau Nom">
<msg time="2024-01-17T16:01:45.115903" level="FAIL">No keyword with name 'Nouveau Nom' found.</msg>
<var>${prix}</var>
<arg>${age}</arg>
<status status="FAIL" start="2024-01-17T16:01:45.115870" elapsed="0.000053">No keyword with name 'Nouveau Nom' found.</status>
</kw>
<kw name="Should Be Equal" owner="BuiltIn">
<arg>${tarif}</arg>
<arg>${prix}</arg>
<arg>test avec ${age} en échec</arg>
<doc>Fails if the given objects are unequal.</doc>
<status status="NOT RUN" start="2024-01-17T16:01:45.116149" elapsed="0.000026"/>
</kw>
<arg>6</arg>
<arg>demi tarif</arg>
<status status="FAIL" start="2024-01-17T16:01:45.115292" elapsed="0.000946">No keyword with name 'Nouveau Nom' found.</status>
</kw>
<status status="FAIL" start="2024-01-17T16:01:45.115071" elapsed="0.001239">No keyword with name 'Nouveau Nom' found.</status>
</test>
<doc>Ma suite qui fait pas grand chose</doc>
<status status="FAIL" start="2024-01-17T16:01:45.105499" elapsed="0.010967"/>
</suite>
<status status="FAIL" start="2024-01-17T16:01:45.104218" elapsed="0.012514"/>
</suite>
<status status="FAIL" start="2024-01-17T16:01:45.094741" elapsed="0.022191"/>
</suite>
<statistics>
<total>
<stat pass="0" fail="2" skip="0">All Tests</stat>
</total>
<tag>
</tag>
<suite>
<stat pass="0" fail="2" skip="0" id="s1" name="TPSEPT2023">TPSEPT2023</stat>
<stat pass="0" fail="2" skip="0" id="s1-s1" name="Basic">TPSEPT2023.Basic</stat>
<stat pass="0" fail="2" skip="0" id="s1-s1-s1" name="testVariabilise">TPSEPT2023.Basic.testVariabilise</stat>
</suite>
</statistics>
<errors>
<msg time="2024-01-17T16:01:45.107064" level="ERROR">Error in file '/Users/dominiquemereaux/code/TPSEPT2023/Basic/testVariabilise.robot' on line 3: Library 'calcul_tarif.py' does not exist.</msg>
<msg time="2024-01-17T16:01:45.108544" level="WARN">Error in file '/Users/dominiquemereaux/code/TPSEPT2023/Basic/bibli.resource' on line 23: The '[Return]' setting is deprecated. Use the 'RETURN' statement instead.</msg>
<msg time="2024-01-17T16:01:45.110274" level="ERROR">Error in file '/Users/dominiquemereaux/code/TPSEPT2023/Basic/bibli.resource' on line 3: Importing library 'calcul.MaLibrairie2' failed: ModuleNotFoundError: No module named 'calcul'
Traceback (most recent call last):
  None
PYTHONPATH:
  /opt/homebrew/bin
  /opt/homebrew/Cellar/python@3.11/3.11.6/Frameworks/Python.framework/Versions/3.11/lib/python311.zip
  /opt/homebrew/Cellar/python@3.11/3.11.6/Frameworks/Python.framework/Versions/3.11/lib/python3.11
  /opt/homebrew/Cellar/python@3.11/3.11.6/Frameworks/Python.framework/Versions/3.11/lib/python3.11/lib-dynload
  /opt/homebrew/lib/python3.11/site-packages
  /opt/homebrew/lib/python3.11/site-packages/gpg-1.22.0-py3.11-macosx-12-arm64.egg
  /opt/homebrew/opt/python-tk@3.11/libexec</msg>
<msg time="2024-01-17T16:01:45.111760" level="ERROR">Error in file '/Users/dominiquemereaux/code/TPSEPT2023/Basic/bibli.resource' on line 4: Importing library 'calcul.MaLibrairie' failed: ModuleNotFoundError: No module named 'calcul'
Traceback (most recent call last):
  None
PYTHONPATH:
  /opt/homebrew/bin
  /opt/homebrew/Cellar/python@3.11/3.11.6/Frameworks/Python.framework/Versions/3.11/lib/python311.zip
  /opt/homebrew/Cellar/python@3.11/3.11.6/Frameworks/Python.framework/Versions/3.11/lib/python3.11
  /opt/homebrew/Cellar/python@3.11/3.11.6/Frameworks/Python.framework/Versions/3.11/lib/python3.11/lib-dynload
  /opt/homebrew/lib/python3.11/site-packages
  /opt/homebrew/lib/python3.11/site-packages/gpg-1.22.0-py3.11-macosx-12-arm64.egg
  /opt/homebrew/opt/python-tk@3.11/libexec</msg>
</errors>
</robot>
