==============================================================================
TPSEPT2023                                                                    
==============================================================================
TPSEPT2023.Basic                                                              
==============================================================================
TPSEPT2023.Basic.testVariabilise :: Ma suite qui fait pas grand chose         
==============================================================================
test avec 12 ans                                                        
  Traceback (most recent call last):
    ~~~~~~~~~~~~~~~~~~~~~~~~~~~~~~~~~~~~~~~~~~~~~~~~~~~~~~~~~~~~~~~~~~~~~~~~~~
    File  /Users/dominiquemereaux/code/TPSEPT2023/Basic/testVariabilise.robot:8
    T:  test avec 12 ans    
    ~~~~~~~~~~~~~~~~~~~~~~~~~~~~~~~~~~~~~~~~~~~~~~~~~~~~~~~~~~~~~~~~~~~~~~~~~~
    File  /Users/dominiquemereaux/code/TPSEPT2023/Basic/testVariabilise.robot:8
      verification    12    plein tarif
    ~~~~~~~~~~~~~~~~~~~~~~~~~~~~~~~~~~~~~~~~~~~~~~~~~~~~~~~~~~~~~~~~~~~~~~~~~~
    File  /Users/dominiquemereaux/code/TPSEPT2023/Basic/bibli.resource:13
      Nouveau Nom    ${age}
      |  ${age} = 12 (str)
______________________________________________________________________________
| FAIL |
No keyword with name 'Nouveau Nom' found.
------------------------------------------------------------------------------
Test avec 6 ans                                                         
  Traceback (most recent call last):
    ~~~~~~~~~~~~~~~~~~~~~~~~~~~~~~~~~~~~~~~~~~~~~~~~~~~~~~~~~~~~~~~~~~~~~~~~~~
    File  /Users/dominiquemereaux/code/TPSEPT2023/Basic/testVariabilise.robot:9
    T:  Test avec 6 ans    
    ~~~~~~~~~~~~~~~~~~~~~~~~~~~~~~~~~~~~~~~~~~~~~~~~~~~~~~~~~~~~~~~~~~~~~~~~~~
    File  /Users/dominiquemereaux/code/TPSEPT2023/Basic/testVariabilise.robot:9
      verification    6    demi tarif
    ~~~~~~~~~~~~~~~~~~~~~~~~~~~~~~~~~~~~~~~~~~~~~~~~~~~~~~~~~~~~~~~~~~~~~~~~~~
    File  /Users/dominiquemereaux/code/TPSEPT2023/Basic/bibli.resource:13
      Nouveau Nom    ${age}
      |  ${age} = 6 (str)
______________________________________________________________________________
| FAIL |
No keyword with name 'Nouveau Nom' found.
------------------------------------------------------------------------------
TPSEPT2023.Basic.testVariabilise :: Ma suite qui fait pas grand chose | FAIL |
2 tests, 0 passed, 2 failed
==============================================================================
TPSEPT2023.Basic                                                      | FAIL |
2 tests, 0 passed, 2 failed
==============================================================================
TPSEPT2023                                                            | FAIL |
2 tests, 0 passed, 2 failed
==============================================================================
Output:  /Users/dominiquemereaux/code/TPSEPT2023/pabot_results/7/output.xml
