<?xml version="1.0" encoding="UTF-8"?>
<robot generator="Robot 7.0 (Python 3.11.6 on darwin)" generated="2024-07-17T09:58:49.082185" rpa="false" schemaversion="5">
<suite id="s1" name="TPSEPT2023" source="/Users/dominiquemereaux/code/TPSEPT2023">
<suite id="s1-s1" name="Web3" source="/Users/dominiquemereaux/code/TPSEPT2023/web3">
<kw name="init web" type="SETUP">
<kw name="Log To Console" owner="BuiltIn">
<arg>INIT_ROBOT</arg>
<doc>Logs the given message to the console.</doc>
<status status="PASS" start="2024-07-17T09:58:49.120296" elapsed="0.000415"/>
</kw>
<status status="PASS" start="2024-07-17T09:58:49.119730" elapsed="0.001516"/>
</kw>
<suite id="s1-s1-s1" name="Prestashop" source="/Users/dominiquemereaux/code/TPSEPT2023/web3/prestashop.robot">
<test id="s1-s1-s1-t1" name="Test de la librairie" line="44">
<kw name="Ouvrir Prestashop" owner="motClefPresta" type="SETUP">
<kw name="Open Browser" owner="ma_lib_selenium">
<msg time="2024-07-17T09:58:49.242459" level="INFO">Opening browser 'gc' to base url 'http://www.qualifiez.fr/monPrestashop2/prestashop/index.php'.</msg>
<arg>${URL}</arg>
<arg>${NAVIGATEUR}</arg>
<arg>executable_path=${PATH_GC}</arg>
<doc>Opens a new browser instance to the optional ``url``.</doc>
<status status="PASS" start="2024-07-17T09:58:49.242120" elapsed="16.355146"/>
</kw>
<kw name="Title Should Be" owner="ma_lib_selenium">
<msg time="2024-07-17T09:59:06.004539" level="INFO">Page title is 'monPrestashop'.</msg>
<arg>monPrestashop</arg>
<doc>Verifies that the current page title equals ``title``.</doc>
<status status="PASS" start="2024-07-17T09:59:05.597781" elapsed="0.407169"/>
</kw>
<status status="PASS" start="2024-07-17T09:58:49.241535" elapsed="16.763605"/>
</kw>
<kw name="Ma Fonction" owner="ma_lib_selenium">
<status status="PASS" start="2024-07-17T09:59:06.005584" elapsed="0.510627"/>
</kw>
<kw name="Fermer Prestashop" owner="motClefPresta" type="TEARDOWN">
<kw name="Close Browser" owner="ma_lib_selenium">
<doc>Closes the current browser.</doc>
<status status="PASS" start="2024-07-17T09:59:06.517804" elapsed="0.101127"/>
</kw>
<status status="PASS" start="2024-07-17T09:59:06.517364" elapsed="0.101860"/>
</kw>
<status status="PASS" start="2024-07-17T09:58:49.240890" elapsed="17.378519"/>
</test>
<status status="PASS" start="2024-07-17T09:58:49.121880" elapsed="17.498346"/>
</suite>
<status status="PASS" start="2024-07-17T09:58:49.116531" elapsed="17.505584"/>
</suite>
<status status="PASS" start="2024-07-17T09:58:49.087986" elapsed="17.534842"/>
</suite>
<statistics>
<total>
<stat pass="1" fail="0" skip="0">All Tests</stat>
</total>
<tag>
</tag>
<suite>
<stat pass="1" fail="0" skip="0" id="s1" name="TPSEPT2023">TPSEPT2023</stat>
<stat pass="1" fail="0" skip="0" id="s1-s1" name="Web3">TPSEPT2023.Web3</stat>
<stat pass="1" fail="0" skip="0" id="s1-s1-s1" name="Prestashop">TPSEPT2023.Web3.Prestashop</stat>
</suite>
</statistics>
<errors>
</errors>
</robot>
