<?xml version="1.0" encoding="UTF-8"?>
<robot generator="Robot 7.2.2 (Python 3.13.2 on darwin)" generated="2025-04-17T10:21:54.605266" rpa="false" schemaversion="5">
<suite id="s1" name="TPSEPT2023" source="/Users/dominiquemereaux/code/TPSEPT2023">
<suite id="s1-s1" name="Rest3" source="/Users/dominiquemereaux/code/TPSEPT2023/rest3">
<suite id="s1-s1-s1" name="chuckNorris" source="/Users/dominiquemereaux/code/TPSEPT2023/rest3/chuckNorris.robot">
<kw name="Session Chuck" owner="chuckNorris" type="SETUP">
<kw name="Create Session" owner="RequestsLibrary">
<msg time="2025-04-17T10:21:54.746375" level="INFO">Creating Session using : alias=Chuck, url=https://api.chucknorris.io/, headers={},                     cookies={}, auth=None, timeout=None, proxies=None, verify=False,                     debug=0 </msg>
<arg>${SESSION_NAME}</arg>
<arg>${ENDPOINT}</arg>
<arg>disable_warnings=True</arg>
<doc>Create Session: create a HTTP session to a server</doc>
<status status="PASS" start="2025-04-17T10:21:54.746063" elapsed="0.000543"/>
</kw>
<status status="PASS" start="2025-04-17T10:21:54.745608" elapsed="0.001110"/>
</kw>
<test id="s1-s1-s1-t1" name="test embedded 2" line="59">
<variable name="@{list}">
<msg time="2025-04-17T10:21:54.747307" level="INFO">@{list} = [ science | animal ]</msg>
<var>science</var>
<var>animal</var>
<status status="PASS" start="2025-04-17T10:21:54.747190" elapsed="0.000188"/>
</variable>
<kw name="Afficher des blagues avec les catégories @{list} :" owner="chuckNorris" source_name="Afficher des blagues avec les catégories ${list} :">
<for flavor="IN">
<iter>
<kw name="GET On Session" owner="RequestsLibrary">
<msg time="2025-04-17T10:21:54.907674" level="INFO">GET Request : url=https://api.chucknorris.io/jokes/random?category=science 
 path_url=/jokes/random?category=science 
 headers={'User-Agent': 'python-requests/2.32.3', 'Accept-Encoding': 'gzip, deflate', 'Accept': '*/*', 'Connection': 'keep-alive'} 
 body=None 
 </msg>
<msg time="2025-04-17T10:21:54.907909" level="INFO">GET Response : url=https://api.chucknorris.io/jokes/random?category=science 
 status=200, reason=OK 
 headers={'Date': 'Thu, 17 Apr 2025 08:21:54 GMT', 'Content-Type': 'application/json', 'Transfer-Encoding': 'chunked', 'Connection': 'keep-alive', 'Server': 'cloudflare', 'Report-To': '{"group":"heroku-nel","max_age":3600,"endpoints":[{"url":"https://nel.heroku.com/reports?ts=1744878114&amp;sid=812dcc77-0bd0-43b1-a5f1-b25750382959&amp;s=wOy%2BeEYVhmTb2%2B2u1jGbs8ezWD%2BO8W8eNAiA3GniZQc%3D"}]}', 'Reporting-Endpoints': 'heroku-nel=https://nel.heroku.com/reports?ts=1744878114&amp;sid=812dcc77-0bd0-43b1-a5f1-b25750382959&amp;s=wOy%2BeEYVhmTb2%2B2u1jGbs8ezWD%2BO8W8eNAiA3GniZQc%3D', 'Nel': '{"report_to":"heroku-nel","max_age":3600,"success_fraction":0.005,"failure_fraction":0.05,"response_headers":["Via"]}', 'Vary': 'Origin, Access-Control-Request-Method, Access-Control-Request-Headers', 'Via': '1.1 vegur', 'Cf-Cache-Status': 'DYNAMIC', 'Content-Encoding': 'gzip', 'CF-RAY': '931a82f9fb1ef0db-CDG', 'alt-svc': 'h3=":443"; ma=86400'} 
 body={"categories":["science"],"created_at":"2020-01-05 13:42:19.324003","icon_url":"https://api.chucknorris.io/img/avatar/chuck-norris.png","id":"jtibnb-mtuyluzqrwtodzw","updated_at":"2020-01-05 13:42:19.324003","url":"https://api.chucknorris.io/jokes/jtibnb-mtuyluzqrwtodzw","value":"Chuck Norris can divide by zero."} 
 </msg>
<msg time="2025-04-17T10:21:54.908090" level="INFO">${resp1} = &lt;Response [200]&gt;</msg>
<var>${resp1}</var>
<arg>${SESSION_NAME}</arg>
<arg>${BLAGUE_AU_HASARD}</arg>
<arg>params=category=${elt}</arg>
<arg>expected_status=200</arg>
<doc>Sends a GET request on a previously created HTTP Session.</doc>
<status status="PASS" start="2025-04-17T10:21:54.748152" elapsed="0.160011"/>
</kw>
<kw name="Log To Console" owner="BuiltIn">
<arg>${resp1.json()}[value]</arg>
<doc>Logs the given message to the console.</doc>
<status status="PASS" start="2025-04-17T10:21:54.908375" elapsed="0.000782"/>
</kw>
<var name="${elt}">science</var>
<status status="PASS" start="2025-04-17T10:21:54.748041" elapsed="0.161216"/>
</iter>
<iter>
<kw name="GET On Session" owner="RequestsLibrary">
<msg time="2025-04-17T10:21:55.006150" level="INFO">GET Request : url=https://api.chucknorris.io/jokes/random?category=animal 
 path_url=/jokes/random?category=animal 
 headers={'User-Agent': 'python-requests/2.32.3', 'Accept-Encoding': 'gzip, deflate', 'Accept': '*/*', 'Connection': 'keep-alive'} 
 body=None 
 </msg>
<msg time="2025-04-17T10:21:55.006615" level="INFO">GET Response : url=https://api.chucknorris.io/jokes/random?category=animal 
 status=200, reason=OK 
 headers={'Date': 'Thu, 17 Apr 2025 08:21:55 GMT', 'Content-Type': 'application/json', 'Transfer-Encoding': 'chunked', 'Connection': 'keep-alive', 'Server': 'cloudflare', 'Report-To': '{"group":"heroku-nel","max_age":3600,"endpoints":[{"url":"https://nel.heroku.com/reports?ts=1744878115&amp;sid=812dcc77-0bd0-43b1-a5f1-b25750382959&amp;s=rWJ1D5ryGI2VmmtcfgwLatmNPJ004ONMghrMNO%2BQdtw%3D"}]}', 'Reporting-Endpoints': 'heroku-nel=https://nel.heroku.com/reports?ts=1744878115&amp;sid=812dcc77-0bd0-43b1-a5f1-b25750382959&amp;s=rWJ1D5ryGI2VmmtcfgwLatmNPJ004ONMghrMNO%2BQdtw%3D', 'Nel': '{"report_to":"heroku-nel","max_age":3600,"success_fraction":0.005,"failure_fraction":0.05,"response_headers":["Via"]}', 'Vary': 'Origin, Access-Control-Request-Method, Access-Control-Request-Headers', 'Via': '1.1 vegur', 'Cf-Cache-Status': 'DYNAMIC', 'Content-Encoding': 'gzip', 'CF-RAY': '931a82faabaaf0db-CDG', 'alt-svc': 'h3=":443"; ma=86400'} 
 body={"categories":["animal"],"created_at":"2020-01-05 13:42:19.576875","icon_url":"https://api.chucknorris.io/img/avatar/chuck-norris.png","id":"xwjic1sws_yohsfefndaiw","updated_at":"2020-01-05 13:42:19.576875","url":"https://api.chucknorris.io/jokes/xwjic1sws_yohsfefndaiw","value":"Chuck Norris once kicked a horse in the chin. Its decendants are known today as Giraffes."} 
 </msg>
<msg time="2025-04-17T10:21:55.007020" level="INFO">${resp1} = &lt;Response [200]&gt;</msg>
<var>${resp1}</var>
<arg>${SESSION_NAME}</arg>
<arg>${BLAGUE_AU_HASARD}</arg>
<arg>params=category=${elt}</arg>
<arg>expected_status=200</arg>
<doc>Sends a GET request on a previously created HTTP Session.</doc>
<status status="PASS" start="2025-04-17T10:21:54.909606" elapsed="0.097551"/>
</kw>
<kw name="Log To Console" owner="BuiltIn">
<arg>${resp1.json()}[value]</arg>
<doc>Logs the given message to the console.</doc>
<status status="PASS" start="2025-04-17T10:21:55.007482" elapsed="0.000947"/>
</kw>
<var name="${elt}">animal</var>
<status status="PASS" start="2025-04-17T10:21:54.909390" elapsed="0.099227"/>
</iter>
<var>${elt}</var>
<value>@{list}</value>
<status status="PASS" start="2025-04-17T10:21:54.747903" elapsed="0.260831"/>
</for>
<status status="PASS" start="2025-04-17T10:21:54.747655" elapsed="0.261251"/>
</kw>
<status status="PASS" start="2025-04-17T10:21:54.746798" elapsed="0.262565"/>
</test>
<kw name="Fermer session chuck" owner="chuckNorris" type="TEARDOWN">
<kw name="Delete All Sessions" owner="RequestsLibrary">
<msg time="2025-04-17T10:21:55.010552" level="INFO">Deleting All Sessions</msg>
<doc>Removes all the session objects</doc>
<status status="PASS" start="2025-04-17T10:21:55.010438" elapsed="0.000284"/>
</kw>
<status status="PASS" start="2025-04-17T10:21:55.010020" elapsed="0.000802"/>
</kw>
<doc>type de terminal xterm-256color</doc>
<status status="PASS" start="2025-04-17T10:21:54.622362" elapsed="0.388515"/>
</suite>
<status status="PASS" start="2025-04-17T10:21:54.621093" elapsed="0.390640"/>
</suite>
<status status="PASS" start="2025-04-17T10:21:54.608466" elapsed="0.404152"/>
</suite>
<statistics>
<total>
<stat pass="1" fail="0" skip="0">All Tests</stat>
</total>
<tag>
</tag>
<suite>
<stat name="TPSEPT2023" id="s1" pass="1" fail="0" skip="0">TPSEPT2023</stat>
<stat name="Rest3" id="s1-s1" pass="1" fail="0" skip="0">TPSEPT2023.Rest3</stat>
<stat name="chuckNorris" id="s1-s1-s1" pass="1" fail="0" skip="0">TPSEPT2023.Rest3.chuckNorris</stat>
</suite>
</statistics>
<errors>
</errors>
</robot>
