<?xml version="1.0" encoding="UTF-8"?>
<robot generator="Robot 7.2.2 (Python 3.13.2 on darwin)" generated="2025-04-02T12:42:46.285824" rpa="false" schemaversion="5">
<suite id="s1" name="TPSEPT2023" source="/Users/dominiquemereaux/code/TPSEPT2023">
<suite id="s1-s1" name="Bibli" source="/Users/dominiquemereaux/code/TPSEPT2023/bibli">
<suite id="s1-s1-s1" name="Tarif7" source="/Users/dominiquemereaux/code/TPSEPT2023/bibli/tarif7.robot">
<test id="s1-s1-s1-t1" name="test en error" line="17">
<kw name="Comparer 2 Valeurs" owner="tarif7">
<msg time="2025-04-02T12:42:46.300417" level="FAIL">la comparaison a echoueé</msg>
<status status="FAIL" start="2025-04-02T12:42:46.300262" elapsed="0.000561">la comparaison a echoueé</status>
</kw>
<status status="FAIL" start="2025-04-02T12:42:46.299722" elapsed="0.001503">la comparaison a echoueé</status>
</test>
<status status="FAIL" start="2025-04-02T12:42:46.296966" elapsed="0.004615"/>
</suite>
<status status="FAIL" start="2025-04-02T12:42:46.296240" elapsed="0.006146"/>
</suite>
<status status="FAIL" start="2025-04-02T12:42:46.288322" elapsed="0.015210"/>
</suite>
<statistics>
<total>
<stat pass="0" fail="1" skip="0">All Tests</stat>
</total>
<tag>
</tag>
<suite>
<stat name="TPSEPT2023" id="s1" pass="0" fail="1" skip="0">TPSEPT2023</stat>
<stat name="Bibli" id="s1-s1" pass="0" fail="1" skip="0">TPSEPT2023.Bibli</stat>
<stat name="Tarif7" id="s1-s1-s1" pass="0" fail="1" skip="0">TPSEPT2023.Bibli.Tarif7</stat>
</suite>
</statistics>
<errors>
</errors>
</robot>
