<?xml version="1.0" encoding="UTF-8"?>
<robot generator="Robot 7.0.1 (Python 3.10.7 on darwin)" generated="2025-03-07T16:04:34.168274" rpa="false" schemaversion="5">
<suite id="s1" name="TPSEPT2023" source="/Users/dominiquemereaux/code/TPSEPT2023">
<suite id="s1-s1" name="Basic" source="/Users/dominiquemereaux/code/TPSEPT2023/Basic">
<kw name="Log To Console" owner="BuiltIn" type="SETUP">
<arg>SUITE SETUP FOR BASIC</arg>
<doc>Logs the given message to the console.</doc>
<status status="PASS" start="2025-03-07T16:04:34.191863" elapsed="0.000510"/>
</kw>
<suite id="s1-s1-s1" name="Testvar" source="/Users/dominiquemereaux/code/TPSEPT2023/Basic/testvar.robot">
<test id="s1-s1-s1-t1" name="test1" line="5">
<kw name="Comparer un entier avec une chaine 2">
<kw name="Should Be Equal As Integers" owner="BuiltIn">
<msg time="2025-03-07T16:04:34.194901" level="INFO">Argument types are:
&lt;class 'str'&gt;
&lt;class 'int'&gt;</msg>
<arg>${arg1}</arg>
<arg>${arg2}</arg>
<doc>Fails if objects are unequal after converting them to integers.</doc>
<status status="PASS" start="2025-03-07T16:04:34.194652" elapsed="0.000664"/>
</kw>
<arg>80</arg>
<arg>${80}</arg>
<status status="PASS" start="2025-03-07T16:04:34.194098" elapsed="0.001331"/>
</kw>
<doc>jeux1</doc>
<status status="PASS" start="2025-03-07T16:04:34.193492" elapsed="0.002216"/>
</test>
<test id="s1-s1-s1-t2" name="test2" line="7">
<kw name="Comparer un entier avec une chaine 2">
<kw name="Should Be Equal As Integers" owner="BuiltIn">
<msg time="2025-03-07T16:04:34.197646" level="INFO">Argument types are:
&lt;class 'str'&gt;
&lt;class 'int'&gt;</msg>
<arg>${arg1}</arg>
<arg>${arg2}</arg>
<doc>Fails if objects are unequal after converting them to integers.</doc>
<status status="PASS" start="2025-03-07T16:04:34.197353" elapsed="0.000425"/>
</kw>
<arg>90</arg>
<arg>${90}</arg>
<status status="PASS" start="2025-03-07T16:04:34.196758" elapsed="0.001134"/>
</kw>
<doc>jeux2</doc>
<status status="PASS" start="2025-03-07T16:04:34.196189" elapsed="0.001969"/>
</test>
<status status="PASS" start="2025-03-07T16:04:34.192497" elapsed="0.006263"/>
</suite>
<status status="PASS" start="2025-03-07T16:04:34.190079" elapsed="0.009995"/>
</suite>
<status status="PASS" start="2025-03-07T16:04:34.172609" elapsed="0.028541"/>
</suite>
<statistics>
<total>
<stat pass="2" fail="0" skip="0">All Tests</stat>
</total>
<tag>
</tag>
<suite>
<stat pass="2" fail="0" skip="0" id="s1" name="TPSEPT2023">TPSEPT2023</stat>
<stat pass="2" fail="0" skip="0" id="s1-s1" name="Basic">TPSEPT2023.Basic</stat>
<stat pass="2" fail="0" skip="0" id="s1-s1-s1" name="Testvar">TPSEPT2023.Basic.Testvar</stat>
</suite>
</statistics>
<errors>
</errors>
</robot>
