<?xml version="1.0" encoding="UTF-8"?>
<robot generator="Robot 7.2.2 (Python 3.13.2 on darwin)" generated="2025-03-31T15:52:25.550001" rpa="false" schemaversion="5">
<suite id="s1" name="TPSEPT2023" source="/Users/dominiquemereaux/code/TPSEPT2023">
<suite id="s1-s1" name="Basic" source="/Users/dominiquemereaux/code/TPSEPT2023/Basic">
<kw name="Log To Console" owner="BuiltIn" type="SETUP">
<arg>SUITE SETUP FOR BASIC</arg>
<doc>Logs the given message to the console.</doc>
<status status="PASS" start="2025-03-31T15:52:25.594608" elapsed="0.001417"/>
</kw>
<suite id="s1-s1-s1" name="premierPas" source="/Users/dominiquemereaux/code/TPSEPT2023/Basic/premierPas.robot">
<kw name="debut de suite" type="SETUP">
<kw name="Log To Console" owner="BuiltIn">
<arg>${\n}debut de la suite</arg>
<doc>Logs the given message to the console.</doc>
<status status="PASS" start="2025-03-31T15:52:25.625641" elapsed="0.001039"/>
</kw>
<kw name="Create Dictionary" owner="BuiltIn">
<msg time="2025-03-31T15:52:25.628395" level="INFO">&amp;{proxy} = { nom=toto | motdepasse=titi }</msg>
<var>&amp;{proxy}</var>
<arg>nom=${nom}</arg>
<arg>motdepasse=${mdp}</arg>
<doc>Creates and returns a dictionary based on the given ``items``.</doc>
<status status="PASS" start="2025-03-31T15:52:25.627026" elapsed="0.002177"/>
</kw>
<status status="PASS" start="2025-03-31T15:52:25.624304" elapsed="0.005125"/>
</kw>
<test id="s1-s1-s1-t1" name="evaluation" line="36">
<kw name="debut de test" type="SETUP">
<kw name="Log To Console" owner="BuiltIn">
<arg>${\n}debut du test: ${TEST_NAME}</arg>
<doc>Logs the given message to the console.</doc>
<status status="PASS" start="2025-03-31T15:52:25.631240" elapsed="0.000617"/>
</kw>
<kw name="Log To Console" owner="BuiltIn">
<arg>initialisation de la liaison serie</arg>
<doc>Logs the given message to the console.</doc>
<status status="PASS" start="2025-03-31T15:52:25.632120" elapsed="0.000295"/>
</kw>
<status status="PASS" start="2025-03-31T15:52:25.630573" elapsed="0.002015"/>
</kw>
<kw name="Evaluate" owner="BuiltIn">
<msg time="2025-03-31T15:52:25.633168" level="INFO">${toto} = False</msg>
<var>${toto}</var>
<arg>"/Users/dominiquemereaux/code/TPSEPT2023/Basic"==""</arg>
<doc>Evaluates the given expression in Python and returns the result.</doc>
<status status="PASS" start="2025-03-31T15:52:25.632852" elapsed="0.000468"/>
</kw>
<kw name="Log To Console" owner="BuiltIn">
<arg>${toto}</arg>
<doc>Logs the given message to the console.</doc>
<status status="PASS" start="2025-03-31T15:52:25.633625" elapsed="0.000460"/>
</kw>
<kw name="Run Keyword If Test Failed" owner="BuiltIn" type="TEARDOWN">
<arg>Log to console</arg>
<arg>Ca a planté</arg>
<doc>Runs the given keyword with the given arguments, if the test failed.</doc>
<status status="PASS" start="2025-03-31T15:52:25.634671" elapsed="0.000416"/>
</kw>
<tag>toto</tag>
<status status="PASS" start="2025-03-31T15:52:25.629588" elapsed="0.005821"/>
</test>
<test id="s1-s1-s1-t2" name="TP1" line="39">
<kw name="debut de test" type="SETUP">
<kw name="Log To Console" owner="BuiltIn">
<arg>${\n}debut du test: ${TEST_NAME}</arg>
<doc>Logs the given message to the console.</doc>
<status status="PASS" start="2025-03-31T15:52:25.637923" elapsed="0.000772"/>
</kw>
<kw name="Log To Console" owner="BuiltIn">
<arg>initialisation de la liaison serie</arg>
<doc>Logs the given message to the console.</doc>
<status status="PASS" start="2025-03-31T15:52:25.639075" elapsed="0.000598"/>
</kw>
<status status="PASS" start="2025-03-31T15:52:25.637326" elapsed="0.002948"/>
</kw>
<kw name="Log To Console" owner="BuiltIn">
<arg>Bonjour les amis</arg>
<doc>Logs the given message to the console.</doc>
<status status="PASS" start="2025-03-31T15:52:25.640571" elapsed="0.000268"/>
</kw>
<kw name="Run Keyword If Test Failed" owner="BuiltIn" type="TEARDOWN">
<arg>Log to console</arg>
<arg>Ca a planté</arg>
<doc>Runs the given keyword with the given arguments, if the test failed.</doc>
<status status="PASS" start="2025-03-31T15:52:25.641099" elapsed="0.000221"/>
</kw>
<tag>critique</tag>
<tag>regression</tag>
<tag>toto</tag>
<status status="PASS" start="2025-03-31T15:52:25.636273" elapsed="0.005163"/>
</test>
<test id="s1-s1-s1-t3" name="TP1 Optionnel" line="45">
<tag>robot:skip</tag>
<tag>toto</tag>
<status status="SKIP" start="2025-03-31T15:52:25.642362" elapsed="0.000923">Test skipped using 'robot:skip' tag.</status>
</test>
<test id="s1-s1-s1-t4" name="TP2: test des mot cles" line="52">
<kw name="debut de test" type="SETUP">
<kw name="Log To Console" owner="BuiltIn">
<arg>${\n}debut du test: ${TEST_NAME}</arg>
<doc>Logs the given message to the console.</doc>
<status status="PASS" start="2025-03-31T15:52:25.646667" elapsed="0.000871"/>
</kw>
<kw name="Log To Console" owner="BuiltIn">
<arg>initialisation de la liaison serie</arg>
<doc>Logs the given message to the console.</doc>
<status status="PASS" start="2025-03-31T15:52:25.647837" elapsed="0.000392"/>
</kw>
<status status="PASS" start="2025-03-31T15:52:25.645822" elapsed="0.002682"/>
</kw>
<kw name="mot clef simple">
<kw name="Log To Console" owner="BuiltIn">
<arg>toto</arg>
<doc>Logs the given message to the console.</doc>
<status status="PASS" start="2025-03-31T15:52:25.649762" elapsed="0.000356"/>
</kw>
<kw name="Log To Console" owner="BuiltIn">
<arg>titi</arg>
<doc>Logs the given message to the console.</doc>
<status status="PASS" start="2025-03-31T15:52:25.650326" elapsed="0.000347"/>
</kw>
<doc>CECI EST UN MOT CLEF</doc>
<status status="PASS" start="2025-03-31T15:52:25.649167" elapsed="0.001746"/>
</kw>
<kw name="mot clef avec Argument">
<kw name="Log To Console" owner="BuiltIn">
<arg>${toto}</arg>
<doc>Logs the given message to the console.</doc>
<status status="PASS" start="2025-03-31T15:52:25.651882" elapsed="0.001709"/>
</kw>
<arg>un mot clef simple</arg>
<doc>CECI EST UN MOT CLEF</doc>
<status status="PASS" start="2025-03-31T15:52:25.651321" elapsed="0.002528"/>
</kw>
<kw name="Run Keyword If Test Failed" owner="BuiltIn" type="TEARDOWN">
<arg>Log to console</arg>
<arg>Ca a planté</arg>
<doc>Runs the given keyword with the given arguments, if the test failed.</doc>
<status status="PASS" start="2025-03-31T15:52:25.654168" elapsed="0.000266"/>
</kw>
<doc>cas de test 1</doc>
<tag>toto</tag>
<status status="PASS" start="2025-03-31T15:52:25.644099" elapsed="0.010494"/>
</test>
<test id="s1-s1-s1-t5" name="TP2-1 : mot clef avec plusieurs arguments et 1 sortie" line="57">
<kw name="debut de test" type="SETUP">
<kw name="Log To Console" owner="BuiltIn">
<arg>${\n}debut du test: ${TEST_NAME}</arg>
<doc>Logs the given message to the console.</doc>
<status status="PASS" start="2025-03-31T15:52:25.657559" elapsed="0.000709"/>
</kw>
<kw name="Log To Console" owner="BuiltIn">
<arg>initialisation de la liaison serie</arg>
<doc>Logs the given message to the console.</doc>
<status status="PASS" start="2025-03-31T15:52:25.658518" elapsed="0.000400"/>
</kw>
<status status="PASS" start="2025-03-31T15:52:25.656928" elapsed="0.002318"/>
</kw>
<kw name="Mot clef complexe">
<kw name="Log To Console" owner="BuiltIn">
<arg>${arg1}</arg>
<doc>Logs the given message to the console.</doc>
<status status="PASS" start="2025-03-31T15:52:25.660860" elapsed="0.000594"/>
</kw>
<kw name="Log To Console" owner="BuiltIn">
<arg>${arg2}</arg>
<doc>Logs the given message to the console.</doc>
<status status="PASS" start="2025-03-31T15:52:25.661788" elapsed="0.000861"/>
</kw>
<return>
<value>${arg1}</value>
<status status="PASS" start="2025-03-31T15:52:25.662826" elapsed="0.000196"/>
</return>
<msg time="2025-03-31T15:52:25.663354" level="INFO">${sortie} = toto</msg>
<var>${sortie}</var>
<arg>toto</arg>
<arg>titi</arg>
<doc>ceci est un mot cle propriétaire</doc>
<status status="PASS" start="2025-03-31T15:52:25.659966" elapsed="0.003910"/>
</kw>
<kw name="Log To Console" owner="BuiltIn">
<arg>sortie :${sortie}</arg>
<doc>Logs the given message to the console.</doc>
<status status="PASS" start="2025-03-31T15:52:25.664501" elapsed="0.000504"/>
</kw>
<kw name="Run Keyword If Test Failed" owner="BuiltIn" type="TEARDOWN">
<arg>Log to console</arg>
<arg>Ca a planté</arg>
<doc>Runs the given keyword with the given arguments, if the test failed.</doc>
<status status="PASS" start="2025-03-31T15:52:25.665686" elapsed="0.000275"/>
</kw>
<tag>toto</tag>
<status status="PASS" start="2025-03-31T15:52:25.655044" elapsed="0.012025"/>
</test>
<test id="s1-s1-s1-t6" name="TP2-3 valeur optionnelles" line="62">
<kw name="debut de test" type="SETUP">
<kw name="Log To Console" owner="BuiltIn">
<arg>${\n}debut du test: ${TEST_NAME}</arg>
<doc>Logs the given message to the console.</doc>
<status status="PASS" start="2025-03-31T15:52:25.669757" elapsed="0.000628"/>
</kw>
<kw name="Log To Console" owner="BuiltIn">
<arg>initialisation de la liaison serie</arg>
<doc>Logs the given message to the console.</doc>
<status status="PASS" start="2025-03-31T15:52:25.670783" elapsed="0.000295"/>
</kw>
<status status="PASS" start="2025-03-31T15:52:25.669065" elapsed="0.002348"/>
</kw>
<kw name="mot clef avec Arguments">
<return>
<value>j'affiche ${toto} ${opt}</value>
<status status="PASS" start="2025-03-31T15:52:25.672493" elapsed="0.000297"/>
</return>
<msg time="2025-03-31T15:52:25.673049" level="INFO">${sortie} = j'affiche machin titi</msg>
<var>${sortie}</var>
<arg>machin</arg>
<doc>CECI EST UN MOT CLEF</doc>
<status status="PASS" start="2025-03-31T15:52:25.671960" elapsed="0.001406"/>
</kw>
<kw name="Log To Console" owner="BuiltIn">
<arg>${sortie}</arg>
<doc>Logs the given message to the console.</doc>
<status status="PASS" start="2025-03-31T15:52:25.673777" elapsed="0.000872"/>
</kw>
<kw name="mot clef avec Arguments">
<return>
<value>j'affiche ${toto} ${opt}</value>
<status status="PASS" start="2025-03-31T15:52:25.675735" elapsed="0.000172"/>
</return>
<msg time="2025-03-31T15:52:25.676338" level="INFO">${sortie} = j'affiche machin tutu</msg>
<var>${sortie}</var>
<arg>machin</arg>
<arg>tutu</arg>
<doc>CECI EST UN MOT CLEF</doc>
<status status="PASS" start="2025-03-31T15:52:25.675161" elapsed="0.001346"/>
</kw>
<kw name="Log To Console" owner="BuiltIn">
<arg>${sortie}</arg>
<doc>Logs the given message to the console.</doc>
<status status="PASS" start="2025-03-31T15:52:25.676750" elapsed="0.000300"/>
</kw>
<kw name="Run Keyword If Test Failed" owner="BuiltIn" type="TEARDOWN">
<arg>Log to console</arg>
<arg>Ca a planté</arg>
<doc>Runs the given keyword with the given arguments, if the test failed.</doc>
<status status="PASS" start="2025-03-31T15:52:25.677465" elapsed="0.000381"/>
</kw>
<tag>toto</tag>
<status status="PASS" start="2025-03-31T15:52:25.668150" elapsed="0.010410"/>
</test>
<test id="s1-s1-s1-t7" name="TP2-4 liste de valeurs en sortie" line="68">
<kw name="debut de test" type="SETUP">
<kw name="Log To Console" owner="BuiltIn">
<arg>${\n}debut du test: ${TEST_NAME}</arg>
<doc>Logs the given message to the console.</doc>
<status status="PASS" start="2025-03-31T15:52:25.680843" elapsed="0.000678"/>
</kw>
<kw name="Log To Console" owner="BuiltIn">
<arg>initialisation de la liaison serie</arg>
<doc>Logs the given message to the console.</doc>
<status status="PASS" start="2025-03-31T15:52:25.682682" elapsed="0.000701"/>
</kw>
<status status="PASS" start="2025-03-31T15:52:25.680296" elapsed="0.003249"/>
</kw>
<kw name="mot clef qui retourne plusieurs valeurs">
<return>
<value>val1</value>
<value>val2</value>
<status status="PASS" start="2025-03-31T15:52:25.684428" elapsed="0.000966"/>
</return>
<msg time="2025-03-31T15:52:25.685689" level="INFO">${S1} = val1</msg>
<msg time="2025-03-31T15:52:25.685883" level="INFO">${S2} = val2</msg>
<var>${S1}</var>
<var>${S2}</var>
<status status="PASS" start="2025-03-31T15:52:25.683853" elapsed="0.002111"/>
</kw>
<kw name="Log To Console" owner="BuiltIn">
<arg>sortie1:${S1} sortie2:${S2}</arg>
<doc>Logs the given message to the console.</doc>
<status status="PASS" start="2025-03-31T15:52:25.686318" elapsed="0.000697"/>
</kw>
<kw name="mot clef qui retourne plusieurs valeurs">
<return>
<value>val1</value>
<value>val2</value>
<status status="PASS" start="2025-03-31T15:52:25.688173" elapsed="0.000126"/>
</return>
<msg time="2025-03-31T15:52:25.688571" level="INFO">@{listeLocale} = [ val1 | val2 ]</msg>
<var>@{listeLocale}</var>
<status status="PASS" start="2025-03-31T15:52:25.687546" elapsed="0.001251"/>
</kw>
<for flavor="IN">
<iter>
<kw name="Log To Console" owner="BuiltIn">
<arg>${elt}</arg>
<doc>Logs the given message to the console.</doc>
<status status="PASS" start="2025-03-31T15:52:25.689950" elapsed="0.000437"/>
</kw>
<var name="${elt}">val1</var>
<status status="PASS" start="2025-03-31T15:52:25.689710" elapsed="0.000881"/>
</iter>
<iter>
<kw name="Log To Console" owner="BuiltIn">
<arg>${elt}</arg>
<doc>Logs the given message to the console.</doc>
<status status="PASS" start="2025-03-31T15:52:25.690916" elapsed="0.000567"/>
</kw>
<var name="${elt}">val2</var>
<status status="PASS" start="2025-03-31T15:52:25.690751" elapsed="0.000871"/>
</iter>
<var>${elt}</var>
<value>@{listeLocale}</value>
<status status="PASS" start="2025-03-31T15:52:25.689363" elapsed="0.002336"/>
</for>
<kw name="Run Keyword If Test Failed" owner="BuiltIn" type="TEARDOWN">
<arg>Log to console</arg>
<arg>Ca a planté</arg>
<doc>Runs the given keyword with the given arguments, if the test failed.</doc>
<status status="PASS" start="2025-03-31T15:52:25.692381" elapsed="0.000291"/>
</kw>
<tag>toto</tag>
<status status="PASS" start="2025-03-31T15:52:25.679099" elapsed="0.013760"/>
</test>
<test id="s1-s1-s1-t8" name="TP3 test variable globale" line="78">
<kw name="debut de test" type="SETUP">
<kw name="Log To Console" owner="BuiltIn">
<arg>${\n}debut du test: ${TEST_NAME}</arg>
<doc>Logs the given message to the console.</doc>
<status status="PASS" start="2025-03-31T15:52:25.695086" elapsed="0.000594"/>
</kw>
<kw name="Log To Console" owner="BuiltIn">
<arg>initialisation de la liaison serie</arg>
<doc>Logs the given message to the console.</doc>
<status status="PASS" start="2025-03-31T15:52:25.695890" elapsed="0.000238"/>
</kw>
<status status="PASS" start="2025-03-31T15:52:25.694590" elapsed="0.001653"/>
</kw>
<kw name="Log To Console" owner="BuiltIn">
<arg>site à tester: ${URL}</arg>
<doc>Logs the given message to the console.</doc>
<status status="PASS" start="2025-03-31T15:52:25.696638" elapsed="0.000404"/>
</kw>
<kw name="Log To Console" owner="BuiltIn">
<arg>${maListe}[1]</arg>
<doc>Logs the given message to the console.</doc>
<status status="PASS" start="2025-03-31T15:52:25.697342" elapsed="0.000295"/>
</kw>
<kw name="Log To Console" owner="BuiltIn">
<arg>ma liste @{maliste}</arg>
<doc>Logs the given message to the console.</doc>
<status status="PASS" start="2025-03-31T15:52:25.697947" elapsed="0.000239"/>
</kw>
<kw name="Log To Console" owner="BuiltIn">
<arg>Mon ${Mon Dict}[animal] s'appele ${Mon Dict}[nom]</arg>
<doc>Logs the given message to the console.</doc>
<status status="PASS" start="2025-03-31T15:52:25.698436" elapsed="0.000343"/>
</kw>
<kw name="Log To Console" owner="BuiltIn">
<arg>${Mon Dict.animal}</arg>
<doc>Logs the given message to the console.</doc>
<status status="PASS" start="2025-03-31T15:52:25.699251" elapsed="0.002255"/>
</kw>
<kw name="Run Keyword If Test Failed" owner="BuiltIn" type="TEARDOWN">
<arg>Log to console</arg>
<arg>Ca a planté</arg>
<doc>Runs the given keyword with the given arguments, if the test failed.</doc>
<status status="PASS" start="2025-03-31T15:52:25.703422" elapsed="0.000402"/>
</kw>
<tag>toto</tag>
<status status="PASS" start="2025-03-31T15:52:25.693455" elapsed="0.010569"/>
</test>
<test id="s1-s1-s1-t9" name="TP3-bis test variable globale" line="86">
<kw name="debut de test" type="SETUP">
<kw name="Log To Console" owner="BuiltIn">
<arg>${\n}debut du test: ${TEST_NAME}</arg>
<doc>Logs the given message to the console.</doc>
<status status="PASS" start="2025-03-31T15:52:25.706146" elapsed="0.000495"/>
</kw>
<kw name="Log To Console" owner="BuiltIn">
<arg>initialisation de la liaison serie</arg>
<doc>Logs the given message to the console.</doc>
<status status="PASS" start="2025-03-31T15:52:25.706855" elapsed="0.000489"/>
</kw>
<status status="PASS" start="2025-03-31T15:52:25.705739" elapsed="0.001735"/>
</kw>
<kw name="Set Test Variable" owner="BuiltIn">
<msg time="2025-03-31T15:52:25.708051" level="INFO">${URL} = http://toto.com</msg>
<arg>${URL}</arg>
<arg>http://toto.com</arg>
<doc>Makes a variable available everywhere within the scope of the current test.</doc>
<status status="PASS" start="2025-03-31T15:52:25.707662" elapsed="0.000550"/>
</kw>
<kw name="Log To Console" owner="BuiltIn">
<arg>site à tester: ${URL}</arg>
<doc>Logs the given message to the console.</doc>
<status status="PASS" start="2025-03-31T15:52:25.708771" elapsed="0.000517"/>
</kw>
<kw name="Run Keyword If Test Failed" owner="BuiltIn" type="TEARDOWN">
<arg>Log to console</arg>
<arg>Ca a planté</arg>
<doc>Runs the given keyword with the given arguments, if the test failed.</doc>
<status status="PASS" start="2025-03-31T15:52:25.709638" elapsed="0.000190"/>
</kw>
<tag>Regression</tag>
<tag>toto</tag>
<status status="PASS" start="2025-03-31T15:52:25.704701" elapsed="0.005292"/>
</test>
<test id="s1-s1-s1-t10" name="TP3-ter" line="91">
<kw name="debut de test" type="SETUP">
<kw name="Log To Console" owner="BuiltIn">
<arg>${\n}debut du test: ${TEST_NAME}</arg>
<doc>Logs the given message to the console.</doc>
<status status="PASS" start="2025-03-31T15:52:25.711873" elapsed="0.000560"/>
</kw>
<kw name="Log To Console" owner="BuiltIn">
<arg>initialisation de la liaison serie</arg>
<doc>Logs the given message to the console.</doc>
<status status="PASS" start="2025-03-31T15:52:25.712844" elapsed="0.000287"/>
</kw>
<status status="PASS" start="2025-03-31T15:52:25.711494" elapsed="0.001758"/>
</kw>
<kw name="Log To Console" owner="BuiltIn">
<arg>site à tester: ${URL}</arg>
<doc>Logs the given message to the console.</doc>
<status status="PASS" start="2025-03-31T15:52:25.713420" elapsed="0.000251"/>
</kw>
<kw name="Run Keyword If Test Failed" owner="BuiltIn" type="TEARDOWN">
<arg>Log to console</arg>
<arg>Ca a planté</arg>
<doc>Runs the given keyword with the given arguments, if the test failed.</doc>
<status status="PASS" start="2025-03-31T15:52:25.713894" elapsed="0.000149"/>
</kw>
<tag>Regression</tag>
<tag>toto</tag>
<status status="PASS" start="2025-03-31T15:52:25.710833" elapsed="0.003312"/>
</test>
<test id="s1-s1-s1-t11" name="TP3-Bis Optionnel déclaration variable locale au test" line="95">
<kw name="debut de test" type="SETUP">
<kw name="Log To Console" owner="BuiltIn">
<arg>${\n}debut du test: ${TEST_NAME}</arg>
<doc>Logs the given message to the console.</doc>
<status status="PASS" start="2025-03-31T15:52:25.716018" elapsed="0.000679"/>
</kw>
<kw name="Log To Console" owner="BuiltIn">
<arg>initialisation de la liaison serie</arg>
<doc>Logs the given message to the console.</doc>
<status status="PASS" start="2025-03-31T15:52:25.716909" elapsed="0.000392"/>
</kw>
<status status="PASS" start="2025-03-31T15:52:25.715634" elapsed="0.002152"/>
</kw>
<variable name="${locale}">
<msg time="2025-03-31T15:52:25.722567" level="INFO">${locale} = truc muche</msg>
<var>truc muche</var>
<status status="PASS" start="2025-03-31T15:52:25.718171" elapsed="0.004895"/>
</variable>
<kw name="Set Global Variable" owner="BuiltIn">
<msg time="2025-03-31T15:52:25.724564" level="INFO">${locale} = truc muche</msg>
<arg>${locale}</arg>
<doc>Makes a variable available globally in all tests and suites.</doc>
<status status="PASS" start="2025-03-31T15:52:25.723674" elapsed="0.001115"/>
</kw>
<kw name="Run Keyword If Test Failed" owner="BuiltIn" type="TEARDOWN">
<arg>Log to console</arg>
<arg>Ca a planté</arg>
<doc>Runs the given keyword with the given arguments, if the test failed.</doc>
<status status="PASS" start="2025-03-31T15:52:25.725284" elapsed="0.000672"/>
</kw>
<tag>toto</tag>
<status status="PASS" start="2025-03-31T15:52:25.714711" elapsed="0.011672"/>
</test>
<test id="s1-s1-s1-t12" name="TP3-Bis Optionnel utilisation variable" line="100">
<kw name="debut de test" type="SETUP">
<kw name="Log To Console" owner="BuiltIn">
<arg>${\n}debut du test: ${TEST_NAME}</arg>
<doc>Logs the given message to the console.</doc>
<status status="PASS" start="2025-03-31T15:52:25.729119" elapsed="0.000620"/>
</kw>
<kw name="Log To Console" owner="BuiltIn">
<arg>initialisation de la liaison serie</arg>
<doc>Logs the given message to the console.</doc>
<status status="PASS" start="2025-03-31T15:52:25.729916" elapsed="0.000279"/>
</kw>
<status status="PASS" start="2025-03-31T15:52:25.728080" elapsed="0.002331"/>
</kw>
<kw name="Log To Console" owner="BuiltIn">
<arg>${locale}</arg>
<doc>Logs the given message to the console.</doc>
<status status="PASS" start="2025-03-31T15:52:25.730878" elapsed="0.000521"/>
</kw>
<kw name="Run Keyword If Test Failed" owner="BuiltIn" type="TEARDOWN">
<arg>Log to console</arg>
<arg>Ca a planté</arg>
<doc>Runs the given keyword with the given arguments, if the test failed.</doc>
<status status="PASS" start="2025-03-31T15:52:25.731791" elapsed="0.001308"/>
</kw>
<tag>toto</tag>
<status status="PASS" start="2025-03-31T15:52:25.727114" elapsed="0.006440"/>
</test>
<test id="s1-s1-s1-t13" name="TP3-1: Affichage repertoire" line="103">
<kw name="debut de test" type="SETUP">
<kw name="Log To Console" owner="BuiltIn">
<arg>${\n}debut du test: ${TEST_NAME}</arg>
<doc>Logs the given message to the console.</doc>
<status status="PASS" start="2025-03-31T15:52:25.736200" elapsed="0.000630"/>
</kw>
<kw name="Log To Console" owner="BuiltIn">
<arg>initialisation de la liaison serie</arg>
<doc>Logs the given message to the console.</doc>
<status status="PASS" start="2025-03-31T15:52:25.738213" elapsed="0.000748"/>
</kw>
<status status="PASS" start="2025-03-31T15:52:25.735568" elapsed="0.003538"/>
</kw>
<kw name="Log To Console" owner="BuiltIn">
<arg>repertoire exec:${\n}${EXECDIR}</arg>
<doc>Logs the given message to the console.</doc>
<status status="PASS" start="2025-03-31T15:52:25.739288" elapsed="0.000562"/>
</kw>
<kw name="Log To Console" owner="BuiltIn">
<arg>repertoire courant:${\n}/Users/dominiquemereaux/code/TPSEPT2023/Basic</arg>
<doc>Logs the given message to the console.</doc>
<status status="PASS" start="2025-03-31T15:52:25.740743" elapsed="0.001004"/>
</kw>
<kw name="Log To Console" owner="BuiltIn">
<arg>${\n}${TEMPDIR}</arg>
<doc>Logs the given message to the console.</doc>
<status status="PASS" start="2025-03-31T15:52:25.741950" elapsed="0.000545"/>
</kw>
<kw name="Run Keyword If Test Failed" owner="BuiltIn" type="TEARDOWN">
<arg>Log to console</arg>
<arg>Ca a planté</arg>
<doc>Runs the given keyword with the given arguments, if the test failed.</doc>
<status status="PASS" start="2025-03-31T15:52:25.747347" elapsed="0.000455"/>
</kw>
<tag>toto</tag>
<status status="PASS" start="2025-03-31T15:52:25.734370" elapsed="0.013682"/>
</test>
<test id="s1-s1-s1-t14" name="TP3-2 variable predefinies" line="108">
<kw name="debut de test" type="SETUP">
<kw name="Log To Console" owner="BuiltIn">
<arg>${\n}debut du test: ${TEST_NAME}</arg>
<doc>Logs the given message to the console.</doc>
<status status="PASS" start="2025-03-31T15:52:25.749466" elapsed="0.000320"/>
</kw>
<kw name="Log To Console" owner="BuiltIn">
<arg>initialisation de la liaison serie</arg>
<doc>Logs the given message to the console.</doc>
<status status="PASS" start="2025-03-31T15:52:25.750008" elapsed="0.000186"/>
</kw>
<status status="PASS" start="2025-03-31T15:52:25.749004" elapsed="0.001382"/>
</kw>
<kw name="Log To Console" owner="BuiltIn">
<arg>bonjour${SPACE}${SPACE}toto</arg>
<doc>Logs the given message to the console.</doc>
<status status="PASS" start="2025-03-31T15:52:25.750614" elapsed="0.000326"/>
</kw>
<kw name="Should Be Equal As Integers" owner="BuiltIn">
<msg time="2025-03-31T15:52:25.751544" level="INFO">Argument types are:
&lt;class 'str'&gt;
&lt;class 'int'&gt;</msg>
<arg>80</arg>
<arg>${80}</arg>
<doc>Fails if objects are unequal after converting them to integers.</doc>
<status status="PASS" start="2025-03-31T15:52:25.751091" elapsed="0.000687"/>
</kw>
<kw name="Should Be Equal" owner="BuiltIn">
<msg time="2025-03-31T15:52:25.754272" level="INFO">Argument types are:
&lt;class 'str'&gt;
&lt;class 'int'&gt;</msg>
<msg time="2025-03-31T15:52:25.754886" level="FAIL">echec: 80 (string) != 80 (integer)</msg>
<arg>80</arg>
<arg>${80}</arg>
<arg>msg=echec</arg>
<doc>Fails if the given objects are unequal.</doc>
<status status="FAIL" start="2025-03-31T15:52:25.752112" elapsed="0.003226">echec: 80 (string) != 80 (integer)</status>
</kw>
<kw name="Should Be Equal" owner="BuiltIn">
<arg>${80}</arg>
<arg>80</arg>
<doc>Fails if the given objects are unequal.</doc>
<status status="NOT RUN" start="2025-03-31T15:52:25.755885" elapsed="0.018129"/>
</kw>
<kw name="Log To Console" owner="BuiltIn">
<arg>mon test n'a pas marché</arg>
<doc>Logs the given message to the console.</doc>
<status status="NOT RUN" start="2025-03-31T15:52:25.774849" elapsed="0.000208"/>
</kw>
<kw name="Run Keyword If Test Failed" owner="BuiltIn" type="TEARDOWN">
<kw name="Log To Console" owner="BuiltIn">
<arg>Ca a planté</arg>
<doc>Logs the given message to the console.</doc>
<status status="PASS" start="2025-03-31T15:52:25.776439" elapsed="0.000618"/>
</kw>
<arg>Log to console</arg>
<arg>Ca a planté</arg>
<doc>Runs the given keyword with the given arguments, if the test failed.</doc>
<status status="PASS" start="2025-03-31T15:52:25.775772" elapsed="0.001475"/>
</kw>
<tag>toto</tag>
<status status="FAIL" start="2025-03-31T15:52:25.748467" elapsed="0.029428">echec: 80 (string) != 80 (integer)</status>
</test>
<test id="s1-s1-s1-t15" name="TP3-2 optionnel" line="115">
<kw name="debut de test" type="SETUP">
<kw name="Log To Console" owner="BuiltIn">
<arg>${\n}debut du test: ${TEST_NAME}</arg>
<doc>Logs the given message to the console.</doc>
<status status="PASS" start="2025-03-31T15:52:25.780079" elapsed="0.001247"/>
</kw>
<kw name="Log To Console" owner="BuiltIn">
<arg>initialisation de la liaison serie</arg>
<doc>Logs the given message to the console.</doc>
<status status="PASS" start="2025-03-31T15:52:25.781574" elapsed="0.000881"/>
</kw>
<status status="PASS" start="2025-03-31T15:52:25.779363" elapsed="0.004127"/>
</kw>
<kw name="Log To Console" owner="BuiltIn">
<arg>${PREV_TEST_STATUS}</arg>
<doc>Logs the given message to the console.</doc>
<status status="PASS" start="2025-03-31T15:52:25.785273" elapsed="0.000815"/>
</kw>
<kw name="Skip If" owner="BuiltIn">
<msg time="2025-03-31T15:52:25.787632" level="SKIP">"FAIL" == "FAIL"</msg>
<arg>"${PREV_TEST_STATUS}" == "FAIL"</arg>
<doc>Skips the rest of the current test if the ``condition`` is True.</doc>
<status status="SKIP" start="2025-03-31T15:52:25.786334" elapsed="0.001606">"FAIL" == "FAIL"</status>
</kw>
<kw name="Run Keyword If Test Failed" owner="BuiltIn" type="TEARDOWN">
<arg>Log to console</arg>
<arg>Ca a planté</arg>
<doc>Runs the given keyword with the given arguments, if the test failed.</doc>
<status status="PASS" start="2025-03-31T15:52:25.789273" elapsed="0.001602"/>
</kw>
<tag>toto</tag>
<status status="SKIP" start="2025-03-31T15:52:25.778455" elapsed="0.013141">"FAIL" == "FAIL"</status>
</test>
<test id="s1-s1-s1-t16" name="TP3-2 affichage du statut du test précédent" line="119">
<kw name="debut de test" type="SETUP">
<kw name="Log To Console" owner="BuiltIn">
<arg>${\n}debut du test: ${TEST_NAME}</arg>
<doc>Logs the given message to the console.</doc>
<status status="PASS" start="2025-03-31T15:52:25.795921" elapsed="0.000516"/>
</kw>
<kw name="Log To Console" owner="BuiltIn">
<arg>initialisation de la liaison serie</arg>
<doc>Logs the given message to the console.</doc>
<status status="PASS" start="2025-03-31T15:52:25.796632" elapsed="0.000225"/>
</kw>
<status status="PASS" start="2025-03-31T15:52:25.795354" elapsed="0.001614"/>
</kw>
<kw name="Log To Console" owner="BuiltIn">
<arg>statut du test précédent:${PREV_TEST_STATUS}</arg>
<doc>Logs the given message to the console.</doc>
<status status="PASS" start="2025-03-31T15:52:25.797392" elapsed="0.000720"/>
</kw>
<kw name="Run Keyword If Test Failed" owner="BuiltIn" type="TEARDOWN">
<arg>Log to console</arg>
<arg>Ca a planté</arg>
<doc>Runs the given keyword with the given arguments, if the test failed.</doc>
<status status="PASS" start="2025-03-31T15:52:25.798583" elapsed="0.000335"/>
</kw>
<tag>toto</tag>
<status status="PASS" start="2025-03-31T15:52:25.793204" elapsed="0.005874"/>
</test>
<test id="s1-s1-s1-t17" name="TP6 BDD" line="123">
<kw name="debut de test" type="SETUP">
<kw name="Log To Console" owner="BuiltIn">
<arg>${\n}debut du test: ${TEST_NAME}</arg>
<doc>Logs the given message to the console.</doc>
<status status="PASS" start="2025-03-31T15:52:25.800844" elapsed="0.001138"/>
</kw>
<kw name="Log To Console" owner="BuiltIn">
<arg>initialisation de la liaison serie</arg>
<doc>Logs the given message to the console.</doc>
<status status="PASS" start="2025-03-31T15:52:25.802216" elapsed="0.000479"/>
</kw>
<status status="PASS" start="2025-03-31T15:52:25.800353" elapsed="0.002750"/>
</kw>
<kw name="Given log to Console" owner="BuiltIn">
<arg>${\n}un individu</arg>
<doc>Logs the given message to the console.</doc>
<status status="PASS" start="2025-03-31T15:52:25.803428" elapsed="0.002889"/>
</kw>
<kw name="When Log to Console" owner="BuiltIn">
<arg>il fait qqch</arg>
<doc>Logs the given message to the console.</doc>
<status status="PASS" start="2025-03-31T15:52:25.809655" elapsed="0.002690"/>
</kw>
<kw name="Then Log To Console" owner="BuiltIn">
<arg>Il se passe qqch</arg>
<doc>Logs the given message to the console.</doc>
<status status="PASS" start="2025-03-31T15:52:25.814350" elapsed="0.002060"/>
</kw>
<kw name="Run Keyword If Test Failed" owner="BuiltIn" type="TEARDOWN">
<arg>Log to console</arg>
<arg>Ca a planté</arg>
<doc>Runs the given keyword with the given arguments, if the test failed.</doc>
<status status="PASS" start="2025-03-31T15:52:25.818778" elapsed="0.001628"/>
</kw>
<tag>toto</tag>
<status status="PASS" start="2025-03-31T15:52:25.799513" elapsed="0.021465"/>
</test>
<test id="s1-s1-s1-t18" name="TP7 boucle sur la liste" line="129">
<kw name="debut de test" type="SETUP">
<kw name="Log To Console" owner="BuiltIn">
<arg>${\n}debut du test: ${TEST_NAME}</arg>
<doc>Logs the given message to the console.</doc>
<status status="PASS" start="2025-03-31T15:52:25.823576" elapsed="0.000479"/>
</kw>
<kw name="Log To Console" owner="BuiltIn">
<arg>initialisation de la liaison serie</arg>
<doc>Logs the given message to the console.</doc>
<status status="PASS" start="2025-03-31T15:52:25.824271" elapsed="0.000799"/>
</kw>
<status status="PASS" start="2025-03-31T15:52:25.822770" elapsed="0.002538"/>
</kw>
<for flavor="IN">
<iter>
<kw name="Log To Console" owner="BuiltIn">
<arg>${elt}</arg>
<doc>Logs the given message to the console.</doc>
<status status="PASS" start="2025-03-31T15:52:25.826362" elapsed="0.000369"/>
</kw>
<var name="${elt}">1</var>
<status status="PASS" start="2025-03-31T15:52:25.826120" elapsed="0.000932"/>
</iter>
<iter>
<kw name="Log To Console" owner="BuiltIn">
<arg>${elt}</arg>
<doc>Logs the given message to the console.</doc>
<status status="PASS" start="2025-03-31T15:52:25.827715" elapsed="0.000653"/>
</kw>
<var name="${elt}">2</var>
<status status="PASS" start="2025-03-31T15:52:25.827247" elapsed="0.001305"/>
</iter>
<iter>
<kw name="Log To Console" owner="BuiltIn">
<arg>${elt}</arg>
<doc>Logs the given message to the console.</doc>
<status status="PASS" start="2025-03-31T15:52:25.829019" elapsed="0.000436"/>
</kw>
<var name="${elt}">3</var>
<status status="PASS" start="2025-03-31T15:52:25.828755" elapsed="0.000911"/>
</iter>
<iter>
<kw name="Log To Console" owner="BuiltIn">
<arg>${elt}</arg>
<doc>Logs the given message to the console.</doc>
<status status="PASS" start="2025-03-31T15:52:25.829909" elapsed="0.000220"/>
</kw>
<var name="${elt}">4</var>
<status status="PASS" start="2025-03-31T15:52:25.829775" elapsed="0.000533"/>
</iter>
<iter>
<kw name="Log To Console" owner="BuiltIn">
<arg>${elt}</arg>
<doc>Logs the given message to the console.</doc>
<status status="PASS" start="2025-03-31T15:52:25.830748" elapsed="0.000344"/>
</kw>
<var name="${elt}">2</var>
<status status="PASS" start="2025-03-31T15:52:25.830545" elapsed="0.000704"/>
</iter>
<var>${elt}</var>
<value>@{maListe}</value>
<status status="PASS" start="2025-03-31T15:52:25.825642" elapsed="0.005679"/>
</for>
<kw name="Run Keyword If Test Failed" owner="BuiltIn" type="TEARDOWN">
<arg>Log to console</arg>
<arg>Ca a planté</arg>
<doc>Runs the given keyword with the given arguments, if the test failed.</doc>
<status status="PASS" start="2025-03-31T15:52:25.831714" elapsed="0.000233"/>
</kw>
<tag>toto</tag>
<status status="PASS" start="2025-03-31T15:52:25.821877" elapsed="0.010484"/>
</test>
<test id="s1-s1-s1-t19" name="TP7 Optionnel" line="136">
<kw name="debut de test" type="SETUP">
<kw name="Log To Console" owner="BuiltIn">
<arg>${\n}debut du test: ${TEST_NAME}</arg>
<doc>Logs the given message to the console.</doc>
<status status="PASS" start="2025-03-31T15:52:25.834970" elapsed="0.000779"/>
</kw>
<kw name="Log To Console" owner="BuiltIn">
<arg>initialisation de la liaison serie</arg>
<doc>Logs the given message to the console.</doc>
<status status="PASS" start="2025-03-31T15:52:25.835985" elapsed="0.000291"/>
</kw>
<status status="PASS" start="2025-03-31T15:52:25.834521" elapsed="0.002037"/>
</kw>
<kw name="Get Count" owner="BuiltIn">
<msg time="2025-03-31T15:52:25.837359" level="INFO">Item found from container 2 times.</msg>
<msg time="2025-03-31T15:52:25.837599" level="INFO">${nb} = 2</msg>
<var>${nb}</var>
<arg>${maliste}</arg>
<arg>2</arg>
<doc>Returns and logs how many times ``item`` is found from ``container``.</doc>
<status status="PASS" start="2025-03-31T15:52:25.836903" elapsed="0.000870"/>
</kw>
<if>
<branch type="IF" condition="${nb}==2">
<kw name="Log To Console" owner="BuiltIn">
<arg>c'est bon</arg>
<doc>Logs the given message to the console.</doc>
<status status="PASS" start="2025-03-31T15:52:25.838709" elapsed="0.000496"/>
</kw>
<status status="PASS" start="2025-03-31T15:52:25.838210" elapsed="0.001144"/>
</branch>
<status status="PASS" start="2025-03-31T15:52:25.838155" elapsed="0.001386"/>
</if>
<kw name="Get Count" owner="BuiltIn">
<msg time="2025-03-31T15:52:25.840255" level="INFO">Item found from container 1 time.</msg>
<msg time="2025-03-31T15:52:25.840455" level="INFO">${nb} = 1</msg>
<var>${nb}</var>
<arg>${maliste}</arg>
<arg>3</arg>
<doc>Returns and logs how many times ``item`` is found from ``container``.</doc>
<status status="PASS" start="2025-03-31T15:52:25.839809" elapsed="0.000728"/>
</kw>
<if>
<branch type="IF" condition="${nb}==1">
<kw name="Log To Console" owner="BuiltIn">
<arg>c'est bon</arg>
<doc>Logs the given message to the console.</doc>
<status status="PASS" start="2025-03-31T15:52:25.841124" elapsed="0.000288"/>
</kw>
<status status="PASS" start="2025-03-31T15:52:25.840742" elapsed="0.000748"/>
</branch>
<status status="PASS" start="2025-03-31T15:52:25.840707" elapsed="0.000831"/>
</if>
<kw name="Run Keyword If Test Failed" owner="BuiltIn" type="TEARDOWN">
<arg>Log to console</arg>
<arg>Ca a planté</arg>
<doc>Runs the given keyword with the given arguments, if the test failed.</doc>
<status status="PASS" start="2025-03-31T15:52:25.841787" elapsed="0.000365"/>
</kw>
<tag>toto</tag>
<status status="PASS" start="2025-03-31T15:52:25.833381" elapsed="0.008967"/>
</test>
<test id="s1-s1-s1-t20" name="TP8" line="146">
<kw name="debut de test" type="SETUP">
<kw name="Log To Console" owner="BuiltIn">
<arg>${\n}debut du test: ${TEST_NAME}</arg>
<doc>Logs the given message to the console.</doc>
<status status="PASS" start="2025-03-31T15:52:25.845144" elapsed="0.000987"/>
</kw>
<kw name="Log To Console" owner="BuiltIn">
<arg>initialisation de la liaison serie</arg>
<doc>Logs the given message to the console.</doc>
<status status="PASS" start="2025-03-31T15:52:25.846949" elapsed="0.000776"/>
</kw>
<status status="PASS" start="2025-03-31T15:52:25.844382" elapsed="0.003663"/>
</kw>
<kw name="tarif ratp" owner="tarif">
<msg time="2025-03-31T15:52:25.848824" level="INFO">appel de la fonction calcul tarif</msg>
<msg time="2025-03-31T15:52:25.849113" level="INFO">${prix} = plein tarif</msg>
<var>${prix}</var>
<arg>13</arg>
<status status="PASS" start="2025-03-31T15:52:25.848389" elapsed="0.000820"/>
</kw>
<kw name="Should Be Equal" owner="BuiltIn">
<arg>plein tarif</arg>
<arg>${prix}</arg>
<arg>test avec 13 en échec</arg>
<doc>Fails if the given objects are unequal.</doc>
<status status="PASS" start="2025-03-31T15:52:25.849582" elapsed="0.000615"/>
</kw>
<kw name="Run Keyword If Test Failed" owner="BuiltIn" type="TEARDOWN">
<arg>Log to console</arg>
<arg>Ca a planté</arg>
<doc>Runs the given keyword with the given arguments, if the test failed.</doc>
<status status="PASS" start="2025-03-31T15:52:25.850918" elapsed="0.000381"/>
</kw>
<tag>toto</tag>
<status status="PASS" start="2025-03-31T15:52:25.842994" elapsed="0.008499"/>
</test>
<test id="s1-s1-s1-t21" name="TP9 verification tarif RATP" line="151">
<kw name="debut de test" type="SETUP">
<kw name="Log To Console" owner="BuiltIn">
<arg>${\n}debut du test: ${TEST_NAME}</arg>
<doc>Logs the given message to the console.</doc>
<status status="PASS" start="2025-03-31T15:52:25.854592" elapsed="0.000571"/>
</kw>
<kw name="Log To Console" owner="BuiltIn">
<arg>initialisation de la liaison serie</arg>
<doc>Logs the given message to the console.</doc>
<status status="PASS" start="2025-03-31T15:52:25.855541" elapsed="0.000397"/>
</kw>
<status status="PASS" start="2025-03-31T15:52:25.854044" elapsed="0.002106"/>
</kw>
<kw name="verification">
<kw name="tarif ratp" owner="tarif">
<msg time="2025-03-31T15:52:25.857575" level="INFO">appel de la fonction calcul tarif</msg>
<msg time="2025-03-31T15:52:25.857857" level="INFO">${prix} = demi tarif</msg>
<var>${prix}</var>
<arg>${age}</arg>
<status status="PASS" start="2025-03-31T15:52:25.857020" elapsed="0.001045"/>
</kw>
<kw name="Should Be Equal" owner="BuiltIn">
<arg>${tarif}</arg>
<arg>${prix}</arg>
<arg>test avec ${age} en échec</arg>
<doc>Fails if the given objects are unequal.</doc>
<status status="PASS" start="2025-03-31T15:52:25.858275" elapsed="0.000759"/>
</kw>
<arg>12</arg>
<arg>demi tarif</arg>
<status status="PASS" start="2025-03-31T15:52:25.856405" elapsed="0.002774"/>
</kw>
<kw name="verification">
<kw name="tarif ratp" owner="tarif">
<msg time="2025-03-31T15:52:25.860379" level="INFO">appel de la fonction calcul tarif</msg>
<msg time="2025-03-31T15:52:25.860539" level="INFO">${prix} = demi tarif</msg>
<var>${prix}</var>
<arg>${age}</arg>
<status status="PASS" start="2025-03-31T15:52:25.860103" elapsed="0.000519"/>
</kw>
<kw name="Should Be Equal" owner="BuiltIn">
<arg>${tarif}</arg>
<arg>${prix}</arg>
<arg>test avec ${age} en échec</arg>
<doc>Fails if the given objects are unequal.</doc>
<status status="PASS" start="2025-03-31T15:52:25.860953" elapsed="0.000625"/>
</kw>
<arg>11</arg>
<arg>demi tarif</arg>
<status status="PASS" start="2025-03-31T15:52:25.859476" elapsed="0.002262"/>
</kw>
<kw name="verification">
<kw name="tarif ratp" owner="tarif">
<msg time="2025-03-31T15:52:25.863232" level="INFO">appel de la fonction calcul tarif</msg>
<msg time="2025-03-31T15:52:25.863443" level="INFO">${prix} = demi tarif</msg>
<var>${prix}</var>
<arg>${age}</arg>
<status status="PASS" start="2025-03-31T15:52:25.862764" elapsed="0.000822"/>
</kw>
<kw name="Should Be Equal" owner="BuiltIn">
<arg>${tarif}</arg>
<arg>${prix}</arg>
<arg>test avec ${age} en échec</arg>
<doc>Fails if the given objects are unequal.</doc>
<status status="PASS" start="2025-03-31T15:52:25.864098" elapsed="0.000613"/>
</kw>
<arg>4</arg>
<arg>demi tarif</arg>
<status status="PASS" start="2025-03-31T15:52:25.862217" elapsed="0.002681"/>
</kw>
<kw name="verification">
<kw name="tarif ratp" owner="tarif">
<msg time="2025-03-31T15:52:25.867229" level="INFO">appel de la fonction calcul tarif</msg>
<msg time="2025-03-31T15:52:25.867563" level="INFO">${prix} = demi tarif</msg>
<var>${prix}</var>
<arg>${age}</arg>
<status status="PASS" start="2025-03-31T15:52:25.866644" elapsed="0.001087"/>
</kw>
<kw name="Should Be Equal" owner="BuiltIn">
<arg>${tarif}</arg>
<arg>${prix}</arg>
<arg>test avec ${age} en échec</arg>
<doc>Fails if the given objects are unequal.</doc>
<status status="PASS" start="2025-03-31T15:52:25.867932" elapsed="0.000487"/>
</kw>
<arg>2</arg>
<arg>demi tarif</arg>
<status status="PASS" start="2025-03-31T15:52:25.865992" elapsed="0.002594"/>
</kw>
<kw name="Run Keyword If Test Failed" owner="BuiltIn" type="TEARDOWN">
<arg>Log to console</arg>
<arg>Ca a planté</arg>
<doc>Runs the given keyword with the given arguments, if the test failed.</doc>
<status status="PASS" start="2025-03-31T15:52:25.869181" elapsed="0.000403"/>
</kw>
<tag>toto</tag>
<status status="PASS" start="2025-03-31T15:52:25.852511" elapsed="0.017525"/>
</test>
<test id="s1-s1-s1-t22" name="TP11" line="158">
<kw name="debut de test" type="SETUP">
<kw name="Log To Console" owner="BuiltIn">
<arg>${\n}debut du test: ${TEST_NAME}</arg>
<doc>Logs the given message to the console.</doc>
<status status="PASS" start="2025-03-31T15:52:25.872931" elapsed="0.000411"/>
</kw>
<kw name="Log To Console" owner="BuiltIn">
<arg>initialisation de la liaison serie</arg>
<doc>Logs the given message to the console.</doc>
<status status="PASS" start="2025-03-31T15:52:25.873918" elapsed="0.000351"/>
</kw>
<status status="PASS" start="2025-03-31T15:52:25.872318" elapsed="0.002204"/>
</kw>
<kw name="Log" owner="BuiltIn">
<msg time="2025-03-31T15:52:25.875106" level="INFO">os:mac</msg>
<arg>os:${OS}</arg>
<arg>INFO</arg>
<doc>Logs the given message with the given level.</doc>
<status status="PASS" start="2025-03-31T15:52:25.874832" elapsed="0.000425"/>
</kw>
<kw name="Run Keyword If Test Failed" owner="BuiltIn" type="TEARDOWN">
<arg>Log to console</arg>
<arg>Ca a planté</arg>
<doc>Runs the given keyword with the given arguments, if the test failed.</doc>
<status status="PASS" start="2025-03-31T15:52:25.875845" elapsed="0.000287"/>
</kw>
<tag>toto</tag>
<status status="PASS" start="2025-03-31T15:52:25.871257" elapsed="0.005293"/>
</test>
<test id="s1-s1-s1-t23" name="Creation de list" line="160">
<kw name="debut de test" type="SETUP">
<kw name="Log To Console" owner="BuiltIn">
<arg>${\n}debut du test: ${TEST_NAME}</arg>
<doc>Logs the given message to the console.</doc>
<status status="PASS" start="2025-03-31T15:52:25.878812" elapsed="0.000396"/>
</kw>
<kw name="Log To Console" owner="BuiltIn">
<arg>initialisation de la liaison serie</arg>
<doc>Logs the given message to the console.</doc>
<status status="PASS" start="2025-03-31T15:52:25.879472" elapsed="0.000332"/>
</kw>
<status status="PASS" start="2025-03-31T15:52:25.878262" elapsed="0.001669"/>
</kw>
<kw name="Split String" owner="String">
<msg time="2025-03-31T15:52:25.880731" level="INFO">@{liste} = [ il | fait | beau ]</msg>
<var>@{liste}</var>
<arg>il-fait-beau</arg>
<arg>separator=-</arg>
<doc>Splits the ``string`` using ``separator`` as a delimiter string.</doc>
<status status="PASS" start="2025-03-31T15:52:25.880307" elapsed="0.000588"/>
</kw>
<kw name="Run Keyword If Test Failed" owner="BuiltIn" type="TEARDOWN">
<arg>Log to console</arg>
<arg>Ca a planté</arg>
<doc>Runs the given keyword with the given arguments, if the test failed.</doc>
<status status="PASS" start="2025-03-31T15:52:25.881334" elapsed="0.002075"/>
</kw>
<tag>toto</tag>
<status status="PASS" start="2025-03-31T15:52:25.877278" elapsed="0.007075"/>
</test>
<test id="s1-s1-s1-t24" name="test concatenation 1" line="165">
<kw name="debut de test" type="SETUP">
<kw name="Log To Console" owner="BuiltIn">
<arg>${\n}debut du test: ${TEST_NAME}</arg>
<doc>Logs the given message to the console.</doc>
<status status="PASS" start="2025-03-31T15:52:25.888768" elapsed="0.000794"/>
</kw>
<kw name="Log To Console" owner="BuiltIn">
<arg>initialisation de la liaison serie</arg>
<doc>Logs the given message to the console.</doc>
<status status="PASS" start="2025-03-31T15:52:25.889771" elapsed="0.001418"/>
</kw>
<status status="PASS" start="2025-03-31T15:52:25.887529" elapsed="0.003895"/>
</kw>
<kw name="concatenation">
<kw name="Catenate" owner="BuiltIn">
<msg time="2025-03-31T15:52:25.892902" level="INFO">${sortie} = Bonjour-Monsieur</msg>
<var>${sortie}</var>
<arg>SEPARATOR=-</arg>
<arg>${var1}</arg>
<arg>${var2}</arg>
<doc>Catenates the given items together and returns the resulted string.</doc>
<status status="PASS" start="2025-03-31T15:52:25.892468" elapsed="0.000770"/>
</kw>
<return>
<value>${sortie}</value>
<status status="PASS" start="2025-03-31T15:52:25.893372" elapsed="0.000109"/>
</return>
<msg time="2025-03-31T15:52:25.893826" level="INFO">${ret} = Bonjour-Monsieur</msg>
<var>${ret}</var>
<arg>Bonjour</arg>
<arg>Monsieur</arg>
<status status="PASS" start="2025-03-31T15:52:25.891903" elapsed="0.002048"/>
</kw>
<kw name="Should Be Equal" owner="BuiltIn">
<arg>${ret}</arg>
<arg>Bonjour-Monsieur</arg>
<doc>Fails if the given objects are unequal.</doc>
<status status="PASS" start="2025-03-31T15:52:25.894328" elapsed="0.000330"/>
</kw>
<kw name="Run Keyword If Test Failed" owner="BuiltIn" type="TEARDOWN">
<arg>Log to console</arg>
<arg>Ca a planté</arg>
<doc>Runs the given keyword with the given arguments, if the test failed.</doc>
<status status="PASS" start="2025-03-31T15:52:25.895784" elapsed="0.000764"/>
</kw>
<tag>toto</tag>
<status status="PASS" start="2025-03-31T15:52:25.884962" elapsed="0.011773"/>
</test>
<test id="s1-s1-s1-t25" name="test concatenation 2" line="169">
<kw name="debut de test" type="SETUP">
<kw name="Log To Console" owner="BuiltIn">
<arg>${\n}debut du test: ${TEST_NAME}</arg>
<doc>Logs the given message to the console.</doc>
<status status="PASS" start="2025-03-31T15:52:25.903436" elapsed="0.001703"/>
</kw>
<kw name="Log To Console" owner="BuiltIn">
<arg>initialisation de la liaison serie</arg>
<doc>Logs the given message to the console.</doc>
<status status="PASS" start="2025-03-31T15:52:25.907212" elapsed="0.000591"/>
</kw>
<status status="PASS" start="2025-03-31T15:52:25.902225" elapsed="0.005820"/>
</kw>
<kw name="concatenation">
<kw name="Catenate" owner="BuiltIn">
<msg time="2025-03-31T15:52:25.911169" level="INFO">${sortie} = Bonjour-Madame</msg>
<var>${sortie}</var>
<arg>SEPARATOR=-</arg>
<arg>${var1}</arg>
<arg>${var2}</arg>
<doc>Catenates the given items together and returns the resulted string.</doc>
<status status="PASS" start="2025-03-31T15:52:25.910655" elapsed="0.001339"/>
</kw>
<return>
<value>${sortie}</value>
<status status="PASS" start="2025-03-31T15:52:25.912386" elapsed="0.000410"/>
</return>
<msg time="2025-03-31T15:52:25.913681" level="INFO">${ret} = Bonjour-Madame</msg>
<var>${ret}</var>
<arg>Bonjour</arg>
<arg>Madame</arg>
<status status="PASS" start="2025-03-31T15:52:25.908448" elapsed="0.005547"/>
</kw>
<kw name="Should Be Equal" owner="BuiltIn">
<arg>${ret}</arg>
<arg>Bonjour-Madame</arg>
<doc>Fails if the given objects are unequal.</doc>
<status status="PASS" start="2025-03-31T15:52:25.915076" elapsed="0.000814"/>
</kw>
<kw name="Run Keyword If Test Failed" owner="BuiltIn" type="TEARDOWN">
<arg>Log to console</arg>
<arg>Ca a planté</arg>
<doc>Runs the given keyword with the given arguments, if the test failed.</doc>
<status status="PASS" start="2025-03-31T15:52:25.916429" elapsed="0.000253"/>
</kw>
<tag>toto</tag>
<status status="PASS" start="2025-03-31T15:52:25.900206" elapsed="0.016633"/>
</test>
<test id="s1-s1-s1-t26" name="TP8: test concatenation 3" line="173">
<kw name="debut de test" type="SETUP">
<kw name="Log To Console" owner="BuiltIn">
<arg>${\n}debut du test: ${TEST_NAME}</arg>
<doc>Logs the given message to the console.</doc>
<status status="PASS" start="2025-03-31T15:52:25.918890" elapsed="0.001005"/>
</kw>
<kw name="Log To Console" owner="BuiltIn">
<arg>initialisation de la liaison serie</arg>
<doc>Logs the given message to the console.</doc>
<status status="PASS" start="2025-03-31T15:52:25.920299" elapsed="0.000670"/>
</kw>
<status status="PASS" start="2025-03-31T15:52:25.918424" elapsed="0.003050"/>
</kw>
<kw name="concatenation">
<kw name="Catenate" owner="BuiltIn">
<msg time="2025-03-31T15:52:25.922895" level="INFO">${sortie} = Salut-Madame</msg>
<var>${sortie}</var>
<arg>SEPARATOR=-</arg>
<arg>${var1}</arg>
<arg>${var2}</arg>
<doc>Catenates the given items together and returns the resulted string.</doc>
<status status="PASS" start="2025-03-31T15:52:25.922413" elapsed="0.000732"/>
</kw>
<return>
<value>${sortie}</value>
<status status="PASS" start="2025-03-31T15:52:25.923281" elapsed="0.000114"/>
</return>
<msg time="2025-03-31T15:52:25.923542" level="INFO">${ret} = Salut-Madame</msg>
<var>${ret}</var>
<arg>Salut</arg>
<arg>Madame</arg>
<status status="PASS" start="2025-03-31T15:52:25.921918" elapsed="0.001714"/>
</kw>
<kw name="Should Be Equal" owner="BuiltIn">
<arg>${ret}</arg>
<arg>Salut-Madame</arg>
<doc>Fails if the given objects are unequal.</doc>
<status status="PASS" start="2025-03-31T15:52:25.924572" elapsed="0.000534"/>
</kw>
<kw name="Run Keyword If Test Failed" owner="BuiltIn" type="TEARDOWN">
<arg>Log to console</arg>
<arg>Ca a planté</arg>
<doc>Runs the given keyword with the given arguments, if the test failed.</doc>
<status status="PASS" start="2025-03-31T15:52:25.925881" elapsed="0.000429"/>
</kw>
<tag>toto</tag>
<status status="PASS" start="2025-03-31T15:52:25.917769" elapsed="0.008723"/>
</test>
<test id="s1-s1-s1-t27" name="TP9: Test concatenation multiples" line="177">
<kw name="debut de test" type="SETUP">
<kw name="Log To Console" owner="BuiltIn">
<arg>${\n}debut du test: ${TEST_NAME}</arg>
<doc>Logs the given message to the console.</doc>
<status status="PASS" start="2025-03-31T15:52:25.928433" elapsed="0.000445"/>
</kw>
<kw name="Log To Console" owner="BuiltIn">
<arg>initialisation de la liaison serie</arg>
<doc>Logs the given message to the console.</doc>
<status status="PASS" start="2025-03-31T15:52:25.929198" elapsed="0.001137"/>
</kw>
<status status="PASS" start="2025-03-31T15:52:25.927619" elapsed="0.002957"/>
</kw>
<kw name="modele concatenation">
<kw name="Catenate" owner="BuiltIn">
<msg time="2025-03-31T15:52:25.932270" level="INFO">${ret} = Bonjour Monsieur</msg>
<var>${ret}</var>
<arg>${ent1}</arg>
<arg>${ent2}</arg>
<doc>Catenates the given items together and returns the resulted string.</doc>
<status status="PASS" start="2025-03-31T15:52:25.931939" elapsed="0.000784"/>
</kw>
<kw name="Should Be Equal" owner="BuiltIn">
<msg time="2025-03-31T15:52:25.934000" level="FAIL">Bonjour Monsieur != BonjourMonsieur</msg>
<arg>${ret}</arg>
<arg>${sortie}</arg>
<doc>Fails if the given objects are unequal.</doc>
<status status="FAIL" start="2025-03-31T15:52:25.933242" elapsed="0.001227">Bonjour Monsieur != BonjourMonsieur</status>
</kw>
<arg>Bonjour</arg>
<arg>Monsieur</arg>
<arg>BonjourMonsieur</arg>
<status status="FAIL" start="2025-03-31T15:52:25.931067" elapsed="0.003629">Bonjour Monsieur != BonjourMonsieur</status>
</kw>
<kw name="modele concatenation">
<kw name="Catenate" owner="BuiltIn">
<msg time="2025-03-31T15:52:25.935846" level="INFO">${ret} = Bonjour madame</msg>
<var>${ret}</var>
<arg>${ent1}</arg>
<arg>${ent2}</arg>
<doc>Catenates the given items together and returns the resulted string.</doc>
<status status="PASS" start="2025-03-31T15:52:25.935560" elapsed="0.000388"/>
</kw>
<kw name="Should Be Equal" owner="BuiltIn">
<msg time="2025-03-31T15:52:25.936823" level="FAIL">Bonjour madame != Bonjourmadame</msg>
<arg>${ret}</arg>
<arg>${sortie}</arg>
<doc>Fails if the given objects are unequal.</doc>
<status status="FAIL" start="2025-03-31T15:52:25.936143" elapsed="0.001012">Bonjour madame != Bonjourmadame</status>
</kw>
<arg>Bonjour</arg>
<arg>madame</arg>
<arg>Bonjourmadame</arg>
<status status="FAIL" start="2025-03-31T15:52:25.935066" elapsed="0.002352">Bonjour madame != Bonjourmadame</status>
</kw>
<kw name="Run Keyword If Test Failed" owner="BuiltIn" type="TEARDOWN">
<kw name="Log To Console" owner="BuiltIn">
<arg>Ca a planté</arg>
<doc>Logs the given message to the console.</doc>
<status status="PASS" start="2025-03-31T15:52:25.938548" elapsed="0.001126"/>
</kw>
<arg>Log to console</arg>
<arg>Ca a planté</arg>
<doc>Runs the given keyword with the given arguments, if the test failed.</doc>
<status status="PASS" start="2025-03-31T15:52:25.938054" elapsed="0.001886"/>
</kw>
<tag>toto</tag>
<status status="FAIL" start="2025-03-31T15:52:25.927043" elapsed="0.013499">Several failures occurred:

1) Bonjour Monsieur != BonjourMonsieur

2) Bonjour madame != Bonjourmadame</status>
</test>
<test id="s1-s1-s1-t28" name="nombres au hasard" line="182">
<kw name="debut de test" type="SETUP">
<kw name="Log To Console" owner="BuiltIn">
<arg>${\n}debut du test: ${TEST_NAME}</arg>
<doc>Logs the given message to the console.</doc>
<status status="PASS" start="2025-03-31T15:52:25.943600" elapsed="0.000833"/>
</kw>
<kw name="Log To Console" owner="BuiltIn">
<arg>initialisation de la liaison serie</arg>
<doc>Logs the given message to the console.</doc>
<status status="PASS" start="2025-03-31T15:52:25.944639" elapsed="0.000326"/>
</kw>
<status status="PASS" start="2025-03-31T15:52:25.943127" elapsed="0.002076"/>
</kw>
<kw name="Repeat Keyword" owner="BuiltIn">
<msg time="2025-03-31T15:52:25.946285" level="INFO">Repeating keyword, round 1/5.</msg>
<kw name="nombre au hasard">
<kw name="Evaluate" owner="BuiltIn">
<msg time="2025-03-31T15:52:25.948043" level="INFO">${random} = 4</msg>
<var>${random}</var>
<arg>random.randint(0, 10)</arg>
<doc>Evaluates the given expression in Python and returns the result.</doc>
<status status="PASS" start="2025-03-31T15:52:25.947402" elapsed="0.000940"/>
</kw>
<kw name="Log To Console" owner="BuiltIn">
<arg>${random}</arg>
<doc>Logs the given message to the console.</doc>
<status status="PASS" start="2025-03-31T15:52:25.948864" elapsed="0.000345"/>
</kw>
<return>
<value>${random}</value>
<status status="PASS" start="2025-03-31T15:52:25.949324" elapsed="0.000391"/>
</return>
<status status="PASS" start="2025-03-31T15:52:25.946752" elapsed="0.003162"/>
</kw>
<msg time="2025-03-31T15:52:25.950007" level="INFO">Repeating keyword, round 2/5.</msg>
<kw name="nombre au hasard">
<kw name="Evaluate" owner="BuiltIn">
<msg time="2025-03-31T15:52:25.951494" level="INFO">${random} = 9</msg>
<var>${random}</var>
<arg>random.randint(0, 10)</arg>
<doc>Evaluates the given expression in Python and returns the result.</doc>
<status status="PASS" start="2025-03-31T15:52:25.951133" elapsed="0.000564"/>
</kw>
<kw name="Log To Console" owner="BuiltIn">
<arg>${random}</arg>
<doc>Logs the given message to the console.</doc>
<status status="PASS" start="2025-03-31T15:52:25.951858" elapsed="0.000268"/>
</kw>
<return>
<value>${random}</value>
<status status="PASS" start="2025-03-31T15:52:25.952216" elapsed="0.000135"/>
</return>
<status status="PASS" start="2025-03-31T15:52:25.950343" elapsed="0.002216"/>
</kw>
<msg time="2025-03-31T15:52:25.952640" level="INFO">Repeating keyword, round 3/5.</msg>
<kw name="nombre au hasard">
<kw name="Evaluate" owner="BuiltIn">
<msg time="2025-03-31T15:52:25.968267" level="INFO">${random} = 8</msg>
<var>${random}</var>
<arg>random.randint(0, 10)</arg>
<doc>Evaluates the given expression in Python and returns the result.</doc>
<status status="PASS" start="2025-03-31T15:52:25.966665" elapsed="0.001912"/>
</kw>
<kw name="Log To Console" owner="BuiltIn">
<arg>${random}</arg>
<doc>Logs the given message to the console.</doc>
<status status="PASS" start="2025-03-31T15:52:25.969167" elapsed="0.000374"/>
</kw>
<return>
<value>${random}</value>
<status status="PASS" start="2025-03-31T15:52:25.973197" elapsed="0.000271"/>
</return>
<status status="PASS" start="2025-03-31T15:52:25.964923" elapsed="0.008803"/>
</kw>
<msg time="2025-03-31T15:52:25.973831" level="INFO">Repeating keyword, round 4/5.</msg>
<kw name="nombre au hasard">
<kw name="Evaluate" owner="BuiltIn">
<msg time="2025-03-31T15:52:25.975599" level="INFO">${random} = 3</msg>
<var>${random}</var>
<arg>random.randint(0, 10)</arg>
<doc>Evaluates the given expression in Python and returns the result.</doc>
<status status="PASS" start="2025-03-31T15:52:25.974755" elapsed="0.000985"/>
</kw>
<kw name="Log To Console" owner="BuiltIn">
<arg>${random}</arg>
<doc>Logs the given message to the console.</doc>
<status status="PASS" start="2025-03-31T15:52:25.976516" elapsed="0.000373"/>
</kw>
<return>
<value>${random}</value>
<status status="PASS" start="2025-03-31T15:52:25.976996" elapsed="0.000105"/>
</return>
<status status="PASS" start="2025-03-31T15:52:25.974214" elapsed="0.003016"/>
</kw>
<msg time="2025-03-31T15:52:25.977302" level="INFO">Repeating keyword, round 5/5.</msg>
<kw name="nombre au hasard">
<kw name="Evaluate" owner="BuiltIn">
<msg time="2025-03-31T15:52:25.979426" level="INFO">${random} = 6</msg>
<var>${random}</var>
<arg>random.randint(0, 10)</arg>
<doc>Evaluates the given expression in Python and returns the result.</doc>
<status status="PASS" start="2025-03-31T15:52:25.978120" elapsed="0.001698"/>
</kw>
<kw name="Log To Console" owner="BuiltIn">
<arg>${random}</arg>
<doc>Logs the given message to the console.</doc>
<status status="PASS" start="2025-03-31T15:52:26.019251" elapsed="0.002435"/>
</kw>
<return>
<value>${random}</value>
<status status="PASS" start="2025-03-31T15:52:26.023529" elapsed="0.000702"/>
</return>
<status status="PASS" start="2025-03-31T15:52:25.977587" elapsed="0.046969"/>
</kw>
<arg>5 times</arg>
<arg>nombre au hasard</arg>
<doc>Executes the specified keyword multiple times.</doc>
<status status="PASS" start="2025-03-31T15:52:25.945767" elapsed="0.078929"/>
</kw>
<kw name="Run Keyword If Test Failed" owner="BuiltIn" type="TEARDOWN">
<arg>Log to console</arg>
<arg>Ca a planté</arg>
<doc>Runs the given keyword with the given arguments, if the test failed.</doc>
<status status="PASS" start="2025-03-31T15:52:26.025443" elapsed="0.000702"/>
</kw>
<tag>toto</tag>
<status status="PASS" start="2025-03-31T15:52:25.941843" elapsed="0.085789"/>
</test>
<test id="s1-s1-s1-t29" name="nombre entre 1 et 10" line="186">
<tag>robot:skip</tag>
<tag>toto</tag>
<status status="SKIP" start="2025-03-31T15:52:26.028280" elapsed="0.000926">Test skipped using 'robot:skip' tag.</status>
</test>
<test id="s1-s1-s1-t30" name="test du modele" line="194">
<kw name="debut de test" type="SETUP">
<kw name="Log To Console" owner="BuiltIn">
<arg>${\n}debut du test: ${TEST_NAME}</arg>
<doc>Logs the given message to the console.</doc>
<status status="PASS" start="2025-03-31T15:52:26.032922" elapsed="0.003263"/>
</kw>
<kw name="Log To Console" owner="BuiltIn">
<arg>initialisation de la liaison serie</arg>
<doc>Logs the given message to the console.</doc>
<status status="PASS" start="2025-03-31T15:52:26.036764" elapsed="0.000730"/>
</kw>
<status status="PASS" start="2025-03-31T15:52:26.030654" elapsed="0.007211"/>
</kw>
<kw name="Modele">
<kw name="Catenate" owner="BuiltIn">
<msg time="2025-03-31T15:52:26.042414" level="INFO">${ret} = Bonjour Monsieur</msg>
<var>${ret}</var>
<arg>${var1}</arg>
<arg>${var2}</arg>
<doc>Catenates the given items together and returns the resulted string.</doc>
<status status="PASS" start="2025-03-31T15:52:26.039619" elapsed="0.003029"/>
</kw>
<kw name="Should Be Equal" owner="BuiltIn">
<arg>${ret}</arg>
<arg>${var3}</arg>
<doc>Fails if the given objects are unequal.</doc>
<status status="PASS" start="2025-03-31T15:52:26.056109" elapsed="0.001714"/>
</kw>
<arg>Bonjour</arg>
<arg>Monsieur</arg>
<arg>Bonjour Monsieur</arg>
<status status="PASS" start="2025-03-31T15:52:26.039127" elapsed="0.018914"/>
</kw>
<kw name="Modele">
<kw name="Catenate" owner="BuiltIn">
<msg time="2025-03-31T15:52:26.060096" level="INFO">${ret} = Bonjour Madame</msg>
<var>${ret}</var>
<arg>${var1}</arg>
<arg>${var2}</arg>
<doc>Catenates the given items together and returns the resulted string.</doc>
<status status="PASS" start="2025-03-31T15:52:26.059258" elapsed="0.001128"/>
</kw>
<kw name="Should Be Equal" owner="BuiltIn">
<arg>${ret}</arg>
<arg>${var3}</arg>
<doc>Fails if the given objects are unequal.</doc>
<status status="PASS" start="2025-03-31T15:52:26.060691" elapsed="0.000446"/>
</kw>
<arg>Bonjour</arg>
<arg>Madame</arg>
<arg>Bonjour Madame</arg>
<status status="PASS" start="2025-03-31T15:52:26.058370" elapsed="0.002967"/>
</kw>
<kw name="Run Keyword If Test Failed" owner="BuiltIn" type="TEARDOWN">
<arg>Log to console</arg>
<arg>Ca a planté</arg>
<doc>Runs the given keyword with the given arguments, if the test failed.</doc>
<status status="PASS" start="2025-03-31T15:52:26.061888" elapsed="0.000617"/>
</kw>
<tag>toto</tag>
<status status="PASS" start="2025-03-31T15:52:26.029590" elapsed="0.033169"/>
</test>
<kw name="Run Keyword If Any Tests Failed" owner="BuiltIn" type="TEARDOWN">
<kw name="fin de suite">
<kw name="Log To Console" owner="BuiltIn">
<arg>${\n}fin de la suite</arg>
<doc>Logs the given message to the console.</doc>
<status status="PASS" start="2025-03-31T15:52:26.064864" elapsed="0.000681"/>
</kw>
<status status="PASS" start="2025-03-31T15:52:26.064449" elapsed="0.001265"/>
</kw>
<arg>fin de suite</arg>
<doc>Runs the given keyword with the given arguments, if one or more tests failed.</doc>
<status status="PASS" start="2025-03-31T15:52:26.063715" elapsed="0.002117"/>
</kw>
<doc>Ma suite qui fait pas grand chose
suite de la doc
suite 2 [image.jpg|/Users/dominiquemereaux/code/TPSEPT2023/Basic/tto_1.jpg]</doc>
<status status="FAIL" start="2025-03-31T15:52:25.596323" elapsed="0.469624"/>
</suite>
<status status="FAIL" start="2025-03-31T15:52:25.586977" elapsed="0.480785"/>
</suite>
<status status="FAIL" start="2025-03-31T15:52:25.557450" elapsed="0.511071"/>
</suite>
<statistics>
<total>
<stat pass="25" fail="2" skip="3">All Tests</stat>
</total>
<tag>
<stat pass="1" fail="0" skip="0">critique</stat>
<stat pass="3" fail="0" skip="0">regression</stat>
<stat pass="25" fail="2" skip="3">toto</stat>
</tag>
<suite>
<stat name="TPSEPT2023" id="s1" pass="25" fail="2" skip="3">TPSEPT2023</stat>
<stat name="Basic" id="s1-s1" pass="25" fail="2" skip="3">TPSEPT2023.Basic</stat>
<stat name="premierPas" id="s1-s1-s1" pass="25" fail="2" skip="3">TPSEPT2023.Basic.premierPas</stat>
</suite>
</statistics>
<errors>
</errors>
</robot>
