<?xml version="1.0" encoding="UTF-8"?>
<robot generator="Robot 7.0 (Python 3.11.6 on darwin)" generated="2024-07-24T15:49:21.684891" rpa="false" schemaversion="5">
<suite id="s1" name="TPSEPT2023" source="/Users/dominiquemereaux/code/TPSEPT2023">
<suite id="s1-s1" name="Bibli" source="/Users/dominiquemereaux/code/TPSEPT2023/bibli">
<suite id="s1-s1-s1" name="Tarif" source="/Users/dominiquemereaux/code/TPSEPT2023/bibli/tarif.robot">
<test id="s1-s1-s1-t1" name="arguments" line="18">
<kw name="Any Arguments" owner="tarif_ratp">
<msg time="2024-07-24T15:49:21.699910" level="INFO">1
2
3
4
bonjour</msg>
<arg>1</arg>
<arg>2</arg>
<arg>3</arg>
<arg>4</arg>
<arg>bonjour</arg>
<status status="PASS" start="2024-07-24T15:49:21.699764" elapsed="0.000216"/>
</kw>
<status status="PASS" start="2024-07-24T15:49:21.699391" elapsed="0.000746"/>
</test>
<status status="PASS" start="2024-07-24T15:49:21.697605" elapsed="0.002962"/>
</suite>
<status status="PASS" start="2024-07-24T15:49:21.696166" elapsed="0.004961"/>
</suite>
<status status="PASS" start="2024-07-24T15:49:21.687037" elapsed="0.014433"/>
</suite>
<statistics>
<total>
<stat pass="1" fail="0" skip="0">All Tests</stat>
</total>
<tag>
</tag>
<suite>
<stat pass="1" fail="0" skip="0" id="s1" name="TPSEPT2023">TPSEPT2023</stat>
<stat pass="1" fail="0" skip="0" id="s1-s1" name="Bibli">TPSEPT2023.Bibli</stat>
<stat pass="1" fail="0" skip="0" id="s1-s1-s1" name="Tarif">TPSEPT2023.Bibli.Tarif</stat>
</suite>
</statistics>
<errors>
</errors>
</robot>
