<?xml version="1.0" encoding="UTF-8"?>
<robot generator="Robot 7.2.2 (Python 3.13.2 on darwin)" generated="2025-10-28T13:37:19.183136" rpa="false" schemaversion="5">
<suite id="s1" name="TPSEPT2023" source="/Users/dominiquemereaux/code/TPSEPT2023">
<suite id="s1-s1" name="Web3" source="/Users/dominiquemereaux/code/TPSEPT2023/web3">
<kw name="init web" type="SETUP">
<kw name="Log To Console" owner="BuiltIn">
<arg>INIT_ROBOT</arg>
<doc>Logs the given message to the console.</doc>
<status status="PASS" start="2025-10-28T13:37:19.309218" elapsed="0.000200"/>
</kw>
<status status="PASS" start="2025-10-28T13:37:19.308736" elapsed="0.000785"/>
</kw>
<suite id="s1-s1-s1" name="Panier" source="/Users/dominiquemereaux/code/TPSEPT2023/web3/panier.robot">
<test id="s1-s1-s1-t1" name="test impot" line="11">
<kw name="Ouvrir Prestashop" owner="motClefPresta" type="SETUP">
<kw name="Open Browser" owner="SeleniumLibrary">
<msg time="2025-10-28T13:37:19.427648" level="INFO">Opening browser 'GC' to base url 'http://www.qualifiez.fr/monPrestashop2/prestashop/index.php'.</msg>
<arg>${URL}</arg>
<arg>${NAVIGATEUR}</arg>
<doc>Opens a new browser instance to the optional ``url``.</doc>
<status status="PASS" start="2025-10-28T13:37:19.427302" elapsed="3.404067"/>
</kw>
<kw name="Title Should Be" owner="SeleniumLibrary">
<msg time="2025-10-28T13:37:22.838232" level="INFO">Page title is 'monPrestashop'.</msg>
<arg>monPrestashop</arg>
<doc>Verifies that the current page title equals ``title``.</doc>
<status status="PASS" start="2025-10-28T13:37:22.832387" elapsed="0.006197"/>
</kw>
<status status="PASS" start="2025-10-28T13:37:19.426042" elapsed="3.412673"/>
</kw>
<kw name="Aller sur page impot" owner="motClefPresta">
<kw name="Open Browser" owner="SeleniumLibrary">
<msg time="2025-10-28T13:37:22.839866" level="INFO">Opening browser 'GC' to base url 'https://cfspart-idp.impots.gouv.fr/oauth2/authorize?authType=sso&amp;prompt=login&amp;scope=openid+profile+authChoice+otpEscape&amp;state=e56d820faa8d0e29b4ea20ec31f4fff31a31ed68fb7207b51e276b5b05d7897b&amp;client_id=52ed02940b0f1c57512f2d6fd064dddffccdea03&amp;nonce=dmbQc1hq2bxRhDDGmg5NYg&amp;response_type=code&amp;redirect_uri=https%3A%2F%2Fcfspart.impots.gouv.fr%2F%3Fopenidconnectcallback%3D1'.</msg>
<arg>${URL3}</arg>
<arg>${NAVIGATEUR}</arg>
<doc>Opens a new browser instance to the optional ``url``.</doc>
<status status="PASS" start="2025-10-28T13:37:22.839671" elapsed="4.599901"/>
</kw>
<status status="PASS" start="2025-10-28T13:37:22.839320" elapsed="4.601624"/>
</kw>
<kw name="bouton continuer cliqueable" owner="motClefPresta">
<kw name="Evaluate" owner="BuiltIn">
<msg time="2025-10-28T13:37:27.443962" level="INFO">${byElem} = ('id', 'btnAction')</msg>
<var>${byElem}</var>
<arg>("id","btnAction")</arg>
<doc>Evaluates the given expression in Python and returns the result.</doc>
<status status="PASS" start="2025-10-28T13:37:27.442884" elapsed="0.003716"/>
</kw>
<kw name="attendre element cliqueable" owner="motClefPresta">
<kw name="Wait For Expected Condition" owner="SeleniumLibrary">
<arg>element_to_be_clickable</arg>
<arg>${tuple}</arg>
<arg>timeout=${timeout}</arg>
<doc>Waits until ``condition`` is true or ``timeout`` expires.</doc>
<status status="PASS" start="2025-10-28T13:37:27.447588" elapsed="9.665140"/>
</kw>
<arg>${byElem}</arg>
<arg>30</arg>
<status status="PASS" start="2025-10-28T13:37:27.446951" elapsed="9.666522"/>
</kw>
<status status="PASS" start="2025-10-28T13:37:27.441970" elapsed="9.671581"/>
</kw>
<kw name="Fermer Prestashop" owner="motClefPresta" type="TEARDOWN">
<kw name="Close Browser" owner="SeleniumLibrary">
<doc>Closes the current browser.</doc>
<status status="PASS" start="2025-10-28T13:37:37.114767" elapsed="0.123399"/>
</kw>
<status status="PASS" start="2025-10-28T13:37:37.114252" elapsed="0.124088"/>
</kw>
<status status="PASS" start="2025-10-28T13:37:19.419649" elapsed="17.818811"/>
</test>
<status status="PASS" start="2025-10-28T13:37:19.309569" elapsed="17.939105"/>
</suite>
<status status="PASS" start="2025-10-28T13:37:19.305473" elapsed="17.945292"/>
</suite>
<status status="PASS" start="2025-10-28T13:37:19.186834" elapsed="18.065592"/>
</suite>
<statistics>
<total>
<stat pass="1" fail="0" skip="0">All Tests</stat>
</total>
<tag>
</tag>
<suite>
<stat name="TPSEPT2023" id="s1" pass="1" fail="0" skip="0">TPSEPT2023</stat>
<stat name="Web3" id="s1-s1" pass="1" fail="0" skip="0">TPSEPT2023.Web3</stat>
<stat name="Panier" id="s1-s1-s1" pass="1" fail="0" skip="0">TPSEPT2023.Web3.Panier</stat>
</suite>
</statistics>
<errors>
</errors>
</robot>
