<?xml version="1.0" encoding="UTF-8"?>
<robot generator="Robot 7.0.1 (Python 3.10.7 on darwin)" generated="2025-02-07T20:27:54.284301" rpa="false" schemaversion="5">
<suite id="s1" name="Web3" source="/Users/dominiquemereaux/code/TPSEPT2023/web3">
<kw name="init web" type="SETUP">
<kw name="Log To Console" owner="BuiltIn">
<arg>INIT_ROBOT</arg>
<doc>Logs the given message to the console.</doc>
<status status="PASS" start="2025-02-07T20:27:54.336633" elapsed="0.000148"/>
</kw>
<status status="PASS" start="2025-02-07T20:27:54.336227" elapsed="0.000724"/>
</kw>
<suite id="s1-s1" name="PlusieursRecherche" source="/Users/dominiquemereaux/code/TPSEPT2023/web3/PlusieursRecherche.robot">
<test id="s1-s1-t1" name="T_MUG" line="9">
<kw name="Ouvrir Prestashop" owner="motClefPresta" type="SETUP">
<kw name="Open Browser" owner="ma_lib_selenium">
<msg time="2025-02-07T20:27:54.481828" level="INFO">Opening browser 'GC' to base url 'http://www.qualifiez.fr/monPrestashop2/prestashop/index.php'.</msg>
<arg>${URL}</arg>
<arg>${NAVIGATEUR}</arg>
<doc>Opens a new browser instance to the optional ``url``.</doc>
<status status="PASS" start="2025-02-07T20:27:54.481627" elapsed="8.674891"/>
</kw>
<kw name="Ma Fonction" owner="ma_lib_selenium">
<status status="PASS" start="2025-02-07T20:28:03.169561" elapsed="1.255041"/>
</kw>
<status status="PASS" start="2025-02-07T20:27:54.481123" elapsed="9.943847"/>
</kw>
<kw name="Modele de recherche">
<kw name="Faire une recherche" owner="motClefPresta">
<kw name="Input Text" owner="ma_lib_selenium">
<msg time="2025-02-07T20:28:04.426816" level="INFO">Typing text 'item' into text field '//*[@id="search_widget"]/form/input[2]'.</msg>
<arg>${LOC_CHAMP_RECHERCHE}</arg>
<arg>${item}</arg>
<doc>Types the given ``text`` into the text field identified by ``locator``.</doc>
<status status="PASS" start="2025-02-07T20:28:04.426295" elapsed="0.100527"/>
</kw>
<kw name="Press Keys" owner="ma_lib_selenium">
<msg time="2025-02-07T20:28:04.527903" level="INFO">Sending key(s) ('RETURN',) to //*[@id="search_widget"]/form/input[2] element.</msg>
<msg time="2025-02-07T20:28:04.812493" level="INFO">Pressing special key RETURN to element.</msg>
<msg time="2025-02-07T20:28:04.812638" level="INFO">Releasing special key RETURN.</msg>
<arg>${LOC_CHAMP_RECHERCHE}</arg>
<arg>RETURN</arg>
<doc>Simulates the user pressing key(s) to an element or on the active browser.</doc>
<status status="PASS" start="2025-02-07T20:28:04.527501" elapsed="3.162217"/>
</kw>
<kw name="Wait For Condition" owner="ma_lib_selenium">
<arg>return document.title == "Rechercher"</arg>
<arg>timeout=5</arg>
<doc>Waits until ``condition`` is true or ``timeout`` expires.</doc>
<status status="PASS" start="2025-02-07T20:28:07.690344" elapsed="0.005742"/>
</kw>
<arg>${item}</arg>
<status status="PASS" start="2025-02-07T20:28:04.425973" elapsed="3.270347"/>
</kw>
<kw name="Contrôler le résultat de recherche égal à" owner="motClefPresta">
<kw name="Element Text Should Be" owner="ma_lib_selenium">
<msg time="2025-02-07T20:28:07.697172" level="INFO">Verifying element '//*[@id="js-product-list-top"]/div[1]/p' contains exact text 'res'.</msg>
<msg time="2025-02-07T20:28:08.055572" level="INFO" html="true">&lt;/td&gt;&lt;/tr&gt;&lt;tr&gt;&lt;td colspan="3"&gt;&lt;a href="selenium-screenshot-4.png"&gt;&lt;img src="selenium-screenshot-4.png" width="800px"&gt;&lt;/a&gt;</msg>
<msg time="2025-02-07T20:28:08.055755" level="FAIL">The text of element '//*[@id="js-product-list-top"]/div[1]/p' should have been 'res' but it was 'Il y a 19 produits.'.</msg>
<arg>${LOC_NOMBRE_RESULTATS}</arg>
<arg>${texte-a-vérifier}</arg>
<doc>Verifies that element ``locator`` contains exact the text ``expected``.</doc>
<status status="FAIL" start="2025-02-07T20:28:07.696880" elapsed="0.361455">The text of element '//*[@id="js-product-list-top"]/div[1]/p' should have been 'res' but it was 'Il y a 19 produits.'.</status>
</kw>
<arg>${res}</arg>
<status status="FAIL" start="2025-02-07T20:28:07.696558" elapsed="0.362386">The text of element '//*[@id="js-product-list-top"]/div[1]/p' should have been 'res' but it was 'Il y a 19 produits.'.</status>
</kw>
<arg>item</arg>
<arg>res</arg>
<status status="FAIL" start="2025-02-07T20:28:04.425476" elapsed="3.633644">The text of element '//*[@id="js-product-list-top"]/div[1]/p' should have been 'res' but it was 'Il y a 19 produits.'.</status>
</kw>
<kw name="Fermer Prestashop" owner="motClefPresta" type="TEARDOWN">
<kw name="Close Browser" owner="ma_lib_selenium">
<doc>Closes the current browser.</doc>
<status status="PASS" start="2025-02-07T20:28:08.059784" elapsed="0.131457"/>
</kw>
<status status="PASS" start="2025-02-07T20:28:08.059488" elapsed="0.132023"/>
</kw>
<status status="FAIL" start="2025-02-07T20:27:54.480061" elapsed="13.711625">The text of element '//*[@id="js-product-list-top"]/div[1]/p' should have been 'res' but it was 'Il y a 19 produits.'.</status>
</test>
<test id="s1-s1-t2" name="T_T-SHIRT" line="9">
<kw name="Ouvrir Prestashop" owner="motClefPresta" type="SETUP">
<kw name="Open Browser" owner="ma_lib_selenium">
<msg time="2025-02-07T20:28:08.196197" level="INFO">Opening browser 'GC' to base url 'http://www.qualifiez.fr/monPrestashop2/prestashop/index.php'.</msg>
<arg>${URL}</arg>
<arg>${NAVIGATEUR}</arg>
<doc>Opens a new browser instance to the optional ``url``.</doc>
<status status="PASS" start="2025-02-07T20:28:08.195972" elapsed="4.454386"/>
</kw>
<kw name="Ma Fonction" owner="ma_lib_selenium">
<status status="PASS" start="2025-02-07T20:28:12.656998" elapsed="1.052900"/>
</kw>
<status status="PASS" start="2025-02-07T20:28:08.195681" elapsed="5.514542"/>
</kw>
<kw name="Modele de recherche">
<kw name="Faire une recherche" owner="motClefPresta">
<kw name="Input Text" owner="ma_lib_selenium">
<msg time="2025-02-07T20:28:13.711763" level="INFO">Typing text 'item' into text field '//*[@id="search_widget"]/form/input[2]'.</msg>
<arg>${LOC_CHAMP_RECHERCHE}</arg>
<arg>${item}</arg>
<doc>Types the given ``text`` into the text field identified by ``locator``.</doc>
<status status="PASS" start="2025-02-07T20:28:13.711457" elapsed="0.095235"/>
</kw>
<kw name="Press Keys" owner="ma_lib_selenium">
<msg time="2025-02-07T20:28:13.807762" level="INFO">Sending key(s) ('RETURN',) to //*[@id="search_widget"]/form/input[2] element.</msg>
<msg time="2025-02-07T20:28:14.096317" level="INFO">Pressing special key RETURN to element.</msg>
<msg time="2025-02-07T20:28:14.096709" level="INFO">Releasing special key RETURN.</msg>
<arg>${LOC_CHAMP_RECHERCHE}</arg>
<arg>RETURN</arg>
<doc>Simulates the user pressing key(s) to an element or on the active browser.</doc>
<status status="PASS" start="2025-02-07T20:28:13.807371" elapsed="2.968739"/>
</kw>
<kw name="Wait For Condition" owner="ma_lib_selenium">
<arg>return document.title == "Rechercher"</arg>
<arg>timeout=5</arg>
<doc>Waits until ``condition`` is true or ``timeout`` expires.</doc>
<status status="PASS" start="2025-02-07T20:28:16.776783" elapsed="0.002925"/>
</kw>
<arg>${item}</arg>
<status status="PASS" start="2025-02-07T20:28:13.711170" elapsed="3.068746"/>
</kw>
<kw name="Contrôler le résultat de recherche égal à" owner="motClefPresta">
<kw name="Element Text Should Be" owner="ma_lib_selenium">
<msg time="2025-02-07T20:28:16.780660" level="INFO">Verifying element '//*[@id="js-product-list-top"]/div[1]/p' contains exact text 'res'.</msg>
<msg time="2025-02-07T20:28:17.175143" level="INFO" html="true">&lt;/td&gt;&lt;/tr&gt;&lt;tr&gt;&lt;td colspan="3"&gt;&lt;a href="selenium-screenshot-5.png"&gt;&lt;img src="selenium-screenshot-5.png" width="800px"&gt;&lt;/a&gt;</msg>
<msg time="2025-02-07T20:28:17.175306" level="FAIL">The text of element '//*[@id="js-product-list-top"]/div[1]/p' should have been 'res' but it was 'Il y a 19 produits.'.</msg>
<arg>${LOC_NOMBRE_RESULTATS}</arg>
<arg>${texte-a-vérifier}</arg>
<doc>Verifies that element ``locator`` contains exact the text ``expected``.</doc>
<status status="FAIL" start="2025-02-07T20:28:16.780435" elapsed="0.395021">The text of element '//*[@id="js-product-list-top"]/div[1]/p' should have been 'res' but it was 'Il y a 19 produits.'.</status>
</kw>
<arg>${res}</arg>
<status status="FAIL" start="2025-02-07T20:28:16.780140" elapsed="0.395846">The text of element '//*[@id="js-product-list-top"]/div[1]/p' should have been 'res' but it was 'Il y a 19 produits.'.</status>
</kw>
<arg>item</arg>
<arg>res</arg>
<status status="FAIL" start="2025-02-07T20:28:13.710725" elapsed="3.465472">The text of element '//*[@id="js-product-list-top"]/div[1]/p' should have been 'res' but it was 'Il y a 19 produits.'.</status>
</kw>
<kw name="Fermer Prestashop" owner="motClefPresta" type="TEARDOWN">
<kw name="Close Browser" owner="ma_lib_selenium">
<doc>Closes the current browser.</doc>
<status status="PASS" start="2025-02-07T20:28:17.176873" elapsed="0.113487"/>
</kw>
<status status="PASS" start="2025-02-07T20:28:17.176565" elapsed="0.114089"/>
</kw>
<status status="FAIL" start="2025-02-07T20:28:08.194677" elapsed="9.096168">The text of element '//*[@id="js-product-list-top"]/div[1]/p' should have been 'res' but it was 'Il y a 19 produits.'.</status>
</test>
<status status="FAIL" start="2025-02-07T20:27:54.337066" elapsed="22.956938"/>
</suite>
<suite id="s1-s2" name="Prestashop" source="/Users/dominiquemereaux/code/TPSEPT2023/web3/prestashop.robot">
<test id="s1-s2-t1" name="Recherche MUG" line="7">
<kw name="Ouvrir Prestashop" owner="motClefPresta" type="SETUP">
<kw name="Open Browser" owner="ma_lib_selenium">
<msg time="2025-02-07T20:28:17.298783" level="INFO">Opening browser 'GC' to base url 'http://www.qualifiez.fr/monPrestashop2/prestashop/index.php'.</msg>
<arg>${URL}</arg>
<arg>${NAVIGATEUR}</arg>
<doc>Opens a new browser instance to the optional ``url``.</doc>
<status status="PASS" start="2025-02-07T20:28:17.298574" elapsed="5.139757"/>
</kw>
<kw name="Ma Fonction" owner="ma_lib_selenium">
<status status="PASS" start="2025-02-07T20:28:22.441915" elapsed="0.365182"/>
</kw>
<status status="PASS" start="2025-02-07T20:28:17.298139" elapsed="5.509248"/>
</kw>
<kw name="Faire une recherche" owner="motClefPresta">
<kw name="Input Text" owner="ma_lib_selenium">
<msg time="2025-02-07T20:28:22.808610" level="INFO">Typing text 'MUG' into text field '//*[@id="search_widget"]/form/input[2]'.</msg>
<arg>${LOC_CHAMP_RECHERCHE}</arg>
<arg>${item}</arg>
<doc>Types the given ``text`` into the text field identified by ``locator``.</doc>
<status status="PASS" start="2025-02-07T20:28:22.808284" elapsed="0.108230"/>
</kw>
<kw name="Press Keys" owner="ma_lib_selenium">
<msg time="2025-02-07T20:28:22.917602" level="INFO">Sending key(s) ('RETURN',) to //*[@id="search_widget"]/form/input[2] element.</msg>
<msg time="2025-02-07T20:28:23.224306" level="INFO">Pressing special key RETURN to element.</msg>
<msg time="2025-02-07T20:28:23.224594" level="INFO">Releasing special key RETURN.</msg>
<arg>${LOC_CHAMP_RECHERCHE}</arg>
<arg>RETURN</arg>
<doc>Simulates the user pressing key(s) to an element or on the active browser.</doc>
<status status="PASS" start="2025-02-07T20:28:22.917227" elapsed="3.072671"/>
</kw>
<kw name="Wait For Condition" owner="ma_lib_selenium">
<arg>return document.title == "Rechercher"</arg>
<arg>timeout=5</arg>
<doc>Waits until ``condition`` is true or ``timeout`` expires.</doc>
<status status="PASS" start="2025-02-07T20:28:25.990533" elapsed="0.004064"/>
</kw>
<arg>MUG</arg>
<status status="PASS" start="2025-02-07T20:28:22.807814" elapsed="3.187002"/>
</kw>
<kw name="Contrôler le résultat de recherche égal à" owner="motClefPresta">
<kw name="Element Text Should Be" owner="ma_lib_selenium">
<msg time="2025-02-07T20:28:25.995580" level="INFO">Verifying element '//*[@id="js-product-list-top"]/div[1]/p' contains exact text 'Il y a 5 produits.'.</msg>
<arg>${LOC_NOMBRE_RESULTATS}</arg>
<arg>${texte-a-vérifier}</arg>
<doc>Verifies that element ``locator`` contains exact the text ``expected``.</doc>
<status status="PASS" start="2025-02-07T20:28:25.995372" elapsed="0.016556"/>
</kw>
<arg>Il y a 5 produits.</arg>
<status status="PASS" start="2025-02-07T20:28:25.995088" elapsed="0.017490"/>
</kw>
<kw name="Contrôler pertinence de la recherche" owner="motClefPresta">
<kw name="Get WebElements" owner="ma_lib_selenium">
<msg time="2025-02-07T20:28:26.020381" level="INFO">@{listeLien} = [ &lt;selenium.webdriver.remote.webelement.WebElement (session="c9b6418eff2312d5ceb52ac464a8096a", element="f.CA6390055E4319FAAC391BF821F0A7AD.d.0F10553BEB1B91D264E15E382E841C2C.e.82")&gt; | &lt;selenium.webdr...</msg>
<var>@{listeLien}</var>
<arg>${LOC_LIEN_RECHERCHE}</arg>
<doc>Returns a list of WebElement objects matching the ``locator``.</doc>
<status status="PASS" start="2025-02-07T20:28:26.013190" elapsed="0.007232"/>
</kw>
<for flavor="IN">
<iter>
<kw name="Element Should Contain" owner="ma_lib_selenium">
<msg time="2025-02-07T20:28:26.026585" level="INFO">Element '&lt;selenium.webdriver.remote.webelement.WebElement (session="c9b6418eff2312d5ceb52ac464a8096a", element="f.CA6390055E4319FAAC391BF821F0A7AD.d.0F10553BEB1B91D264E15E382E841C2C.e.82")&gt;' contains text 'MUG'.</msg>
<arg>${lien}</arg>
<arg>${mot}</arg>
<arg>ignore_case=True</arg>
<doc>Verifies that element ``locator`` contains text ``expected``.</doc>
<status status="PASS" start="2025-02-07T20:28:26.021196" elapsed="0.005449"/>
</kw>
<var name="${lien}">&lt;selenium.webdriver.remote.webelement.WebElement (session="c9b6418eff2312d5ceb52ac464a8096a", element="f.CA6390055E4319FAAC391BF821F0A7AD.d.0F10553BEB1B91D264E15E382E841C2C.e.82")&gt;</var>
<status status="PASS" start="2025-02-07T20:28:26.021045" elapsed="0.005995"/>
</iter>
<iter>
<kw name="Element Should Contain" owner="ma_lib_selenium">
<msg time="2025-02-07T20:28:26.031869" level="INFO">Element '&lt;selenium.webdriver.remote.webelement.WebElement (session="c9b6418eff2312d5ceb52ac464a8096a", element="f.CA6390055E4319FAAC391BF821F0A7AD.d.0F10553BEB1B91D264E15E382E841C2C.e.83")&gt;' contains text 'MUG'.</msg>
<arg>${lien}</arg>
<arg>${mot}</arg>
<arg>ignore_case=True</arg>
<doc>Verifies that element ``locator`` contains text ``expected``.</doc>
<status status="PASS" start="2025-02-07T20:28:26.027323" elapsed="0.004601"/>
</kw>
<var name="${lien}">&lt;selenium.webdriver.remote.webelement.WebElement (session="c9b6418eff2312d5ceb52ac464a8096a", element="f.CA6390055E4319FAAC391BF821F0A7AD.d.0F10553BEB1B91D264E15E382E841C2C.e.83")&gt;</var>
<status status="PASS" start="2025-02-07T20:28:26.027217" elapsed="0.005086"/>
</iter>
<iter>
<kw name="Element Should Contain" owner="ma_lib_selenium">
<msg time="2025-02-07T20:28:26.037166" level="INFO">Element '&lt;selenium.webdriver.remote.webelement.WebElement (session="c9b6418eff2312d5ceb52ac464a8096a", element="f.CA6390055E4319FAAC391BF821F0A7AD.d.0F10553BEB1B91D264E15E382E841C2C.e.84")&gt;' contains text 'MUG'.</msg>
<arg>${lien}</arg>
<arg>${mot}</arg>
<arg>ignore_case=True</arg>
<doc>Verifies that element ``locator`` contains text ``expected``.</doc>
<status status="PASS" start="2025-02-07T20:28:26.032577" elapsed="0.004642"/>
</kw>
<var name="${lien}">&lt;selenium.webdriver.remote.webelement.WebElement (session="c9b6418eff2312d5ceb52ac464a8096a", element="f.CA6390055E4319FAAC391BF821F0A7AD.d.0F10553BEB1B91D264E15E382E841C2C.e.84")&gt;</var>
<status status="PASS" start="2025-02-07T20:28:26.032476" elapsed="0.005078"/>
</iter>
<iter>
<kw name="Element Should Contain" owner="ma_lib_selenium">
<msg time="2025-02-07T20:28:26.042158" level="INFO">Element '&lt;selenium.webdriver.remote.webelement.WebElement (session="c9b6418eff2312d5ceb52ac464a8096a", element="f.CA6390055E4319FAAC391BF821F0A7AD.d.0F10553BEB1B91D264E15E382E841C2C.e.85")&gt;' contains text 'MUG'.</msg>
<arg>${lien}</arg>
<arg>${mot}</arg>
<arg>ignore_case=True</arg>
<doc>Verifies that element ``locator`` contains text ``expected``.</doc>
<status status="PASS" start="2025-02-07T20:28:26.037817" elapsed="0.004396"/>
</kw>
<var name="${lien}">&lt;selenium.webdriver.remote.webelement.WebElement (session="c9b6418eff2312d5ceb52ac464a8096a", element="f.CA6390055E4319FAAC391BF821F0A7AD.d.0F10553BEB1B91D264E15E382E841C2C.e.85")&gt;</var>
<status status="PASS" start="2025-02-07T20:28:26.037715" elapsed="0.004882"/>
</iter>
<iter>
<kw name="Element Should Contain" owner="ma_lib_selenium">
<msg time="2025-02-07T20:28:26.050273" level="INFO">Element '&lt;selenium.webdriver.remote.webelement.WebElement (session="c9b6418eff2312d5ceb52ac464a8096a", element="f.CA6390055E4319FAAC391BF821F0A7AD.d.0F10553BEB1B91D264E15E382E841C2C.e.86")&gt;' contains text 'MUG'.</msg>
<arg>${lien}</arg>
<arg>${mot}</arg>
<arg>ignore_case=True</arg>
<doc>Verifies that element ``locator`` contains text ``expected``.</doc>
<status status="PASS" start="2025-02-07T20:28:26.042860" elapsed="0.007516"/>
</kw>
<var name="${lien}">&lt;selenium.webdriver.remote.webelement.WebElement (session="c9b6418eff2312d5ceb52ac464a8096a", element="f.CA6390055E4319FAAC391BF821F0A7AD.d.0F10553BEB1B91D264E15E382E841C2C.e.86")&gt;</var>
<status status="PASS" start="2025-02-07T20:28:26.042760" elapsed="0.008007"/>
</iter>
<var>${lien}</var>
<value>@{listeLien}</value>
<status status="PASS" start="2025-02-07T20:28:26.020858" elapsed="0.030036"/>
</for>
<arg>MUG</arg>
<status status="PASS" start="2025-02-07T20:28:26.012917" elapsed="0.038124"/>
</kw>
<kw name="Fermer Prestashop" owner="motClefPresta" type="TEARDOWN">
<kw name="Close Browser" owner="ma_lib_selenium">
<doc>Closes the current browser.</doc>
<status status="PASS" start="2025-02-07T20:28:26.051584" elapsed="0.118001"/>
</kw>
<status status="PASS" start="2025-02-07T20:28:26.051342" elapsed="0.118564"/>
</kw>
<status status="PASS" start="2025-02-07T20:28:17.297816" elapsed="8.872289"/>
</test>
<test id="s1-s2-t2" name="Recherche T-Shirt" line="11">
<kw name="Ouvrir Prestashop" owner="motClefPresta" type="SETUP">
<kw name="Open Browser" owner="ma_lib_selenium">
<msg time="2025-02-07T20:28:26.173887" level="INFO">Opening browser 'GC' to base url 'http://www.qualifiez.fr/monPrestashop2/prestashop/index.php'.</msg>
<arg>${URL}</arg>
<arg>${NAVIGATEUR}</arg>
<doc>Opens a new browser instance to the optional ``url``.</doc>
<status status="PASS" start="2025-02-07T20:28:26.173659" elapsed="5.017088"/>
</kw>
<kw name="Ma Fonction" owner="ma_lib_selenium">
<status status="PASS" start="2025-02-07T20:28:31.203542" elapsed="1.023399"/>
</kw>
<status status="PASS" start="2025-02-07T20:28:26.173378" elapsed="6.053936"/>
</kw>
<kw name="Faire une recherche" owner="motClefPresta">
<kw name="Input Text" owner="ma_lib_selenium">
<msg time="2025-02-07T20:28:32.228458" level="INFO">Typing text 'T-Shirt' into text field '//*[@id="search_widget"]/form/input[2]'.</msg>
<arg>${LOC_CHAMP_RECHERCHE}</arg>
<arg>${item}</arg>
<doc>Types the given ``text`` into the text field identified by ``locator``.</doc>
<status status="PASS" start="2025-02-07T20:28:32.228172" elapsed="0.100863"/>
</kw>
<kw name="Press Keys" owner="ma_lib_selenium">
<msg time="2025-02-07T20:28:32.330107" level="INFO">Sending key(s) ('RETURN',) to //*[@id="search_widget"]/form/input[2] element.</msg>
<msg time="2025-02-07T20:28:32.606316" level="INFO">Pressing special key RETURN to element.</msg>
<msg time="2025-02-07T20:28:32.606662" level="INFO">Releasing special key RETURN.</msg>
<arg>${LOC_CHAMP_RECHERCHE}</arg>
<arg>RETURN</arg>
<doc>Simulates the user pressing key(s) to an element or on the active browser.</doc>
<status status="PASS" start="2025-02-07T20:28:32.329727" elapsed="2.406878"/>
</kw>
<kw name="Wait For Condition" owner="ma_lib_selenium">
<arg>return document.title == "Rechercher"</arg>
<arg>timeout=5</arg>
<doc>Waits until ``condition`` is true or ``timeout`` expires.</doc>
<status status="PASS" start="2025-02-07T20:28:34.737206" elapsed="0.002886"/>
</kw>
<arg>T-Shirt</arg>
<status status="PASS" start="2025-02-07T20:28:32.227767" elapsed="2.512528"/>
</kw>
<kw name="Contrôler le résultat de recherche égal à" owner="motClefPresta">
<kw name="Element Text Should Be" owner="ma_lib_selenium">
<msg time="2025-02-07T20:28:34.741049" level="INFO">Verifying element '//*[@id="js-product-list-top"]/div[1]/p' contains exact text 'Il y a 1 produit.'.</msg>
<arg>${LOC_NOMBRE_RESULTATS}</arg>
<arg>${texte-a-vérifier}</arg>
<doc>Verifies that element ``locator`` contains exact the text ``expected``.</doc>
<status status="PASS" start="2025-02-07T20:28:34.740834" elapsed="0.016449"/>
</kw>
<arg>Il y a 1 produit.</arg>
<status status="PASS" start="2025-02-07T20:28:34.740557" elapsed="0.017230"/>
</kw>
<kw name="Fermer Prestashop" owner="motClefPresta" type="TEARDOWN">
<kw name="Close Browser" owner="ma_lib_selenium">
<doc>Closes the current browser.</doc>
<status status="PASS" start="2025-02-07T20:28:34.758496" elapsed="0.108456"/>
</kw>
<status status="PASS" start="2025-02-07T20:28:34.758214" elapsed="0.109033"/>
</kw>
<status status="PASS" start="2025-02-07T20:28:26.173002" elapsed="8.694426"/>
</test>
<test id="s1-s2-t3" name="Recherches diverses" line="14">
<kw name="Ouvrir Prestashop" owner="motClefPresta" type="SETUP">
<kw name="Open Browser" owner="ma_lib_selenium">
<msg time="2025-02-07T20:28:34.871134" level="INFO">Opening browser 'GC' to base url 'http://www.qualifiez.fr/monPrestashop2/prestashop/index.php'.</msg>
<arg>${URL}</arg>
<arg>${NAVIGATEUR}</arg>
<doc>Opens a new browser instance to the optional ``url``.</doc>
<status status="PASS" start="2025-02-07T20:28:34.870917" elapsed="4.824997"/>
</kw>
<kw name="Ma Fonction" owner="ma_lib_selenium">
<status status="PASS" start="2025-02-07T20:28:39.698575" elapsed="0.372237"/>
</kw>
<status status="PASS" start="2025-02-07T20:28:34.870650" elapsed="5.200497"/>
</kw>
<kw name="Modele Recherche">
<kw name="Aller à la page d'accueil" owner="motClefPresta">
<kw name="Click Element" owner="ma_lib_selenium">
<msg time="2025-02-07T20:28:40.072678" level="INFO">Clicking element '//*[@id="_desktop_logo"]//a/img'.</msg>
<arg>${LOC_ICONE}</arg>
<doc>Click the element identified by ``locator``.</doc>
<status status="PASS" start="2025-02-07T20:28:40.072354" elapsed="1.898292"/>
</kw>
<status status="PASS" start="2025-02-07T20:28:40.072047" elapsed="1.899199"/>
</kw>
<kw name="Faire une recherche" owner="motClefPresta">
<kw name="Input Text" owner="ma_lib_selenium">
<msg time="2025-02-07T20:28:41.972039" level="INFO">Typing text 'MUG' into text field '//*[@id="search_widget"]/form/input[2]'.</msg>
<arg>${LOC_CHAMP_RECHERCHE}</arg>
<arg>${item}</arg>
<doc>Types the given ``text`` into the text field identified by ``locator``.</doc>
<status status="PASS" start="2025-02-07T20:28:41.971823" elapsed="0.097722"/>
</kw>
<kw name="Press Keys" owner="ma_lib_selenium">
<msg time="2025-02-07T20:28:42.070607" level="INFO">Sending key(s) ('RETURN',) to //*[@id="search_widget"]/form/input[2] element.</msg>
<msg time="2025-02-07T20:28:42.355674" level="INFO">Pressing special key RETURN to element.</msg>
<msg time="2025-02-07T20:28:42.355802" level="INFO">Releasing special key RETURN.</msg>
<arg>${LOC_CHAMP_RECHERCHE}</arg>
<arg>RETURN</arg>
<doc>Simulates the user pressing key(s) to an element or on the active browser.</doc>
<status status="PASS" start="2025-02-07T20:28:42.070229" elapsed="2.446811"/>
</kw>
<kw name="Wait For Condition" owner="ma_lib_selenium">
<arg>return document.title == "Rechercher"</arg>
<arg>timeout=5</arg>
<doc>Waits until ``condition`` is true or ``timeout`` expires.</doc>
<status status="PASS" start="2025-02-07T20:28:44.517676" elapsed="0.002877"/>
</kw>
<arg>${item}</arg>
<status status="PASS" start="2025-02-07T20:28:41.971502" elapsed="2.549253"/>
</kw>
<kw name="Contrôler le résultat de recherche égal à" owner="motClefPresta">
<kw name="Element Text Should Be" owner="ma_lib_selenium">
<msg time="2025-02-07T20:28:44.521470" level="INFO">Verifying element '//*[@id="js-product-list-top"]/div[1]/p' contains exact text 'Il y a 5 produits.'.</msg>
<arg>${LOC_NOMBRE_RESULTATS}</arg>
<arg>${texte-a-vérifier}</arg>
<doc>Verifies that element ``locator`` contains exact the text ``expected``.</doc>
<status status="PASS" start="2025-02-07T20:28:44.521262" elapsed="0.017184"/>
</kw>
<arg>${msg}</arg>
<status status="PASS" start="2025-02-07T20:28:44.520976" elapsed="0.018055"/>
</kw>
<kw name="Contrôler pertinence de la recherche" owner="motClefPresta">
<kw name="Get WebElements" owner="ma_lib_selenium">
<msg time="2025-02-07T20:28:44.548731" level="INFO">@{listeLien} = [ &lt;selenium.webdriver.remote.webelement.WebElement (session="b2688b515055419a71a7d05d4ed17d74", element="f.9CB040BA29693F0CDAF2991DBC880802.d.439A25FE10C27AC6665C4CA35781D103.e.92")&gt; | &lt;selenium.webdr...</msg>
<var>@{listeLien}</var>
<arg>${LOC_LIEN_RECHERCHE}</arg>
<doc>Returns a list of WebElement objects matching the ``locator``.</doc>
<status status="PASS" start="2025-02-07T20:28:44.539597" elapsed="0.009988"/>
</kw>
<for flavor="IN">
<iter>
<kw name="Element Should Contain" owner="ma_lib_selenium">
<msg time="2025-02-07T20:28:44.556084" level="INFO">Element '&lt;selenium.webdriver.remote.webelement.WebElement (session="b2688b515055419a71a7d05d4ed17d74", element="f.9CB040BA29693F0CDAF2991DBC880802.d.439A25FE10C27AC6665C4CA35781D103.e.92")&gt;' contains text 'MUG'.</msg>
<arg>${lien}</arg>
<arg>${mot}</arg>
<arg>ignore_case=True</arg>
<doc>Verifies that element ``locator`` contains text ``expected``.</doc>
<status status="PASS" start="2025-02-07T20:28:44.550763" elapsed="0.005394"/>
</kw>
<var name="${lien}">&lt;selenium.webdriver.remote.webelement.WebElement (session="b2688b515055419a71a7d05d4ed17d74", element="f.9CB040BA29693F0CDAF2991DBC880802.d.439A25FE10C27AC6665C4CA35781D103.e.92")&gt;</var>
<status status="PASS" start="2025-02-07T20:28:44.550642" elapsed="0.010565"/>
</iter>
<iter>
<kw name="Element Should Contain" owner="ma_lib_selenium">
<msg time="2025-02-07T20:28:44.566402" level="INFO">Element '&lt;selenium.webdriver.remote.webelement.WebElement (session="b2688b515055419a71a7d05d4ed17d74", element="f.9CB040BA29693F0CDAF2991DBC880802.d.439A25FE10C27AC6665C4CA35781D103.e.93")&gt;' contains text 'MUG'.</msg>
<arg>${lien}</arg>
<arg>${mot}</arg>
<arg>ignore_case=True</arg>
<doc>Verifies that element ``locator`` contains text ``expected``.</doc>
<status status="PASS" start="2025-02-07T20:28:44.561527" elapsed="0.004936"/>
</kw>
<var name="${lien}">&lt;selenium.webdriver.remote.webelement.WebElement (session="b2688b515055419a71a7d05d4ed17d74", element="f.9CB040BA29693F0CDAF2991DBC880802.d.439A25FE10C27AC6665C4CA35781D103.e.93")&gt;</var>
<status status="PASS" start="2025-02-07T20:28:44.561410" elapsed="0.005422"/>
</iter>
<iter>
<kw name="Element Should Contain" owner="ma_lib_selenium">
<msg time="2025-02-07T20:28:44.571574" level="INFO">Element '&lt;selenium.webdriver.remote.webelement.WebElement (session="b2688b515055419a71a7d05d4ed17d74", element="f.9CB040BA29693F0CDAF2991DBC880802.d.439A25FE10C27AC6665C4CA35781D103.e.94")&gt;' contains text 'MUG'.</msg>
<arg>${lien}</arg>
<arg>${mot}</arg>
<arg>ignore_case=True</arg>
<doc>Verifies that element ``locator`` contains text ``expected``.</doc>
<status status="PASS" start="2025-02-07T20:28:44.567103" elapsed="0.004528"/>
</kw>
<var name="${lien}">&lt;selenium.webdriver.remote.webelement.WebElement (session="b2688b515055419a71a7d05d4ed17d74", element="f.9CB040BA29693F0CDAF2991DBC880802.d.439A25FE10C27AC6665C4CA35781D103.e.94")&gt;</var>
<status status="PASS" start="2025-02-07T20:28:44.566999" elapsed="0.005003"/>
</iter>
<iter>
<kw name="Element Should Contain" owner="ma_lib_selenium">
<msg time="2025-02-07T20:28:44.576917" level="INFO">Element '&lt;selenium.webdriver.remote.webelement.WebElement (session="b2688b515055419a71a7d05d4ed17d74", element="f.9CB040BA29693F0CDAF2991DBC880802.d.439A25FE10C27AC6665C4CA35781D103.e.95")&gt;' contains text 'MUG'.</msg>
<arg>${lien}</arg>
<arg>${mot}</arg>
<arg>ignore_case=True</arg>
<doc>Verifies that element ``locator`` contains text ``expected``.</doc>
<status status="PASS" start="2025-02-07T20:28:44.572277" elapsed="0.004715"/>
</kw>
<var name="${lien}">&lt;selenium.webdriver.remote.webelement.WebElement (session="b2688b515055419a71a7d05d4ed17d74", element="f.9CB040BA29693F0CDAF2991DBC880802.d.439A25FE10C27AC6665C4CA35781D103.e.95")&gt;</var>
<status status="PASS" start="2025-02-07T20:28:44.572174" elapsed="0.005285"/>
</iter>
<iter>
<kw name="Element Should Contain" owner="ma_lib_selenium">
<msg time="2025-02-07T20:28:44.582322" level="INFO">Element '&lt;selenium.webdriver.remote.webelement.WebElement (session="b2688b515055419a71a7d05d4ed17d74", element="f.9CB040BA29693F0CDAF2991DBC880802.d.439A25FE10C27AC6665C4CA35781D103.e.96")&gt;' contains text 'MUG'.</msg>
<arg>${lien}</arg>
<arg>${mot}</arg>
<arg>ignore_case=True</arg>
<doc>Verifies that element ``locator`` contains text ``expected``.</doc>
<status status="PASS" start="2025-02-07T20:28:44.577768" elapsed="0.004618"/>
</kw>
<var name="${lien}">&lt;selenium.webdriver.remote.webelement.WebElement (session="b2688b515055419a71a7d05d4ed17d74", element="f.9CB040BA29693F0CDAF2991DBC880802.d.439A25FE10C27AC6665C4CA35781D103.e.96")&gt;</var>
<status status="PASS" start="2025-02-07T20:28:44.577650" elapsed="0.005151"/>
</iter>
<var>${lien}</var>
<value>@{listeLien}</value>
<status status="PASS" start="2025-02-07T20:28:44.550471" elapsed="0.032456"/>
</for>
<arg>${item}</arg>
<status status="PASS" start="2025-02-07T20:28:44.539304" elapsed="0.043767"/>
</kw>
<arg>MUG</arg>
<arg>Il y a 5 produits.</arg>
<status status="PASS" start="2025-02-07T20:28:40.071594" elapsed="4.511606"/>
</kw>
<kw name="Modele Recherche">
<kw name="Aller à la page d'accueil" owner="motClefPresta">
<kw name="Click Element" owner="ma_lib_selenium">
<msg time="2025-02-07T20:28:44.584060" level="INFO">Clicking element '//*[@id="_desktop_logo"]//a/img'.</msg>
<arg>${LOC_ICONE}</arg>
<doc>Click the element identified by ``locator``.</doc>
<status status="PASS" start="2025-02-07T20:28:44.583904" elapsed="1.514985"/>
</kw>
<status status="PASS" start="2025-02-07T20:28:44.583710" elapsed="1.515792"/>
</kw>
<kw name="Faire une recherche" owner="motClefPresta">
<kw name="Input Text" owner="ma_lib_selenium">
<msg time="2025-02-07T20:28:46.100274" level="INFO">Typing text 'mug' into text field '//*[@id="search_widget"]/form/input[2]'.</msg>
<arg>${LOC_CHAMP_RECHERCHE}</arg>
<arg>${item}</arg>
<doc>Types the given ``text`` into the text field identified by ``locator``.</doc>
<status status="PASS" start="2025-02-07T20:28:46.100057" elapsed="0.044402"/>
</kw>
<kw name="Press Keys" owner="ma_lib_selenium">
<msg time="2025-02-07T20:28:46.145534" level="INFO">Sending key(s) ('RETURN',) to //*[@id="search_widget"]/form/input[2] element.</msg>
<msg time="2025-02-07T20:28:46.437262" level="INFO">Pressing special key RETURN to element.</msg>
<msg time="2025-02-07T20:28:46.437540" level="INFO">Releasing special key RETURN.</msg>
<arg>${LOC_CHAMP_RECHERCHE}</arg>
<arg>RETURN</arg>
<doc>Simulates the user pressing key(s) to an element or on the active browser.</doc>
<status status="PASS" start="2025-02-07T20:28:46.145176" elapsed="2.044700"/>
</kw>
<kw name="Wait For Condition" owner="ma_lib_selenium">
<arg>return document.title == "Rechercher"</arg>
<arg>timeout=5</arg>
<doc>Waits until ``condition`` is true or ``timeout`` expires.</doc>
<status status="PASS" start="2025-02-07T20:28:48.190608" elapsed="0.004122"/>
</kw>
<arg>${item}</arg>
<status status="PASS" start="2025-02-07T20:28:46.099752" elapsed="2.095212"/>
</kw>
<kw name="Contrôler le résultat de recherche égal à" owner="motClefPresta">
<kw name="Element Text Should Be" owner="ma_lib_selenium">
<msg time="2025-02-07T20:28:48.195755" level="INFO">Verifying element '//*[@id="js-product-list-top"]/div[1]/p' contains exact text 'Il y a 5 produits.'.</msg>
<arg>${LOC_NOMBRE_RESULTATS}</arg>
<arg>${texte-a-vérifier}</arg>
<doc>Verifies that element ``locator`` contains exact the text ``expected``.</doc>
<status status="PASS" start="2025-02-07T20:28:48.195537" elapsed="0.014946"/>
</kw>
<arg>${msg}</arg>
<status status="PASS" start="2025-02-07T20:28:48.195204" elapsed="0.015984"/>
</kw>
<kw name="Contrôler pertinence de la recherche" owner="motClefPresta">
<kw name="Get WebElements" owner="ma_lib_selenium">
<msg time="2025-02-07T20:28:48.216454" level="INFO">@{listeLien} = [ &lt;selenium.webdriver.remote.webelement.WebElement (session="b2688b515055419a71a7d05d4ed17d74", element="f.9CB040BA29693F0CDAF2991DBC880802.d.B531602164BC9497542EC1A5F1014904.e.128")&gt; | &lt;selenium.webd...</msg>
<var>@{listeLien}</var>
<arg>${LOC_LIEN_RECHERCHE}</arg>
<doc>Returns a list of WebElement objects matching the ``locator``.</doc>
<status status="PASS" start="2025-02-07T20:28:48.211835" elapsed="0.004660"/>
</kw>
<for flavor="IN">
<iter>
<kw name="Element Should Contain" owner="ma_lib_selenium">
<msg time="2025-02-07T20:28:48.221830" level="INFO">Element '&lt;selenium.webdriver.remote.webelement.WebElement (session="b2688b515055419a71a7d05d4ed17d74", element="f.9CB040BA29693F0CDAF2991DBC880802.d.B531602164BC9497542EC1A5F1014904.e.128")&gt;' contains text 'mug'.</msg>
<arg>${lien}</arg>
<arg>${mot}</arg>
<arg>ignore_case=True</arg>
<doc>Verifies that element ``locator`` contains text ``expected``.</doc>
<status status="PASS" start="2025-02-07T20:28:48.217279" elapsed="0.004612"/>
</kw>
<var name="${lien}">&lt;selenium.webdriver.remote.webelement.WebElement (session="b2688b515055419a71a7d05d4ed17d74", element="f.9CB040BA29693F0CDAF2991DBC880802.d.B531602164BC9497542EC1A5F1014904.e.128")&gt;</var>
<status status="PASS" start="2025-02-07T20:28:48.217164" elapsed="0.005109"/>
</iter>
<iter>
<kw name="Element Should Contain" owner="ma_lib_selenium">
<msg time="2025-02-07T20:28:48.226976" level="INFO">Element '&lt;selenium.webdriver.remote.webelement.WebElement (session="b2688b515055419a71a7d05d4ed17d74", element="f.9CB040BA29693F0CDAF2991DBC880802.d.B531602164BC9497542EC1A5F1014904.e.129")&gt;' contains text 'mug'.</msg>
<arg>${lien}</arg>
<arg>${mot}</arg>
<arg>ignore_case=True</arg>
<doc>Verifies that element ``locator`` contains text ``expected``.</doc>
<status status="PASS" start="2025-02-07T20:28:48.222555" elapsed="0.004477"/>
</kw>
<var name="${lien}">&lt;selenium.webdriver.remote.webelement.WebElement (session="b2688b515055419a71a7d05d4ed17d74", element="f.9CB040BA29693F0CDAF2991DBC880802.d.B531602164BC9497542EC1A5F1014904.e.129")&gt;</var>
<status status="PASS" start="2025-02-07T20:28:48.222446" elapsed="0.004978"/>
</iter>
<iter>
<kw name="Element Should Contain" owner="ma_lib_selenium">
<msg time="2025-02-07T20:28:48.232002" level="INFO">Element '&lt;selenium.webdriver.remote.webelement.WebElement (session="b2688b515055419a71a7d05d4ed17d74", element="f.9CB040BA29693F0CDAF2991DBC880802.d.B531602164BC9497542EC1A5F1014904.e.130")&gt;' contains text 'mug'.</msg>
<arg>${lien}</arg>
<arg>${mot}</arg>
<arg>ignore_case=True</arg>
<doc>Verifies that element ``locator`` contains text ``expected``.</doc>
<status status="PASS" start="2025-02-07T20:28:48.227688" elapsed="0.004380"/>
</kw>
<var name="${lien}">&lt;selenium.webdriver.remote.webelement.WebElement (session="b2688b515055419a71a7d05d4ed17d74", element="f.9CB040BA29693F0CDAF2991DBC880802.d.B531602164BC9497542EC1A5F1014904.e.130")&gt;</var>
<status status="PASS" start="2025-02-07T20:28:48.227587" elapsed="0.004819"/>
</iter>
<iter>
<kw name="Element Should Contain" owner="ma_lib_selenium">
<msg time="2025-02-07T20:28:48.236958" level="INFO">Element '&lt;selenium.webdriver.remote.webelement.WebElement (session="b2688b515055419a71a7d05d4ed17d74", element="f.9CB040BA29693F0CDAF2991DBC880802.d.B531602164BC9497542EC1A5F1014904.e.131")&gt;' contains text 'mug'.</msg>
<arg>${lien}</arg>
<arg>${mot}</arg>
<arg>ignore_case=True</arg>
<doc>Verifies that element ``locator`` contains text ``expected``.</doc>
<status status="PASS" start="2025-02-07T20:28:48.232665" elapsed="0.004348"/>
</kw>
<var name="${lien}">&lt;selenium.webdriver.remote.webelement.WebElement (session="b2688b515055419a71a7d05d4ed17d74", element="f.9CB040BA29693F0CDAF2991DBC880802.d.B531602164BC9497542EC1A5F1014904.e.131")&gt;</var>
<status status="PASS" start="2025-02-07T20:28:48.232567" elapsed="0.004788"/>
</iter>
<iter>
<kw name="Element Should Contain" owner="ma_lib_selenium">
<msg time="2025-02-07T20:28:48.241935" level="INFO">Element '&lt;selenium.webdriver.remote.webelement.WebElement (session="b2688b515055419a71a7d05d4ed17d74", element="f.9CB040BA29693F0CDAF2991DBC880802.d.B531602164BC9497542EC1A5F1014904.e.132")&gt;' contains text 'mug'.</msg>
<arg>${lien}</arg>
<arg>${mot}</arg>
<arg>ignore_case=True</arg>
<doc>Verifies that element ``locator`` contains text ``expected``.</doc>
<status status="PASS" start="2025-02-07T20:28:48.237612" elapsed="0.004376"/>
</kw>
<var name="${lien}">&lt;selenium.webdriver.remote.webelement.WebElement (session="b2688b515055419a71a7d05d4ed17d74", element="f.9CB040BA29693F0CDAF2991DBC880802.d.B531602164BC9497542EC1A5F1014904.e.132")&gt;</var>
<status status="PASS" start="2025-02-07T20:28:48.237512" elapsed="0.004829"/>
</iter>
<var>${lien}</var>
<value>@{listeLien}</value>
<status status="PASS" start="2025-02-07T20:28:48.217006" elapsed="0.025446"/>
</for>
<arg>${item}</arg>
<status status="PASS" start="2025-02-07T20:28:48.211535" elapsed="0.031059"/>
</kw>
<arg>mug</arg>
<arg>Il y a 5 produits.</arg>
<status status="PASS" start="2025-02-07T20:28:44.583438" elapsed="3.659280"/>
</kw>
<kw name="Modele Recherche">
<kw name="Aller à la page d'accueil" owner="motClefPresta">
<kw name="Click Element" owner="ma_lib_selenium">
<msg time="2025-02-07T20:28:48.243557" level="INFO">Clicking element '//*[@id="_desktop_logo"]//a/img'.</msg>
<arg>${LOC_ICONE}</arg>
<doc>Click the element identified by ``locator``.</doc>
<status status="PASS" start="2025-02-07T20:28:48.243405" elapsed="2.006654"/>
</kw>
<status status="PASS" start="2025-02-07T20:28:48.243212" elapsed="2.007486"/>
</kw>
<kw name="Faire une recherche" owner="motClefPresta">
<kw name="Input Text" owner="ma_lib_selenium">
<msg time="2025-02-07T20:28:50.251547" level="INFO">Typing text 'T-Shirt' into text field '//*[@id="search_widget"]/form/input[2]'.</msg>
<arg>${LOC_CHAMP_RECHERCHE}</arg>
<arg>${item}</arg>
<doc>Types the given ``text`` into the text field identified by ``locator``.</doc>
<status status="PASS" start="2025-02-07T20:28:50.251304" elapsed="0.042018"/>
</kw>
<kw name="Press Keys" owner="ma_lib_selenium">
<msg time="2025-02-07T20:28:50.294363" level="INFO">Sending key(s) ('RETURN',) to //*[@id="search_widget"]/form/input[2] element.</msg>
<msg time="2025-02-07T20:28:50.570222" level="INFO">Pressing special key RETURN to element.</msg>
<msg time="2025-02-07T20:28:50.570588" level="INFO">Releasing special key RETURN.</msg>
<arg>${LOC_CHAMP_RECHERCHE}</arg>
<arg>RETURN</arg>
<doc>Simulates the user pressing key(s) to an element or on the active browser.</doc>
<status status="PASS" start="2025-02-07T20:28:50.294013" elapsed="2.410575"/>
</kw>
<kw name="Wait For Condition" owner="ma_lib_selenium">
<arg>return document.title == "Rechercher"</arg>
<arg>timeout=5</arg>
<doc>Waits until ``condition`` is true or ``timeout`` expires.</doc>
<status status="PASS" start="2025-02-07T20:28:52.705313" elapsed="0.003699"/>
</kw>
<arg>${item}</arg>
<status status="PASS" start="2025-02-07T20:28:50.250971" elapsed="2.458280"/>
</kw>
<kw name="Contrôler le résultat de recherche égal à" owner="motClefPresta">
<kw name="Element Text Should Be" owner="ma_lib_selenium">
<msg time="2025-02-07T20:28:52.710008" level="INFO">Verifying element '//*[@id="js-product-list-top"]/div[1]/p' contains exact text 'Il y a 1 produit.'.</msg>
<arg>${LOC_NOMBRE_RESULTATS}</arg>
<arg>${texte-a-vérifier}</arg>
<doc>Verifies that element ``locator`` contains exact the text ``expected``.</doc>
<status status="PASS" start="2025-02-07T20:28:52.709792" elapsed="0.009241"/>
</kw>
<arg>${msg}</arg>
<status status="PASS" start="2025-02-07T20:28:52.709492" elapsed="0.010039"/>
</kw>
<kw name="Contrôler pertinence de la recherche" owner="motClefPresta">
<kw name="Get WebElements" owner="ma_lib_selenium">
<msg time="2025-02-07T20:28:52.724365" level="INFO">@{listeLien} = [ &lt;selenium.webdriver.remote.webelement.WebElement (session="b2688b515055419a71a7d05d4ed17d74", element="f.9CB040BA29693F0CDAF2991DBC880802.d.77959A034924B4F8AD1A10E582F86560.e.160")&gt; ]</msg>
<var>@{listeLien}</var>
<arg>${LOC_LIEN_RECHERCHE}</arg>
<doc>Returns a list of WebElement objects matching the ``locator``.</doc>
<status status="PASS" start="2025-02-07T20:28:52.720051" elapsed="0.004352"/>
</kw>
<for flavor="IN">
<iter>
<kw name="Element Should Contain" owner="ma_lib_selenium">
<msg time="2025-02-07T20:28:52.729948" level="INFO">Element '&lt;selenium.webdriver.remote.webelement.WebElement (session="b2688b515055419a71a7d05d4ed17d74", element="f.9CB040BA29693F0CDAF2991DBC880802.d.77959A034924B4F8AD1A10E582F86560.e.160")&gt;' contains text 'T-Shirt'.</msg>
<arg>${lien}</arg>
<arg>${mot}</arg>
<arg>ignore_case=True</arg>
<doc>Verifies that element ``locator`` contains text ``expected``.</doc>
<status status="PASS" start="2025-02-07T20:28:52.725195" elapsed="0.004870"/>
</kw>
<var name="${lien}">&lt;selenium.webdriver.remote.webelement.WebElement (session="b2688b515055419a71a7d05d4ed17d74", element="f.9CB040BA29693F0CDAF2991DBC880802.d.77959A034924B4F8AD1A10E582F86560.e.160")&gt;</var>
<status status="PASS" start="2025-02-07T20:28:52.725072" elapsed="0.005425"/>
</iter>
<var>${lien}</var>
<value>@{listeLien}</value>
<status status="PASS" start="2025-02-07T20:28:52.724890" elapsed="0.005738"/>
</for>
<arg>${item}</arg>
<status status="PASS" start="2025-02-07T20:28:52.719776" elapsed="0.010997"/>
</kw>
<arg>T-Shirt</arg>
<arg>Il y a 1 produit.</arg>
<status status="PASS" start="2025-02-07T20:28:48.242953" elapsed="4.487947"/>
</kw>
<kw name="Modele Recherche">
<kw name="Aller à la page d'accueil" owner="motClefPresta">
<kw name="Click Element" owner="ma_lib_selenium">
<msg time="2025-02-07T20:28:52.731779" level="INFO">Clicking element '//*[@id="_desktop_logo"]//a/img'.</msg>
<arg>${LOC_ICONE}</arg>
<doc>Click the element identified by ``locator``.</doc>
<status status="PASS" start="2025-02-07T20:28:52.731617" elapsed="1.998389"/>
</kw>
<status status="PASS" start="2025-02-07T20:28:52.731416" elapsed="1.999211"/>
</kw>
<kw name="Faire une recherche" owner="motClefPresta">
<kw name="Input Text" owner="ma_lib_selenium">
<msg time="2025-02-07T20:28:54.731407" level="INFO">Typing text 'Coussin' into text field '//*[@id="search_widget"]/form/input[2]'.</msg>
<arg>${LOC_CHAMP_RECHERCHE}</arg>
<arg>${item}</arg>
<doc>Types the given ``text`` into the text field identified by ``locator``.</doc>
<status status="PASS" start="2025-02-07T20:28:54.731182" elapsed="0.047391"/>
</kw>
<kw name="Press Keys" owner="ma_lib_selenium">
<msg time="2025-02-07T20:28:54.779643" level="INFO">Sending key(s) ('RETURN',) to //*[@id="search_widget"]/form/input[2] element.</msg>
<msg time="2025-02-07T20:28:55.069891" level="INFO">Pressing special key RETURN to element.</msg>
<msg time="2025-02-07T20:28:55.070200" level="INFO">Releasing special key RETURN.</msg>
<arg>${LOC_CHAMP_RECHERCHE}</arg>
<arg>RETURN</arg>
<doc>Simulates the user pressing key(s) to an element or on the active browser.</doc>
<status status="PASS" start="2025-02-07T20:28:54.779283" elapsed="2.831670"/>
</kw>
<kw name="Wait For Condition" owner="ma_lib_selenium">
<arg>return document.title == "Rechercher"</arg>
<arg>timeout=5</arg>
<doc>Waits until ``condition`` is true or ``timeout`` expires.</doc>
<status status="PASS" start="2025-02-07T20:28:57.611624" elapsed="0.002287"/>
</kw>
<arg>${item}</arg>
<status status="PASS" start="2025-02-07T20:28:54.730878" elapsed="2.883229"/>
</kw>
<kw name="Contrôler le résultat de recherche égal à" owner="motClefPresta">
<kw name="Element Text Should Be" owner="ma_lib_selenium">
<msg time="2025-02-07T20:28:57.614826" level="INFO">Verifying element '//*[@id="js-product-list-top"]/div[1]/p' contains exact text 'Il y a 3 produits.'.</msg>
<arg>${LOC_NOMBRE_RESULTATS}</arg>
<arg>${texte-a-vérifier}</arg>
<doc>Verifies that element ``locator`` contains exact the text ``expected``.</doc>
<status status="PASS" start="2025-02-07T20:28:57.614619" elapsed="0.015638"/>
</kw>
<arg>${msg}</arg>
<status status="PASS" start="2025-02-07T20:28:57.614328" elapsed="0.016497"/>
</kw>
<kw name="Contrôler pertinence de la recherche" owner="motClefPresta">
<kw name="Get WebElements" owner="ma_lib_selenium">
<msg time="2025-02-07T20:28:57.635671" level="INFO">@{listeLien} = [ &lt;selenium.webdriver.remote.webelement.WebElement (session="b2688b515055419a71a7d05d4ed17d74", element="f.9CB040BA29693F0CDAF2991DBC880802.d.328FE6D4BC788A80926C0C4EA4700699.e.191")&gt; | &lt;selenium.webd...</msg>
<var>@{listeLien}</var>
<arg>${LOC_LIEN_RECHERCHE}</arg>
<doc>Returns a list of WebElement objects matching the ``locator``.</doc>
<status status="PASS" start="2025-02-07T20:28:57.631382" elapsed="0.004328"/>
</kw>
<for flavor="IN">
<iter>
<kw name="Element Should Contain" owner="ma_lib_selenium">
<msg time="2025-02-07T20:28:57.640848" level="INFO">Element '&lt;selenium.webdriver.remote.webelement.WebElement (session="b2688b515055419a71a7d05d4ed17d74", element="f.9CB040BA29693F0CDAF2991DBC880802.d.328FE6D4BC788A80926C0C4EA4700699.e.191")&gt;' contains text 'Coussin'.</msg>
<arg>${lien}</arg>
<arg>${mot}</arg>
<arg>ignore_case=True</arg>
<doc>Verifies that element ``locator`` contains text ``expected``.</doc>
<status status="PASS" start="2025-02-07T20:28:57.636386" elapsed="0.004521"/>
</kw>
<var name="${lien}">&lt;selenium.webdriver.remote.webelement.WebElement (session="b2688b515055419a71a7d05d4ed17d74", element="f.9CB040BA29693F0CDAF2991DBC880802.d.328FE6D4BC788A80926C0C4EA4700699.e.191")&gt;</var>
<status status="PASS" start="2025-02-07T20:28:57.636273" elapsed="0.005027"/>
</iter>
<iter>
<kw name="Element Should Contain" owner="ma_lib_selenium">
<msg time="2025-02-07T20:28:57.646331" level="INFO">Element '&lt;selenium.webdriver.remote.webelement.WebElement (session="b2688b515055419a71a7d05d4ed17d74", element="f.9CB040BA29693F0CDAF2991DBC880802.d.328FE6D4BC788A80926C0C4EA4700699.e.192")&gt;' contains text 'Coussin'.</msg>
<arg>${lien}</arg>
<arg>${mot}</arg>
<arg>ignore_case=True</arg>
<doc>Verifies that element ``locator`` contains text ``expected``.</doc>
<status status="PASS" start="2025-02-07T20:28:57.641591" elapsed="0.004809"/>
</kw>
<var name="${lien}">&lt;selenium.webdriver.remote.webelement.WebElement (session="b2688b515055419a71a7d05d4ed17d74", element="f.9CB040BA29693F0CDAF2991DBC880802.d.328FE6D4BC788A80926C0C4EA4700699.e.192")&gt;</var>
<status status="PASS" start="2025-02-07T20:28:57.641474" elapsed="0.005346"/>
</iter>
<iter>
<kw name="Element Should Contain" owner="ma_lib_selenium">
<msg time="2025-02-07T20:28:57.651778" level="INFO">Element '&lt;selenium.webdriver.remote.webelement.WebElement (session="b2688b515055419a71a7d05d4ed17d74", element="f.9CB040BA29693F0CDAF2991DBC880802.d.328FE6D4BC788A80926C0C4EA4700699.e.193")&gt;' contains text 'Coussin'.</msg>
<arg>${lien}</arg>
<arg>${mot}</arg>
<arg>ignore_case=True</arg>
<doc>Verifies that element ``locator`` contains text ``expected``.</doc>
<status status="PASS" start="2025-02-07T20:28:57.647110" elapsed="0.004730"/>
</kw>
<var name="${lien}">&lt;selenium.webdriver.remote.webelement.WebElement (session="b2688b515055419a71a7d05d4ed17d74", element="f.9CB040BA29693F0CDAF2991DBC880802.d.328FE6D4BC788A80926C0C4EA4700699.e.193")&gt;</var>
<status status="PASS" start="2025-02-07T20:28:57.646998" elapsed="0.005207"/>
</iter>
<var>${lien}</var>
<value>@{listeLien}</value>
<status status="PASS" start="2025-02-07T20:28:57.636123" elapsed="0.016204"/>
</for>
<arg>${item}</arg>
<status status="PASS" start="2025-02-07T20:28:57.631089" elapsed="0.021380"/>
</kw>
<arg>Coussin</arg>
<arg>Il y a 3 produits.</arg>
<status status="PASS" start="2025-02-07T20:28:52.731143" elapsed="4.921457"/>
</kw>
<kw name="Fermer Prestashop" owner="motClefPresta" type="TEARDOWN">
<kw name="Close Browser" owner="ma_lib_selenium">
<doc>Closes the current browser.</doc>
<status status="PASS" start="2025-02-07T20:28:57.653135" elapsed="0.117877"/>
</kw>
<status status="PASS" start="2025-02-07T20:28:57.652894" elapsed="0.118398"/>
</kw>
<status status="PASS" start="2025-02-07T20:28:34.870289" elapsed="22.901186"/>
</test>
<test id="s1-s2-t4" name="Recherche vide" line="21">
<kw name="Ouvrir Prestashop" owner="motClefPresta" type="SETUP">
<kw name="Open Browser" owner="ma_lib_selenium">
<msg time="2025-02-07T20:28:57.775175" level="INFO">Opening browser 'GC' to base url 'http://www.qualifiez.fr/monPrestashop2/prestashop/index.php'.</msg>
<arg>${URL}</arg>
<arg>${NAVIGATEUR}</arg>
<doc>Opens a new browser instance to the optional ``url``.</doc>
<status status="PASS" start="2025-02-07T20:28:57.774953" elapsed="4.592925"/>
</kw>
<kw name="Ma Fonction" owner="ma_lib_selenium">
<status status="PASS" start="2025-02-07T20:29:02.380506" elapsed="1.102580"/>
</kw>
<status status="PASS" start="2025-02-07T20:28:57.774685" elapsed="5.708792"/>
</kw>
<kw name="Faire une recherche" owner="motClefPresta">
<kw name="Input Text" owner="ma_lib_selenium">
<msg time="2025-02-07T20:29:03.484978" level="INFO">Typing text '' into text field '//*[@id="search_widget"]/form/input[2]'.</msg>
<arg>${LOC_CHAMP_RECHERCHE}</arg>
<arg>${item}</arg>
<doc>Types the given ``text`` into the text field identified by ``locator``.</doc>
<status status="PASS" start="2025-02-07T20:29:03.484679" elapsed="0.058238"/>
</kw>
<kw name="Press Keys" owner="ma_lib_selenium">
<msg time="2025-02-07T20:29:03.543929" level="INFO">Sending key(s) ('RETURN',) to //*[@id="search_widget"]/form/input[2] element.</msg>
<msg time="2025-02-07T20:29:03.818955" level="INFO">Pressing special key RETURN to element.</msg>
<msg time="2025-02-07T20:29:03.819296" level="INFO">Releasing special key RETURN.</msg>
<arg>${LOC_CHAMP_RECHERCHE}</arg>
<arg>RETURN</arg>
<doc>Simulates the user pressing key(s) to an element or on the active browser.</doc>
<status status="PASS" start="2025-02-07T20:29:03.543553" elapsed="3.151331"/>
</kw>
<kw name="Wait For Condition" owner="ma_lib_selenium">
<arg>return document.title == "Rechercher"</arg>
<arg>timeout=5</arg>
<doc>Waits until ``condition`` is true or ``timeout`` expires.</doc>
<status status="PASS" start="2025-02-07T20:29:06.695601" elapsed="0.003030"/>
</kw>
<arg>${EMPTY}</arg>
<status status="PASS" start="2025-02-07T20:29:03.483909" elapsed="3.214946"/>
</kw>
<kw name="Vérifier message recherche vide" owner="motClefPresta">
<kw name="Element Text Should Be" owner="ma_lib_selenium">
<msg time="2025-02-07T20:29:06.699611" level="INFO">Verifying element '//*[@id="product-search-no-matches"]' contains exact text 'Aucun produit ne correspond à votre recherche'.</msg>
<arg>${LOC_MESSAGE_ERREUR}</arg>
<arg>${MESSAGE ERREUR}</arg>
<doc>Verifies that element ``locator`` contains exact the text ``expected``.</doc>
<status status="PASS" start="2025-02-07T20:29:06.699391" elapsed="0.015410"/>
</kw>
<status status="PASS" start="2025-02-07T20:29:06.699133" elapsed="0.016173"/>
</kw>
<kw name="Fermer Prestashop" owner="motClefPresta" type="TEARDOWN">
<kw name="Close Browser" owner="ma_lib_selenium">
<doc>Closes the current browser.</doc>
<status status="PASS" start="2025-02-07T20:29:06.715874" elapsed="0.110736"/>
</kw>
<status status="PASS" start="2025-02-07T20:29:06.715624" elapsed="0.111322"/>
</kw>
<status status="PASS" start="2025-02-07T20:28:57.774322" elapsed="9.052807"/>
</test>
<test id="s1-s2-t5" name="Menu Femmes" line="25">
<kw name="Ouvrir Prestashop" owner="motClefPresta" type="SETUP">
<kw name="Open Browser" owner="ma_lib_selenium">
<msg time="2025-02-07T20:29:06.830995" level="INFO">Opening browser 'GC' to base url 'http://www.qualifiez.fr/monPrestashop2/prestashop/index.php'.</msg>
<arg>${URL}</arg>
<arg>${NAVIGATEUR}</arg>
<doc>Opens a new browser instance to the optional ``url``.</doc>
<status status="PASS" start="2025-02-07T20:29:06.830599" elapsed="4.933289"/>
</kw>
<kw name="Ma Fonction" owner="ma_lib_selenium">
<status status="PASS" start="2025-02-07T20:29:11.775086" elapsed="1.180186"/>
</kw>
<status status="PASS" start="2025-02-07T20:29:06.830319" elapsed="6.125294"/>
</kw>
<kw name="Menu femmes invisible" owner="motClefPresta">
<kw name="Element Should Not Be Visible" owner="ma_lib_selenium">
<msg time="2025-02-07T20:29:12.975784" level="INFO">Element '//*[@id="category-5"]/a' exists but is not displayed.</msg>
<arg>${LOC_MENU_FEMMES}</arg>
<doc>Verifies that the element identified by ``locator`` is NOT visible.</doc>
<status status="PASS" start="2025-02-07T20:29:12.956387" elapsed="0.019524"/>
</kw>
<status status="PASS" start="2025-02-07T20:29:12.956031" elapsed="0.020570"/>
</kw>
<kw name="Survoler menu vêtement" owner="motClefPresta">
<kw name="Mouse Over" owner="ma_lib_selenium">
<msg time="2025-02-07T20:29:12.977578" level="INFO">Simulating Mouse Over on element '//*[@id="category-3"]/a'.</msg>
<arg>${LOC_MENU_VETEMENT}</arg>
<doc>Simulates hovering the mouse over the element ``locator``.</doc>
<status status="PASS" start="2025-02-07T20:29:12.977274" elapsed="0.272742"/>
</kw>
<status status="PASS" start="2025-02-07T20:29:12.976958" elapsed="0.275318"/>
</kw>
<kw name="Menu femmes visible" owner="motClefPresta">
<kw name="Element Should Be Visible" owner="ma_lib_selenium">
<msg time="2025-02-07T20:29:13.277929" level="INFO">Element '//*[@id="category-5"]/a' is displayed.</msg>
<arg>${LOC_MENU_FEMMES}</arg>
<doc>Verifies that the element identified by ``locator`` is visible.</doc>
<status status="PASS" start="2025-02-07T20:29:13.254182" elapsed="0.023882"/>
</kw>
<status status="PASS" start="2025-02-07T20:29:13.253170" elapsed="0.025675"/>
</kw>
<kw name="Aller sur menu femmes" owner="motClefPresta">
<kw name="Mouse Over" owner="ma_lib_selenium">
<msg time="2025-02-07T20:29:13.279862" level="INFO">Simulating Mouse Over on element '//*[@id="category-3"]/a'.</msg>
<arg>${LOC_MENU_VETEMENT}</arg>
<doc>Simulates hovering the mouse over the element ``locator``.</doc>
<status status="PASS" start="2025-02-07T20:29:13.279599" elapsed="0.286129"/>
</kw>
<kw name="Click Element" owner="ma_lib_selenium">
<msg time="2025-02-07T20:29:13.568513" level="INFO">Clicking element '//*[@id="category-5"]/a'.</msg>
<arg>${LOC_MENU_FEMMES}</arg>
<doc>Click the element identified by ``locator``.</doc>
<status status="PASS" start="2025-02-07T20:29:13.567696" elapsed="2.966855"/>
</kw>
<kw name="Title Should Be" owner="ma_lib_selenium">
<msg time="2025-02-07T20:29:16.537656" level="INFO">Page title is 'Femmes'.</msg>
<arg>Femmes</arg>
<doc>Verifies that the current page title equals ``title``.</doc>
<status status="PASS" start="2025-02-07T20:29:16.535147" elapsed="0.002581"/>
</kw>
<status status="PASS" start="2025-02-07T20:29:13.279238" elapsed="3.258931"/>
</kw>
<kw name="Vérifier S non sélectionné" owner="motClefPresta">
<kw name="Checkbox Should Not Be Selected" owner="ma_lib_selenium">
<msg time="2025-02-07T20:29:16.538946" level="INFO">Verifying checkbox '//*[@id="search_filters"]/section/ul/li[1]/label/span/input' is not selected.</msg>
<arg>${LOC_checkbox}</arg>
<doc>Verifies checkbox ``locator`` is not selected/checked.</doc>
<status status="PASS" start="2025-02-07T20:29:16.538680" elapsed="0.037379"/>
</kw>
<status status="PASS" start="2025-02-07T20:29:16.538438" elapsed="0.038251"/>
</kw>
<kw name="Selectionné S" owner="motClefPresta">
<kw name="Click Element" owner="ma_lib_selenium">
<msg time="2025-02-07T20:29:16.577414" level="INFO">Clicking element '//*[@id="search_filters"]/section/ul/li[1]/label/span/input'.</msg>
<arg>${LOC_checkbox}</arg>
<doc>Click the element identified by ``locator``.</doc>
<status status="PASS" start="2025-02-07T20:29:16.577227" elapsed="0.041791"/>
</kw>
<status status="PASS" start="2025-02-07T20:29:16.576968" elapsed="0.042590"/>
</kw>
<kw name="Vérifier S sélectionné" owner="motClefPresta">
<kw name="Checkbox Should Be Selected" owner="ma_lib_selenium">
<msg time="2025-02-07T20:29:16.620289" level="INFO">Verifying checkbox '//*[@id="search_filters"]/section/ul/li[1]/label/span/input' is selected.</msg>
<arg>${LOC_checkbox}</arg>
<doc>Verifies checkbox ``locator`` is selected/checked.</doc>
<status status="PASS" start="2025-02-07T20:29:16.620101" elapsed="0.022903"/>
</kw>
<status status="PASS" start="2025-02-07T20:29:16.619838" elapsed="0.023696"/>
</kw>
<kw name="Fermer Prestashop" owner="motClefPresta" type="TEARDOWN">
<kw name="Close Browser" owner="ma_lib_selenium">
<doc>Closes the current browser.</doc>
<status status="PASS" start="2025-02-07T20:29:16.644154" elapsed="0.110990"/>
</kw>
<status status="PASS" start="2025-02-07T20:29:16.643878" elapsed="0.111538"/>
</kw>
<status status="PASS" start="2025-02-07T20:29:06.829959" elapsed="9.925652"/>
</test>
<test id="s1-s2-t6" name="Test alerte" line="34">
<kw name="Ouvrir W3C alerte" owner="motClefPresta" type="SETUP">
<kw name="Open Browser" owner="ma_lib_selenium">
<msg time="2025-02-07T20:29:16.759378" level="INFO">Opening browser 'GC' to base url 'https://www.w3schools.com/jsref/tryit.asp?filename=tryjsref_alert'.</msg>
<arg>${URL2}</arg>
<arg>${NAVIGATEUR}</arg>
<doc>Opens a new browser instance to the optional ``url``.</doc>
<status status="PASS" start="2025-02-07T20:29:16.759159" elapsed="2.558471"/>
</kw>
<kw name="Maximize Browser Window" owner="ma_lib_selenium">
<doc>Maximizes current browser window.</doc>
<status status="PASS" start="2025-02-07T20:29:19.319180" elapsed="0.365887"/>
</kw>
<status status="PASS" start="2025-02-07T20:29:16.758842" elapsed="2.926490"/>
</kw>
<kw name="Accepter RGPD" owner="motClefPresta">
<kw name="Click Element" owner="ma_lib_selenium">
<msg time="2025-02-07T20:29:19.686315" level="INFO">Clicking element 'id=accept-choices'.</msg>
<arg>id=accept-choices</arg>
<doc>Click the element identified by ``locator``.</doc>
<status status="PASS" start="2025-02-07T20:29:19.686066" elapsed="0.066690"/>
</kw>
<status status="PASS" start="2025-02-07T20:29:19.685725" elapsed="0.067711"/>
</kw>
<kw name="Afficher l'alerte" owner="motClefPresta">
<kw name="Select Frame" owner="ma_lib_selenium">
<msg time="2025-02-07T20:29:19.754406" level="INFO">Selecting frame 'id=iframeResult'.</msg>
<arg>id=iframeResult</arg>
<doc>Sets frame identified by ``locator`` as the current frame.</doc>
<status status="PASS" start="2025-02-07T20:29:19.754191" elapsed="0.057184"/>
</kw>
<kw name="Click Element" owner="ma_lib_selenium">
<msg time="2025-02-07T20:29:19.812229" level="INFO">Clicking element '//button'.</msg>
<arg>//button</arg>
<doc>Click the element identified by ``locator``.</doc>
<status status="PASS" start="2025-02-07T20:29:19.812029" elapsed="0.088842"/>
</kw>
<status status="PASS" start="2025-02-07T20:29:19.753887" elapsed="0.147952"/>
</kw>
<kw name="Vérifier alerte présente" owner="motClefPresta">
<kw name="Alert Should Be Present" owner="ma_lib_selenium">
<msg time="2025-02-07T20:29:19.903503" level="INFO">HANDLE::&lt;class 'NoneType'&gt;::None</msg>
<doc>Verifies that an alert is present and by default, accepts it.</doc>
<status status="PASS" start="2025-02-07T20:29:19.903348" elapsed="0.003333"/>
</kw>
<status status="PASS" start="2025-02-07T20:29:19.903000" elapsed="0.004682"/>
</kw>
<kw name="Vérifier alerte absente" owner="motClefPresta">
<kw name="Alert Should Not Be Present" owner="ma_lib_selenium">
<doc>Verifies that no alert is present.</doc>
<status status="PASS" start="2025-02-07T20:29:19.908842" elapsed="5.203252"/>
</kw>
<status status="PASS" start="2025-02-07T20:29:19.908328" elapsed="5.204237"/>
</kw>
<kw name="Fermer Prestashop" owner="motClefPresta" type="TEARDOWN">
<kw name="Close Browser" owner="ma_lib_selenium">
<doc>Closes the current browser.</doc>
<status status="PASS" start="2025-02-07T20:29:25.113414" elapsed="0.203300"/>
</kw>
<status status="PASS" start="2025-02-07T20:29:25.113085" elapsed="0.203931"/>
</kw>
<status status="PASS" start="2025-02-07T20:29:16.758474" elapsed="8.558728"/>
</test>
<test id="s1-s2-t7" name="Combien de fenêtres" line="41">
<kw name="Ouvrir Prestashop" owner="motClefPresta" type="SETUP">
<kw name="Open Browser" owner="ma_lib_selenium">
<msg time="2025-02-07T20:29:25.321095" level="INFO">Opening browser 'GC' to base url 'http://www.qualifiez.fr/monPrestashop2/prestashop/index.php'.</msg>
<arg>${URL}</arg>
<arg>${NAVIGATEUR}</arg>
<doc>Opens a new browser instance to the optional ``url``.</doc>
<status status="PASS" start="2025-02-07T20:29:25.320855" elapsed="4.963680"/>
</kw>
<kw name="Ma Fonction" owner="ma_lib_selenium">
<status status="PASS" start="2025-02-07T20:29:30.285575" elapsed="0.368795"/>
</kw>
<status status="PASS" start="2025-02-07T20:29:25.320568" elapsed="5.334127"/>
</kw>
<kw name="Afficher la liste des Handles" owner="motClefPresta">
<kw name="Get Window Handles" owner="ma_lib_selenium">
<msg time="2025-02-07T20:29:30.656739" level="INFO">@{listHandles} = [ E9B229BC43AA4C353D3B0ABEC7EB0DB9 ]</msg>
<var>@{listHandles}</var>
<doc>Returns all child window handles of the selected browser as a list.</doc>
<status status="PASS" start="2025-02-07T20:29:30.655593" elapsed="0.001186"/>
</kw>
<for flavor="IN">
<iter>
<kw name="Log To Console" owner="BuiltIn">
<arg>${elt}</arg>
<doc>Logs the given message to the console.</doc>
<status status="PASS" start="2025-02-07T20:29:30.657671" elapsed="0.000190"/>
</kw>
<var name="${elt}">E9B229BC43AA4C353D3B0ABEC7EB0DB9</var>
<status status="PASS" start="2025-02-07T20:29:30.657537" elapsed="0.000451"/>
</iter>
<var>${elt}</var>
<value>@{listHandles}</value>
<status status="PASS" start="2025-02-07T20:29:30.657349" elapsed="0.000749"/>
</for>
<status status="PASS" start="2025-02-07T20:29:30.655180" elapsed="0.003055"/>
</kw>
<kw name="Fermer Prestashop" owner="motClefPresta" type="TEARDOWN">
<kw name="Close Browser" owner="ma_lib_selenium">
<doc>Closes the current browser.</doc>
<status status="PASS" start="2025-02-07T20:29:30.658775" elapsed="0.106198"/>
</kw>
<status status="PASS" start="2025-02-07T20:29:30.658521" elapsed="0.106720"/>
</kw>
<status status="PASS" start="2025-02-07T20:29:25.320170" elapsed="5.445285"/>
</test>
<test id="s1-s2-t8" name="Test de la librairie" line="44">
<kw name="Ouvrir Prestashop" owner="motClefPresta" type="SETUP">
<kw name="Open Browser" owner="ma_lib_selenium">
<msg time="2025-02-07T20:29:30.769415" level="INFO">Opening browser 'GC' to base url 'http://www.qualifiez.fr/monPrestashop2/prestashop/index.php'.</msg>
<arg>${URL}</arg>
<arg>${NAVIGATEUR}</arg>
<doc>Opens a new browser instance to the optional ``url``.</doc>
<status status="PASS" start="2025-02-07T20:29:30.769177" elapsed="4.037249"/>
</kw>
<kw name="Ma Fonction" owner="ma_lib_selenium">
<status status="PASS" start="2025-02-07T20:29:34.818464" elapsed="1.068553"/>
</kw>
<status status="PASS" start="2025-02-07T20:29:30.768897" elapsed="5.118437"/>
</kw>
<kw name="Ma Fonction" owner="ma_lib_selenium">
<status status="PASS" start="2025-02-07T20:29:35.887663" elapsed="0.001423"/>
</kw>
<kw name="Fermer Prestashop" owner="motClefPresta" type="TEARDOWN">
<kw name="Close Browser" owner="ma_lib_selenium">
<doc>Closes the current browser.</doc>
<status status="PASS" start="2025-02-07T20:29:35.890054" elapsed="0.110216"/>
</kw>
<status status="PASS" start="2025-02-07T20:29:35.889470" elapsed="0.111106"/>
</kw>
<status status="PASS" start="2025-02-07T20:29:30.768516" elapsed="5.232238"/>
</test>
<test id="s1-s2-t9" name="test checkbox" line="47">
<kw name="Ouvrir Prestashop" owner="motClefPresta" type="SETUP">
<kw name="Open Browser" owner="ma_lib_selenium">
<msg time="2025-02-07T20:29:36.004455" level="INFO">Opening browser 'GC' to base url 'http://www.qualifiez.fr/monPrestashop2/prestashop/index.php'.</msg>
<arg>${URL}</arg>
<arg>${NAVIGATEUR}</arg>
<doc>Opens a new browser instance to the optional ``url``.</doc>
<status status="PASS" start="2025-02-07T20:29:36.004218" elapsed="4.202118"/>
</kw>
<kw name="Ma Fonction" owner="ma_lib_selenium">
<status status="PASS" start="2025-02-07T20:29:40.218058" elapsed="0.991667"/>
</kw>
<status status="PASS" start="2025-02-07T20:29:36.003943" elapsed="5.206131"/>
</kw>
<kw name="Selectionner le premier element populaire" owner="motClefPresta">
<kw name="Click Element" owner="ma_lib_selenium">
<msg time="2025-02-07T20:29:41.211148" level="INFO">Clicking element '//*[@id="content"]/section[1]/div/div[1]/article/div/div[1]/a/picture/img'.</msg>
<arg>//*[@id="content"]/section[1]/div/div[1]/article/div/div[1]/a/picture/img</arg>
<doc>Click the element identified by ``locator``.</doc>
<status status="PASS" start="2025-02-07T20:29:41.210904" elapsed="2.662449"/>
</kw>
<status status="PASS" start="2025-02-07T20:29:41.210562" elapsed="2.663430"/>
</kw>
<kw name="verifier noir non selectionné" owner="motClefPresta">
<kw name="Wait Until Element Is Visible" owner="ma_lib_selenium">
<arg>//*[@id="group_2"]/li[2]/label</arg>
<arg>timeout=5</arg>
<doc>Waits until the element ``locator`` is visible.</doc>
<status status="PASS" start="2025-02-07T20:29:43.874639" elapsed="0.020056"/>
</kw>
<kw name="Element Should Be Enabled" owner="ma_lib_selenium">
<arg>//*[@id="group_2"]/li[2]/label/input</arg>
<doc>Verifies that element identified by ``locator`` is enabled.</doc>
<status status="PASS" start="2025-02-07T20:29:43.895086" elapsed="0.020055"/>
</kw>
<kw name="Element Should Be Disabled" owner="ma_lib_selenium">
<msg time="2025-02-07T20:29:44.183020" level="INFO" html="true">&lt;/td&gt;&lt;/tr&gt;&lt;tr&gt;&lt;td colspan="3"&gt;&lt;a href="selenium-screenshot-6.png"&gt;&lt;img src="selenium-screenshot-6.png" width="800px"&gt;&lt;/a&gt;</msg>
<msg time="2025-02-07T20:29:44.183168" level="FAIL">Element '//*[@id="group_2"]/li[1]/label/input' is enabled.</msg>
<arg>//*[@id="group_2"]/li[1]/label/input</arg>
<doc>Verifies that element identified by ``locator`` is disabled.</doc>
<status status="FAIL" start="2025-02-07T20:29:43.915430" elapsed="0.267890">Element '//*[@id="group_2"]/li[1]/label/input' is enabled.</status>
</kw>
<status status="FAIL" start="2025-02-07T20:29:43.874289" elapsed="0.309517">Element '//*[@id="group_2"]/li[1]/label/input' is enabled.</status>
</kw>
<kw name="Fermer Prestashop" owner="motClefPresta" type="TEARDOWN">
<kw name="Close Browser" owner="ma_lib_selenium">
<doc>Closes the current browser.</doc>
<status status="PASS" start="2025-02-07T20:29:44.184451" elapsed="0.115741"/>
</kw>
<status status="PASS" start="2025-02-07T20:29:44.184170" elapsed="0.116333"/>
</kw>
<status status="FAIL" start="2025-02-07T20:29:36.003589" elapsed="8.297096">Element '//*[@id="group_2"]/li[1]/label/input' is enabled.</status>
</test>
<status status="FAIL" start="2025-02-07T20:28:17.295642" elapsed="87.008028"/>
</suite>
<suite id="s1-s3" name="RechercheMultiple" source="/Users/dominiquemereaux/code/TPSEPT2023/web3/RechercheMultiple.robot">
<test id="s1-s3-t1" name="recherche MUG" line="9">
<kw name="Ouvrir Prestashop" owner="motClefPresta" type="SETUP">
<kw name="Open Browser">
<msg time="2025-02-07T20:29:44.356085" level="FAIL">Multiple keywords with name 'Open Browser' found. Give the full name of the keyword you want to use:
    SeleniumLibrary.Open Browser
    ma_lib_selenium.Open Browser</msg>
<arg>${URL}</arg>
<arg>${NAVIGATEUR}</arg>
<status status="FAIL" start="2025-02-07T20:29:44.356020" elapsed="0.000113">Multiple keywords with name 'Open Browser' found. Give the full name of the keyword you want to use:
    SeleniumLibrary.Open Browser
    ma_lib_selenium.Open Browser</status>
</kw>
<kw name="Ma Fonction" owner="ma_lib_selenium">
<status status="NOT RUN" start="2025-02-07T20:29:44.356606" elapsed="0.000053"/>
</kw>
<status status="FAIL" start="2025-02-07T20:29:44.355483" elapsed="0.001343">Multiple keywords with name 'Open Browser' found. Give the full name of the keyword you want to use:
    SeleniumLibrary.Open Browser
    ma_lib_selenium.Open Browser</status>
</kw>
<kw name="Fermer Prestashop" owner="motClefPresta" type="TEARDOWN">
<kw name="Close Browser">
<msg time="2025-02-07T20:29:44.357406" level="FAIL">Multiple keywords with name 'Close Browser' found. Give the full name of the keyword you want to use:
    SeleniumLibrary.Close Browser
    ma_lib_selenium.Close Browser</msg>
<status status="FAIL" start="2025-02-07T20:29:44.357355" elapsed="0.000087">Multiple keywords with name 'Close Browser' found. Give the full name of the keyword you want to use:
    SeleniumLibrary.Close Browser
    ma_lib_selenium.Close Browser</status>
</kw>
<status status="FAIL" start="2025-02-07T20:29:44.357105" elapsed="0.000702">Multiple keywords with name 'Close Browser' found. Give the full name of the keyword you want to use:
    SeleniumLibrary.Close Browser
    ma_lib_selenium.Close Browser</status>
</kw>
<status status="FAIL" start="2025-02-07T20:29:44.354525" elapsed="0.003438">Setup failed:
Multiple keywords with name 'Open Browser' found. Give the full name of the keyword you want to use:
    SeleniumLibrary.Open Browser
    ma_lib_selenium.Open Browser

Also teardown failed:
Multiple keywords with name 'Close Browser' found. Give the full name of the keyword you want to use:
    SeleniumLibrary.Close Browser
    ma_lib_selenium.Close Browser</status>
</test>
<test id="s1-s3-t2" name="recherche T-Shirt" line="9">
<kw name="Ouvrir Prestashop" owner="motClefPresta" type="SETUP">
<kw name="Open Browser">
<msg time="2025-02-07T20:29:44.361782" level="FAIL">Multiple keywords with name 'Open Browser' found. Give the full name of the keyword you want to use:
    SeleniumLibrary.Open Browser
    ma_lib_selenium.Open Browser</msg>
<arg>${URL}</arg>
<arg>${NAVIGATEUR}</arg>
<status status="FAIL" start="2025-02-07T20:29:44.361726" elapsed="0.000093">Multiple keywords with name 'Open Browser' found. Give the full name of the keyword you want to use:
    SeleniumLibrary.Open Browser
    ma_lib_selenium.Open Browser</status>
</kw>
<kw name="Ma Fonction" owner="ma_lib_selenium">
<status status="NOT RUN" start="2025-02-07T20:29:44.362197" elapsed="0.000047"/>
</kw>
<status status="FAIL" start="2025-02-07T20:29:44.361498" elapsed="0.000900">Multiple keywords with name 'Open Browser' found. Give the full name of the keyword you want to use:
    SeleniumLibrary.Open Browser
    ma_lib_selenium.Open Browser</status>
</kw>
<kw name="Fermer Prestashop" owner="motClefPresta" type="TEARDOWN">
<kw name="Close Browser">
<msg time="2025-02-07T20:29:44.363078" level="FAIL">Multiple keywords with name 'Close Browser' found. Give the full name of the keyword you want to use:
    SeleniumLibrary.Close Browser
    ma_lib_selenium.Close Browser</msg>
<status status="FAIL" start="2025-02-07T20:29:44.363026" elapsed="0.000089">Multiple keywords with name 'Close Browser' found. Give the full name of the keyword you want to use:
    SeleniumLibrary.Close Browser
    ma_lib_selenium.Close Browser</status>
</kw>
<status status="FAIL" start="2025-02-07T20:29:44.362649" elapsed="0.000815">Multiple keywords with name 'Close Browser' found. Give the full name of the keyword you want to use:
    SeleniumLibrary.Close Browser
    ma_lib_selenium.Close Browser</status>
</kw>
<status status="FAIL" start="2025-02-07T20:29:44.360612" elapsed="0.003007">Setup failed:
Multiple keywords with name 'Open Browser' found. Give the full name of the keyword you want to use:
    SeleniumLibrary.Open Browser
    ma_lib_selenium.Open Browser

Also teardown failed:
Multiple keywords with name 'Close Browser' found. Give the full name of the keyword you want to use:
    SeleniumLibrary.Close Browser
    ma_lib_selenium.Close Browser</status>
</test>
<test id="s1-s3-t3" name="recherche MUG2" line="9">
<kw name="Ouvrir Prestashop" owner="motClefPresta" type="SETUP">
<kw name="Open Browser">
<msg time="2025-02-07T20:29:44.367374" level="FAIL">Multiple keywords with name 'Open Browser' found. Give the full name of the keyword you want to use:
    SeleniumLibrary.Open Browser
    ma_lib_selenium.Open Browser</msg>
<arg>${URL}</arg>
<arg>${NAVIGATEUR}</arg>
<status status="FAIL" start="2025-02-07T20:29:44.367322" elapsed="0.000089">Multiple keywords with name 'Open Browser' found. Give the full name of the keyword you want to use:
    SeleniumLibrary.Open Browser
    ma_lib_selenium.Open Browser</status>
</kw>
<kw name="Ma Fonction" owner="ma_lib_selenium">
<status status="NOT RUN" start="2025-02-07T20:29:44.367765" elapsed="0.000046"/>
</kw>
<status status="FAIL" start="2025-02-07T20:29:44.367096" elapsed="0.000865">Multiple keywords with name 'Open Browser' found. Give the full name of the keyword you want to use:
    SeleniumLibrary.Open Browser
    ma_lib_selenium.Open Browser</status>
</kw>
<kw name="Fermer Prestashop" owner="motClefPresta" type="TEARDOWN">
<kw name="Close Browser">
<msg time="2025-02-07T20:29:44.368514" level="FAIL">Multiple keywords with name 'Close Browser' found. Give the full name of the keyword you want to use:
    SeleniumLibrary.Close Browser
    ma_lib_selenium.Close Browser</msg>
<status status="FAIL" start="2025-02-07T20:29:44.368465" elapsed="0.000085">Multiple keywords with name 'Close Browser' found. Give the full name of the keyword you want to use:
    SeleniumLibrary.Close Browser
    ma_lib_selenium.Close Browser</status>
</kw>
<status status="FAIL" start="2025-02-07T20:29:44.368211" elapsed="0.000694">Multiple keywords with name 'Close Browser' found. Give the full name of the keyword you want to use:
    SeleniumLibrary.Close Browser
    ma_lib_selenium.Close Browser</status>
</kw>
<status status="FAIL" start="2025-02-07T20:29:44.366227" elapsed="0.002830">Setup failed:
Multiple keywords with name 'Open Browser' found. Give the full name of the keyword you want to use:
    SeleniumLibrary.Open Browser
    ma_lib_selenium.Open Browser

Also teardown failed:
Multiple keywords with name 'Close Browser' found. Give the full name of the keyword you want to use:
    SeleniumLibrary.Close Browser
    ma_lib_selenium.Close Browser</status>
</test>
<status status="FAIL" start="2025-02-07T20:29:44.311228" elapsed="0.060502"/>
</suite>
<status status="FAIL" start="2025-02-07T20:27:54.324381" elapsed="110.048549"/>
</suite>
<statistics>
<total>
<stat pass="8" fail="6" skip="0">All Tests</stat>
</total>
<tag>
</tag>
<suite>
<stat pass="8" fail="6" skip="0" id="s1" name="Web3">Web3</stat>
<stat pass="0" fail="2" skip="0" id="s1-s1" name="PlusieursRecherche">Web3.PlusieursRecherche</stat>
<stat pass="8" fail="1" skip="0" id="s1-s2" name="Prestashop">Web3.Prestashop</stat>
<stat pass="0" fail="3" skip="0" id="s1-s3" name="RechercheMultiple">Web3.RechercheMultiple</stat>
</suite>
</statistics>
<errors>
</errors>
</robot>
